[2024-08-06 14:51:27,879][flwr][INFO] - Starting Flower simulation, config: num_rounds=15, no round_timeout
[2024-08-06 14:51:30,600][flwr][INFO] - Flower VCE: Ray initialized with resources: {'GPU': 1.0, 'memory': 72074543309.0, 'node:__internal_head__': 1.0, 'CPU': 8.0, 'accelerator_type:T4': 1.0, 'object_store_memory': 35174804275.0, 'node:10.50.9.88': 1.0}
[2024-08-06 14:51:30,601][flwr][INFO] - Optimize your simulation with Flower VCE: https://flower.ai/docs/framework/how-to-run-simulations.html
[2024-08-06 14:51:30,601][flwr][INFO] - Flower VCE: Resources for each Virtual Client: {'num_cpus': 3, 'num_gpus': 1.0}
[2024-08-06 14:51:30,614][flwr][INFO] - Flower VCE: Creating VirtualClientEngineActorPool with 1 actors
[2024-08-06 14:51:30,615][flwr][INFO] - [INIT]
[2024-08-06 14:51:30,615][flwr][INFO] - Requesting initial parameters from one random client
[2024-08-06 14:51:33,634][flwr][ERROR] - Traceback (most recent call last):
  File "/home/mmaia/my_envs/liver_torch/lib/python3.8/site-packages/flwr/simulation/ray_transport/ray_client_proxy.py", line 73, in _submit_job
    out_mssg, updated_context = self.actor_pool.get_client_result(
  File "/home/mmaia/my_envs/liver_torch/lib/python3.8/site-packages/flwr/simulation/ray_transport/ray_actor.py", line 399, in get_client_result
    return self._fetch_future_result(cid)
  File "/home/mmaia/my_envs/liver_torch/lib/python3.8/site-packages/flwr/simulation/ray_transport/ray_actor.py", line 280, in _fetch_future_result
    res_cid, out_mssg, updated_context = ray.get(
  File "/home/mmaia/my_envs/liver_torch/lib/python3.8/site-packages/ray/_private/auto_init_hook.py", line 21, in auto_init_wrapper
    return fn(*args, **kwargs)
  File "/home/mmaia/my_envs/liver_torch/lib/python3.8/site-packages/ray/_private/client_mode_hook.py", line 103, in wrapper
    return func(*args, **kwargs)
  File "/home/mmaia/my_envs/liver_torch/lib/python3.8/site-packages/ray/_private/worker.py", line 2667, in get
    values, debugger_breakpoint = worker.get_objects(object_refs, timeout=timeout)
  File "/home/mmaia/my_envs/liver_torch/lib/python3.8/site-packages/ray/_private/worker.py", line 864, in get_objects
    raise value.as_instanceof_cause()
ray.exceptions.RayTaskError(ClientAppException): [36mray::ClientAppActor.run()[39m (pid=786045, ip=10.50.9.88, actor_id=3fc58e4205a1602d8daea73701000000, repr=<flwr.simulation.ray_transport.ray_actor.ClientAppActor object at 0x7ff6a804f700>)
  File "/home/mmaia/my_envs/liver_torch/lib/python3.8/site-packages/flwr/client/client_app.py", line 98, in __call__
    return self._call(message, context)
  File "/home/mmaia/my_envs/liver_torch/lib/python3.8/site-packages/flwr/client/client_app.py", line 81, in ffn
    out_message = handle_legacy_message_from_msgtype(
  File "/home/mmaia/my_envs/liver_torch/lib/python3.8/site-packages/flwr/client/message_handler/message_handler.py", line 125, in handle_legacy_message_from_msgtype
    out_recordset = getparametersres_to_recordset(
  File "/home/mmaia/my_envs/liver_torch/lib/python3.8/site-packages/flwr/common/recordset_compat.py", line 339, in getparametersres_to_recordset
    getparametersres.parameters, keep_input=keep_input
AttributeError: 'list' object has no attribute 'parameters'

The above exception was the direct cause of the following exception:

[36mray::ClientAppActor.run()[39m (pid=786045, ip=10.50.9.88, actor_id=3fc58e4205a1602d8daea73701000000, repr=<flwr.simulation.ray_transport.ray_actor.ClientAppActor object at 0x7ff6a804f700>)
  File "/home/mmaia/my_envs/liver_torch/lib/python3.8/site-packages/flwr/simulation/ray_transport/ray_actor.py", line 64, in run
    raise ClientAppException(str(ex)) from ex
flwr.client.client_app.ClientAppException: 
Exception ClientAppException occurred. Message: 'list' object has no attribute 'parameters'

[2024-08-06 14:51:33,634][flwr][ERROR] - [36mray::ClientAppActor.run()[39m (pid=786045, ip=10.50.9.88, actor_id=3fc58e4205a1602d8daea73701000000, repr=<flwr.simulation.ray_transport.ray_actor.ClientAppActor object at 0x7ff6a804f700>)
  File "/home/mmaia/my_envs/liver_torch/lib/python3.8/site-packages/flwr/client/client_app.py", line 98, in __call__
    return self._call(message, context)
  File "/home/mmaia/my_envs/liver_torch/lib/python3.8/site-packages/flwr/client/client_app.py", line 81, in ffn
    out_message = handle_legacy_message_from_msgtype(
  File "/home/mmaia/my_envs/liver_torch/lib/python3.8/site-packages/flwr/client/message_handler/message_handler.py", line 125, in handle_legacy_message_from_msgtype
    out_recordset = getparametersres_to_recordset(
  File "/home/mmaia/my_envs/liver_torch/lib/python3.8/site-packages/flwr/common/recordset_compat.py", line 339, in getparametersres_to_recordset
    getparametersres.parameters, keep_input=keep_input
AttributeError: 'list' object has no attribute 'parameters'

The above exception was the direct cause of the following exception:

[36mray::ClientAppActor.run()[39m (pid=786045, ip=10.50.9.88, actor_id=3fc58e4205a1602d8daea73701000000, repr=<flwr.simulation.ray_transport.ray_actor.ClientAppActor object at 0x7ff6a804f700>)
  File "/home/mmaia/my_envs/liver_torch/lib/python3.8/site-packages/flwr/simulation/ray_transport/ray_actor.py", line 64, in run
    raise ClientAppException(str(ex)) from ex
flwr.client.client_app.ClientAppException: 
Exception ClientAppException occurred. Message: 'list' object has no attribute 'parameters'
[2024-08-06 14:51:33,634][flwr][ERROR] - [36mray::ClientAppActor.run()[39m (pid=786045, ip=10.50.9.88, actor_id=3fc58e4205a1602d8daea73701000000, repr=<flwr.simulation.ray_transport.ray_actor.ClientAppActor object at 0x7ff6a804f700>)
  File "/home/mmaia/my_envs/liver_torch/lib/python3.8/site-packages/flwr/client/client_app.py", line 98, in __call__
    return self._call(message, context)
  File "/home/mmaia/my_envs/liver_torch/lib/python3.8/site-packages/flwr/client/client_app.py", line 81, in ffn
    out_message = handle_legacy_message_from_msgtype(
  File "/home/mmaia/my_envs/liver_torch/lib/python3.8/site-packages/flwr/client/message_handler/message_handler.py", line 125, in handle_legacy_message_from_msgtype
    out_recordset = getparametersres_to_recordset(
  File "/home/mmaia/my_envs/liver_torch/lib/python3.8/site-packages/flwr/common/recordset_compat.py", line 339, in getparametersres_to_recordset
    getparametersres.parameters, keep_input=keep_input
AttributeError: 'list' object has no attribute 'parameters'

The above exception was the direct cause of the following exception:

[36mray::ClientAppActor.run()[39m (pid=786045, ip=10.50.9.88, actor_id=3fc58e4205a1602d8daea73701000000, repr=<flwr.simulation.ray_transport.ray_actor.ClientAppActor object at 0x7ff6a804f700>)
  File "/home/mmaia/my_envs/liver_torch/lib/python3.8/site-packages/flwr/simulation/ray_transport/ray_actor.py", line 64, in run
    raise ClientAppException(str(ex)) from ex
flwr.client.client_app.ClientAppException: 
Exception ClientAppException occurred. Message: 'list' object has no attribute 'parameters'
[2024-08-06 14:51:33,635][flwr][ERROR] - Traceback (most recent call last):
  File "/home/mmaia/my_envs/liver_torch/lib/python3.8/site-packages/flwr/simulation/app.py", line 323, in start_simulation
    hist = run_fl(
  File "/home/mmaia/my_envs/liver_torch/lib/python3.8/site-packages/flwr/server/server.py", line 490, in run_fl
    hist, elapsed_time = server.fit(
  File "/home/mmaia/my_envs/liver_torch/lib/python3.8/site-packages/flwr/server/server.py", line 93, in fit
    self.parameters = self._get_initial_parameters(server_round=0, timeout=timeout)
  File "/home/mmaia/my_envs/liver_torch/lib/python3.8/site-packages/flwr/server/server.py", line 282, in _get_initial_parameters
    get_parameters_res = random_client.get_parameters(
  File "/home/mmaia/my_envs/liver_torch/lib/python3.8/site-packages/flwr/simulation/ray_transport/ray_client_proxy.py", line 148, in get_parameters
    message_out = self._submit_job(message, timeout)
  File "/home/mmaia/my_envs/liver_torch/lib/python3.8/site-packages/flwr/simulation/ray_transport/ray_client_proxy.py", line 87, in _submit_job
    raise ex
  File "/home/mmaia/my_envs/liver_torch/lib/python3.8/site-packages/flwr/simulation/ray_transport/ray_client_proxy.py", line 73, in _submit_job
    out_mssg, updated_context = self.actor_pool.get_client_result(
  File "/home/mmaia/my_envs/liver_torch/lib/python3.8/site-packages/flwr/simulation/ray_transport/ray_actor.py", line 399, in get_client_result
    return self._fetch_future_result(cid)
  File "/home/mmaia/my_envs/liver_torch/lib/python3.8/site-packages/flwr/simulation/ray_transport/ray_actor.py", line 280, in _fetch_future_result
    res_cid, out_mssg, updated_context = ray.get(
  File "/home/mmaia/my_envs/liver_torch/lib/python3.8/site-packages/ray/_private/auto_init_hook.py", line 21, in auto_init_wrapper
    return fn(*args, **kwargs)
  File "/home/mmaia/my_envs/liver_torch/lib/python3.8/site-packages/ray/_private/client_mode_hook.py", line 103, in wrapper
    return func(*args, **kwargs)
  File "/home/mmaia/my_envs/liver_torch/lib/python3.8/site-packages/ray/_private/worker.py", line 2667, in get
    values, debugger_breakpoint = worker.get_objects(object_refs, timeout=timeout)
  File "/home/mmaia/my_envs/liver_torch/lib/python3.8/site-packages/ray/_private/worker.py", line 864, in get_objects
    raise value.as_instanceof_cause()
ray.exceptions.RayTaskError(ClientAppException): [36mray::ClientAppActor.run()[39m (pid=786045, ip=10.50.9.88, actor_id=3fc58e4205a1602d8daea73701000000, repr=<flwr.simulation.ray_transport.ray_actor.ClientAppActor object at 0x7ff6a804f700>)
  File "/home/mmaia/my_envs/liver_torch/lib/python3.8/site-packages/flwr/client/client_app.py", line 98, in __call__
    return self._call(message, context)
  File "/home/mmaia/my_envs/liver_torch/lib/python3.8/site-packages/flwr/client/client_app.py", line 81, in ffn
    out_message = handle_legacy_message_from_msgtype(
  File "/home/mmaia/my_envs/liver_torch/lib/python3.8/site-packages/flwr/client/message_handler/message_handler.py", line 125, in handle_legacy_message_from_msgtype
    out_recordset = getparametersres_to_recordset(
  File "/home/mmaia/my_envs/liver_torch/lib/python3.8/site-packages/flwr/common/recordset_compat.py", line 339, in getparametersres_to_recordset
    getparametersres.parameters, keep_input=keep_input
AttributeError: 'list' object has no attribute 'parameters'

The above exception was the direct cause of the following exception:

[36mray::ClientAppActor.run()[39m (pid=786045, ip=10.50.9.88, actor_id=3fc58e4205a1602d8daea73701000000, repr=<flwr.simulation.ray_transport.ray_actor.ClientAppActor object at 0x7ff6a804f700>)
  File "/home/mmaia/my_envs/liver_torch/lib/python3.8/site-packages/flwr/simulation/ray_transport/ray_actor.py", line 64, in run
    raise ClientAppException(str(ex)) from ex
flwr.client.client_app.ClientAppException: 
Exception ClientAppException occurred. Message: 'list' object has no attribute 'parameters'

[2024-08-06 14:51:33,635][flwr][ERROR] - Your simulation crashed :(. This could be because of several reasons. The most common are: 
	 > Sometimes, issues in the simulation code itself can cause crashes. It's always a good idea to double-check your code for any potential bugs or inconsistencies that might be contributing to the problem. For example: 
		 - You might be using a class attribute in your clients that hasn't been defined.
		 - There could be an incorrect method call to a 3rd party library (e.g., PyTorch).
		 - The return types of methods in your clients/strategies might be incorrect.
	 > Your system couldn't fit a single VirtualClient: try lowering `client_resources`.
	 > All the actors in your pool crashed. This could be because: 
		 - You clients hit an out-of-memory (OOM) error and actors couldn't recover from it. Try launching your simulation with more generous `client_resources` setting (i.e. it seems {'num_cpus': 3, 'num_gpus': 1.0} is not enough for your run). Use fewer concurrent actors. 
		 - You were running a multi-node simulation and all worker nodes disconnected. The head node might still be alive but cannot accommodate any actor with resources: {'num_cpus': 3, 'num_gpus': 1.0}.
Take a look at the Flower simulation examples for guidance <https://flower.ai/docs/framework/how-to-run-simulations.html>.
