[2024-08-09 10:05:01,797][flwr][INFO] - Starting Flower simulation, config: num_rounds=50, no round_timeout
[2024-08-09 10:05:04,530][flwr][INFO] - Flower VCE: Ray initialized with resources: {'node:10.50.9.88': 1.0, 'object_store_memory': 34860890112.0, 'GPU': 1.0, 'node:__internal_head__': 1.0, 'memory': 71342076928.0, 'accelerator_type:T4': 1.0, 'CPU': 8.0}
[2024-08-09 10:05:04,530][flwr][INFO] - Optimize your simulation with Flower VCE: https://flower.ai/docs/framework/how-to-run-simulations.html
[2024-08-09 10:05:04,530][flwr][INFO] - Flower VCE: Resources for each Virtual Client: {'num_cpus': 3, 'num_gpus': 1.0}
[2024-08-09 10:05:04,545][flwr][INFO] - Flower VCE: Creating VirtualClientEngineActorPool with 1 actors
[2024-08-09 10:05:04,545][flwr][INFO] - [INIT]
[2024-08-09 10:05:04,546][flwr][INFO] - Requesting initial parameters from one random client
[2024-08-09 10:05:07,729][flwr][INFO] - Received initial parameters from one random client
[2024-08-09 10:05:07,729][flwr][INFO] - Evaluating initial global parameters
[2024-08-09 10:05:44,744][flwr][INFO] - initial parameters (loss, other metrics): 0.6989116755084716, OrderedDict([('ind_iou_0', 0.09146241772695603), ('ind_dice_liver_0', tensor(0.1544, dtype=torch.float64)), ('ind_dice_tumour_0', tensor(0.0081, dtype=torch.float64)), ('all_iou', 0.09150409981794007), ('all_dice_liver', tensor(0.1544, dtype=torch.float64)), ('all_dice_tumour', tensor(0.0081, dtype=torch.float64))])
[2024-08-09 10:05:44,748][flwr][INFO] - 
[2024-08-09 10:05:44,748][flwr][INFO] - [ROUND 1]
[2024-08-09 10:05:44,748][flwr][INFO] - configure_fit: strategy sampled 1 clients (out of 2)
[2024-08-09 10:16:09,650][flwr][INFO] - aggregate_fit: received 1 results and 0 failures
[2024-08-09 10:16:09,717][flwr][WARNING] - No fit_metrics_aggregation_fn provided
[2024-08-09 10:16:43,518][flwr][INFO] - fit progress: (1, 0.3803634656512219, OrderedDict([('ind_iou_0', 0.884274786890669), ('ind_dice_liver_0', tensor(0.3515, dtype=torch.float64)), ('ind_dice_tumour_0', tensor(0.0074, dtype=torch.float64)), ('all_iou', 0.8825746205747016), ('all_dice_liver', tensor(0.3511, dtype=torch.float64)), ('all_dice_tumour', tensor(0.0074, dtype=torch.float64))]), 658.7696701381356)
[2024-08-09 10:16:43,521][flwr][INFO] - configure_evaluate: strategy sampled 1 clients (out of 2)
[2024-08-09 10:16:50,510][flwr][ERROR] - Traceback (most recent call last):
  File "/home/mmaia/my_envs/liver_torch/lib/python3.8/site-packages/flwr/simulation/ray_transport/ray_client_proxy.py", line 73, in _submit_job
    out_mssg, updated_context = self.actor_pool.get_client_result(
  File "/home/mmaia/my_envs/liver_torch/lib/python3.8/site-packages/flwr/simulation/ray_transport/ray_actor.py", line 399, in get_client_result
    return self._fetch_future_result(cid)
  File "/home/mmaia/my_envs/liver_torch/lib/python3.8/site-packages/flwr/simulation/ray_transport/ray_actor.py", line 280, in _fetch_future_result
    res_cid, out_mssg, updated_context = ray.get(
  File "/home/mmaia/my_envs/liver_torch/lib/python3.8/site-packages/ray/_private/auto_init_hook.py", line 21, in auto_init_wrapper
    return fn(*args, **kwargs)
  File "/home/mmaia/my_envs/liver_torch/lib/python3.8/site-packages/ray/_private/client_mode_hook.py", line 103, in wrapper
    return func(*args, **kwargs)
  File "/home/mmaia/my_envs/liver_torch/lib/python3.8/site-packages/ray/_private/worker.py", line 2667, in get
    values, debugger_breakpoint = worker.get_objects(object_refs, timeout=timeout)
  File "/home/mmaia/my_envs/liver_torch/lib/python3.8/site-packages/ray/_private/worker.py", line 864, in get_objects
    raise value.as_instanceof_cause()
ray.exceptions.RayTaskError(ClientAppException): [36mray::ClientAppActor.run()[39m (pid=1957705, ip=10.50.9.88, actor_id=79a05140a2c5a514e2b3114301000000, repr=<flwr.simulation.ray_transport.ray_actor.ClientAppActor object at 0x7f58f424b610>)
  File "/home/mmaia/my_envs/liver_torch/lib/python3.8/site-packages/flwr/client/client_app.py", line 98, in __call__
    return self._call(message, context)
  File "/home/mmaia/my_envs/liver_torch/lib/python3.8/site-packages/flwr/client/client_app.py", line 81, in ffn
    out_message = handle_legacy_message_from_msgtype(
  File "/home/mmaia/my_envs/liver_torch/lib/python3.8/site-packages/flwr/client/message_handler/message_handler.py", line 141, in handle_legacy_message_from_msgtype
    out_recordset = evaluateres_to_recordset(evaluate_res)
  File "/home/mmaia/my_envs/liver_torch/lib/python3.8/site-packages/flwr/common/recordset_compat.py", line 301, in evaluateres_to_recordset
    recordset.configs_records[f"{res_str}.metrics"] = ConfigsRecord(
  File "/home/mmaia/my_envs/liver_torch/lib/python3.8/site-packages/flwr/common/record/configsrecord.py", line 85, in __init__
    self[k] = configs_dict[k]
  File "/home/mmaia/my_envs/liver_torch/lib/python3.8/site-packages/flwr/common/record/typeddict.py", line 38, in __setitem__
    self._check_value_fn(value)
  File "/home/mmaia/my_envs/liver_torch/lib/python3.8/site-packages/flwr/common/record/configsrecord.py", line 57, in _check_value
    is_valid(value)
  File "/home/mmaia/my_envs/liver_torch/lib/python3.8/site-packages/flwr/common/record/configsrecord.py", line 35, in is_valid
    raise TypeError(
TypeError: Not all values are of valid type. Expected `typing.Union[int, float, str, bytes, bool, typing.List[int], typing.List[float], typing.List[str], typing.List[bytes], typing.List[bool]]` but `<class 'torch.Tensor'>` was passed.

The above exception was the direct cause of the following exception:

[36mray::ClientAppActor.run()[39m (pid=1957705, ip=10.50.9.88, actor_id=79a05140a2c5a514e2b3114301000000, repr=<flwr.simulation.ray_transport.ray_actor.ClientAppActor object at 0x7f58f424b610>)
  File "/home/mmaia/my_envs/liver_torch/lib/python3.8/site-packages/flwr/simulation/ray_transport/ray_actor.py", line 64, in run
    raise ClientAppException(str(ex)) from ex
flwr.client.client_app.ClientAppException: 
Exception ClientAppException occurred. Message: Not all values are of valid type. Expected `typing.Union[int, float, str, bytes, bool, typing.List[int], typing.List[float], typing.List[str], typing.List[bytes], typing.List[bool]]` but `<class 'torch.Tensor'>` was passed.

[2024-08-09 10:16:50,510][flwr][ERROR] - [36mray::ClientAppActor.run()[39m (pid=1957705, ip=10.50.9.88, actor_id=79a05140a2c5a514e2b3114301000000, repr=<flwr.simulation.ray_transport.ray_actor.ClientAppActor object at 0x7f58f424b610>)
  File "/home/mmaia/my_envs/liver_torch/lib/python3.8/site-packages/flwr/client/client_app.py", line 98, in __call__
    return self._call(message, context)
  File "/home/mmaia/my_envs/liver_torch/lib/python3.8/site-packages/flwr/client/client_app.py", line 81, in ffn
    out_message = handle_legacy_message_from_msgtype(
  File "/home/mmaia/my_envs/liver_torch/lib/python3.8/site-packages/flwr/client/message_handler/message_handler.py", line 141, in handle_legacy_message_from_msgtype
    out_recordset = evaluateres_to_recordset(evaluate_res)
  File "/home/mmaia/my_envs/liver_torch/lib/python3.8/site-packages/flwr/common/recordset_compat.py", line 301, in evaluateres_to_recordset
    recordset.configs_records[f"{res_str}.metrics"] = ConfigsRecord(
  File "/home/mmaia/my_envs/liver_torch/lib/python3.8/site-packages/flwr/common/record/configsrecord.py", line 85, in __init__
    self[k] = configs_dict[k]
  File "/home/mmaia/my_envs/liver_torch/lib/python3.8/site-packages/flwr/common/record/typeddict.py", line 38, in __setitem__
    self._check_value_fn(value)
  File "/home/mmaia/my_envs/liver_torch/lib/python3.8/site-packages/flwr/common/record/configsrecord.py", line 57, in _check_value
    is_valid(value)
  File "/home/mmaia/my_envs/liver_torch/lib/python3.8/site-packages/flwr/common/record/configsrecord.py", line 35, in is_valid
    raise TypeError(
TypeError: Not all values are of valid type. Expected `typing.Union[int, float, str, bytes, bool, typing.List[int], typing.List[float], typing.List[str], typing.List[bytes], typing.List[bool]]` but `<class 'torch.Tensor'>` was passed.

The above exception was the direct cause of the following exception:

[36mray::ClientAppActor.run()[39m (pid=1957705, ip=10.50.9.88, actor_id=79a05140a2c5a514e2b3114301000000, repr=<flwr.simulation.ray_transport.ray_actor.ClientAppActor object at 0x7f58f424b610>)
  File "/home/mmaia/my_envs/liver_torch/lib/python3.8/site-packages/flwr/simulation/ray_transport/ray_actor.py", line 64, in run
    raise ClientAppException(str(ex)) from ex
flwr.client.client_app.ClientAppException: 
Exception ClientAppException occurred. Message: Not all values are of valid type. Expected `typing.Union[int, float, str, bytes, bool, typing.List[int], typing.List[float], typing.List[str], typing.List[bytes], typing.List[bool]]` but `<class 'torch.Tensor'>` was passed.
[2024-08-09 10:16:50,510][flwr][INFO] - aggregate_evaluate: received 0 results and 1 failures
[2024-08-09 10:16:50,510][flwr][INFO] - 
[2024-08-09 10:16:50,511][flwr][INFO] - [ROUND 2]
[2024-08-09 10:16:50,511][flwr][INFO] - configure_fit: strategy sampled 1 clients (out of 2)
[2024-08-09 10:27:12,373][flwr][INFO] - aggregate_fit: received 1 results and 0 failures
[2024-08-09 10:27:47,395][flwr][INFO] - fit progress: (2, 0.24297953242265083, OrderedDict([('ind_iou_0', 0.9074231402258305), ('ind_dice_liver_0', tensor(0.4651, dtype=torch.float64)), ('ind_dice_tumour_0', tensor(0.0113, dtype=torch.float64)), ('all_iou', 0.907330839114021), ('all_dice_liver', tensor(0.4650, dtype=torch.float64)), ('all_dice_tumour', tensor(0.0113, dtype=torch.float64))]), 1322.647240314167)
[2024-08-09 10:27:47,399][flwr][INFO] - configure_evaluate: strategy sampled 1 clients (out of 2)
[2024-08-09 10:29:00,218][flwr][ERROR] - Traceback (most recent call last):
  File "/home/mmaia/my_envs/liver_torch/lib/python3.8/site-packages/flwr/simulation/ray_transport/ray_client_proxy.py", line 73, in _submit_job
    out_mssg, updated_context = self.actor_pool.get_client_result(
  File "/home/mmaia/my_envs/liver_torch/lib/python3.8/site-packages/flwr/simulation/ray_transport/ray_actor.py", line 399, in get_client_result
    return self._fetch_future_result(cid)
  File "/home/mmaia/my_envs/liver_torch/lib/python3.8/site-packages/flwr/simulation/ray_transport/ray_actor.py", line 280, in _fetch_future_result
    res_cid, out_mssg, updated_context = ray.get(
  File "/home/mmaia/my_envs/liver_torch/lib/python3.8/site-packages/ray/_private/auto_init_hook.py", line 21, in auto_init_wrapper
    return fn(*args, **kwargs)
  File "/home/mmaia/my_envs/liver_torch/lib/python3.8/site-packages/ray/_private/client_mode_hook.py", line 103, in wrapper
    return func(*args, **kwargs)
  File "/home/mmaia/my_envs/liver_torch/lib/python3.8/site-packages/ray/_private/worker.py", line 2667, in get
    values, debugger_breakpoint = worker.get_objects(object_refs, timeout=timeout)
  File "/home/mmaia/my_envs/liver_torch/lib/python3.8/site-packages/ray/_private/worker.py", line 864, in get_objects
    raise value.as_instanceof_cause()
ray.exceptions.RayTaskError(ClientAppException): [36mray::ClientAppActor.run()[39m (pid=1957705, ip=10.50.9.88, actor_id=79a05140a2c5a514e2b3114301000000, repr=<flwr.simulation.ray_transport.ray_actor.ClientAppActor object at 0x7f58f424b610>)
  File "/home/mmaia/my_envs/liver_torch/lib/python3.8/site-packages/flwr/client/client_app.py", line 98, in __call__
    return self._call(message, context)
  File "/home/mmaia/my_envs/liver_torch/lib/python3.8/site-packages/flwr/client/client_app.py", line 81, in ffn
    out_message = handle_legacy_message_from_msgtype(
  File "/home/mmaia/my_envs/liver_torch/lib/python3.8/site-packages/flwr/client/message_handler/message_handler.py", line 141, in handle_legacy_message_from_msgtype
    out_recordset = evaluateres_to_recordset(evaluate_res)
  File "/home/mmaia/my_envs/liver_torch/lib/python3.8/site-packages/flwr/common/recordset_compat.py", line 301, in evaluateres_to_recordset
    recordset.configs_records[f"{res_str}.metrics"] = ConfigsRecord(
  File "/home/mmaia/my_envs/liver_torch/lib/python3.8/site-packages/flwr/common/record/configsrecord.py", line 85, in __init__
    self[k] = configs_dict[k]
  File "/home/mmaia/my_envs/liver_torch/lib/python3.8/site-packages/flwr/common/record/typeddict.py", line 38, in __setitem__
    self._check_value_fn(value)
  File "/home/mmaia/my_envs/liver_torch/lib/python3.8/site-packages/flwr/common/record/configsrecord.py", line 57, in _check_value
    is_valid(value)
  File "/home/mmaia/my_envs/liver_torch/lib/python3.8/site-packages/flwr/common/record/configsrecord.py", line 35, in is_valid
    raise TypeError(
TypeError: Not all values are of valid type. Expected `typing.Union[int, float, str, bytes, bool, typing.List[int], typing.List[float], typing.List[str], typing.List[bytes], typing.List[bool]]` but `<class 'torch.Tensor'>` was passed.

The above exception was the direct cause of the following exception:

[36mray::ClientAppActor.run()[39m (pid=1957705, ip=10.50.9.88, actor_id=79a05140a2c5a514e2b3114301000000, repr=<flwr.simulation.ray_transport.ray_actor.ClientAppActor object at 0x7f58f424b610>)
  File "/home/mmaia/my_envs/liver_torch/lib/python3.8/site-packages/flwr/simulation/ray_transport/ray_actor.py", line 64, in run
    raise ClientAppException(str(ex)) from ex
flwr.client.client_app.ClientAppException: 
Exception ClientAppException occurred. Message: Not all values are of valid type. Expected `typing.Union[int, float, str, bytes, bool, typing.List[int], typing.List[float], typing.List[str], typing.List[bytes], typing.List[bool]]` but `<class 'torch.Tensor'>` was passed.

[2024-08-09 10:29:00,218][flwr][ERROR] - [36mray::ClientAppActor.run()[39m (pid=1957705, ip=10.50.9.88, actor_id=79a05140a2c5a514e2b3114301000000, repr=<flwr.simulation.ray_transport.ray_actor.ClientAppActor object at 0x7f58f424b610>)
  File "/home/mmaia/my_envs/liver_torch/lib/python3.8/site-packages/flwr/client/client_app.py", line 98, in __call__
    return self._call(message, context)
  File "/home/mmaia/my_envs/liver_torch/lib/python3.8/site-packages/flwr/client/client_app.py", line 81, in ffn
    out_message = handle_legacy_message_from_msgtype(
  File "/home/mmaia/my_envs/liver_torch/lib/python3.8/site-packages/flwr/client/message_handler/message_handler.py", line 141, in handle_legacy_message_from_msgtype
    out_recordset = evaluateres_to_recordset(evaluate_res)
  File "/home/mmaia/my_envs/liver_torch/lib/python3.8/site-packages/flwr/common/recordset_compat.py", line 301, in evaluateres_to_recordset
    recordset.configs_records[f"{res_str}.metrics"] = ConfigsRecord(
  File "/home/mmaia/my_envs/liver_torch/lib/python3.8/site-packages/flwr/common/record/configsrecord.py", line 85, in __init__
    self[k] = configs_dict[k]
  File "/home/mmaia/my_envs/liver_torch/lib/python3.8/site-packages/flwr/common/record/typeddict.py", line 38, in __setitem__
    self._check_value_fn(value)
  File "/home/mmaia/my_envs/liver_torch/lib/python3.8/site-packages/flwr/common/record/configsrecord.py", line 57, in _check_value
    is_valid(value)
  File "/home/mmaia/my_envs/liver_torch/lib/python3.8/site-packages/flwr/common/record/configsrecord.py", line 35, in is_valid
    raise TypeError(
TypeError: Not all values are of valid type. Expected `typing.Union[int, float, str, bytes, bool, typing.List[int], typing.List[float], typing.List[str], typing.List[bytes], typing.List[bool]]` but `<class 'torch.Tensor'>` was passed.

The above exception was the direct cause of the following exception:

[36mray::ClientAppActor.run()[39m (pid=1957705, ip=10.50.9.88, actor_id=79a05140a2c5a514e2b3114301000000, repr=<flwr.simulation.ray_transport.ray_actor.ClientAppActor object at 0x7f58f424b610>)
  File "/home/mmaia/my_envs/liver_torch/lib/python3.8/site-packages/flwr/simulation/ray_transport/ray_actor.py", line 64, in run
    raise ClientAppException(str(ex)) from ex
flwr.client.client_app.ClientAppException: 
Exception ClientAppException occurred. Message: Not all values are of valid type. Expected `typing.Union[int, float, str, bytes, bool, typing.List[int], typing.List[float], typing.List[str], typing.List[bytes], typing.List[bool]]` but `<class 'torch.Tensor'>` was passed.
[2024-08-09 10:29:00,219][flwr][INFO] - aggregate_evaluate: received 0 results and 1 failures
[2024-08-09 10:29:00,219][flwr][INFO] - 
[2024-08-09 10:29:00,219][flwr][INFO] - [ROUND 3]
[2024-08-09 10:29:00,219][flwr][INFO] - configure_fit: strategy sampled 1 clients (out of 2)
