[2024-06-13 09:59:40,736][flwr][INFO] - Starting Flower simulation, config: num_rounds=1, no round_timeout
[2024-06-13 09:59:42,862][flwr][INFO] - Flower VCE: Ray initialized with resources: {'node:__internal_head__': 1.0, 'CPU': 16.0, 'node:10.250.130.147': 1.0, 'object_store_memory': 6899073024.0, 'memory': 13798146048.0}
[2024-06-13 09:59:42,863][flwr][INFO] - Optimize your simulation with Flower VCE: https://flower.ai/docs/framework/how-to-run-simulations.html
[2024-06-13 09:59:42,863][flwr][INFO] - Flower VCE: Resources for each Virtual Client: {'num_cpus': 3, 'num_gpus': 0.0}
[2024-06-13 09:59:42,870][flwr][INFO] - Flower VCE: Creating VirtualClientEngineActorPool with 5 actors
[2024-06-13 09:59:42,871][flwr][INFO] - [INIT]
[2024-06-13 09:59:42,871][flwr][INFO] - Requesting initial parameters from one random client
[2024-06-13 09:59:44,899][flwr][INFO] - Received initial parameters from one random client
[2024-06-13 09:59:44,899][flwr][INFO] - Evaluating initial global parameters
[2024-06-13 10:07:04,020][flwr][INFO] - initial parameters (loss, other metrics): 0.6368770349125159, OrderedDict([('iou', 0.01390176379763383), ('dice_liver', tensor(0.1415, dtype=torch.float64)), ('dice_tumor', tensor(0.0103, dtype=torch.float64))])
[2024-06-13 10:07:04,021][flwr][INFO] - 
[2024-06-13 10:07:04,022][flwr][INFO] - [ROUND 1]
[2024-06-13 10:07:04,022][flwr][INFO] - configure_fit: strategy sampled 1 clients (out of 30)
[2024-06-13 10:07:04,154][flwr][ERROR] - Traceback (most recent call last):
  File "/home/mds/Desktop/python_projects/fedliversegsimulation/.venv/lib/python3.10/site-packages/flwr/simulation/ray_transport/ray_client_proxy.py", line 73, in _submit_job
    out_mssg, updated_context = self.actor_pool.get_client_result(
  File "/home/mds/Desktop/python_projects/fedliversegsimulation/.venv/lib/python3.10/site-packages/flwr/simulation/ray_transport/ray_actor.py", line 399, in get_client_result
    return self._fetch_future_result(cid)
  File "/home/mds/Desktop/python_projects/fedliversegsimulation/.venv/lib/python3.10/site-packages/flwr/simulation/ray_transport/ray_actor.py", line 280, in _fetch_future_result
    res_cid, out_mssg, updated_context = ray.get(
  File "/home/mds/Desktop/python_projects/fedliversegsimulation/.venv/lib/python3.10/site-packages/ray/_private/auto_init_hook.py", line 21, in auto_init_wrapper
    return fn(*args, **kwargs)
  File "/home/mds/Desktop/python_projects/fedliversegsimulation/.venv/lib/python3.10/site-packages/ray/_private/client_mode_hook.py", line 103, in wrapper
    return func(*args, **kwargs)
  File "/home/mds/Desktop/python_projects/fedliversegsimulation/.venv/lib/python3.10/site-packages/ray/_private/worker.py", line 2613, in get
    values, debugger_breakpoint = worker.get_objects(object_refs, timeout=timeout)
  File "/home/mds/Desktop/python_projects/fedliversegsimulation/.venv/lib/python3.10/site-packages/ray/_private/worker.py", line 861, in get_objects
    raise value.as_instanceof_cause()
ray.exceptions.RayTaskError(ClientAppException): [36mray::ClientAppActor.run()[39m (pid=117671, ip=10.250.130.147, actor_id=1efdcc126ec49416f9c8ebc901000000, repr=<flwr.simulation.ray_transport.ray_actor.ClientAppActor object at 0x74a7797e4ac0>)
  File "/home/mds/Desktop/python_projects/fedliversegsimulation/.venv/lib/python3.10/site-packages/flwr/client/client_app.py", line 98, in __call__
    return self._call(message, context)
  File "/home/mds/Desktop/python_projects/fedliversegsimulation/.venv/lib/python3.10/site-packages/flwr/client/client_app.py", line 81, in ffn
    out_message = handle_legacy_message_from_msgtype(
  File "/home/mds/Desktop/python_projects/fedliversegsimulation/.venv/lib/python3.10/site-packages/flwr/client/message_handler/message_handler.py", line 130, in handle_legacy_message_from_msgtype
    fit_res = maybe_call_fit(
  File "/home/mds/Desktop/python_projects/fedliversegsimulation/.venv/lib/python3.10/site-packages/flwr/client/client.py", line 234, in maybe_call_fit
    return client.fit(fit_ins)
  File "/home/mds/Desktop/python_projects/fedliversegsimulation/.venv/lib/python3.10/site-packages/flwr/client/numpy_client.py", line 238, in _fit
    results = self.numpy_client.fit(parameters, ins.config)  # type: ignore
  File "/home/mds/Desktop/python_projects/fedliversegsimulation/client.py", line 42, in fit
    self.set_parameters(parameters)
  File "/home/mds/Desktop/python_projects/fedliversegsimulation/client.py", line 34, in set_parameters
    self.model.load_state_dict(state_dict,strict =True)
  File "/home/mds/Desktop/python_projects/fedliversegsimulation/.venv/lib/python3.10/site-packages/torch/nn/modules/module.py", line 2175, in load_state_dict
    load(self, state_dict)
  File "/home/mds/Desktop/python_projects/fedliversegsimulation/.venv/lib/python3.10/site-packages/torch/nn/modules/module.py", line 2163, in load
    load(child, child_state_dict, child_prefix)  # noqa: F821
  File "/home/mds/Desktop/python_projects/fedliversegsimulation/.venv/lib/python3.10/site-packages/torch/nn/modules/module.py", line 2163, in load
    load(child, child_state_dict, child_prefix)  # noqa: F821
  File "/home/mds/Desktop/python_projects/fedliversegsimulation/.venv/lib/python3.10/site-packages/torch/nn/modules/module.py", line 2163, in load
    load(child, child_state_dict, child_prefix)  # noqa: F821
  File "/home/mds/Desktop/python_projects/fedliversegsimulation/.venv/lib/python3.10/site-packages/torch/nn/modules/module.py", line 2157, in load
    module._load_from_state_dict(
  File "/home/mds/Desktop/python_projects/fedliversegsimulation/.venv/lib/python3.10/site-packages/torch/nn/modules/batchnorm.py", line 114, in _load_from_state_dict
    super()._load_from_state_dict(
  File "/home/mds/Desktop/python_projects/fedliversegsimulation/.venv/lib/python3.10/site-packages/torch/nn/modules/module.py", line 2037, in _load_from_state_dict
    input_param = input_param[0]
IndexError: index 0 is out of bounds for dimension 0 with size 0

The above exception was the direct cause of the following exception:

[36mray::ClientAppActor.run()[39m (pid=117671, ip=10.250.130.147, actor_id=1efdcc126ec49416f9c8ebc901000000, repr=<flwr.simulation.ray_transport.ray_actor.ClientAppActor object at 0x74a7797e4ac0>)
  File "/home/mds/Desktop/python_projects/fedliversegsimulation/.venv/lib/python3.10/site-packages/flwr/simulation/ray_transport/ray_actor.py", line 64, in run
    raise ClientAppException(str(ex)) from ex
flwr.client.client_app.ClientAppException: 
Exception ClientAppException occurred. Message: index 0 is out of bounds for dimension 0 with size 0

[2024-06-13 10:07:04,154][flwr][ERROR] - [36mray::ClientAppActor.run()[39m (pid=117671, ip=10.250.130.147, actor_id=1efdcc126ec49416f9c8ebc901000000, repr=<flwr.simulation.ray_transport.ray_actor.ClientAppActor object at 0x74a7797e4ac0>)
  File "/home/mds/Desktop/python_projects/fedliversegsimulation/.venv/lib/python3.10/site-packages/flwr/client/client_app.py", line 98, in __call__
    return self._call(message, context)
  File "/home/mds/Desktop/python_projects/fedliversegsimulation/.venv/lib/python3.10/site-packages/flwr/client/client_app.py", line 81, in ffn
    out_message = handle_legacy_message_from_msgtype(
  File "/home/mds/Desktop/python_projects/fedliversegsimulation/.venv/lib/python3.10/site-packages/flwr/client/message_handler/message_handler.py", line 130, in handle_legacy_message_from_msgtype
    fit_res = maybe_call_fit(
  File "/home/mds/Desktop/python_projects/fedliversegsimulation/.venv/lib/python3.10/site-packages/flwr/client/client.py", line 234, in maybe_call_fit
    return client.fit(fit_ins)
  File "/home/mds/Desktop/python_projects/fedliversegsimulation/.venv/lib/python3.10/site-packages/flwr/client/numpy_client.py", line 238, in _fit
    results = self.numpy_client.fit(parameters, ins.config)  # type: ignore
  File "/home/mds/Desktop/python_projects/fedliversegsimulation/client.py", line 42, in fit
    self.set_parameters(parameters)
  File "/home/mds/Desktop/python_projects/fedliversegsimulation/client.py", line 34, in set_parameters
    self.model.load_state_dict(state_dict,strict =True)
  File "/home/mds/Desktop/python_projects/fedliversegsimulation/.venv/lib/python3.10/site-packages/torch/nn/modules/module.py", line 2175, in load_state_dict
    load(self, state_dict)
  File "/home/mds/Desktop/python_projects/fedliversegsimulation/.venv/lib/python3.10/site-packages/torch/nn/modules/module.py", line 2163, in load
    load(child, child_state_dict, child_prefix)  # noqa: F821
  File "/home/mds/Desktop/python_projects/fedliversegsimulation/.venv/lib/python3.10/site-packages/torch/nn/modules/module.py", line 2163, in load
    load(child, child_state_dict, child_prefix)  # noqa: F821
  File "/home/mds/Desktop/python_projects/fedliversegsimulation/.venv/lib/python3.10/site-packages/torch/nn/modules/module.py", line 2163, in load
    load(child, child_state_dict, child_prefix)  # noqa: F821
  File "/home/mds/Desktop/python_projects/fedliversegsimulation/.venv/lib/python3.10/site-packages/torch/nn/modules/module.py", line 2157, in load
    module._load_from_state_dict(
  File "/home/mds/Desktop/python_projects/fedliversegsimulation/.venv/lib/python3.10/site-packages/torch/nn/modules/batchnorm.py", line 114, in _load_from_state_dict
    super()._load_from_state_dict(
  File "/home/mds/Desktop/python_projects/fedliversegsimulation/.venv/lib/python3.10/site-packages/torch/nn/modules/module.py", line 2037, in _load_from_state_dict
    input_param = input_param[0]
IndexError: index 0 is out of bounds for dimension 0 with size 0

The above exception was the direct cause of the following exception:

[36mray::ClientAppActor.run()[39m (pid=117671, ip=10.250.130.147, actor_id=1efdcc126ec49416f9c8ebc901000000, repr=<flwr.simulation.ray_transport.ray_actor.ClientAppActor object at 0x74a7797e4ac0>)
  File "/home/mds/Desktop/python_projects/fedliversegsimulation/.venv/lib/python3.10/site-packages/flwr/simulation/ray_transport/ray_actor.py", line 64, in run
    raise ClientAppException(str(ex)) from ex
flwr.client.client_app.ClientAppException: 
Exception ClientAppException occurred. Message: index 0 is out of bounds for dimension 0 with size 0
[2024-06-13 10:07:04,155][flwr][INFO] - aggregate_fit: received 0 results and 1 failures
