[2024-11-05 16:30:45,572][flwr][INFO] - Starting Flower simulation, config: num_rounds=50, no round_timeout
[2024-11-05 16:31:07,979][flwr][INFO] - Flower VCE: Ray initialized with resources: {'memory': 832063941632.0, 'node:__internal_head__': 1.0, 'object_store_memory': 200000000000.0, 'GPU': 3.0, 'node:172.18.62.7': 1.0, 'accelerator_type:A30': 1.0, 'CPU': 128.0}
[2024-11-05 16:31:07,980][flwr][INFO] - Optimize your simulation with Flower VCE: https://flower.ai/docs/framework/how-to-run-simulations.html
[2024-11-05 16:31:07,980][flwr][INFO] - Flower VCE: Resources for each Virtual Client: {'num_cpus': 3, 'num_gpus': 1.0}
[2024-11-05 16:31:07,993][flwr][INFO] - Flower VCE: Creating VirtualClientEngineActorPool with 3 actors
[2024-11-05 16:31:07,993][flwr][INFO] - [INIT]
[2024-11-05 16:31:07,993][flwr][INFO] - Requesting initial parameters from one random client
[2024-11-05 16:31:11,380][flwr][INFO] - Received initial parameters from one random client
[2024-11-05 16:31:11,381][flwr][INFO] - Evaluating initial global parameters
[2024-11-05 16:34:15,442][flwr][INFO] - initial parameters (loss, other metrics): 0.7087622675632635, OrderedDict([('ind_iou_0', 0.0033320042961689257), ('ind_dice_liver_0', tensor(0.1409, dtype=torch.float64)), ('ind_dice_tumour_0', tensor(0.0073, dtype=torch.float64)), ('ind_iou_1', 0.004286498519184949), ('ind_dice_liver_1', tensor(0.1513, dtype=torch.float64)), ('ind_dice_tumour_1', tensor(0.0090, dtype=torch.float64)), ('all_iou', 0.0034688393998122094), ('all_dice_liver', tensor(0.1423, dtype=torch.float64)), ('all_dice_tumour', tensor(0.0076, dtype=torch.float64))])
[2024-11-05 16:34:15,557][flwr][INFO] - 
[2024-11-05 16:34:15,557][flwr][INFO] - [ROUND 1]
[2024-11-05 16:34:15,557][flwr][INFO] - configure_fit: strategy sampled 2 clients (out of 2)
[2024-11-05 17:16:16,026][flwr][INFO] - aggregate_fit: received 2 results and 0 failures
[2024-11-05 17:16:16,139][flwr][WARNING] - No fit_metrics_aggregation_fn provided
[2024-11-05 17:21:14,699][flwr][INFO] - fit progress: (1, 0.014055074117994299, OrderedDict([('ind_iou_0', 0.8843605611783286), ('ind_dice_liver_0', tensor(0.9039, dtype=torch.float64)), ('ind_dice_tumour_0', tensor(0.1783, dtype=torch.float64)), ('ind_iou_1', 0.8870553349456652), ('ind_dice_liver_1', tensor(0.8997, dtype=torch.float64)), ('ind_dice_tumour_1', tensor(0.1439, dtype=torch.float64)), ('all_iou', 0.8842239071508724), ('all_dice_liver', tensor(0.9030, dtype=torch.float64)), ('all_dice_tumour', tensor(0.1739, dtype=torch.float64))]), 2819.142068560235)
[2024-11-05 17:21:14,709][flwr][INFO] - configure_evaluate: strategy sampled 2 clients (out of 2)
[2024-11-05 17:21:31,434][flwr][ERROR] - Traceback (most recent call last):
  File "/home/sc.uni-leipzig.de/zc19tube/liverseg_v2/envs/.env2/lib/python3.9/site-packages/flwr/simulation/ray_transport/ray_client_proxy.py", line 73, in _submit_job
    out_mssg, updated_context = self.actor_pool.get_client_result(
  File "/home/sc.uni-leipzig.de/zc19tube/liverseg_v2/envs/.env2/lib/python3.9/site-packages/flwr/simulation/ray_transport/ray_actor.py", line 399, in get_client_result
    return self._fetch_future_result(cid)
  File "/home/sc.uni-leipzig.de/zc19tube/liverseg_v2/envs/.env2/lib/python3.9/site-packages/flwr/simulation/ray_transport/ray_actor.py", line 280, in _fetch_future_result
    res_cid, out_mssg, updated_context = ray.get(
  File "/home/sc.uni-leipzig.de/zc19tube/liverseg_v2/envs/.env2/lib/python3.9/site-packages/ray/_private/auto_init_hook.py", line 21, in auto_init_wrapper
    return fn(*args, **kwargs)
  File "/home/sc.uni-leipzig.de/zc19tube/liverseg_v2/envs/.env2/lib/python3.9/site-packages/ray/_private/client_mode_hook.py", line 103, in wrapper
    return func(*args, **kwargs)
  File "/home/sc.uni-leipzig.de/zc19tube/liverseg_v2/envs/.env2/lib/python3.9/site-packages/ray/_private/worker.py", line 2667, in get
    values, debugger_breakpoint = worker.get_objects(object_refs, timeout=timeout)
  File "/home/sc.uni-leipzig.de/zc19tube/liverseg_v2/envs/.env2/lib/python3.9/site-packages/ray/_private/worker.py", line 864, in get_objects
    raise value.as_instanceof_cause()
ray.exceptions.RayTaskError(ClientAppException): [36mray::ClientAppActor.run()[39m (pid=3091513, ip=172.18.62.7, actor_id=a00c06233528ae7e7ecafb2501000000, repr=<flwr.simulation.ray_transport.ray_actor.ClientAppActor object at 0x1497e8de1490>)
  File "/home/sc.uni-leipzig.de/zc19tube/liverseg_v2/envs/.env2/lib/python3.9/site-packages/flwr/client/client_app.py", line 98, in __call__
    return self._call(message, context)
  File "/home/sc.uni-leipzig.de/zc19tube/liverseg_v2/envs/.env2/lib/python3.9/site-packages/flwr/client/client_app.py", line 81, in ffn
    out_message = handle_legacy_message_from_msgtype(
  File "/home/sc.uni-leipzig.de/zc19tube/liverseg_v2/envs/.env2/lib/python3.9/site-packages/flwr/client/message_handler/message_handler.py", line 141, in handle_legacy_message_from_msgtype
    out_recordset = evaluateres_to_recordset(evaluate_res)
  File "/home/sc.uni-leipzig.de/zc19tube/liverseg_v2/envs/.env2/lib/python3.9/site-packages/flwr/common/recordset_compat.py", line 301, in evaluateres_to_recordset
    recordset.configs_records[f"{res_str}.metrics"] = ConfigsRecord(
  File "/home/sc.uni-leipzig.de/zc19tube/liverseg_v2/envs/.env2/lib/python3.9/site-packages/flwr/common/record/configsrecord.py", line 85, in __init__
    self[k] = configs_dict[k]
  File "/home/sc.uni-leipzig.de/zc19tube/liverseg_v2/envs/.env2/lib/python3.9/site-packages/flwr/common/record/typeddict.py", line 38, in __setitem__
    self._check_value_fn(value)
  File "/home/sc.uni-leipzig.de/zc19tube/liverseg_v2/envs/.env2/lib/python3.9/site-packages/flwr/common/record/configsrecord.py", line 57, in _check_value
    is_valid(value)
  File "/home/sc.uni-leipzig.de/zc19tube/liverseg_v2/envs/.env2/lib/python3.9/site-packages/flwr/common/record/configsrecord.py", line 35, in is_valid
    raise TypeError(
TypeError: Not all values are of valid type. Expected `typing.Union[int, float, str, bytes, bool, typing.List[int], typing.List[float], typing.List[str], typing.List[bytes], typing.List[bool]]` but `<class 'torch.Tensor'>` was passed.

The above exception was the direct cause of the following exception:

[36mray::ClientAppActor.run()[39m (pid=3091513, ip=172.18.62.7, actor_id=a00c06233528ae7e7ecafb2501000000, repr=<flwr.simulation.ray_transport.ray_actor.ClientAppActor object at 0x1497e8de1490>)
  File "/home/sc.uni-leipzig.de/zc19tube/liverseg_v2/envs/.env2/lib/python3.9/site-packages/flwr/simulation/ray_transport/ray_actor.py", line 64, in run
    raise ClientAppException(str(ex)) from ex
flwr.client.client_app.ClientAppException: 
Exception ClientAppException occurred. Message: Not all values are of valid type. Expected `typing.Union[int, float, str, bytes, bool, typing.List[int], typing.List[float], typing.List[str], typing.List[bytes], typing.List[bool]]` but `<class 'torch.Tensor'>` was passed.

[2024-11-05 17:21:31,434][flwr][ERROR] - [36mray::ClientAppActor.run()[39m (pid=3091513, ip=172.18.62.7, actor_id=a00c06233528ae7e7ecafb2501000000, repr=<flwr.simulation.ray_transport.ray_actor.ClientAppActor object at 0x1497e8de1490>)
  File "/home/sc.uni-leipzig.de/zc19tube/liverseg_v2/envs/.env2/lib/python3.9/site-packages/flwr/client/client_app.py", line 98, in __call__
    return self._call(message, context)
  File "/home/sc.uni-leipzig.de/zc19tube/liverseg_v2/envs/.env2/lib/python3.9/site-packages/flwr/client/client_app.py", line 81, in ffn
    out_message = handle_legacy_message_from_msgtype(
  File "/home/sc.uni-leipzig.de/zc19tube/liverseg_v2/envs/.env2/lib/python3.9/site-packages/flwr/client/message_handler/message_handler.py", line 141, in handle_legacy_message_from_msgtype
    out_recordset = evaluateres_to_recordset(evaluate_res)
  File "/home/sc.uni-leipzig.de/zc19tube/liverseg_v2/envs/.env2/lib/python3.9/site-packages/flwr/common/recordset_compat.py", line 301, in evaluateres_to_recordset
    recordset.configs_records[f"{res_str}.metrics"] = ConfigsRecord(
  File "/home/sc.uni-leipzig.de/zc19tube/liverseg_v2/envs/.env2/lib/python3.9/site-packages/flwr/common/record/configsrecord.py", line 85, in __init__
    self[k] = configs_dict[k]
  File "/home/sc.uni-leipzig.de/zc19tube/liverseg_v2/envs/.env2/lib/python3.9/site-packages/flwr/common/record/typeddict.py", line 38, in __setitem__
    self._check_value_fn(value)
  File "/home/sc.uni-leipzig.de/zc19tube/liverseg_v2/envs/.env2/lib/python3.9/site-packages/flwr/common/record/configsrecord.py", line 57, in _check_value
    is_valid(value)
  File "/home/sc.uni-leipzig.de/zc19tube/liverseg_v2/envs/.env2/lib/python3.9/site-packages/flwr/common/record/configsrecord.py", line 35, in is_valid
    raise TypeError(
TypeError: Not all values are of valid type. Expected `typing.Union[int, float, str, bytes, bool, typing.List[int], typing.List[float], typing.List[str], typing.List[bytes], typing.List[bool]]` but `<class 'torch.Tensor'>` was passed.

The above exception was the direct cause of the following exception:

[36mray::ClientAppActor.run()[39m (pid=3091513, ip=172.18.62.7, actor_id=a00c06233528ae7e7ecafb2501000000, repr=<flwr.simulation.ray_transport.ray_actor.ClientAppActor object at 0x1497e8de1490>)
  File "/home/sc.uni-leipzig.de/zc19tube/liverseg_v2/envs/.env2/lib/python3.9/site-packages/flwr/simulation/ray_transport/ray_actor.py", line 64, in run
    raise ClientAppException(str(ex)) from ex
flwr.client.client_app.ClientAppException: 
Exception ClientAppException occurred. Message: Not all values are of valid type. Expected `typing.Union[int, float, str, bytes, bool, typing.List[int], typing.List[float], typing.List[str], typing.List[bytes], typing.List[bool]]` but `<class 'torch.Tensor'>` was passed.
[2024-11-05 17:21:58,194][flwr][ERROR] - Traceback (most recent call last):
  File "/home/sc.uni-leipzig.de/zc19tube/liverseg_v2/envs/.env2/lib/python3.9/site-packages/flwr/simulation/ray_transport/ray_client_proxy.py", line 73, in _submit_job
    out_mssg, updated_context = self.actor_pool.get_client_result(
  File "/home/sc.uni-leipzig.de/zc19tube/liverseg_v2/envs/.env2/lib/python3.9/site-packages/flwr/simulation/ray_transport/ray_actor.py", line 399, in get_client_result
    return self._fetch_future_result(cid)
  File "/home/sc.uni-leipzig.de/zc19tube/liverseg_v2/envs/.env2/lib/python3.9/site-packages/flwr/simulation/ray_transport/ray_actor.py", line 280, in _fetch_future_result
    res_cid, out_mssg, updated_context = ray.get(
  File "/home/sc.uni-leipzig.de/zc19tube/liverseg_v2/envs/.env2/lib/python3.9/site-packages/ray/_private/auto_init_hook.py", line 21, in auto_init_wrapper
    return fn(*args, **kwargs)
  File "/home/sc.uni-leipzig.de/zc19tube/liverseg_v2/envs/.env2/lib/python3.9/site-packages/ray/_private/client_mode_hook.py", line 103, in wrapper
    return func(*args, **kwargs)
  File "/home/sc.uni-leipzig.de/zc19tube/liverseg_v2/envs/.env2/lib/python3.9/site-packages/ray/_private/worker.py", line 2667, in get
    values, debugger_breakpoint = worker.get_objects(object_refs, timeout=timeout)
  File "/home/sc.uni-leipzig.de/zc19tube/liverseg_v2/envs/.env2/lib/python3.9/site-packages/ray/_private/worker.py", line 864, in get_objects
    raise value.as_instanceof_cause()
ray.exceptions.RayTaskError(ClientAppException): [36mray::ClientAppActor.run()[39m (pid=3091512, ip=172.18.62.7, actor_id=5c475e8c9a1b0b2fe5e873b001000000, repr=<flwr.simulation.ray_transport.ray_actor.ClientAppActor object at 0x14c24c5994c0>)
  File "/home/sc.uni-leipzig.de/zc19tube/liverseg_v2/envs/.env2/lib/python3.9/site-packages/flwr/client/client_app.py", line 98, in __call__
    return self._call(message, context)
  File "/home/sc.uni-leipzig.de/zc19tube/liverseg_v2/envs/.env2/lib/python3.9/site-packages/flwr/client/client_app.py", line 81, in ffn
    out_message = handle_legacy_message_from_msgtype(
  File "/home/sc.uni-leipzig.de/zc19tube/liverseg_v2/envs/.env2/lib/python3.9/site-packages/flwr/client/message_handler/message_handler.py", line 141, in handle_legacy_message_from_msgtype
    out_recordset = evaluateres_to_recordset(evaluate_res)
  File "/home/sc.uni-leipzig.de/zc19tube/liverseg_v2/envs/.env2/lib/python3.9/site-packages/flwr/common/recordset_compat.py", line 301, in evaluateres_to_recordset
    recordset.configs_records[f"{res_str}.metrics"] = ConfigsRecord(
  File "/home/sc.uni-leipzig.de/zc19tube/liverseg_v2/envs/.env2/lib/python3.9/site-packages/flwr/common/record/configsrecord.py", line 85, in __init__
    self[k] = configs_dict[k]
  File "/home/sc.uni-leipzig.de/zc19tube/liverseg_v2/envs/.env2/lib/python3.9/site-packages/flwr/common/record/typeddict.py", line 38, in __setitem__
    self._check_value_fn(value)
  File "/home/sc.uni-leipzig.de/zc19tube/liverseg_v2/envs/.env2/lib/python3.9/site-packages/flwr/common/record/configsrecord.py", line 57, in _check_value
    is_valid(value)
  File "/home/sc.uni-leipzig.de/zc19tube/liverseg_v2/envs/.env2/lib/python3.9/site-packages/flwr/common/record/configsrecord.py", line 35, in is_valid
    raise TypeError(
TypeError: Not all values are of valid type. Expected `typing.Union[int, float, str, bytes, bool, typing.List[int], typing.List[float], typing.List[str], typing.List[bytes], typing.List[bool]]` but `<class 'torch.Tensor'>` was passed.

The above exception was the direct cause of the following exception:

[36mray::ClientAppActor.run()[39m (pid=3091512, ip=172.18.62.7, actor_id=5c475e8c9a1b0b2fe5e873b001000000, repr=<flwr.simulation.ray_transport.ray_actor.ClientAppActor object at 0x14c24c5994c0>)
  File "/home/sc.uni-leipzig.de/zc19tube/liverseg_v2/envs/.env2/lib/python3.9/site-packages/flwr/simulation/ray_transport/ray_actor.py", line 64, in run
    raise ClientAppException(str(ex)) from ex
flwr.client.client_app.ClientAppException: 
Exception ClientAppException occurred. Message: Not all values are of valid type. Expected `typing.Union[int, float, str, bytes, bool, typing.List[int], typing.List[float], typing.List[str], typing.List[bytes], typing.List[bool]]` but `<class 'torch.Tensor'>` was passed.

[2024-11-05 17:21:58,194][flwr][ERROR] - [36mray::ClientAppActor.run()[39m (pid=3091512, ip=172.18.62.7, actor_id=5c475e8c9a1b0b2fe5e873b001000000, repr=<flwr.simulation.ray_transport.ray_actor.ClientAppActor object at 0x14c24c5994c0>)
  File "/home/sc.uni-leipzig.de/zc19tube/liverseg_v2/envs/.env2/lib/python3.9/site-packages/flwr/client/client_app.py", line 98, in __call__
    return self._call(message, context)
  File "/home/sc.uni-leipzig.de/zc19tube/liverseg_v2/envs/.env2/lib/python3.9/site-packages/flwr/client/client_app.py", line 81, in ffn
    out_message = handle_legacy_message_from_msgtype(
  File "/home/sc.uni-leipzig.de/zc19tube/liverseg_v2/envs/.env2/lib/python3.9/site-packages/flwr/client/message_handler/message_handler.py", line 141, in handle_legacy_message_from_msgtype
    out_recordset = evaluateres_to_recordset(evaluate_res)
  File "/home/sc.uni-leipzig.de/zc19tube/liverseg_v2/envs/.env2/lib/python3.9/site-packages/flwr/common/recordset_compat.py", line 301, in evaluateres_to_recordset
    recordset.configs_records[f"{res_str}.metrics"] = ConfigsRecord(
  File "/home/sc.uni-leipzig.de/zc19tube/liverseg_v2/envs/.env2/lib/python3.9/site-packages/flwr/common/record/configsrecord.py", line 85, in __init__
    self[k] = configs_dict[k]
  File "/home/sc.uni-leipzig.de/zc19tube/liverseg_v2/envs/.env2/lib/python3.9/site-packages/flwr/common/record/typeddict.py", line 38, in __setitem__
    self._check_value_fn(value)
  File "/home/sc.uni-leipzig.de/zc19tube/liverseg_v2/envs/.env2/lib/python3.9/site-packages/flwr/common/record/configsrecord.py", line 57, in _check_value
    is_valid(value)
  File "/home/sc.uni-leipzig.de/zc19tube/liverseg_v2/envs/.env2/lib/python3.9/site-packages/flwr/common/record/configsrecord.py", line 35, in is_valid
    raise TypeError(
TypeError: Not all values are of valid type. Expected `typing.Union[int, float, str, bytes, bool, typing.List[int], typing.List[float], typing.List[str], typing.List[bytes], typing.List[bool]]` but `<class 'torch.Tensor'>` was passed.

The above exception was the direct cause of the following exception:

[36mray::ClientAppActor.run()[39m (pid=3091512, ip=172.18.62.7, actor_id=5c475e8c9a1b0b2fe5e873b001000000, repr=<flwr.simulation.ray_transport.ray_actor.ClientAppActor object at 0x14c24c5994c0>)
  File "/home/sc.uni-leipzig.de/zc19tube/liverseg_v2/envs/.env2/lib/python3.9/site-packages/flwr/simulation/ray_transport/ray_actor.py", line 64, in run
    raise ClientAppException(str(ex)) from ex
flwr.client.client_app.ClientAppException: 
Exception ClientAppException occurred. Message: Not all values are of valid type. Expected `typing.Union[int, float, str, bytes, bool, typing.List[int], typing.List[float], typing.List[str], typing.List[bytes], typing.List[bool]]` but `<class 'torch.Tensor'>` was passed.
[2024-11-05 17:21:58,194][flwr][INFO] - aggregate_evaluate: received 0 results and 2 failures
[2024-11-05 17:21:58,194][flwr][INFO] - 
[2024-11-05 17:21:58,194][flwr][INFO] - [ROUND 2]
[2024-11-05 17:21:58,195][flwr][INFO] - configure_fit: strategy sampled 2 clients (out of 2)
[2024-11-05 18:02:13,696][flwr][ERROR] - Traceback (most recent call last):
  File "/home/sc.uni-leipzig.de/zc19tube/liverseg_v2/envs/.env2/lib/python3.9/site-packages/flwr/simulation/ray_transport/ray_client_proxy.py", line 73, in _submit_job
    out_mssg, updated_context = self.actor_pool.get_client_result(
  File "/home/sc.uni-leipzig.de/zc19tube/liverseg_v2/envs/.env2/lib/python3.9/site-packages/flwr/simulation/ray_transport/ray_actor.py", line 399, in get_client_result
    return self._fetch_future_result(cid)
  File "/home/sc.uni-leipzig.de/zc19tube/liverseg_v2/envs/.env2/lib/python3.9/site-packages/flwr/simulation/ray_transport/ray_actor.py", line 280, in _fetch_future_result
    res_cid, out_mssg, updated_context = ray.get(
  File "/home/sc.uni-leipzig.de/zc19tube/liverseg_v2/envs/.env2/lib/python3.9/site-packages/ray/_private/auto_init_hook.py", line 21, in auto_init_wrapper
    return fn(*args, **kwargs)
  File "/home/sc.uni-leipzig.de/zc19tube/liverseg_v2/envs/.env2/lib/python3.9/site-packages/ray/_private/client_mode_hook.py", line 103, in wrapper
    return func(*args, **kwargs)
  File "/home/sc.uni-leipzig.de/zc19tube/liverseg_v2/envs/.env2/lib/python3.9/site-packages/ray/_private/worker.py", line 2667, in get
    values, debugger_breakpoint = worker.get_objects(object_refs, timeout=timeout)
  File "/home/sc.uni-leipzig.de/zc19tube/liverseg_v2/envs/.env2/lib/python3.9/site-packages/ray/_private/worker.py", line 864, in get_objects
    raise value.as_instanceof_cause()
ray.exceptions.RayTaskError(ClientAppException): [36mray::ClientAppActor.run()[39m (pid=3091512, ip=172.18.62.7, actor_id=5c475e8c9a1b0b2fe5e873b001000000, repr=<flwr.simulation.ray_transport.ray_actor.ClientAppActor object at 0x14c24c5994c0>)
  File "/home/sc.uni-leipzig.de/zc19tube/liverseg_v2/envs/.env2/lib/python3.9/site-packages/flwr/client/client_app.py", line 98, in __call__
    return self._call(message, context)
  File "/home/sc.uni-leipzig.de/zc19tube/liverseg_v2/envs/.env2/lib/python3.9/site-packages/flwr/client/client_app.py", line 81, in ffn
    out_message = handle_legacy_message_from_msgtype(
  File "/home/sc.uni-leipzig.de/zc19tube/liverseg_v2/envs/.env2/lib/python3.9/site-packages/flwr/client/message_handler/message_handler.py", line 130, in handle_legacy_message_from_msgtype
    fit_res = maybe_call_fit(
  File "/home/sc.uni-leipzig.de/zc19tube/liverseg_v2/envs/.env2/lib/python3.9/site-packages/flwr/client/client.py", line 234, in maybe_call_fit
    return client.fit(fit_ins)
  File "/home/sc.uni-leipzig.de/zc19tube/liverseg_v2/envs/.env2/lib/python3.9/site-packages/flwr/client/numpy_client.py", line 238, in _fit
    results = self.numpy_client.fit(parameters, ins.config)  # type: ignore
  File "/home/sc.uni-leipzig.de/zc19tube/liverseg_v2/client.py", line 64, in fit
    train(self.model,self.trainloader,self.valloader,optimizer,criterion,self.device, epoch)
  File "/home/sc.uni-leipzig.de/zc19tube/liverseg_v2/model/unet.py", line 169, in train
    for i, (input, target) in tqdm(enumerate(trainloader), total=len(trainloader), disable=True):
  File "/home/sc.uni-leipzig.de/zc19tube/liverseg_v2/envs/.env2/lib/python3.9/site-packages/tqdm/std.py", line 1169, in __iter__
    for obj in iterable:
  File "/home/sc.uni-leipzig.de/zc19tube/liverseg_v2/envs/.env2/lib/python3.9/site-packages/torch/utils/data/dataloader.py", line 633, in __next__
    data = self._next_data()
  File "/home/sc.uni-leipzig.de/zc19tube/liverseg_v2/envs/.env2/lib/python3.9/site-packages/torch/utils/data/dataloader.py", line 677, in _next_data
    data = self._dataset_fetcher.fetch(index)  # may raise StopIteration
  File "/home/sc.uni-leipzig.de/zc19tube/liverseg_v2/envs/.env2/lib/python3.9/site-packages/torch/utils/data/_utils/fetch.py", line 51, in fetch
    data = [self.dataset[idx] for idx in possibly_batched_index]
  File "/home/sc.uni-leipzig.de/zc19tube/liverseg_v2/envs/.env2/lib/python3.9/site-packages/torch/utils/data/_utils/fetch.py", line 51, in <listcomp>
    data = [self.dataset[idx] for idx in possibly_batched_index]
  File "/home/sc.uni-leipzig.de/zc19tube/liverseg_v2/datasets/livseg.py", line 32, in __getitem__
    npimage = np.load(img_path)
  File "/home/sc.uni-leipzig.de/zc19tube/liverseg_v2/envs/.env2/lib/python3.9/site-packages/numpy/lib/npyio.py", line 427, in load
    fid = stack.enter_context(open(os_fspath(file), "rb"))
FileNotFoundError: [Errno 2] No such file or directory: '/home/sc.uni-leipzig.de/mp096jdyo/lits_dataset/npy_files/training/88/img_14.npy'

The above exception was the direct cause of the following exception:

[36mray::ClientAppActor.run()[39m (pid=3091512, ip=172.18.62.7, actor_id=5c475e8c9a1b0b2fe5e873b001000000, repr=<flwr.simulation.ray_transport.ray_actor.ClientAppActor object at 0x14c24c5994c0>)
  File "/home/sc.uni-leipzig.de/zc19tube/liverseg_v2/envs/.env2/lib/python3.9/site-packages/flwr/simulation/ray_transport/ray_actor.py", line 64, in run
    raise ClientAppException(str(ex)) from ex
flwr.client.client_app.ClientAppException: 
Exception ClientAppException occurred. Message: [Errno 2] No such file or directory: '/home/sc.uni-leipzig.de/mp096jdyo/lits_dataset/npy_files/training/88/img_14.npy'

[2024-11-05 18:02:13,697][flwr][ERROR] - [36mray::ClientAppActor.run()[39m (pid=3091512, ip=172.18.62.7, actor_id=5c475e8c9a1b0b2fe5e873b001000000, repr=<flwr.simulation.ray_transport.ray_actor.ClientAppActor object at 0x14c24c5994c0>)
  File "/home/sc.uni-leipzig.de/zc19tube/liverseg_v2/envs/.env2/lib/python3.9/site-packages/flwr/client/client_app.py", line 98, in __call__
    return self._call(message, context)
  File "/home/sc.uni-leipzig.de/zc19tube/liverseg_v2/envs/.env2/lib/python3.9/site-packages/flwr/client/client_app.py", line 81, in ffn
    out_message = handle_legacy_message_from_msgtype(
  File "/home/sc.uni-leipzig.de/zc19tube/liverseg_v2/envs/.env2/lib/python3.9/site-packages/flwr/client/message_handler/message_handler.py", line 130, in handle_legacy_message_from_msgtype
    fit_res = maybe_call_fit(
  File "/home/sc.uni-leipzig.de/zc19tube/liverseg_v2/envs/.env2/lib/python3.9/site-packages/flwr/client/client.py", line 234, in maybe_call_fit
    return client.fit(fit_ins)
  File "/home/sc.uni-leipzig.de/zc19tube/liverseg_v2/envs/.env2/lib/python3.9/site-packages/flwr/client/numpy_client.py", line 238, in _fit
    results = self.numpy_client.fit(parameters, ins.config)  # type: ignore
  File "/home/sc.uni-leipzig.de/zc19tube/liverseg_v2/client.py", line 64, in fit
    train(self.model,self.trainloader,self.valloader,optimizer,criterion,self.device, epoch)
  File "/home/sc.uni-leipzig.de/zc19tube/liverseg_v2/model/unet.py", line 169, in train
    for i, (input, target) in tqdm(enumerate(trainloader), total=len(trainloader), disable=True):
  File "/home/sc.uni-leipzig.de/zc19tube/liverseg_v2/envs/.env2/lib/python3.9/site-packages/tqdm/std.py", line 1169, in __iter__
    for obj in iterable:
  File "/home/sc.uni-leipzig.de/zc19tube/liverseg_v2/envs/.env2/lib/python3.9/site-packages/torch/utils/data/dataloader.py", line 633, in __next__
    data = self._next_data()
  File "/home/sc.uni-leipzig.de/zc19tube/liverseg_v2/envs/.env2/lib/python3.9/site-packages/torch/utils/data/dataloader.py", line 677, in _next_data
    data = self._dataset_fetcher.fetch(index)  # may raise StopIteration
  File "/home/sc.uni-leipzig.de/zc19tube/liverseg_v2/envs/.env2/lib/python3.9/site-packages/torch/utils/data/_utils/fetch.py", line 51, in fetch
    data = [self.dataset[idx] for idx in possibly_batched_index]
  File "/home/sc.uni-leipzig.de/zc19tube/liverseg_v2/envs/.env2/lib/python3.9/site-packages/torch/utils/data/_utils/fetch.py", line 51, in <listcomp>
    data = [self.dataset[idx] for idx in possibly_batched_index]
  File "/home/sc.uni-leipzig.de/zc19tube/liverseg_v2/datasets/livseg.py", line 32, in __getitem__
    npimage = np.load(img_path)
  File "/home/sc.uni-leipzig.de/zc19tube/liverseg_v2/envs/.env2/lib/python3.9/site-packages/numpy/lib/npyio.py", line 427, in load
    fid = stack.enter_context(open(os_fspath(file), "rb"))
FileNotFoundError: [Errno 2] No such file or directory: '/home/sc.uni-leipzig.de/mp096jdyo/lits_dataset/npy_files/training/88/img_14.npy'

The above exception was the direct cause of the following exception:

[36mray::ClientAppActor.run()[39m (pid=3091512, ip=172.18.62.7, actor_id=5c475e8c9a1b0b2fe5e873b001000000, repr=<flwr.simulation.ray_transport.ray_actor.ClientAppActor object at 0x14c24c5994c0>)
  File "/home/sc.uni-leipzig.de/zc19tube/liverseg_v2/envs/.env2/lib/python3.9/site-packages/flwr/simulation/ray_transport/ray_actor.py", line 64, in run
    raise ClientAppException(str(ex)) from ex
flwr.client.client_app.ClientAppException: 
Exception ClientAppException occurred. Message: [Errno 2] No such file or directory: '/home/sc.uni-leipzig.de/mp096jdyo/lits_dataset/npy_files/training/88/img_14.npy'
[2024-11-05 18:02:13,697][flwr][INFO] - aggregate_fit: received 1 results and 1 failures
[2024-11-05 18:05:23,772][flwr][ERROR] - [Errno 2] No such file or directory: '/home/sc.uni-leipzig.de/mp096jdyo/lits_dataset/npy_files/test/121/img_0.npy'
[2024-11-05 18:05:23,848][flwr][ERROR] - Traceback (most recent call last):
  File "/home/sc.uni-leipzig.de/zc19tube/liverseg_v2/envs/.env2/lib/python3.9/site-packages/flwr/simulation/app.py", line 323, in start_simulation
    hist = run_fl(
  File "/home/sc.uni-leipzig.de/zc19tube/liverseg_v2/envs/.env2/lib/python3.9/site-packages/flwr/server/server.py", line 490, in run_fl
    hist, elapsed_time = server.fit(
  File "/home/sc.uni-leipzig.de/zc19tube/liverseg_v2/envs/.env2/lib/python3.9/site-packages/flwr/server/server.py", line 126, in fit
    res_cen = self.strategy.evaluate(current_round, parameters=self.parameters)
  File "/home/sc.uni-leipzig.de/zc19tube/liverseg_v2/envs/.env2/lib/python3.9/site-packages/flwr/server/strategy/fedavg.py", line 167, in evaluate
    eval_res = self.evaluate_fn(server_round, parameters_ndarrays, {})
  File "/home/sc.uni-leipzig.de/zc19tube/liverseg_v2/server.py", line 31, in evaluate_fn
    loss, log = test(model, testloader, criterion, device=device)
  File "/home/sc.uni-leipzig.de/zc19tube/liverseg_v2/model/unet.py", line 274, in test
    for j, (input, target) in tqdm(enumerate(testloader), total=len(testloader),disable=True):
  File "/home/sc.uni-leipzig.de/zc19tube/liverseg_v2/envs/.env2/lib/python3.9/site-packages/tqdm/std.py", line 1169, in __iter__
    for obj in iterable:
  File "/home/sc.uni-leipzig.de/zc19tube/liverseg_v2/envs/.env2/lib/python3.9/site-packages/torch/utils/data/dataloader.py", line 633, in __next__
    data = self._next_data()
  File "/home/sc.uni-leipzig.de/zc19tube/liverseg_v2/envs/.env2/lib/python3.9/site-packages/torch/utils/data/dataloader.py", line 677, in _next_data
    data = self._dataset_fetcher.fetch(index)  # may raise StopIteration
  File "/home/sc.uni-leipzig.de/zc19tube/liverseg_v2/envs/.env2/lib/python3.9/site-packages/torch/utils/data/_utils/fetch.py", line 51, in fetch
    data = [self.dataset[idx] for idx in possibly_batched_index]
  File "/home/sc.uni-leipzig.de/zc19tube/liverseg_v2/envs/.env2/lib/python3.9/site-packages/torch/utils/data/_utils/fetch.py", line 51, in <listcomp>
    data = [self.dataset[idx] for idx in possibly_batched_index]
  File "/home/sc.uni-leipzig.de/zc19tube/liverseg_v2/envs/.env2/lib/python3.9/site-packages/torch/utils/data/dataset.py", line 243, in __getitem__
    return self.datasets[dataset_idx][sample_idx]
  File "/home/sc.uni-leipzig.de/zc19tube/liverseg_v2/datasets/livseg.py", line 32, in __getitem__
    npimage = np.load(img_path)
  File "/home/sc.uni-leipzig.de/zc19tube/liverseg_v2/envs/.env2/lib/python3.9/site-packages/numpy/lib/npyio.py", line 427, in load
    fid = stack.enter_context(open(os_fspath(file), "rb"))
FileNotFoundError: [Errno 2] No such file or directory: '/home/sc.uni-leipzig.de/mp096jdyo/lits_dataset/npy_files/test/121/img_0.npy'

[2024-11-05 18:05:23,848][flwr][ERROR] - Your simulation crashed :(. This could be because of several reasons. The most common are: 
	 > Sometimes, issues in the simulation code itself can cause crashes. It's always a good idea to double-check your code for any potential bugs or inconsistencies that might be contributing to the problem. For example: 
		 - You might be using a class attribute in your clients that hasn't been defined.
		 - There could be an incorrect method call to a 3rd party library (e.g., PyTorch).
		 - The return types of methods in your clients/strategies might be incorrect.
	 > Your system couldn't fit a single VirtualClient: try lowering `client_resources`.
	 > All the actors in your pool crashed. This could be because: 
		 - You clients hit an out-of-memory (OOM) error and actors couldn't recover from it. Try launching your simulation with more generous `client_resources` setting (i.e. it seems {'num_cpus': 3, 'num_gpus': 1.0} is not enough for your run). Use fewer concurrent actors. 
		 - You were running a multi-node simulation and all worker nodes disconnected. The head node might still be alive but cannot accommodate any actor with resources: {'num_cpus': 3, 'num_gpus': 1.0}.
Take a look at the Flower simulation examples for guidance <https://flower.ai/docs/framework/how-to-run-simulations.html>.
