[2024-09-02 12:41:32,339][flwr][INFO] - Starting Flower simulation, config: num_rounds=50, no round_timeout
[2024-09-02 12:41:36,067][flwr][INFO] - Flower VCE: Ray initialized with resources: {'GPU': 1.0, 'node:__internal_head__': 1.0, 'memory': 69065411175.0, 'node:10.50.9.88': 1.0, 'object_store_memory': 33885176217.0, 'accelerator_type:T4': 1.0, 'CPU': 8.0}
[2024-09-02 12:41:36,067][flwr][INFO] - Optimize your simulation with Flower VCE: https://flower.ai/docs/framework/how-to-run-simulations.html
[2024-09-02 12:41:36,067][flwr][INFO] - Flower VCE: Resources for each Virtual Client: {'num_cpus': 3, 'num_gpus': 1.0}
[2024-09-02 12:41:36,081][flwr][INFO] - Flower VCE: Creating VirtualClientEngineActorPool with 1 actors
[2024-09-02 12:41:36,081][flwr][INFO] - [INIT]
[2024-09-02 12:41:36,081][flwr][INFO] - Requesting initial parameters from one random client
[2024-09-02 12:41:38,969][flwr][ERROR] - Traceback (most recent call last):
  File "/home/mmaia/my_envs/liver_torch/lib/python3.8/site-packages/flwr/simulation/ray_transport/ray_client_proxy.py", line 73, in _submit_job
    out_mssg, updated_context = self.actor_pool.get_client_result(
  File "/home/mmaia/my_envs/liver_torch/lib/python3.8/site-packages/flwr/simulation/ray_transport/ray_actor.py", line 399, in get_client_result
    return self._fetch_future_result(cid)
  File "/home/mmaia/my_envs/liver_torch/lib/python3.8/site-packages/flwr/simulation/ray_transport/ray_actor.py", line 280, in _fetch_future_result
    res_cid, out_mssg, updated_context = ray.get(
  File "/home/mmaia/my_envs/liver_torch/lib/python3.8/site-packages/ray/_private/auto_init_hook.py", line 21, in auto_init_wrapper
    return fn(*args, **kwargs)
  File "/home/mmaia/my_envs/liver_torch/lib/python3.8/site-packages/ray/_private/client_mode_hook.py", line 103, in wrapper
    return func(*args, **kwargs)
  File "/home/mmaia/my_envs/liver_torch/lib/python3.8/site-packages/ray/_private/worker.py", line 2667, in get
    values, debugger_breakpoint = worker.get_objects(object_refs, timeout=timeout)
  File "/home/mmaia/my_envs/liver_torch/lib/python3.8/site-packages/ray/_private/worker.py", line 864, in get_objects
    raise value.as_instanceof_cause()
ray.exceptions.RayTaskError(ClientAppException): [36mray::ClientAppActor.run()[39m (pid=3992019, ip=10.50.9.88, actor_id=1fc9d2810ee9a55a058289e101000000, repr=<flwr.simulation.ray_transport.ray_actor.ClientAppActor object at 0x7f801411a6a0>)
TypeError: __init__() missing 1 required positional argument: 'args'

The above exception was the direct cause of the following exception:

[36mray::ClientAppActor.run()[39m (pid=3992019, ip=10.50.9.88, actor_id=1fc9d2810ee9a55a058289e101000000, repr=<flwr.simulation.ray_transport.ray_actor.ClientAppActor object at 0x7f801411a6a0>)
  File "/home/mmaia/my_envs/liver_torch/lib/python3.8/site-packages/flwr/simulation/ray_transport/ray_actor.py", line 58, in run
    out_message = app(message=message, context=context)
  File "/home/mmaia/my_envs/liver_torch/lib/python3.8/site-packages/flwr/client/client_app.py", line 98, in __call__
    return self._call(message, context)
  File "/home/mmaia/my_envs/liver_torch/lib/python3.8/site-packages/flwr/client/client_app.py", line 81, in ffn
    out_message = handle_legacy_message_from_msgtype(
  File "/home/mmaia/my_envs/liver_torch/lib/python3.8/site-packages/flwr/client/message_handler/message_handler.py", line 96, in handle_legacy_message_from_msgtype
    client = client_fn(str(message.metadata.partition_id))
  File "/home/mmaia/fedliver_v2/client.py", line 81, in client_fn
    return LiverClient(trainloader=trainloader[int(cid)], valloader=valloaders[int(cid)], cfg=cfg, device=device).to_client()
  File "/home/mmaia/fedliver_v2/client.py", line 26, in __init__
    self.model = instantiate(cfg.model)
  File "/home/mmaia/my_envs/liver_torch/lib/python3.8/site-packages/hydra/_internal/instantiate/_instantiate2.py", line 226, in instantiate
    return instantiate_node(
  File "/home/mmaia/my_envs/liver_torch/lib/python3.8/site-packages/hydra/_internal/instantiate/_instantiate2.py", line 347, in instantiate_node
    return _call_target(_target_, partial, args, kwargs, full_key)
  File "/home/mmaia/my_envs/liver_torch/lib/python3.8/site-packages/hydra/_internal/instantiate/_instantiate2.py", line 97, in _call_target
    raise InstantiationException(msg) from e
hydra.errors.InstantiationException: Error in call to target 'model.res_unet_plus.ResUnetPlusPlus':
TypeError("__init__() missing 1 required positional argument: 'args'")
full_key: model

The above exception was the direct cause of the following exception:

[36mray::ClientAppActor.run()[39m (pid=3992019, ip=10.50.9.88, actor_id=1fc9d2810ee9a55a058289e101000000, repr=<flwr.simulation.ray_transport.ray_actor.ClientAppActor object at 0x7f801411a6a0>)
  File "/home/mmaia/my_envs/liver_torch/lib/python3.8/site-packages/flwr/simulation/ray_transport/ray_actor.py", line 64, in run
    raise ClientAppException(str(ex)) from ex
flwr.client.client_app.ClientAppException: 
Exception ClientAppException occurred. Message: Error in call to target 'model.res_unet_plus.ResUnetPlusPlus':
TypeError("__init__() missing 1 required positional argument: 'args'")
full_key: model

[2024-09-02 12:41:38,969][flwr][ERROR] - [36mray::ClientAppActor.run()[39m (pid=3992019, ip=10.50.9.88, actor_id=1fc9d2810ee9a55a058289e101000000, repr=<flwr.simulation.ray_transport.ray_actor.ClientAppActor object at 0x7f801411a6a0>)
TypeError: __init__() missing 1 required positional argument: 'args'

The above exception was the direct cause of the following exception:

[36mray::ClientAppActor.run()[39m (pid=3992019, ip=10.50.9.88, actor_id=1fc9d2810ee9a55a058289e101000000, repr=<flwr.simulation.ray_transport.ray_actor.ClientAppActor object at 0x7f801411a6a0>)
  File "/home/mmaia/my_envs/liver_torch/lib/python3.8/site-packages/flwr/simulation/ray_transport/ray_actor.py", line 58, in run
    out_message = app(message=message, context=context)
  File "/home/mmaia/my_envs/liver_torch/lib/python3.8/site-packages/flwr/client/client_app.py", line 98, in __call__
    return self._call(message, context)
  File "/home/mmaia/my_envs/liver_torch/lib/python3.8/site-packages/flwr/client/client_app.py", line 81, in ffn
    out_message = handle_legacy_message_from_msgtype(
  File "/home/mmaia/my_envs/liver_torch/lib/python3.8/site-packages/flwr/client/message_handler/message_handler.py", line 96, in handle_legacy_message_from_msgtype
    client = client_fn(str(message.metadata.partition_id))
  File "/home/mmaia/fedliver_v2/client.py", line 81, in client_fn
    return LiverClient(trainloader=trainloader[int(cid)], valloader=valloaders[int(cid)], cfg=cfg, device=device).to_client()
  File "/home/mmaia/fedliver_v2/client.py", line 26, in __init__
    self.model = instantiate(cfg.model)
  File "/home/mmaia/my_envs/liver_torch/lib/python3.8/site-packages/hydra/_internal/instantiate/_instantiate2.py", line 226, in instantiate
    return instantiate_node(
  File "/home/mmaia/my_envs/liver_torch/lib/python3.8/site-packages/hydra/_internal/instantiate/_instantiate2.py", line 347, in instantiate_node
    return _call_target(_target_, partial, args, kwargs, full_key)
  File "/home/mmaia/my_envs/liver_torch/lib/python3.8/site-packages/hydra/_internal/instantiate/_instantiate2.py", line 97, in _call_target
    raise InstantiationException(msg) from e
hydra.errors.InstantiationException: Error in call to target 'model.res_unet_plus.ResUnetPlusPlus':
TypeError("__init__() missing 1 required positional argument: 'args'")
full_key: model

The above exception was the direct cause of the following exception:

[36mray::ClientAppActor.run()[39m (pid=3992019, ip=10.50.9.88, actor_id=1fc9d2810ee9a55a058289e101000000, repr=<flwr.simulation.ray_transport.ray_actor.ClientAppActor object at 0x7f801411a6a0>)
  File "/home/mmaia/my_envs/liver_torch/lib/python3.8/site-packages/flwr/simulation/ray_transport/ray_actor.py", line 64, in run
    raise ClientAppException(str(ex)) from ex
flwr.client.client_app.ClientAppException: 
Exception ClientAppException occurred. Message: Error in call to target 'model.res_unet_plus.ResUnetPlusPlus':
TypeError("__init__() missing 1 required positional argument: 'args'")
full_key: model
[2024-09-02 12:41:38,970][flwr][ERROR] - [36mray::ClientAppActor.run()[39m (pid=3992019, ip=10.50.9.88, actor_id=1fc9d2810ee9a55a058289e101000000, repr=<flwr.simulation.ray_transport.ray_actor.ClientAppActor object at 0x7f801411a6a0>)
TypeError: __init__() missing 1 required positional argument: 'args'

The above exception was the direct cause of the following exception:

[36mray::ClientAppActor.run()[39m (pid=3992019, ip=10.50.9.88, actor_id=1fc9d2810ee9a55a058289e101000000, repr=<flwr.simulation.ray_transport.ray_actor.ClientAppActor object at 0x7f801411a6a0>)
  File "/home/mmaia/my_envs/liver_torch/lib/python3.8/site-packages/flwr/simulation/ray_transport/ray_actor.py", line 58, in run
    out_message = app(message=message, context=context)
  File "/home/mmaia/my_envs/liver_torch/lib/python3.8/site-packages/flwr/client/client_app.py", line 98, in __call__
    return self._call(message, context)
  File "/home/mmaia/my_envs/liver_torch/lib/python3.8/site-packages/flwr/client/client_app.py", line 81, in ffn
    out_message = handle_legacy_message_from_msgtype(
  File "/home/mmaia/my_envs/liver_torch/lib/python3.8/site-packages/flwr/client/message_handler/message_handler.py", line 96, in handle_legacy_message_from_msgtype
    client = client_fn(str(message.metadata.partition_id))
  File "/home/mmaia/fedliver_v2/client.py", line 81, in client_fn
    return LiverClient(trainloader=trainloader[int(cid)], valloader=valloaders[int(cid)], cfg=cfg, device=device).to_client()
  File "/home/mmaia/fedliver_v2/client.py", line 26, in __init__
    self.model = instantiate(cfg.model)
  File "/home/mmaia/my_envs/liver_torch/lib/python3.8/site-packages/hydra/_internal/instantiate/_instantiate2.py", line 226, in instantiate
    return instantiate_node(
  File "/home/mmaia/my_envs/liver_torch/lib/python3.8/site-packages/hydra/_internal/instantiate/_instantiate2.py", line 347, in instantiate_node
    return _call_target(_target_, partial, args, kwargs, full_key)
  File "/home/mmaia/my_envs/liver_torch/lib/python3.8/site-packages/hydra/_internal/instantiate/_instantiate2.py", line 97, in _call_target
    raise InstantiationException(msg) from e
hydra.errors.InstantiationException: Error in call to target 'model.res_unet_plus.ResUnetPlusPlus':
TypeError("__init__() missing 1 required positional argument: 'args'")
full_key: model

The above exception was the direct cause of the following exception:

[36mray::ClientAppActor.run()[39m (pid=3992019, ip=10.50.9.88, actor_id=1fc9d2810ee9a55a058289e101000000, repr=<flwr.simulation.ray_transport.ray_actor.ClientAppActor object at 0x7f801411a6a0>)
  File "/home/mmaia/my_envs/liver_torch/lib/python3.8/site-packages/flwr/simulation/ray_transport/ray_actor.py", line 64, in run
    raise ClientAppException(str(ex)) from ex
flwr.client.client_app.ClientAppException: 
Exception ClientAppException occurred. Message: Error in call to target 'model.res_unet_plus.ResUnetPlusPlus':
TypeError("__init__() missing 1 required positional argument: 'args'")
full_key: model
[2024-09-02 12:41:38,970][flwr][ERROR] - Traceback (most recent call last):
  File "/home/mmaia/my_envs/liver_torch/lib/python3.8/site-packages/flwr/simulation/app.py", line 323, in start_simulation
    hist = run_fl(
  File "/home/mmaia/my_envs/liver_torch/lib/python3.8/site-packages/flwr/server/server.py", line 490, in run_fl
    hist, elapsed_time = server.fit(
  File "/home/mmaia/my_envs/liver_torch/lib/python3.8/site-packages/flwr/server/server.py", line 93, in fit
    self.parameters = self._get_initial_parameters(server_round=0, timeout=timeout)
  File "/home/mmaia/my_envs/liver_torch/lib/python3.8/site-packages/flwr/server/server.py", line 282, in _get_initial_parameters
    get_parameters_res = random_client.get_parameters(
  File "/home/mmaia/my_envs/liver_torch/lib/python3.8/site-packages/flwr/simulation/ray_transport/ray_client_proxy.py", line 148, in get_parameters
    message_out = self._submit_job(message, timeout)
  File "/home/mmaia/my_envs/liver_torch/lib/python3.8/site-packages/flwr/simulation/ray_transport/ray_client_proxy.py", line 87, in _submit_job
    raise ex
  File "/home/mmaia/my_envs/liver_torch/lib/python3.8/site-packages/flwr/simulation/ray_transport/ray_client_proxy.py", line 73, in _submit_job
    out_mssg, updated_context = self.actor_pool.get_client_result(
  File "/home/mmaia/my_envs/liver_torch/lib/python3.8/site-packages/flwr/simulation/ray_transport/ray_actor.py", line 399, in get_client_result
    return self._fetch_future_result(cid)
  File "/home/mmaia/my_envs/liver_torch/lib/python3.8/site-packages/flwr/simulation/ray_transport/ray_actor.py", line 280, in _fetch_future_result
    res_cid, out_mssg, updated_context = ray.get(
  File "/home/mmaia/my_envs/liver_torch/lib/python3.8/site-packages/ray/_private/auto_init_hook.py", line 21, in auto_init_wrapper
    return fn(*args, **kwargs)
  File "/home/mmaia/my_envs/liver_torch/lib/python3.8/site-packages/ray/_private/client_mode_hook.py", line 103, in wrapper
    return func(*args, **kwargs)
  File "/home/mmaia/my_envs/liver_torch/lib/python3.8/site-packages/ray/_private/worker.py", line 2667, in get
    values, debugger_breakpoint = worker.get_objects(object_refs, timeout=timeout)
  File "/home/mmaia/my_envs/liver_torch/lib/python3.8/site-packages/ray/_private/worker.py", line 864, in get_objects
    raise value.as_instanceof_cause()
ray.exceptions.RayTaskError(ClientAppException): [36mray::ClientAppActor.run()[39m (pid=3992019, ip=10.50.9.88, actor_id=1fc9d2810ee9a55a058289e101000000, repr=<flwr.simulation.ray_transport.ray_actor.ClientAppActor object at 0x7f801411a6a0>)
TypeError: __init__() missing 1 required positional argument: 'args'

The above exception was the direct cause of the following exception:

[36mray::ClientAppActor.run()[39m (pid=3992019, ip=10.50.9.88, actor_id=1fc9d2810ee9a55a058289e101000000, repr=<flwr.simulation.ray_transport.ray_actor.ClientAppActor object at 0x7f801411a6a0>)
  File "/home/mmaia/my_envs/liver_torch/lib/python3.8/site-packages/flwr/simulation/ray_transport/ray_actor.py", line 58, in run
    out_message = app(message=message, context=context)
  File "/home/mmaia/my_envs/liver_torch/lib/python3.8/site-packages/flwr/client/client_app.py", line 98, in __call__
    return self._call(message, context)
  File "/home/mmaia/my_envs/liver_torch/lib/python3.8/site-packages/flwr/client/client_app.py", line 81, in ffn
    out_message = handle_legacy_message_from_msgtype(
  File "/home/mmaia/my_envs/liver_torch/lib/python3.8/site-packages/flwr/client/message_handler/message_handler.py", line 96, in handle_legacy_message_from_msgtype
    client = client_fn(str(message.metadata.partition_id))
  File "/home/mmaia/fedliver_v2/client.py", line 81, in client_fn
    return LiverClient(trainloader=trainloader[int(cid)], valloader=valloaders[int(cid)], cfg=cfg, device=device).to_client()
  File "/home/mmaia/fedliver_v2/client.py", line 26, in __init__
    self.model = instantiate(cfg.model)
  File "/home/mmaia/my_envs/liver_torch/lib/python3.8/site-packages/hydra/_internal/instantiate/_instantiate2.py", line 226, in instantiate
    return instantiate_node(
  File "/home/mmaia/my_envs/liver_torch/lib/python3.8/site-packages/hydra/_internal/instantiate/_instantiate2.py", line 347, in instantiate_node
    return _call_target(_target_, partial, args, kwargs, full_key)
  File "/home/mmaia/my_envs/liver_torch/lib/python3.8/site-packages/hydra/_internal/instantiate/_instantiate2.py", line 97, in _call_target
    raise InstantiationException(msg) from e
hydra.errors.InstantiationException: Error in call to target 'model.res_unet_plus.ResUnetPlusPlus':
TypeError("__init__() missing 1 required positional argument: 'args'")
full_key: model

The above exception was the direct cause of the following exception:

[36mray::ClientAppActor.run()[39m (pid=3992019, ip=10.50.9.88, actor_id=1fc9d2810ee9a55a058289e101000000, repr=<flwr.simulation.ray_transport.ray_actor.ClientAppActor object at 0x7f801411a6a0>)
  File "/home/mmaia/my_envs/liver_torch/lib/python3.8/site-packages/flwr/simulation/ray_transport/ray_actor.py", line 64, in run
    raise ClientAppException(str(ex)) from ex
flwr.client.client_app.ClientAppException: 
Exception ClientAppException occurred. Message: Error in call to target 'model.res_unet_plus.ResUnetPlusPlus':
TypeError("__init__() missing 1 required positional argument: 'args'")
full_key: model

[2024-09-02 12:41:38,970][flwr][ERROR] - Your simulation crashed :(. This could be because of several reasons. The most common are: 
	 > Sometimes, issues in the simulation code itself can cause crashes. It's always a good idea to double-check your code for any potential bugs or inconsistencies that might be contributing to the problem. For example: 
		 - You might be using a class attribute in your clients that hasn't been defined.
		 - There could be an incorrect method call to a 3rd party library (e.g., PyTorch).
		 - The return types of methods in your clients/strategies might be incorrect.
	 > Your system couldn't fit a single VirtualClient: try lowering `client_resources`.
	 > All the actors in your pool crashed. This could be because: 
		 - You clients hit an out-of-memory (OOM) error and actors couldn't recover from it. Try launching your simulation with more generous `client_resources` setting (i.e. it seems {'num_cpus': 3, 'num_gpus': 1.0} is not enough for your run). Use fewer concurrent actors. 
		 - You were running a multi-node simulation and all worker nodes disconnected. The head node might still be alive but cannot accommodate any actor with resources: {'num_cpus': 3, 'num_gpus': 1.0}.
Take a look at the Flower simulation examples for guidance <https://flower.ai/docs/framework/how-to-run-simulations.html>.
