[2024-08-02 14:57:10,986][flwr][INFO] - Starting Flower simulation, config: num_rounds=8, no round_timeout
[2024-08-02 14:57:13,671][flwr][INFO] - Flower VCE: Ray initialized with resources: {'memory': 73115210752.0, 'node:__internal_head__': 1.0, 'GPU': 1.0, 'node:10.50.9.88': 1.0, 'object_store_memory': 35620804608.0, 'accelerator_type:T4': 1.0, 'CPU': 8.0}
[2024-08-02 14:57:13,672][flwr][INFO] - Optimize your simulation with Flower VCE: https://flower.ai/docs/framework/how-to-run-simulations.html
[2024-08-02 14:57:13,672][flwr][INFO] - Flower VCE: Resources for each Virtual Client: {'num_cpus': 3, 'num_gpus': 1.0}
[2024-08-02 14:57:13,688][flwr][INFO] - Flower VCE: Creating VirtualClientEngineActorPool with 1 actors
[2024-08-02 14:57:13,688][flwr][INFO] - [INIT]
[2024-08-02 14:57:13,689][flwr][INFO] - Requesting initial parameters from one random client
[2024-08-02 14:57:16,848][flwr][INFO] - Received initial parameters from one random client
[2024-08-02 14:57:16,848][flwr][INFO] - Evaluating initial global parameters
[2024-08-02 15:02:32,987][flwr][INFO] - initial parameters (loss, other metrics): 0.7215804777610456, OrderedDict([('ind_iou_0', 0.048046696176676375), ('ind_dice_liver_0', tensor(0.1496, dtype=torch.float64)), ('ind_dice_tumour_0', tensor(0.0093, dtype=torch.float64)), ('ind_iou_1', 0.048025353725847125), ('ind_dice_liver_1', tensor(0.1507, dtype=torch.float64)), ('ind_dice_tumour_1', tensor(0.0080, dtype=torch.float64)), ('all_iou', 0.04804462014385434), ('all_dice_liver', tensor(0.1498, dtype=torch.float64)), ('all_dice_tumour', tensor(0.0091, dtype=torch.float64))])
[2024-08-02 15:02:32,992][flwr][INFO] - 
[2024-08-02 15:02:32,992][flwr][INFO] - [ROUND 1]
[2024-08-02 15:02:32,993][flwr][INFO] - configure_fit: strategy sampled 2 clients (out of 2)
[2024-08-02 15:24:53,121][flwr][ERROR] - Traceback (most recent call last):
  File "/home/mmaia/my_envs/liver_torch/lib/python3.8/site-packages/flwr/simulation/ray_transport/ray_client_proxy.py", line 73, in _submit_job
    out_mssg, updated_context = self.actor_pool.get_client_result(
  File "/home/mmaia/my_envs/liver_torch/lib/python3.8/site-packages/flwr/simulation/ray_transport/ray_actor.py", line 399, in get_client_result
    return self._fetch_future_result(cid)
  File "/home/mmaia/my_envs/liver_torch/lib/python3.8/site-packages/flwr/simulation/ray_transport/ray_actor.py", line 280, in _fetch_future_result
    res_cid, out_mssg, updated_context = ray.get(
  File "/home/mmaia/my_envs/liver_torch/lib/python3.8/site-packages/ray/_private/auto_init_hook.py", line 21, in auto_init_wrapper
    return fn(*args, **kwargs)
  File "/home/mmaia/my_envs/liver_torch/lib/python3.8/site-packages/ray/_private/client_mode_hook.py", line 103, in wrapper
    return func(*args, **kwargs)
  File "/home/mmaia/my_envs/liver_torch/lib/python3.8/site-packages/ray/_private/worker.py", line 2667, in get
    values, debugger_breakpoint = worker.get_objects(object_refs, timeout=timeout)
  File "/home/mmaia/my_envs/liver_torch/lib/python3.8/site-packages/ray/_private/worker.py", line 864, in get_objects
    raise value.as_instanceof_cause()
ray.exceptions.RayTaskError(ClientAppException): [36mray::ClientAppActor.run()[39m (pid=3362314, ip=10.50.9.88, actor_id=4dfdda1ef5842d674adab28101000000, repr=<flwr.simulation.ray_transport.ray_actor.ClientAppActor object at 0x7f724811a610>)
  File "/home/mmaia/my_envs/liver_torch/lib/python3.8/site-packages/flwr/client/client_app.py", line 98, in __call__
    return self._call(message, context)
  File "/home/mmaia/my_envs/liver_torch/lib/python3.8/site-packages/flwr/client/client_app.py", line 81, in ffn
    out_message = handle_legacy_message_from_msgtype(
  File "/home/mmaia/my_envs/liver_torch/lib/python3.8/site-packages/flwr/client/message_handler/message_handler.py", line 130, in handle_legacy_message_from_msgtype
    fit_res = maybe_call_fit(
  File "/home/mmaia/my_envs/liver_torch/lib/python3.8/site-packages/flwr/client/client.py", line 234, in maybe_call_fit
    return client.fit(fit_ins)
  File "/home/mmaia/my_envs/liver_torch/lib/python3.8/site-packages/flwr/client/numpy_client.py", line 238, in _fit
    results = self.numpy_client.fit(parameters, ins.config)  # type: ignore
  File "/home/mmaia/fedliver_v2/client.py", line 65, in fit
    train(self.model,self.trainloader,self.valloader,optimizer,criterion,self.device, self.cfg.local_epochs)
  File "/home/mmaia/fedliver_v2/model/unet.py", line 198, in train
    print("train dice liver: ", dices_liver.avg)
NameError: name 'dices_liver' is not defined

The above exception was the direct cause of the following exception:

[36mray::ClientAppActor.run()[39m (pid=3362314, ip=10.50.9.88, actor_id=4dfdda1ef5842d674adab28101000000, repr=<flwr.simulation.ray_transport.ray_actor.ClientAppActor object at 0x7f724811a610>)
  File "/home/mmaia/my_envs/liver_torch/lib/python3.8/site-packages/flwr/simulation/ray_transport/ray_actor.py", line 64, in run
    raise ClientAppException(str(ex)) from ex
flwr.client.client_app.ClientAppException: 
Exception ClientAppException occurred. Message: name 'dices_liver' is not defined

[2024-08-02 15:24:53,121][flwr][ERROR] - [36mray::ClientAppActor.run()[39m (pid=3362314, ip=10.50.9.88, actor_id=4dfdda1ef5842d674adab28101000000, repr=<flwr.simulation.ray_transport.ray_actor.ClientAppActor object at 0x7f724811a610>)
  File "/home/mmaia/my_envs/liver_torch/lib/python3.8/site-packages/flwr/client/client_app.py", line 98, in __call__
    return self._call(message, context)
  File "/home/mmaia/my_envs/liver_torch/lib/python3.8/site-packages/flwr/client/client_app.py", line 81, in ffn
    out_message = handle_legacy_message_from_msgtype(
  File "/home/mmaia/my_envs/liver_torch/lib/python3.8/site-packages/flwr/client/message_handler/message_handler.py", line 130, in handle_legacy_message_from_msgtype
    fit_res = maybe_call_fit(
  File "/home/mmaia/my_envs/liver_torch/lib/python3.8/site-packages/flwr/client/client.py", line 234, in maybe_call_fit
    return client.fit(fit_ins)
  File "/home/mmaia/my_envs/liver_torch/lib/python3.8/site-packages/flwr/client/numpy_client.py", line 238, in _fit
    results = self.numpy_client.fit(parameters, ins.config)  # type: ignore
  File "/home/mmaia/fedliver_v2/client.py", line 65, in fit
    train(self.model,self.trainloader,self.valloader,optimizer,criterion,self.device, self.cfg.local_epochs)
  File "/home/mmaia/fedliver_v2/model/unet.py", line 198, in train
    print("train dice liver: ", dices_liver.avg)
NameError: name 'dices_liver' is not defined

The above exception was the direct cause of the following exception:

[36mray::ClientAppActor.run()[39m (pid=3362314, ip=10.50.9.88, actor_id=4dfdda1ef5842d674adab28101000000, repr=<flwr.simulation.ray_transport.ray_actor.ClientAppActor object at 0x7f724811a610>)
  File "/home/mmaia/my_envs/liver_torch/lib/python3.8/site-packages/flwr/simulation/ray_transport/ray_actor.py", line 64, in run
    raise ClientAppException(str(ex)) from ex
flwr.client.client_app.ClientAppException: 
Exception ClientAppException occurred. Message: name 'dices_liver' is not defined
[2024-08-02 15:27:18,768][flwr][ERROR] - Traceback (most recent call last):
  File "/home/mmaia/my_envs/liver_torch/lib/python3.8/site-packages/flwr/simulation/ray_transport/ray_client_proxy.py", line 73, in _submit_job
    out_mssg, updated_context = self.actor_pool.get_client_result(
  File "/home/mmaia/my_envs/liver_torch/lib/python3.8/site-packages/flwr/simulation/ray_transport/ray_actor.py", line 399, in get_client_result
    return self._fetch_future_result(cid)
  File "/home/mmaia/my_envs/liver_torch/lib/python3.8/site-packages/flwr/simulation/ray_transport/ray_actor.py", line 280, in _fetch_future_result
    res_cid, out_mssg, updated_context = ray.get(
  File "/home/mmaia/my_envs/liver_torch/lib/python3.8/site-packages/ray/_private/auto_init_hook.py", line 21, in auto_init_wrapper
    return fn(*args, **kwargs)
  File "/home/mmaia/my_envs/liver_torch/lib/python3.8/site-packages/ray/_private/client_mode_hook.py", line 103, in wrapper
    return func(*args, **kwargs)
  File "/home/mmaia/my_envs/liver_torch/lib/python3.8/site-packages/ray/_private/worker.py", line 2667, in get
    values, debugger_breakpoint = worker.get_objects(object_refs, timeout=timeout)
  File "/home/mmaia/my_envs/liver_torch/lib/python3.8/site-packages/ray/_private/worker.py", line 864, in get_objects
    raise value.as_instanceof_cause()
ray.exceptions.RayTaskError(ClientAppException): [36mray::ClientAppActor.run()[39m (pid=3362314, ip=10.50.9.88, actor_id=4dfdda1ef5842d674adab28101000000, repr=<flwr.simulation.ray_transport.ray_actor.ClientAppActor object at 0x7f724811a610>)
  File "/home/mmaia/my_envs/liver_torch/lib/python3.8/site-packages/flwr/client/client_app.py", line 98, in __call__
    return self._call(message, context)
  File "/home/mmaia/my_envs/liver_torch/lib/python3.8/site-packages/flwr/client/client_app.py", line 81, in ffn
    out_message = handle_legacy_message_from_msgtype(
  File "/home/mmaia/my_envs/liver_torch/lib/python3.8/site-packages/flwr/client/message_handler/message_handler.py", line 130, in handle_legacy_message_from_msgtype
    fit_res = maybe_call_fit(
  File "/home/mmaia/my_envs/liver_torch/lib/python3.8/site-packages/flwr/client/client.py", line 234, in maybe_call_fit
    return client.fit(fit_ins)
  File "/home/mmaia/my_envs/liver_torch/lib/python3.8/site-packages/flwr/client/numpy_client.py", line 238, in _fit
    results = self.numpy_client.fit(parameters, ins.config)  # type: ignore
  File "/home/mmaia/fedliver_v2/client.py", line 65, in fit
    train(self.model,self.trainloader,self.valloader,optimizer,criterion,self.device, self.cfg.local_epochs)
  File "/home/mmaia/fedliver_v2/model/unet.py", line 198, in train
    print("train dice liver: ", dices_liver.avg)
NameError: name 'dices_liver' is not defined

The above exception was the direct cause of the following exception:

[36mray::ClientAppActor.run()[39m (pid=3362314, ip=10.50.9.88, actor_id=4dfdda1ef5842d674adab28101000000, repr=<flwr.simulation.ray_transport.ray_actor.ClientAppActor object at 0x7f724811a610>)
  File "/home/mmaia/my_envs/liver_torch/lib/python3.8/site-packages/flwr/simulation/ray_transport/ray_actor.py", line 64, in run
    raise ClientAppException(str(ex)) from ex
flwr.client.client_app.ClientAppException: 
Exception ClientAppException occurred. Message: name 'dices_liver' is not defined

[2024-08-02 15:27:18,769][flwr][ERROR] - [36mray::ClientAppActor.run()[39m (pid=3362314, ip=10.50.9.88, actor_id=4dfdda1ef5842d674adab28101000000, repr=<flwr.simulation.ray_transport.ray_actor.ClientAppActor object at 0x7f724811a610>)
  File "/home/mmaia/my_envs/liver_torch/lib/python3.8/site-packages/flwr/client/client_app.py", line 98, in __call__
    return self._call(message, context)
  File "/home/mmaia/my_envs/liver_torch/lib/python3.8/site-packages/flwr/client/client_app.py", line 81, in ffn
    out_message = handle_legacy_message_from_msgtype(
  File "/home/mmaia/my_envs/liver_torch/lib/python3.8/site-packages/flwr/client/message_handler/message_handler.py", line 130, in handle_legacy_message_from_msgtype
    fit_res = maybe_call_fit(
  File "/home/mmaia/my_envs/liver_torch/lib/python3.8/site-packages/flwr/client/client.py", line 234, in maybe_call_fit
    return client.fit(fit_ins)
  File "/home/mmaia/my_envs/liver_torch/lib/python3.8/site-packages/flwr/client/numpy_client.py", line 238, in _fit
    results = self.numpy_client.fit(parameters, ins.config)  # type: ignore
  File "/home/mmaia/fedliver_v2/client.py", line 65, in fit
    train(self.model,self.trainloader,self.valloader,optimizer,criterion,self.device, self.cfg.local_epochs)
  File "/home/mmaia/fedliver_v2/model/unet.py", line 198, in train
    print("train dice liver: ", dices_liver.avg)
NameError: name 'dices_liver' is not defined

The above exception was the direct cause of the following exception:

[36mray::ClientAppActor.run()[39m (pid=3362314, ip=10.50.9.88, actor_id=4dfdda1ef5842d674adab28101000000, repr=<flwr.simulation.ray_transport.ray_actor.ClientAppActor object at 0x7f724811a610>)
  File "/home/mmaia/my_envs/liver_torch/lib/python3.8/site-packages/flwr/simulation/ray_transport/ray_actor.py", line 64, in run
    raise ClientAppException(str(ex)) from ex
flwr.client.client_app.ClientAppException: 
Exception ClientAppException occurred. Message: name 'dices_liver' is not defined
[2024-08-02 15:27:18,770][flwr][INFO] - aggregate_fit: received 0 results and 2 failures
[2024-08-02 15:32:31,669][flwr][INFO] - fit progress: (1, 0.7215804763882476, OrderedDict([('ind_iou_0', 0.04804669781686712), ('ind_dice_liver_0', tensor(0.1498, dtype=torch.float64)), ('ind_dice_tumour_0', tensor(0.0093, dtype=torch.float64)), ('ind_iou_1', 0.04802535732244997), ('ind_dice_liver_1', tensor(0.1506, dtype=torch.float64)), ('ind_dice_tumour_1', tensor(0.0080, dtype=torch.float64)), ('all_iou', 0.04804462128121384), ('all_dice_liver', tensor(0.1498, dtype=torch.float64)), ('all_dice_tumour', tensor(0.0092, dtype=torch.float64))]), 1798.6763403117657)
[2024-08-02 15:32:31,673][flwr][INFO] - configure_evaluate: strategy sampled 2 clients (out of 2)
[2024-08-02 15:32:32,044][flwr][ERROR] - Traceback (most recent call last):
  File "/home/mmaia/my_envs/liver_torch/lib/python3.8/site-packages/flwr/simulation/ray_transport/ray_client_proxy.py", line 73, in _submit_job
    out_mssg, updated_context = self.actor_pool.get_client_result(
  File "/home/mmaia/my_envs/liver_torch/lib/python3.8/site-packages/flwr/simulation/ray_transport/ray_actor.py", line 399, in get_client_result
    return self._fetch_future_result(cid)
  File "/home/mmaia/my_envs/liver_torch/lib/python3.8/site-packages/flwr/simulation/ray_transport/ray_actor.py", line 280, in _fetch_future_result
    res_cid, out_mssg, updated_context = ray.get(
  File "/home/mmaia/my_envs/liver_torch/lib/python3.8/site-packages/ray/_private/auto_init_hook.py", line 21, in auto_init_wrapper
    return fn(*args, **kwargs)
  File "/home/mmaia/my_envs/liver_torch/lib/python3.8/site-packages/ray/_private/client_mode_hook.py", line 103, in wrapper
    return func(*args, **kwargs)
  File "/home/mmaia/my_envs/liver_torch/lib/python3.8/site-packages/ray/_private/worker.py", line 2667, in get
    values, debugger_breakpoint = worker.get_objects(object_refs, timeout=timeout)
  File "/home/mmaia/my_envs/liver_torch/lib/python3.8/site-packages/ray/_private/worker.py", line 864, in get_objects
    raise value.as_instanceof_cause()
ray.exceptions.RayTaskError(ClientAppException): [36mray::ClientAppActor.run()[39m (pid=3362314, ip=10.50.9.88, actor_id=4dfdda1ef5842d674adab28101000000, repr=<flwr.simulation.ray_transport.ray_actor.ClientAppActor object at 0x7f724811a610>)
  File "/home/mmaia/my_envs/liver_torch/lib/python3.8/site-packages/flwr/client/client_app.py", line 98, in __call__
    return self._call(message, context)
  File "/home/mmaia/my_envs/liver_torch/lib/python3.8/site-packages/flwr/client/client_app.py", line 81, in ffn
    out_message = handle_legacy_message_from_msgtype(
  File "/home/mmaia/my_envs/liver_torch/lib/python3.8/site-packages/flwr/client/message_handler/message_handler.py", line 137, in handle_legacy_message_from_msgtype
    evaluate_res = maybe_call_evaluate(
  File "/home/mmaia/my_envs/liver_torch/lib/python3.8/site-packages/flwr/client/client.py", line 254, in maybe_call_evaluate
    return client.evaluate(evaluate_ins)
  File "/home/mmaia/my_envs/liver_torch/lib/python3.8/site-packages/flwr/client/numpy_client.py", line 262, in _evaluate
    results = self.numpy_client.evaluate(parameters, ins.config)  # type: ignore
  File "/home/mmaia/fedliver_v2/client.py", line 76, in evaluate
    loss, log = test(self.model, self.valloader,criterion, self.device)
  File "/home/mmaia/fedliver_v2/model/unet.py", line 278, in test
    output = net(input)
  File "/home/mmaia/my_envs/liver_torch/lib/python3.8/site-packages/torch/nn/modules/module.py", line 1501, in _call_impl
    return forward_call(*args, **kwargs)
  File "/home/mmaia/fedliver_v2/model/unet.py", line 99, in forward
    e1 = self.Conv1(x)
  File "/home/mmaia/my_envs/liver_torch/lib/python3.8/site-packages/torch/nn/modules/module.py", line 1501, in _call_impl
    return forward_call(*args, **kwargs)
  File "/home/mmaia/fedliver_v2/model/unet.py", line 35, in forward
    x = self.conv(x)
  File "/home/mmaia/my_envs/liver_torch/lib/python3.8/site-packages/torch/nn/modules/module.py", line 1501, in _call_impl
    return forward_call(*args, **kwargs)
  File "/home/mmaia/my_envs/liver_torch/lib/python3.8/site-packages/torch/nn/modules/container.py", line 217, in forward
    input = module(input)
  File "/home/mmaia/my_envs/liver_torch/lib/python3.8/site-packages/torch/nn/modules/module.py", line 1501, in _call_impl
    return forward_call(*args, **kwargs)
  File "/home/mmaia/my_envs/liver_torch/lib/python3.8/site-packages/torch/nn/modules/batchnorm.py", line 138, in forward
    self._check_input_dim(input)
  File "/home/mmaia/my_envs/liver_torch/lib/python3.8/site-packages/torch/nn/modules/batchnorm.py", line 410, in _check_input_dim
    raise ValueError("expected 4D input (got {}D input)".format(input.dim()))
ValueError: expected 4D input (got 3D input)

The above exception was the direct cause of the following exception:

[36mray::ClientAppActor.run()[39m (pid=3362314, ip=10.50.9.88, actor_id=4dfdda1ef5842d674adab28101000000, repr=<flwr.simulation.ray_transport.ray_actor.ClientAppActor object at 0x7f724811a610>)
  File "/home/mmaia/my_envs/liver_torch/lib/python3.8/site-packages/flwr/simulation/ray_transport/ray_actor.py", line 64, in run
    raise ClientAppException(str(ex)) from ex
flwr.client.client_app.ClientAppException: 
Exception ClientAppException occurred. Message: expected 4D input (got 3D input)

[2024-08-02 15:32:32,044][flwr][ERROR] - [36mray::ClientAppActor.run()[39m (pid=3362314, ip=10.50.9.88, actor_id=4dfdda1ef5842d674adab28101000000, repr=<flwr.simulation.ray_transport.ray_actor.ClientAppActor object at 0x7f724811a610>)
  File "/home/mmaia/my_envs/liver_torch/lib/python3.8/site-packages/flwr/client/client_app.py", line 98, in __call__
    return self._call(message, context)
  File "/home/mmaia/my_envs/liver_torch/lib/python3.8/site-packages/flwr/client/client_app.py", line 81, in ffn
    out_message = handle_legacy_message_from_msgtype(
  File "/home/mmaia/my_envs/liver_torch/lib/python3.8/site-packages/flwr/client/message_handler/message_handler.py", line 137, in handle_legacy_message_from_msgtype
    evaluate_res = maybe_call_evaluate(
  File "/home/mmaia/my_envs/liver_torch/lib/python3.8/site-packages/flwr/client/client.py", line 254, in maybe_call_evaluate
    return client.evaluate(evaluate_ins)
  File "/home/mmaia/my_envs/liver_torch/lib/python3.8/site-packages/flwr/client/numpy_client.py", line 262, in _evaluate
    results = self.numpy_client.evaluate(parameters, ins.config)  # type: ignore
  File "/home/mmaia/fedliver_v2/client.py", line 76, in evaluate
    loss, log = test(self.model, self.valloader,criterion, self.device)
  File "/home/mmaia/fedliver_v2/model/unet.py", line 278, in test
    output = net(input)
  File "/home/mmaia/my_envs/liver_torch/lib/python3.8/site-packages/torch/nn/modules/module.py", line 1501, in _call_impl
    return forward_call(*args, **kwargs)
  File "/home/mmaia/fedliver_v2/model/unet.py", line 99, in forward
    e1 = self.Conv1(x)
  File "/home/mmaia/my_envs/liver_torch/lib/python3.8/site-packages/torch/nn/modules/module.py", line 1501, in _call_impl
    return forward_call(*args, **kwargs)
  File "/home/mmaia/fedliver_v2/model/unet.py", line 35, in forward
    x = self.conv(x)
  File "/home/mmaia/my_envs/liver_torch/lib/python3.8/site-packages/torch/nn/modules/module.py", line 1501, in _call_impl
    return forward_call(*args, **kwargs)
  File "/home/mmaia/my_envs/liver_torch/lib/python3.8/site-packages/torch/nn/modules/container.py", line 217, in forward
    input = module(input)
  File "/home/mmaia/my_envs/liver_torch/lib/python3.8/site-packages/torch/nn/modules/module.py", line 1501, in _call_impl
    return forward_call(*args, **kwargs)
  File "/home/mmaia/my_envs/liver_torch/lib/python3.8/site-packages/torch/nn/modules/batchnorm.py", line 138, in forward
    self._check_input_dim(input)
  File "/home/mmaia/my_envs/liver_torch/lib/python3.8/site-packages/torch/nn/modules/batchnorm.py", line 410, in _check_input_dim
    raise ValueError("expected 4D input (got {}D input)".format(input.dim()))
ValueError: expected 4D input (got 3D input)

The above exception was the direct cause of the following exception:

[36mray::ClientAppActor.run()[39m (pid=3362314, ip=10.50.9.88, actor_id=4dfdda1ef5842d674adab28101000000, repr=<flwr.simulation.ray_transport.ray_actor.ClientAppActor object at 0x7f724811a610>)
  File "/home/mmaia/my_envs/liver_torch/lib/python3.8/site-packages/flwr/simulation/ray_transport/ray_actor.py", line 64, in run
    raise ClientAppException(str(ex)) from ex
flwr.client.client_app.ClientAppException: 
Exception ClientAppException occurred. Message: expected 4D input (got 3D input)
[2024-08-02 15:32:32,254][flwr][ERROR] - Traceback (most recent call last):
  File "/home/mmaia/my_envs/liver_torch/lib/python3.8/site-packages/flwr/simulation/ray_transport/ray_client_proxy.py", line 73, in _submit_job
    out_mssg, updated_context = self.actor_pool.get_client_result(
  File "/home/mmaia/my_envs/liver_torch/lib/python3.8/site-packages/flwr/simulation/ray_transport/ray_actor.py", line 399, in get_client_result
    return self._fetch_future_result(cid)
  File "/home/mmaia/my_envs/liver_torch/lib/python3.8/site-packages/flwr/simulation/ray_transport/ray_actor.py", line 280, in _fetch_future_result
    res_cid, out_mssg, updated_context = ray.get(
  File "/home/mmaia/my_envs/liver_torch/lib/python3.8/site-packages/ray/_private/auto_init_hook.py", line 21, in auto_init_wrapper
    return fn(*args, **kwargs)
  File "/home/mmaia/my_envs/liver_torch/lib/python3.8/site-packages/ray/_private/client_mode_hook.py", line 103, in wrapper
    return func(*args, **kwargs)
  File "/home/mmaia/my_envs/liver_torch/lib/python3.8/site-packages/ray/_private/worker.py", line 2667, in get
    values, debugger_breakpoint = worker.get_objects(object_refs, timeout=timeout)
  File "/home/mmaia/my_envs/liver_torch/lib/python3.8/site-packages/ray/_private/worker.py", line 864, in get_objects
    raise value.as_instanceof_cause()
ray.exceptions.RayTaskError(ClientAppException): [36mray::ClientAppActor.run()[39m (pid=3362314, ip=10.50.9.88, actor_id=4dfdda1ef5842d674adab28101000000, repr=<flwr.simulation.ray_transport.ray_actor.ClientAppActor object at 0x7f724811a610>)
  File "/home/mmaia/my_envs/liver_torch/lib/python3.8/site-packages/flwr/client/client_app.py", line 98, in __call__
    return self._call(message, context)
  File "/home/mmaia/my_envs/liver_torch/lib/python3.8/site-packages/flwr/client/client_app.py", line 81, in ffn
    out_message = handle_legacy_message_from_msgtype(
  File "/home/mmaia/my_envs/liver_torch/lib/python3.8/site-packages/flwr/client/message_handler/message_handler.py", line 137, in handle_legacy_message_from_msgtype
    evaluate_res = maybe_call_evaluate(
  File "/home/mmaia/my_envs/liver_torch/lib/python3.8/site-packages/flwr/client/client.py", line 254, in maybe_call_evaluate
    return client.evaluate(evaluate_ins)
  File "/home/mmaia/my_envs/liver_torch/lib/python3.8/site-packages/flwr/client/numpy_client.py", line 262, in _evaluate
    results = self.numpy_client.evaluate(parameters, ins.config)  # type: ignore
  File "/home/mmaia/fedliver_v2/client.py", line 76, in evaluate
    loss, log = test(self.model, self.valloader,criterion, self.device)
  File "/home/mmaia/fedliver_v2/model/unet.py", line 278, in test
    output = net(input)
  File "/home/mmaia/my_envs/liver_torch/lib/python3.8/site-packages/torch/nn/modules/module.py", line 1501, in _call_impl
    return forward_call(*args, **kwargs)
  File "/home/mmaia/fedliver_v2/model/unet.py", line 99, in forward
    e1 = self.Conv1(x)
  File "/home/mmaia/my_envs/liver_torch/lib/python3.8/site-packages/torch/nn/modules/module.py", line 1501, in _call_impl
    return forward_call(*args, **kwargs)
  File "/home/mmaia/fedliver_v2/model/unet.py", line 35, in forward
    x = self.conv(x)
  File "/home/mmaia/my_envs/liver_torch/lib/python3.8/site-packages/torch/nn/modules/module.py", line 1501, in _call_impl
    return forward_call(*args, **kwargs)
  File "/home/mmaia/my_envs/liver_torch/lib/python3.8/site-packages/torch/nn/modules/container.py", line 217, in forward
    input = module(input)
  File "/home/mmaia/my_envs/liver_torch/lib/python3.8/site-packages/torch/nn/modules/module.py", line 1501, in _call_impl
    return forward_call(*args, **kwargs)
  File "/home/mmaia/my_envs/liver_torch/lib/python3.8/site-packages/torch/nn/modules/batchnorm.py", line 138, in forward
    self._check_input_dim(input)
  File "/home/mmaia/my_envs/liver_torch/lib/python3.8/site-packages/torch/nn/modules/batchnorm.py", line 410, in _check_input_dim
    raise ValueError("expected 4D input (got {}D input)".format(input.dim()))
ValueError: expected 4D input (got 3D input)

The above exception was the direct cause of the following exception:

[36mray::ClientAppActor.run()[39m (pid=3362314, ip=10.50.9.88, actor_id=4dfdda1ef5842d674adab28101000000, repr=<flwr.simulation.ray_transport.ray_actor.ClientAppActor object at 0x7f724811a610>)
  File "/home/mmaia/my_envs/liver_torch/lib/python3.8/site-packages/flwr/simulation/ray_transport/ray_actor.py", line 64, in run
    raise ClientAppException(str(ex)) from ex
flwr.client.client_app.ClientAppException: 
Exception ClientAppException occurred. Message: expected 4D input (got 3D input)

[2024-08-02 15:32:32,254][flwr][ERROR] - [36mray::ClientAppActor.run()[39m (pid=3362314, ip=10.50.9.88, actor_id=4dfdda1ef5842d674adab28101000000, repr=<flwr.simulation.ray_transport.ray_actor.ClientAppActor object at 0x7f724811a610>)
  File "/home/mmaia/my_envs/liver_torch/lib/python3.8/site-packages/flwr/client/client_app.py", line 98, in __call__
    return self._call(message, context)
  File "/home/mmaia/my_envs/liver_torch/lib/python3.8/site-packages/flwr/client/client_app.py", line 81, in ffn
    out_message = handle_legacy_message_from_msgtype(
  File "/home/mmaia/my_envs/liver_torch/lib/python3.8/site-packages/flwr/client/message_handler/message_handler.py", line 137, in handle_legacy_message_from_msgtype
    evaluate_res = maybe_call_evaluate(
  File "/home/mmaia/my_envs/liver_torch/lib/python3.8/site-packages/flwr/client/client.py", line 254, in maybe_call_evaluate
    return client.evaluate(evaluate_ins)
  File "/home/mmaia/my_envs/liver_torch/lib/python3.8/site-packages/flwr/client/numpy_client.py", line 262, in _evaluate
    results = self.numpy_client.evaluate(parameters, ins.config)  # type: ignore
  File "/home/mmaia/fedliver_v2/client.py", line 76, in evaluate
    loss, log = test(self.model, self.valloader,criterion, self.device)
  File "/home/mmaia/fedliver_v2/model/unet.py", line 278, in test
    output = net(input)
  File "/home/mmaia/my_envs/liver_torch/lib/python3.8/site-packages/torch/nn/modules/module.py", line 1501, in _call_impl
    return forward_call(*args, **kwargs)
  File "/home/mmaia/fedliver_v2/model/unet.py", line 99, in forward
    e1 = self.Conv1(x)
  File "/home/mmaia/my_envs/liver_torch/lib/python3.8/site-packages/torch/nn/modules/module.py", line 1501, in _call_impl
    return forward_call(*args, **kwargs)
  File "/home/mmaia/fedliver_v2/model/unet.py", line 35, in forward
    x = self.conv(x)
  File "/home/mmaia/my_envs/liver_torch/lib/python3.8/site-packages/torch/nn/modules/module.py", line 1501, in _call_impl
    return forward_call(*args, **kwargs)
  File "/home/mmaia/my_envs/liver_torch/lib/python3.8/site-packages/torch/nn/modules/container.py", line 217, in forward
    input = module(input)
  File "/home/mmaia/my_envs/liver_torch/lib/python3.8/site-packages/torch/nn/modules/module.py", line 1501, in _call_impl
    return forward_call(*args, **kwargs)
  File "/home/mmaia/my_envs/liver_torch/lib/python3.8/site-packages/torch/nn/modules/batchnorm.py", line 138, in forward
    self._check_input_dim(input)
  File "/home/mmaia/my_envs/liver_torch/lib/python3.8/site-packages/torch/nn/modules/batchnorm.py", line 410, in _check_input_dim
    raise ValueError("expected 4D input (got {}D input)".format(input.dim()))
ValueError: expected 4D input (got 3D input)

The above exception was the direct cause of the following exception:

[36mray::ClientAppActor.run()[39m (pid=3362314, ip=10.50.9.88, actor_id=4dfdda1ef5842d674adab28101000000, repr=<flwr.simulation.ray_transport.ray_actor.ClientAppActor object at 0x7f724811a610>)
  File "/home/mmaia/my_envs/liver_torch/lib/python3.8/site-packages/flwr/simulation/ray_transport/ray_actor.py", line 64, in run
    raise ClientAppException(str(ex)) from ex
flwr.client.client_app.ClientAppException: 
Exception ClientAppException occurred. Message: expected 4D input (got 3D input)
[2024-08-02 15:32:32,255][flwr][INFO] - aggregate_evaluate: received 0 results and 2 failures
[2024-08-02 15:32:32,255][flwr][INFO] - 
[2024-08-02 15:32:32,255][flwr][INFO] - [ROUND 2]
[2024-08-02 15:32:32,255][flwr][INFO] - configure_fit: strategy sampled 2 clients (out of 2)
[2024-08-02 15:54:59,312][flwr][ERROR] - Traceback (most recent call last):
  File "/home/mmaia/my_envs/liver_torch/lib/python3.8/site-packages/flwr/simulation/ray_transport/ray_client_proxy.py", line 73, in _submit_job
    out_mssg, updated_context = self.actor_pool.get_client_result(
  File "/home/mmaia/my_envs/liver_torch/lib/python3.8/site-packages/flwr/simulation/ray_transport/ray_actor.py", line 399, in get_client_result
    return self._fetch_future_result(cid)
  File "/home/mmaia/my_envs/liver_torch/lib/python3.8/site-packages/flwr/simulation/ray_transport/ray_actor.py", line 280, in _fetch_future_result
    res_cid, out_mssg, updated_context = ray.get(
  File "/home/mmaia/my_envs/liver_torch/lib/python3.8/site-packages/ray/_private/auto_init_hook.py", line 21, in auto_init_wrapper
    return fn(*args, **kwargs)
  File "/home/mmaia/my_envs/liver_torch/lib/python3.8/site-packages/ray/_private/client_mode_hook.py", line 103, in wrapper
    return func(*args, **kwargs)
  File "/home/mmaia/my_envs/liver_torch/lib/python3.8/site-packages/ray/_private/worker.py", line 2667, in get
    values, debugger_breakpoint = worker.get_objects(object_refs, timeout=timeout)
  File "/home/mmaia/my_envs/liver_torch/lib/python3.8/site-packages/ray/_private/worker.py", line 864, in get_objects
    raise value.as_instanceof_cause()
ray.exceptions.RayTaskError(ClientAppException): [36mray::ClientAppActor.run()[39m (pid=3362314, ip=10.50.9.88, actor_id=4dfdda1ef5842d674adab28101000000, repr=<flwr.simulation.ray_transport.ray_actor.ClientAppActor object at 0x7f724811a610>)
  File "/home/mmaia/my_envs/liver_torch/lib/python3.8/site-packages/flwr/client/client_app.py", line 98, in __call__
    return self._call(message, context)
  File "/home/mmaia/my_envs/liver_torch/lib/python3.8/site-packages/flwr/client/client_app.py", line 81, in ffn
    out_message = handle_legacy_message_from_msgtype(
  File "/home/mmaia/my_envs/liver_torch/lib/python3.8/site-packages/flwr/client/message_handler/message_handler.py", line 130, in handle_legacy_message_from_msgtype
    fit_res = maybe_call_fit(
  File "/home/mmaia/my_envs/liver_torch/lib/python3.8/site-packages/flwr/client/client.py", line 234, in maybe_call_fit
    return client.fit(fit_ins)
  File "/home/mmaia/my_envs/liver_torch/lib/python3.8/site-packages/flwr/client/numpy_client.py", line 238, in _fit
    results = self.numpy_client.fit(parameters, ins.config)  # type: ignore
  File "/home/mmaia/fedliver_v2/client.py", line 65, in fit
    train(self.model,self.trainloader,self.valloader,optimizer,criterion,self.device, self.cfg.local_epochs)
  File "/home/mmaia/fedliver_v2/model/unet.py", line 198, in train
    print("train dice liver: ", dices_liver.avg)
NameError: name 'dices_liver' is not defined

The above exception was the direct cause of the following exception:

[36mray::ClientAppActor.run()[39m (pid=3362314, ip=10.50.9.88, actor_id=4dfdda1ef5842d674adab28101000000, repr=<flwr.simulation.ray_transport.ray_actor.ClientAppActor object at 0x7f724811a610>)
  File "/home/mmaia/my_envs/liver_torch/lib/python3.8/site-packages/flwr/simulation/ray_transport/ray_actor.py", line 64, in run
    raise ClientAppException(str(ex)) from ex
flwr.client.client_app.ClientAppException: 
Exception ClientAppException occurred. Message: name 'dices_liver' is not defined

[2024-08-02 15:54:59,312][flwr][ERROR] - [36mray::ClientAppActor.run()[39m (pid=3362314, ip=10.50.9.88, actor_id=4dfdda1ef5842d674adab28101000000, repr=<flwr.simulation.ray_transport.ray_actor.ClientAppActor object at 0x7f724811a610>)
  File "/home/mmaia/my_envs/liver_torch/lib/python3.8/site-packages/flwr/client/client_app.py", line 98, in __call__
    return self._call(message, context)
  File "/home/mmaia/my_envs/liver_torch/lib/python3.8/site-packages/flwr/client/client_app.py", line 81, in ffn
    out_message = handle_legacy_message_from_msgtype(
  File "/home/mmaia/my_envs/liver_torch/lib/python3.8/site-packages/flwr/client/message_handler/message_handler.py", line 130, in handle_legacy_message_from_msgtype
    fit_res = maybe_call_fit(
  File "/home/mmaia/my_envs/liver_torch/lib/python3.8/site-packages/flwr/client/client.py", line 234, in maybe_call_fit
    return client.fit(fit_ins)
  File "/home/mmaia/my_envs/liver_torch/lib/python3.8/site-packages/flwr/client/numpy_client.py", line 238, in _fit
    results = self.numpy_client.fit(parameters, ins.config)  # type: ignore
  File "/home/mmaia/fedliver_v2/client.py", line 65, in fit
    train(self.model,self.trainloader,self.valloader,optimizer,criterion,self.device, self.cfg.local_epochs)
  File "/home/mmaia/fedliver_v2/model/unet.py", line 198, in train
    print("train dice liver: ", dices_liver.avg)
NameError: name 'dices_liver' is not defined

The above exception was the direct cause of the following exception:

[36mray::ClientAppActor.run()[39m (pid=3362314, ip=10.50.9.88, actor_id=4dfdda1ef5842d674adab28101000000, repr=<flwr.simulation.ray_transport.ray_actor.ClientAppActor object at 0x7f724811a610>)
  File "/home/mmaia/my_envs/liver_torch/lib/python3.8/site-packages/flwr/simulation/ray_transport/ray_actor.py", line 64, in run
    raise ClientAppException(str(ex)) from ex
flwr.client.client_app.ClientAppException: 
Exception ClientAppException occurred. Message: name 'dices_liver' is not defined
