[2024-08-01 16:10:48,989][flwr][INFO] - Starting Flower simulation, config: num_rounds=15, no round_timeout
[2024-08-01 16:10:51,626][flwr][INFO] - Flower VCE: Ray initialized with resources: {'node:__internal_head__': 1.0, 'object_store_memory': 35711196364.0, 'node:10.50.9.88': 1.0, 'GPU': 1.0, 'CPU': 8.0, 'accelerator_type:T4': 1.0, 'memory': 73326124852.0}
[2024-08-01 16:10:51,626][flwr][INFO] - Optimize your simulation with Flower VCE: https://flower.ai/docs/framework/how-to-run-simulations.html
[2024-08-01 16:10:51,626][flwr][INFO] - Flower VCE: Resources for each Virtual Client: {'num_cpus': 3, 'num_gpus': 1.0}
[2024-08-01 16:10:51,640][flwr][INFO] - Flower VCE: Creating VirtualClientEngineActorPool with 1 actors
[2024-08-01 16:10:51,640][flwr][INFO] - [INIT]
[2024-08-01 16:10:51,640][flwr][INFO] - Requesting initial parameters from one random client
[2024-08-01 16:10:54,678][flwr][INFO] - Received initial parameters from one random client
[2024-08-01 16:10:54,678][flwr][INFO] - Evaluating initial global parameters
[2024-08-01 16:16:09,979][flwr][INFO] - initial parameters (loss, other metrics): 0.6584465399472049, OrderedDict([('ind_iou_0', 1.6075747566945326e-10), ('ind_dice_liver_0', tensor(0.1504, dtype=torch.float64)), ('ind_dice_tumour_0', tensor(0.0094, dtype=torch.float64)), ('ind_iou_1', 1.6622727619404877e-10), ('ind_dice_liver_1', tensor(0.1516, dtype=torch.float64)), ('ind_dice_tumour_1', tensor(0.0081, dtype=torch.float64)), ('all_iou', 1.5889301224324894e-10), ('all_dice_liver', tensor(0.1506, dtype=torch.float64)), ('all_dice_tumour', tensor(0.0093, dtype=torch.float64))])
[2024-08-01 16:16:09,984][flwr][INFO] - 
[2024-08-01 16:16:09,985][flwr][INFO] - [ROUND 1]
[2024-08-01 16:16:09,985][flwr][INFO] - configure_fit: strategy sampled 2 clients (out of 2)
[2024-08-01 16:18:32,375][flwr][ERROR] - Traceback (most recent call last):
  File "/home/mmaia/my_envs/liver_torch/lib/python3.8/site-packages/flwr/simulation/ray_transport/ray_client_proxy.py", line 73, in _submit_job
    out_mssg, updated_context = self.actor_pool.get_client_result(
  File "/home/mmaia/my_envs/liver_torch/lib/python3.8/site-packages/flwr/simulation/ray_transport/ray_actor.py", line 399, in get_client_result
    return self._fetch_future_result(cid)
  File "/home/mmaia/my_envs/liver_torch/lib/python3.8/site-packages/flwr/simulation/ray_transport/ray_actor.py", line 280, in _fetch_future_result
    res_cid, out_mssg, updated_context = ray.get(
  File "/home/mmaia/my_envs/liver_torch/lib/python3.8/site-packages/ray/_private/auto_init_hook.py", line 21, in auto_init_wrapper
    return fn(*args, **kwargs)
  File "/home/mmaia/my_envs/liver_torch/lib/python3.8/site-packages/ray/_private/client_mode_hook.py", line 103, in wrapper
    return func(*args, **kwargs)
  File "/home/mmaia/my_envs/liver_torch/lib/python3.8/site-packages/ray/_private/worker.py", line 2667, in get
    values, debugger_breakpoint = worker.get_objects(object_refs, timeout=timeout)
  File "/home/mmaia/my_envs/liver_torch/lib/python3.8/site-packages/ray/_private/worker.py", line 864, in get_objects
    raise value.as_instanceof_cause()
ray.exceptions.RayTaskError(ClientAppException): [36mray::ClientAppActor.run()[39m (pid=2977686, ip=10.50.9.88, actor_id=efbcb6f04db78d63cc08153f01000000, repr=<flwr.simulation.ray_transport.ray_actor.ClientAppActor object at 0x7f3a34097610>)
  File "/home/mmaia/my_envs/liver_torch/lib/python3.8/site-packages/flwr/client/client_app.py", line 98, in __call__
    return self._call(message, context)
  File "/home/mmaia/my_envs/liver_torch/lib/python3.8/site-packages/flwr/client/client_app.py", line 81, in ffn
    out_message = handle_legacy_message_from_msgtype(
  File "/home/mmaia/my_envs/liver_torch/lib/python3.8/site-packages/flwr/client/message_handler/message_handler.py", line 130, in handle_legacy_message_from_msgtype
    fit_res = maybe_call_fit(
  File "/home/mmaia/my_envs/liver_torch/lib/python3.8/site-packages/flwr/client/client.py", line 234, in maybe_call_fit
    return client.fit(fit_ins)
  File "/home/mmaia/my_envs/liver_torch/lib/python3.8/site-packages/flwr/client/numpy_client.py", line 238, in _fit
    results = self.numpy_client.fit(parameters, ins.config)  # type: ignore
  File "/home/mmaia/fedliver_v2/client.py", line 65, in fit
    train(self.model,self.trainloader,self.valloader,optimizer,criterion,self.device, self.cfg.local_epochs)
  File "/home/mmaia/fedliver_v2/model/unet.py", line 181, in train
    val_log = validate(net, validloader, criterion)
  File "/home/mmaia/fedliver_v2/model/unet.py", line 216, in validate
    output = model(input)
  File "/home/mmaia/my_envs/liver_torch/lib/python3.8/site-packages/torch/nn/modules/module.py", line 1501, in _call_impl
    return forward_call(*args, **kwargs)
  File "/home/mmaia/fedliver_v2/model/unet.py", line 99, in forward
    e1 = self.Conv1(x)
  File "/home/mmaia/my_envs/liver_torch/lib/python3.8/site-packages/torch/nn/modules/module.py", line 1501, in _call_impl
    return forward_call(*args, **kwargs)
  File "/home/mmaia/fedliver_v2/model/unet.py", line 35, in forward
    x = self.conv(x)
  File "/home/mmaia/my_envs/liver_torch/lib/python3.8/site-packages/torch/nn/modules/module.py", line 1501, in _call_impl
    return forward_call(*args, **kwargs)
  File "/home/mmaia/my_envs/liver_torch/lib/python3.8/site-packages/torch/nn/modules/container.py", line 217, in forward
    input = module(input)
  File "/home/mmaia/my_envs/liver_torch/lib/python3.8/site-packages/torch/nn/modules/module.py", line 1501, in _call_impl
    return forward_call(*args, **kwargs)
  File "/home/mmaia/my_envs/liver_torch/lib/python3.8/site-packages/torch/nn/modules/conv.py", line 463, in forward
    return self._conv_forward(input, self.weight, self.bias)
  File "/home/mmaia/my_envs/liver_torch/lib/python3.8/site-packages/torch/nn/modules/conv.py", line 459, in _conv_forward
    return F.conv2d(input, weight, bias, self.stride,
RuntimeError: Input type (torch.FloatTensor) and weight type (torch.cuda.FloatTensor) should be the same or input should be a MKLDNN tensor and weight is a dense tensor

The above exception was the direct cause of the following exception:

[36mray::ClientAppActor.run()[39m (pid=2977686, ip=10.50.9.88, actor_id=efbcb6f04db78d63cc08153f01000000, repr=<flwr.simulation.ray_transport.ray_actor.ClientAppActor object at 0x7f3a34097610>)
  File "/home/mmaia/my_envs/liver_torch/lib/python3.8/site-packages/flwr/simulation/ray_transport/ray_actor.py", line 64, in run
    raise ClientAppException(str(ex)) from ex
flwr.client.client_app.ClientAppException: 
Exception ClientAppException occurred. Message: Input type (torch.FloatTensor) and weight type (torch.cuda.FloatTensor) should be the same or input should be a MKLDNN tensor and weight is a dense tensor

[2024-08-01 16:18:32,376][flwr][ERROR] - [36mray::ClientAppActor.run()[39m (pid=2977686, ip=10.50.9.88, actor_id=efbcb6f04db78d63cc08153f01000000, repr=<flwr.simulation.ray_transport.ray_actor.ClientAppActor object at 0x7f3a34097610>)
  File "/home/mmaia/my_envs/liver_torch/lib/python3.8/site-packages/flwr/client/client_app.py", line 98, in __call__
    return self._call(message, context)
  File "/home/mmaia/my_envs/liver_torch/lib/python3.8/site-packages/flwr/client/client_app.py", line 81, in ffn
    out_message = handle_legacy_message_from_msgtype(
  File "/home/mmaia/my_envs/liver_torch/lib/python3.8/site-packages/flwr/client/message_handler/message_handler.py", line 130, in handle_legacy_message_from_msgtype
    fit_res = maybe_call_fit(
  File "/home/mmaia/my_envs/liver_torch/lib/python3.8/site-packages/flwr/client/client.py", line 234, in maybe_call_fit
    return client.fit(fit_ins)
  File "/home/mmaia/my_envs/liver_torch/lib/python3.8/site-packages/flwr/client/numpy_client.py", line 238, in _fit
    results = self.numpy_client.fit(parameters, ins.config)  # type: ignore
  File "/home/mmaia/fedliver_v2/client.py", line 65, in fit
    train(self.model,self.trainloader,self.valloader,optimizer,criterion,self.device, self.cfg.local_epochs)
  File "/home/mmaia/fedliver_v2/model/unet.py", line 181, in train
    val_log = validate(net, validloader, criterion)
  File "/home/mmaia/fedliver_v2/model/unet.py", line 216, in validate
    output = model(input)
  File "/home/mmaia/my_envs/liver_torch/lib/python3.8/site-packages/torch/nn/modules/module.py", line 1501, in _call_impl
    return forward_call(*args, **kwargs)
  File "/home/mmaia/fedliver_v2/model/unet.py", line 99, in forward
    e1 = self.Conv1(x)
  File "/home/mmaia/my_envs/liver_torch/lib/python3.8/site-packages/torch/nn/modules/module.py", line 1501, in _call_impl
    return forward_call(*args, **kwargs)
  File "/home/mmaia/fedliver_v2/model/unet.py", line 35, in forward
    x = self.conv(x)
  File "/home/mmaia/my_envs/liver_torch/lib/python3.8/site-packages/torch/nn/modules/module.py", line 1501, in _call_impl
    return forward_call(*args, **kwargs)
  File "/home/mmaia/my_envs/liver_torch/lib/python3.8/site-packages/torch/nn/modules/container.py", line 217, in forward
    input = module(input)
  File "/home/mmaia/my_envs/liver_torch/lib/python3.8/site-packages/torch/nn/modules/module.py", line 1501, in _call_impl
    return forward_call(*args, **kwargs)
  File "/home/mmaia/my_envs/liver_torch/lib/python3.8/site-packages/torch/nn/modules/conv.py", line 463, in forward
    return self._conv_forward(input, self.weight, self.bias)
  File "/home/mmaia/my_envs/liver_torch/lib/python3.8/site-packages/torch/nn/modules/conv.py", line 459, in _conv_forward
    return F.conv2d(input, weight, bias, self.stride,
RuntimeError: Input type (torch.FloatTensor) and weight type (torch.cuda.FloatTensor) should be the same or input should be a MKLDNN tensor and weight is a dense tensor

The above exception was the direct cause of the following exception:

[36mray::ClientAppActor.run()[39m (pid=2977686, ip=10.50.9.88, actor_id=efbcb6f04db78d63cc08153f01000000, repr=<flwr.simulation.ray_transport.ray_actor.ClientAppActor object at 0x7f3a34097610>)
  File "/home/mmaia/my_envs/liver_torch/lib/python3.8/site-packages/flwr/simulation/ray_transport/ray_actor.py", line 64, in run
    raise ClientAppException(str(ex)) from ex
flwr.client.client_app.ClientAppException: 
Exception ClientAppException occurred. Message: Input type (torch.FloatTensor) and weight type (torch.cuda.FloatTensor) should be the same or input should be a MKLDNN tensor and weight is a dense tensor
[2024-08-01 16:39:54,573][flwr][ERROR] - Traceback (most recent call last):
  File "/home/mmaia/my_envs/liver_torch/lib/python3.8/site-packages/flwr/simulation/ray_transport/ray_client_proxy.py", line 73, in _submit_job
    out_mssg, updated_context = self.actor_pool.get_client_result(
  File "/home/mmaia/my_envs/liver_torch/lib/python3.8/site-packages/flwr/simulation/ray_transport/ray_actor.py", line 399, in get_client_result
    return self._fetch_future_result(cid)
  File "/home/mmaia/my_envs/liver_torch/lib/python3.8/site-packages/flwr/simulation/ray_transport/ray_actor.py", line 280, in _fetch_future_result
    res_cid, out_mssg, updated_context = ray.get(
  File "/home/mmaia/my_envs/liver_torch/lib/python3.8/site-packages/ray/_private/auto_init_hook.py", line 21, in auto_init_wrapper
    return fn(*args, **kwargs)
  File "/home/mmaia/my_envs/liver_torch/lib/python3.8/site-packages/ray/_private/client_mode_hook.py", line 103, in wrapper
    return func(*args, **kwargs)
  File "/home/mmaia/my_envs/liver_torch/lib/python3.8/site-packages/ray/_private/worker.py", line 2667, in get
    values, debugger_breakpoint = worker.get_objects(object_refs, timeout=timeout)
  File "/home/mmaia/my_envs/liver_torch/lib/python3.8/site-packages/ray/_private/worker.py", line 864, in get_objects
    raise value.as_instanceof_cause()
ray.exceptions.RayTaskError(ClientAppException): [36mray::ClientAppActor.run()[39m (pid=2977686, ip=10.50.9.88, actor_id=efbcb6f04db78d63cc08153f01000000, repr=<flwr.simulation.ray_transport.ray_actor.ClientAppActor object at 0x7f3a34097610>)
  File "/home/mmaia/my_envs/liver_torch/lib/python3.8/site-packages/flwr/client/client_app.py", line 98, in __call__
    return self._call(message, context)
  File "/home/mmaia/my_envs/liver_torch/lib/python3.8/site-packages/flwr/client/client_app.py", line 81, in ffn
    out_message = handle_legacy_message_from_msgtype(
  File "/home/mmaia/my_envs/liver_torch/lib/python3.8/site-packages/flwr/client/message_handler/message_handler.py", line 130, in handle_legacy_message_from_msgtype
    fit_res = maybe_call_fit(
  File "/home/mmaia/my_envs/liver_torch/lib/python3.8/site-packages/flwr/client/client.py", line 234, in maybe_call_fit
    return client.fit(fit_ins)
  File "/home/mmaia/my_envs/liver_torch/lib/python3.8/site-packages/flwr/client/numpy_client.py", line 238, in _fit
    results = self.numpy_client.fit(parameters, ins.config)  # type: ignore
  File "/home/mmaia/fedliver_v2/client.py", line 65, in fit
    train(self.model,self.trainloader,self.valloader,optimizer,criterion,self.device, self.cfg.local_epochs)
  File "/home/mmaia/fedliver_v2/model/unet.py", line 181, in train
    val_log = validate(net, validloader, criterion)
  File "/home/mmaia/fedliver_v2/model/unet.py", line 216, in validate
    output = model(input)
  File "/home/mmaia/my_envs/liver_torch/lib/python3.8/site-packages/torch/nn/modules/module.py", line 1501, in _call_impl
    return forward_call(*args, **kwargs)
  File "/home/mmaia/fedliver_v2/model/unet.py", line 99, in forward
    e1 = self.Conv1(x)
  File "/home/mmaia/my_envs/liver_torch/lib/python3.8/site-packages/torch/nn/modules/module.py", line 1501, in _call_impl
    return forward_call(*args, **kwargs)
  File "/home/mmaia/fedliver_v2/model/unet.py", line 35, in forward
    x = self.conv(x)
  File "/home/mmaia/my_envs/liver_torch/lib/python3.8/site-packages/torch/nn/modules/module.py", line 1501, in _call_impl
    return forward_call(*args, **kwargs)
  File "/home/mmaia/my_envs/liver_torch/lib/python3.8/site-packages/torch/nn/modules/container.py", line 217, in forward
    input = module(input)
  File "/home/mmaia/my_envs/liver_torch/lib/python3.8/site-packages/torch/nn/modules/module.py", line 1501, in _call_impl
    return forward_call(*args, **kwargs)
  File "/home/mmaia/my_envs/liver_torch/lib/python3.8/site-packages/torch/nn/modules/conv.py", line 463, in forward
    return self._conv_forward(input, self.weight, self.bias)
  File "/home/mmaia/my_envs/liver_torch/lib/python3.8/site-packages/torch/nn/modules/conv.py", line 459, in _conv_forward
    return F.conv2d(input, weight, bias, self.stride,
RuntimeError: Input type (torch.FloatTensor) and weight type (torch.cuda.FloatTensor) should be the same or input should be a MKLDNN tensor and weight is a dense tensor

The above exception was the direct cause of the following exception:

[36mray::ClientAppActor.run()[39m (pid=2977686, ip=10.50.9.88, actor_id=efbcb6f04db78d63cc08153f01000000, repr=<flwr.simulation.ray_transport.ray_actor.ClientAppActor object at 0x7f3a34097610>)
  File "/home/mmaia/my_envs/liver_torch/lib/python3.8/site-packages/flwr/simulation/ray_transport/ray_actor.py", line 64, in run
    raise ClientAppException(str(ex)) from ex
flwr.client.client_app.ClientAppException: 
Exception ClientAppException occurred. Message: Input type (torch.FloatTensor) and weight type (torch.cuda.FloatTensor) should be the same or input should be a MKLDNN tensor and weight is a dense tensor

[2024-08-01 16:39:54,573][flwr][ERROR] - [36mray::ClientAppActor.run()[39m (pid=2977686, ip=10.50.9.88, actor_id=efbcb6f04db78d63cc08153f01000000, repr=<flwr.simulation.ray_transport.ray_actor.ClientAppActor object at 0x7f3a34097610>)
  File "/home/mmaia/my_envs/liver_torch/lib/python3.8/site-packages/flwr/client/client_app.py", line 98, in __call__
    return self._call(message, context)
  File "/home/mmaia/my_envs/liver_torch/lib/python3.8/site-packages/flwr/client/client_app.py", line 81, in ffn
    out_message = handle_legacy_message_from_msgtype(
  File "/home/mmaia/my_envs/liver_torch/lib/python3.8/site-packages/flwr/client/message_handler/message_handler.py", line 130, in handle_legacy_message_from_msgtype
    fit_res = maybe_call_fit(
  File "/home/mmaia/my_envs/liver_torch/lib/python3.8/site-packages/flwr/client/client.py", line 234, in maybe_call_fit
    return client.fit(fit_ins)
  File "/home/mmaia/my_envs/liver_torch/lib/python3.8/site-packages/flwr/client/numpy_client.py", line 238, in _fit
    results = self.numpy_client.fit(parameters, ins.config)  # type: ignore
  File "/home/mmaia/fedliver_v2/client.py", line 65, in fit
    train(self.model,self.trainloader,self.valloader,optimizer,criterion,self.device, self.cfg.local_epochs)
  File "/home/mmaia/fedliver_v2/model/unet.py", line 181, in train
    val_log = validate(net, validloader, criterion)
  File "/home/mmaia/fedliver_v2/model/unet.py", line 216, in validate
    output = model(input)
  File "/home/mmaia/my_envs/liver_torch/lib/python3.8/site-packages/torch/nn/modules/module.py", line 1501, in _call_impl
    return forward_call(*args, **kwargs)
  File "/home/mmaia/fedliver_v2/model/unet.py", line 99, in forward
    e1 = self.Conv1(x)
  File "/home/mmaia/my_envs/liver_torch/lib/python3.8/site-packages/torch/nn/modules/module.py", line 1501, in _call_impl
    return forward_call(*args, **kwargs)
  File "/home/mmaia/fedliver_v2/model/unet.py", line 35, in forward
    x = self.conv(x)
  File "/home/mmaia/my_envs/liver_torch/lib/python3.8/site-packages/torch/nn/modules/module.py", line 1501, in _call_impl
    return forward_call(*args, **kwargs)
  File "/home/mmaia/my_envs/liver_torch/lib/python3.8/site-packages/torch/nn/modules/container.py", line 217, in forward
    input = module(input)
  File "/home/mmaia/my_envs/liver_torch/lib/python3.8/site-packages/torch/nn/modules/module.py", line 1501, in _call_impl
    return forward_call(*args, **kwargs)
  File "/home/mmaia/my_envs/liver_torch/lib/python3.8/site-packages/torch/nn/modules/conv.py", line 463, in forward
    return self._conv_forward(input, self.weight, self.bias)
  File "/home/mmaia/my_envs/liver_torch/lib/python3.8/site-packages/torch/nn/modules/conv.py", line 459, in _conv_forward
    return F.conv2d(input, weight, bias, self.stride,
RuntimeError: Input type (torch.FloatTensor) and weight type (torch.cuda.FloatTensor) should be the same or input should be a MKLDNN tensor and weight is a dense tensor

The above exception was the direct cause of the following exception:

[36mray::ClientAppActor.run()[39m (pid=2977686, ip=10.50.9.88, actor_id=efbcb6f04db78d63cc08153f01000000, repr=<flwr.simulation.ray_transport.ray_actor.ClientAppActor object at 0x7f3a34097610>)
  File "/home/mmaia/my_envs/liver_torch/lib/python3.8/site-packages/flwr/simulation/ray_transport/ray_actor.py", line 64, in run
    raise ClientAppException(str(ex)) from ex
flwr.client.client_app.ClientAppException: 
Exception ClientAppException occurred. Message: Input type (torch.FloatTensor) and weight type (torch.cuda.FloatTensor) should be the same or input should be a MKLDNN tensor and weight is a dense tensor
[2024-08-01 16:39:54,574][flwr][INFO] - aggregate_fit: received 0 results and 2 failures
[2024-08-01 16:45:09,346][flwr][INFO] - fit progress: (1, 0.6584465402133597, OrderedDict([('ind_iou_0', 1.5909098679063963e-10), ('ind_dice_liver_0', tensor(0.1505, dtype=torch.float64)), ('ind_dice_tumour_0', tensor(0.0094, dtype=torch.float64)), ('ind_iou_1', 1.5263252874452126e-10), ('ind_dice_liver_1', tensor(0.1515, dtype=torch.float64)), ('ind_dice_tumour_1', tensor(0.0081, dtype=torch.float64)), ('all_iou', 1.599082671092988e-10), ('all_dice_liver', tensor(0.1505, dtype=torch.float64)), ('all_dice_tumour', tensor(0.0093, dtype=torch.float64))]), 1739.3616064749658)
[2024-08-01 16:45:09,351][flwr][INFO] - configure_evaluate: strategy sampled 2 clients (out of 2)
[2024-08-01 16:45:09,661][flwr][ERROR] - Traceback (most recent call last):
  File "/home/mmaia/my_envs/liver_torch/lib/python3.8/site-packages/flwr/simulation/ray_transport/ray_client_proxy.py", line 73, in _submit_job
    out_mssg, updated_context = self.actor_pool.get_client_result(
  File "/home/mmaia/my_envs/liver_torch/lib/python3.8/site-packages/flwr/simulation/ray_transport/ray_actor.py", line 399, in get_client_result
    return self._fetch_future_result(cid)
  File "/home/mmaia/my_envs/liver_torch/lib/python3.8/site-packages/flwr/simulation/ray_transport/ray_actor.py", line 280, in _fetch_future_result
    res_cid, out_mssg, updated_context = ray.get(
  File "/home/mmaia/my_envs/liver_torch/lib/python3.8/site-packages/ray/_private/auto_init_hook.py", line 21, in auto_init_wrapper
    return fn(*args, **kwargs)
  File "/home/mmaia/my_envs/liver_torch/lib/python3.8/site-packages/ray/_private/client_mode_hook.py", line 103, in wrapper
    return func(*args, **kwargs)
  File "/home/mmaia/my_envs/liver_torch/lib/python3.8/site-packages/ray/_private/worker.py", line 2667, in get
    values, debugger_breakpoint = worker.get_objects(object_refs, timeout=timeout)
  File "/home/mmaia/my_envs/liver_torch/lib/python3.8/site-packages/ray/_private/worker.py", line 864, in get_objects
    raise value.as_instanceof_cause()
ray.exceptions.RayTaskError(ClientAppException): [36mray::ClientAppActor.run()[39m (pid=2977686, ip=10.50.9.88, actor_id=efbcb6f04db78d63cc08153f01000000, repr=<flwr.simulation.ray_transport.ray_actor.ClientAppActor object at 0x7f3a34097610>)
  File "/home/mmaia/my_envs/liver_torch/lib/python3.8/site-packages/flwr/client/client_app.py", line 98, in __call__
    return self._call(message, context)
  File "/home/mmaia/my_envs/liver_torch/lib/python3.8/site-packages/flwr/client/client_app.py", line 81, in ffn
    out_message = handle_legacy_message_from_msgtype(
  File "/home/mmaia/my_envs/liver_torch/lib/python3.8/site-packages/flwr/client/message_handler/message_handler.py", line 137, in handle_legacy_message_from_msgtype
    evaluate_res = maybe_call_evaluate(
  File "/home/mmaia/my_envs/liver_torch/lib/python3.8/site-packages/flwr/client/client.py", line 254, in maybe_call_evaluate
    return client.evaluate(evaluate_ins)
  File "/home/mmaia/my_envs/liver_torch/lib/python3.8/site-packages/flwr/client/numpy_client.py", line 262, in _evaluate
    results = self.numpy_client.evaluate(parameters, ins.config)  # type: ignore
  File "/home/mmaia/fedliver_v2/client.py", line 76, in evaluate
    loss, log = test(self.model, self.valloader,criterion, self.device)
  File "/home/mmaia/fedliver_v2/model/unet.py", line 255, in test
    for j, (input, target) in tqdm(enumerate(testloader), total=len(testloader)):
ValueError: too many values to unpack (expected 2)

The above exception was the direct cause of the following exception:

[36mray::ClientAppActor.run()[39m (pid=2977686, ip=10.50.9.88, actor_id=efbcb6f04db78d63cc08153f01000000, repr=<flwr.simulation.ray_transport.ray_actor.ClientAppActor object at 0x7f3a34097610>)
  File "/home/mmaia/my_envs/liver_torch/lib/python3.8/site-packages/flwr/simulation/ray_transport/ray_actor.py", line 64, in run
    raise ClientAppException(str(ex)) from ex
flwr.client.client_app.ClientAppException: 
Exception ClientAppException occurred. Message: too many values to unpack (expected 2)

[2024-08-01 16:45:09,661][flwr][ERROR] - [36mray::ClientAppActor.run()[39m (pid=2977686, ip=10.50.9.88, actor_id=efbcb6f04db78d63cc08153f01000000, repr=<flwr.simulation.ray_transport.ray_actor.ClientAppActor object at 0x7f3a34097610>)
  File "/home/mmaia/my_envs/liver_torch/lib/python3.8/site-packages/flwr/client/client_app.py", line 98, in __call__
    return self._call(message, context)
  File "/home/mmaia/my_envs/liver_torch/lib/python3.8/site-packages/flwr/client/client_app.py", line 81, in ffn
    out_message = handle_legacy_message_from_msgtype(
  File "/home/mmaia/my_envs/liver_torch/lib/python3.8/site-packages/flwr/client/message_handler/message_handler.py", line 137, in handle_legacy_message_from_msgtype
    evaluate_res = maybe_call_evaluate(
  File "/home/mmaia/my_envs/liver_torch/lib/python3.8/site-packages/flwr/client/client.py", line 254, in maybe_call_evaluate
    return client.evaluate(evaluate_ins)
  File "/home/mmaia/my_envs/liver_torch/lib/python3.8/site-packages/flwr/client/numpy_client.py", line 262, in _evaluate
    results = self.numpy_client.evaluate(parameters, ins.config)  # type: ignore
  File "/home/mmaia/fedliver_v2/client.py", line 76, in evaluate
    loss, log = test(self.model, self.valloader,criterion, self.device)
  File "/home/mmaia/fedliver_v2/model/unet.py", line 255, in test
    for j, (input, target) in tqdm(enumerate(testloader), total=len(testloader)):
ValueError: too many values to unpack (expected 2)

The above exception was the direct cause of the following exception:

[36mray::ClientAppActor.run()[39m (pid=2977686, ip=10.50.9.88, actor_id=efbcb6f04db78d63cc08153f01000000, repr=<flwr.simulation.ray_transport.ray_actor.ClientAppActor object at 0x7f3a34097610>)
  File "/home/mmaia/my_envs/liver_torch/lib/python3.8/site-packages/flwr/simulation/ray_transport/ray_actor.py", line 64, in run
    raise ClientAppException(str(ex)) from ex
flwr.client.client_app.ClientAppException: 
Exception ClientAppException occurred. Message: too many values to unpack (expected 2)
[2024-08-01 16:45:09,832][flwr][ERROR] - Traceback (most recent call last):
  File "/home/mmaia/my_envs/liver_torch/lib/python3.8/site-packages/flwr/simulation/ray_transport/ray_client_proxy.py", line 73, in _submit_job
    out_mssg, updated_context = self.actor_pool.get_client_result(
  File "/home/mmaia/my_envs/liver_torch/lib/python3.8/site-packages/flwr/simulation/ray_transport/ray_actor.py", line 399, in get_client_result
    return self._fetch_future_result(cid)
  File "/home/mmaia/my_envs/liver_torch/lib/python3.8/site-packages/flwr/simulation/ray_transport/ray_actor.py", line 280, in _fetch_future_result
    res_cid, out_mssg, updated_context = ray.get(
  File "/home/mmaia/my_envs/liver_torch/lib/python3.8/site-packages/ray/_private/auto_init_hook.py", line 21, in auto_init_wrapper
    return fn(*args, **kwargs)
  File "/home/mmaia/my_envs/liver_torch/lib/python3.8/site-packages/ray/_private/client_mode_hook.py", line 103, in wrapper
    return func(*args, **kwargs)
  File "/home/mmaia/my_envs/liver_torch/lib/python3.8/site-packages/ray/_private/worker.py", line 2667, in get
    values, debugger_breakpoint = worker.get_objects(object_refs, timeout=timeout)
  File "/home/mmaia/my_envs/liver_torch/lib/python3.8/site-packages/ray/_private/worker.py", line 864, in get_objects
    raise value.as_instanceof_cause()
ray.exceptions.RayTaskError(ClientAppException): [36mray::ClientAppActor.run()[39m (pid=2977686, ip=10.50.9.88, actor_id=efbcb6f04db78d63cc08153f01000000, repr=<flwr.simulation.ray_transport.ray_actor.ClientAppActor object at 0x7f3a34097610>)
  File "/home/mmaia/my_envs/liver_torch/lib/python3.8/site-packages/flwr/client/client_app.py", line 98, in __call__
    return self._call(message, context)
  File "/home/mmaia/my_envs/liver_torch/lib/python3.8/site-packages/flwr/client/client_app.py", line 81, in ffn
    out_message = handle_legacy_message_from_msgtype(
  File "/home/mmaia/my_envs/liver_torch/lib/python3.8/site-packages/flwr/client/message_handler/message_handler.py", line 137, in handle_legacy_message_from_msgtype
    evaluate_res = maybe_call_evaluate(
  File "/home/mmaia/my_envs/liver_torch/lib/python3.8/site-packages/flwr/client/client.py", line 254, in maybe_call_evaluate
    return client.evaluate(evaluate_ins)
  File "/home/mmaia/my_envs/liver_torch/lib/python3.8/site-packages/flwr/client/numpy_client.py", line 262, in _evaluate
    results = self.numpy_client.evaluate(parameters, ins.config)  # type: ignore
  File "/home/mmaia/fedliver_v2/client.py", line 76, in evaluate
    loss, log = test(self.model, self.valloader,criterion, self.device)
  File "/home/mmaia/fedliver_v2/model/unet.py", line 255, in test
    for j, (input, target) in tqdm(enumerate(testloader), total=len(testloader)):
ValueError: too many values to unpack (expected 2)

The above exception was the direct cause of the following exception:

[36mray::ClientAppActor.run()[39m (pid=2977686, ip=10.50.9.88, actor_id=efbcb6f04db78d63cc08153f01000000, repr=<flwr.simulation.ray_transport.ray_actor.ClientAppActor object at 0x7f3a34097610>)
  File "/home/mmaia/my_envs/liver_torch/lib/python3.8/site-packages/flwr/simulation/ray_transport/ray_actor.py", line 64, in run
    raise ClientAppException(str(ex)) from ex
flwr.client.client_app.ClientAppException: 
Exception ClientAppException occurred. Message: too many values to unpack (expected 2)

[2024-08-01 16:45:09,832][flwr][ERROR] - [36mray::ClientAppActor.run()[39m (pid=2977686, ip=10.50.9.88, actor_id=efbcb6f04db78d63cc08153f01000000, repr=<flwr.simulation.ray_transport.ray_actor.ClientAppActor object at 0x7f3a34097610>)
  File "/home/mmaia/my_envs/liver_torch/lib/python3.8/site-packages/flwr/client/client_app.py", line 98, in __call__
    return self._call(message, context)
  File "/home/mmaia/my_envs/liver_torch/lib/python3.8/site-packages/flwr/client/client_app.py", line 81, in ffn
    out_message = handle_legacy_message_from_msgtype(
  File "/home/mmaia/my_envs/liver_torch/lib/python3.8/site-packages/flwr/client/message_handler/message_handler.py", line 137, in handle_legacy_message_from_msgtype
    evaluate_res = maybe_call_evaluate(
  File "/home/mmaia/my_envs/liver_torch/lib/python3.8/site-packages/flwr/client/client.py", line 254, in maybe_call_evaluate
    return client.evaluate(evaluate_ins)
  File "/home/mmaia/my_envs/liver_torch/lib/python3.8/site-packages/flwr/client/numpy_client.py", line 262, in _evaluate
    results = self.numpy_client.evaluate(parameters, ins.config)  # type: ignore
  File "/home/mmaia/fedliver_v2/client.py", line 76, in evaluate
    loss, log = test(self.model, self.valloader,criterion, self.device)
  File "/home/mmaia/fedliver_v2/model/unet.py", line 255, in test
    for j, (input, target) in tqdm(enumerate(testloader), total=len(testloader)):
ValueError: too many values to unpack (expected 2)

The above exception was the direct cause of the following exception:

[36mray::ClientAppActor.run()[39m (pid=2977686, ip=10.50.9.88, actor_id=efbcb6f04db78d63cc08153f01000000, repr=<flwr.simulation.ray_transport.ray_actor.ClientAppActor object at 0x7f3a34097610>)
  File "/home/mmaia/my_envs/liver_torch/lib/python3.8/site-packages/flwr/simulation/ray_transport/ray_actor.py", line 64, in run
    raise ClientAppException(str(ex)) from ex
flwr.client.client_app.ClientAppException: 
Exception ClientAppException occurred. Message: too many values to unpack (expected 2)
[2024-08-01 16:45:09,833][flwr][INFO] - aggregate_evaluate: received 0 results and 2 failures
[2024-08-01 16:45:09,833][flwr][INFO] - 
[2024-08-01 16:45:09,833][flwr][INFO] - [ROUND 2]
[2024-08-01 16:45:09,834][flwr][INFO] - configure_fit: strategy sampled 2 clients (out of 2)
