[2024-06-13 12:30:18,907][flwr][INFO] - Starting Flower simulation, config: num_rounds=2, no round_timeout
[2024-06-13 12:30:21,027][flwr][INFO] - Flower VCE: Ray initialized with resources: {'node:__internal_head__': 1.0, 'CPU': 16.0, 'node:10.250.130.147': 1.0, 'object_store_memory': 6883180953.0, 'memory': 13766361908.0}
[2024-06-13 12:30:21,027][flwr][INFO] - Optimize your simulation with Flower VCE: https://flower.ai/docs/framework/how-to-run-simulations.html
[2024-06-13 12:30:21,027][flwr][INFO] - Flower VCE: Resources for each Virtual Client: {'num_cpus': 3, 'num_gpus': 0.0}
[2024-06-13 12:30:21,035][flwr][INFO] - Flower VCE: Creating VirtualClientEngineActorPool with 5 actors
[2024-06-13 12:30:21,035][flwr][INFO] - [INIT]
[2024-06-13 12:30:21,035][flwr][INFO] - Requesting initial parameters from one random client
[2024-06-13 12:30:23,104][flwr][INFO] - Received initial parameters from one random client
[2024-06-13 12:30:23,104][flwr][INFO] - Evaluating initial global parameters
[2024-06-13 12:37:23,769][flwr][INFO] - initial parameters (loss, other metrics): 0.6779344341509644, OrderedDict([('iou', 0.013901763775918351), ('dice_liver', tensor(0.1423, dtype=torch.float64)), ('dice_tumor', tensor(0.0103, dtype=torch.float64))])
[2024-06-13 12:37:23,771][flwr][INFO] - 
[2024-06-13 12:37:23,771][flwr][INFO] - [ROUND 1]
[2024-06-13 12:37:23,771][flwr][INFO] - configure_fit: strategy sampled 10 clients (out of 30)
[2024-06-13 13:14:53,121][flwr][INFO] - aggregate_fit: received 10 results and 0 failures
[2024-06-13 13:14:53,348][flwr][WARNING] - No fit_metrics_aggregation_fn provided
[2024-06-13 13:22:53,401][flwr][INFO] - fit progress: (1, 0.1456834340832292, OrderedDict([('iou', 0.01390176379763383), ('dice_liver', tensor(0.1018, dtype=torch.float64)), ('dice_tumor', tensor(0.0060, dtype=torch.float64))]), 2729.6300414370016)
[2024-06-13 13:22:53,402][flwr][INFO] - configure_evaluate: strategy sampled 10 clients (out of 30)
[2024-06-13 13:22:53,698][flwr][ERROR] - Traceback (most recent call last):
  File "/home/mds/Desktop/python_projects/fedliversegsimulation/.venv/lib/python3.10/site-packages/flwr/simulation/ray_transport/ray_client_proxy.py", line 73, in _submit_job
    out_mssg, updated_context = self.actor_pool.get_client_result(
  File "/home/mds/Desktop/python_projects/fedliversegsimulation/.venv/lib/python3.10/site-packages/flwr/simulation/ray_transport/ray_actor.py", line 399, in get_client_result
    return self._fetch_future_result(cid)
  File "/home/mds/Desktop/python_projects/fedliversegsimulation/.venv/lib/python3.10/site-packages/flwr/simulation/ray_transport/ray_actor.py", line 280, in _fetch_future_result
    res_cid, out_mssg, updated_context = ray.get(
  File "/home/mds/Desktop/python_projects/fedliversegsimulation/.venv/lib/python3.10/site-packages/ray/_private/auto_init_hook.py", line 21, in auto_init_wrapper
    return fn(*args, **kwargs)
  File "/home/mds/Desktop/python_projects/fedliversegsimulation/.venv/lib/python3.10/site-packages/ray/_private/client_mode_hook.py", line 103, in wrapper
    return func(*args, **kwargs)
  File "/home/mds/Desktop/python_projects/fedliversegsimulation/.venv/lib/python3.10/site-packages/ray/_private/worker.py", line 2613, in get
    values, debugger_breakpoint = worker.get_objects(object_refs, timeout=timeout)
  File "/home/mds/Desktop/python_projects/fedliversegsimulation/.venv/lib/python3.10/site-packages/ray/_private/worker.py", line 861, in get_objects
    raise value.as_instanceof_cause()
ray.exceptions.RayTaskError(ClientAppException): [36mray::ClientAppActor.run()[39m (pid=170387, ip=10.250.130.147, actor_id=94546d81a6ef5644e9b6abfd01000000, repr=<flwr.simulation.ray_transport.ray_actor.ClientAppActor object at 0x70e2f83e4ac0>)
  File "/home/mds/Desktop/python_projects/fedliversegsimulation/.venv/lib/python3.10/site-packages/flwr/client/client_app.py", line 98, in __call__
    return self._call(message, context)
  File "/home/mds/Desktop/python_projects/fedliversegsimulation/.venv/lib/python3.10/site-packages/flwr/client/client_app.py", line 81, in ffn
    out_message = handle_legacy_message_from_msgtype(
  File "/home/mds/Desktop/python_projects/fedliversegsimulation/.venv/lib/python3.10/site-packages/flwr/client/message_handler/message_handler.py", line 137, in handle_legacy_message_from_msgtype
    evaluate_res = maybe_call_evaluate(
  File "/home/mds/Desktop/python_projects/fedliversegsimulation/.venv/lib/python3.10/site-packages/flwr/client/client.py", line 254, in maybe_call_evaluate
    return client.evaluate(evaluate_ins)
  File "/home/mds/Desktop/python_projects/fedliversegsimulation/.venv/lib/python3.10/site-packages/flwr/client/numpy_client.py", line 262, in _evaluate
    results = self.numpy_client.evaluate(parameters, ins.config)  # type: ignore
TypeError: LiverClient.evaluate() missing 1 required positional argument: 'config'

The above exception was the direct cause of the following exception:

[36mray::ClientAppActor.run()[39m (pid=170387, ip=10.250.130.147, actor_id=94546d81a6ef5644e9b6abfd01000000, repr=<flwr.simulation.ray_transport.ray_actor.ClientAppActor object at 0x70e2f83e4ac0>)
  File "/home/mds/Desktop/python_projects/fedliversegsimulation/.venv/lib/python3.10/site-packages/flwr/simulation/ray_transport/ray_actor.py", line 64, in run
    raise ClientAppException(str(ex)) from ex
flwr.client.client_app.ClientAppException: 
Exception ClientAppException occurred. Message: LiverClient.evaluate() missing 1 required positional argument: 'config'

[2024-06-13 13:22:53,738][flwr][ERROR] - [36mray::ClientAppActor.run()[39m (pid=170387, ip=10.250.130.147, actor_id=94546d81a6ef5644e9b6abfd01000000, repr=<flwr.simulation.ray_transport.ray_actor.ClientAppActor object at 0x70e2f83e4ac0>)
  File "/home/mds/Desktop/python_projects/fedliversegsimulation/.venv/lib/python3.10/site-packages/flwr/client/client_app.py", line 98, in __call__
    return self._call(message, context)
  File "/home/mds/Desktop/python_projects/fedliversegsimulation/.venv/lib/python3.10/site-packages/flwr/client/client_app.py", line 81, in ffn
    out_message = handle_legacy_message_from_msgtype(
  File "/home/mds/Desktop/python_projects/fedliversegsimulation/.venv/lib/python3.10/site-packages/flwr/client/message_handler/message_handler.py", line 137, in handle_legacy_message_from_msgtype
    evaluate_res = maybe_call_evaluate(
  File "/home/mds/Desktop/python_projects/fedliversegsimulation/.venv/lib/python3.10/site-packages/flwr/client/client.py", line 254, in maybe_call_evaluate
    return client.evaluate(evaluate_ins)
  File "/home/mds/Desktop/python_projects/fedliversegsimulation/.venv/lib/python3.10/site-packages/flwr/client/numpy_client.py", line 262, in _evaluate
    results = self.numpy_client.evaluate(parameters, ins.config)  # type: ignore
TypeError: LiverClient.evaluate() missing 1 required positional argument: 'config'

The above exception was the direct cause of the following exception:

[36mray::ClientAppActor.run()[39m (pid=170387, ip=10.250.130.147, actor_id=94546d81a6ef5644e9b6abfd01000000, repr=<flwr.simulation.ray_transport.ray_actor.ClientAppActor object at 0x70e2f83e4ac0>)
  File "/home/mds/Desktop/python_projects/fedliversegsimulation/.venv/lib/python3.10/site-packages/flwr/simulation/ray_transport/ray_actor.py", line 64, in run
    raise ClientAppException(str(ex)) from ex
flwr.client.client_app.ClientAppException: 
Exception ClientAppException occurred. Message: LiverClient.evaluate() missing 1 required positional argument: 'config'
[2024-06-13 13:22:53,842][flwr][ERROR] - Traceback (most recent call last):
  File "/home/mds/Desktop/python_projects/fedliversegsimulation/.venv/lib/python3.10/site-packages/flwr/simulation/ray_transport/ray_client_proxy.py", line 73, in _submit_job
    out_mssg, updated_context = self.actor_pool.get_client_result(
  File "/home/mds/Desktop/python_projects/fedliversegsimulation/.venv/lib/python3.10/site-packages/flwr/simulation/ray_transport/ray_actor.py", line 399, in get_client_result
    return self._fetch_future_result(cid)
  File "/home/mds/Desktop/python_projects/fedliversegsimulation/.venv/lib/python3.10/site-packages/flwr/simulation/ray_transport/ray_actor.py", line 280, in _fetch_future_result
    res_cid, out_mssg, updated_context = ray.get(
  File "/home/mds/Desktop/python_projects/fedliversegsimulation/.venv/lib/python3.10/site-packages/ray/_private/auto_init_hook.py", line 21, in auto_init_wrapper
    return fn(*args, **kwargs)
  File "/home/mds/Desktop/python_projects/fedliversegsimulation/.venv/lib/python3.10/site-packages/ray/_private/client_mode_hook.py", line 103, in wrapper
    return func(*args, **kwargs)
  File "/home/mds/Desktop/python_projects/fedliversegsimulation/.venv/lib/python3.10/site-packages/ray/_private/worker.py", line 2613, in get
    values, debugger_breakpoint = worker.get_objects(object_refs, timeout=timeout)
  File "/home/mds/Desktop/python_projects/fedliversegsimulation/.venv/lib/python3.10/site-packages/ray/_private/worker.py", line 861, in get_objects
    raise value.as_instanceof_cause()
ray.exceptions.RayTaskError(ClientAppException): [36mray::ClientAppActor.run()[39m (pid=170389, ip=10.250.130.147, actor_id=0171de3366ae238cafa0d49b01000000, repr=<flwr.simulation.ray_transport.ray_actor.ClientAppActor object at 0x7f06285a8ac0>)
  File "/home/mds/Desktop/python_projects/fedliversegsimulation/.venv/lib/python3.10/site-packages/flwr/client/client_app.py", line 98, in __call__
    return self._call(message, context)
  File "/home/mds/Desktop/python_projects/fedliversegsimulation/.venv/lib/python3.10/site-packages/flwr/client/client_app.py", line 81, in ffn
    out_message = handle_legacy_message_from_msgtype(
  File "/home/mds/Desktop/python_projects/fedliversegsimulation/.venv/lib/python3.10/site-packages/flwr/client/message_handler/message_handler.py", line 137, in handle_legacy_message_from_msgtype
    evaluate_res = maybe_call_evaluate(
  File "/home/mds/Desktop/python_projects/fedliversegsimulation/.venv/lib/python3.10/site-packages/flwr/client/client.py", line 254, in maybe_call_evaluate
    return client.evaluate(evaluate_ins)
  File "/home/mds/Desktop/python_projects/fedliversegsimulation/.venv/lib/python3.10/site-packages/flwr/client/numpy_client.py", line 262, in _evaluate
    results = self.numpy_client.evaluate(parameters, ins.config)  # type: ignore
TypeError: LiverClient.evaluate() missing 1 required positional argument: 'config'

The above exception was the direct cause of the following exception:

[36mray::ClientAppActor.run()[39m (pid=170389, ip=10.250.130.147, actor_id=0171de3366ae238cafa0d49b01000000, repr=<flwr.simulation.ray_transport.ray_actor.ClientAppActor object at 0x7f06285a8ac0>)
  File "/home/mds/Desktop/python_projects/fedliversegsimulation/.venv/lib/python3.10/site-packages/flwr/simulation/ray_transport/ray_actor.py", line 64, in run
    raise ClientAppException(str(ex)) from ex
flwr.client.client_app.ClientAppException: 
Exception ClientAppException occurred. Message: LiverClient.evaluate() missing 1 required positional argument: 'config'

[2024-06-13 13:22:53,842][flwr][ERROR] - Traceback (most recent call last):
  File "/home/mds/Desktop/python_projects/fedliversegsimulation/.venv/lib/python3.10/site-packages/flwr/simulation/ray_transport/ray_client_proxy.py", line 73, in _submit_job
    out_mssg, updated_context = self.actor_pool.get_client_result(
  File "/home/mds/Desktop/python_projects/fedliversegsimulation/.venv/lib/python3.10/site-packages/flwr/simulation/ray_transport/ray_actor.py", line 399, in get_client_result
    return self._fetch_future_result(cid)
  File "/home/mds/Desktop/python_projects/fedliversegsimulation/.venv/lib/python3.10/site-packages/flwr/simulation/ray_transport/ray_actor.py", line 280, in _fetch_future_result
    res_cid, out_mssg, updated_context = ray.get(
  File "/home/mds/Desktop/python_projects/fedliversegsimulation/.venv/lib/python3.10/site-packages/ray/_private/auto_init_hook.py", line 21, in auto_init_wrapper
    return fn(*args, **kwargs)
  File "/home/mds/Desktop/python_projects/fedliversegsimulation/.venv/lib/python3.10/site-packages/ray/_private/client_mode_hook.py", line 103, in wrapper
    return func(*args, **kwargs)
  File "/home/mds/Desktop/python_projects/fedliversegsimulation/.venv/lib/python3.10/site-packages/ray/_private/worker.py", line 2613, in get
    values, debugger_breakpoint = worker.get_objects(object_refs, timeout=timeout)
  File "/home/mds/Desktop/python_projects/fedliversegsimulation/.venv/lib/python3.10/site-packages/ray/_private/worker.py", line 861, in get_objects
    raise value.as_instanceof_cause()
ray.exceptions.RayTaskError(ClientAppException): [36mray::ClientAppActor.run()[39m (pid=170388, ip=10.250.130.147, actor_id=cf5f5adcdc3ba0d003ccb2cd01000000, repr=<flwr.simulation.ray_transport.ray_actor.ClientAppActor object at 0x75cf7abe4b20>)
  File "/home/mds/Desktop/python_projects/fedliversegsimulation/.venv/lib/python3.10/site-packages/flwr/client/client_app.py", line 98, in __call__
    return self._call(message, context)
  File "/home/mds/Desktop/python_projects/fedliversegsimulation/.venv/lib/python3.10/site-packages/flwr/client/client_app.py", line 81, in ffn
    out_message = handle_legacy_message_from_msgtype(
  File "/home/mds/Desktop/python_projects/fedliversegsimulation/.venv/lib/python3.10/site-packages/flwr/client/message_handler/message_handler.py", line 137, in handle_legacy_message_from_msgtype
    evaluate_res = maybe_call_evaluate(
  File "/home/mds/Desktop/python_projects/fedliversegsimulation/.venv/lib/python3.10/site-packages/flwr/client/client.py", line 254, in maybe_call_evaluate
    return client.evaluate(evaluate_ins)
  File "/home/mds/Desktop/python_projects/fedliversegsimulation/.venv/lib/python3.10/site-packages/flwr/client/numpy_client.py", line 262, in _evaluate
    results = self.numpy_client.evaluate(parameters, ins.config)  # type: ignore
TypeError: LiverClient.evaluate() missing 1 required positional argument: 'config'

The above exception was the direct cause of the following exception:

[36mray::ClientAppActor.run()[39m (pid=170388, ip=10.250.130.147, actor_id=cf5f5adcdc3ba0d003ccb2cd01000000, repr=<flwr.simulation.ray_transport.ray_actor.ClientAppActor object at 0x75cf7abe4b20>)
  File "/home/mds/Desktop/python_projects/fedliversegsimulation/.venv/lib/python3.10/site-packages/flwr/simulation/ray_transport/ray_actor.py", line 64, in run
    raise ClientAppException(str(ex)) from ex
flwr.client.client_app.ClientAppException: 
Exception ClientAppException occurred. Message: LiverClient.evaluate() missing 1 required positional argument: 'config'

[2024-06-13 13:22:53,846][flwr][ERROR] - [36mray::ClientAppActor.run()[39m (pid=170389, ip=10.250.130.147, actor_id=0171de3366ae238cafa0d49b01000000, repr=<flwr.simulation.ray_transport.ray_actor.ClientAppActor object at 0x7f06285a8ac0>)
  File "/home/mds/Desktop/python_projects/fedliversegsimulation/.venv/lib/python3.10/site-packages/flwr/client/client_app.py", line 98, in __call__
    return self._call(message, context)
  File "/home/mds/Desktop/python_projects/fedliversegsimulation/.venv/lib/python3.10/site-packages/flwr/client/client_app.py", line 81, in ffn
    out_message = handle_legacy_message_from_msgtype(
  File "/home/mds/Desktop/python_projects/fedliversegsimulation/.venv/lib/python3.10/site-packages/flwr/client/message_handler/message_handler.py", line 137, in handle_legacy_message_from_msgtype
    evaluate_res = maybe_call_evaluate(
  File "/home/mds/Desktop/python_projects/fedliversegsimulation/.venv/lib/python3.10/site-packages/flwr/client/client.py", line 254, in maybe_call_evaluate
    return client.evaluate(evaluate_ins)
  File "/home/mds/Desktop/python_projects/fedliversegsimulation/.venv/lib/python3.10/site-packages/flwr/client/numpy_client.py", line 262, in _evaluate
    results = self.numpy_client.evaluate(parameters, ins.config)  # type: ignore
TypeError: LiverClient.evaluate() missing 1 required positional argument: 'config'

The above exception was the direct cause of the following exception:

[36mray::ClientAppActor.run()[39m (pid=170389, ip=10.250.130.147, actor_id=0171de3366ae238cafa0d49b01000000, repr=<flwr.simulation.ray_transport.ray_actor.ClientAppActor object at 0x7f06285a8ac0>)
  File "/home/mds/Desktop/python_projects/fedliversegsimulation/.venv/lib/python3.10/site-packages/flwr/simulation/ray_transport/ray_actor.py", line 64, in run
    raise ClientAppException(str(ex)) from ex
flwr.client.client_app.ClientAppException: 
Exception ClientAppException occurred. Message: LiverClient.evaluate() missing 1 required positional argument: 'config'
[2024-06-13 13:22:53,846][flwr][ERROR] - [36mray::ClientAppActor.run()[39m (pid=170388, ip=10.250.130.147, actor_id=cf5f5adcdc3ba0d003ccb2cd01000000, repr=<flwr.simulation.ray_transport.ray_actor.ClientAppActor object at 0x75cf7abe4b20>)
  File "/home/mds/Desktop/python_projects/fedliversegsimulation/.venv/lib/python3.10/site-packages/flwr/client/client_app.py", line 98, in __call__
    return self._call(message, context)
  File "/home/mds/Desktop/python_projects/fedliversegsimulation/.venv/lib/python3.10/site-packages/flwr/client/client_app.py", line 81, in ffn
    out_message = handle_legacy_message_from_msgtype(
  File "/home/mds/Desktop/python_projects/fedliversegsimulation/.venv/lib/python3.10/site-packages/flwr/client/message_handler/message_handler.py", line 137, in handle_legacy_message_from_msgtype
    evaluate_res = maybe_call_evaluate(
  File "/home/mds/Desktop/python_projects/fedliversegsimulation/.venv/lib/python3.10/site-packages/flwr/client/client.py", line 254, in maybe_call_evaluate
    return client.evaluate(evaluate_ins)
  File "/home/mds/Desktop/python_projects/fedliversegsimulation/.venv/lib/python3.10/site-packages/flwr/client/numpy_client.py", line 262, in _evaluate
    results = self.numpy_client.evaluate(parameters, ins.config)  # type: ignore
TypeError: LiverClient.evaluate() missing 1 required positional argument: 'config'

The above exception was the direct cause of the following exception:

[36mray::ClientAppActor.run()[39m (pid=170388, ip=10.250.130.147, actor_id=cf5f5adcdc3ba0d003ccb2cd01000000, repr=<flwr.simulation.ray_transport.ray_actor.ClientAppActor object at 0x75cf7abe4b20>)
  File "/home/mds/Desktop/python_projects/fedliversegsimulation/.venv/lib/python3.10/site-packages/flwr/simulation/ray_transport/ray_actor.py", line 64, in run
    raise ClientAppException(str(ex)) from ex
flwr.client.client_app.ClientAppException: 
Exception ClientAppException occurred. Message: LiverClient.evaluate() missing 1 required positional argument: 'config'
[2024-06-13 13:22:53,999][flwr][ERROR] - Traceback (most recent call last):
  File "/home/mds/Desktop/python_projects/fedliversegsimulation/.venv/lib/python3.10/site-packages/flwr/simulation/ray_transport/ray_client_proxy.py", line 73, in _submit_job
    out_mssg, updated_context = self.actor_pool.get_client_result(
  File "/home/mds/Desktop/python_projects/fedliversegsimulation/.venv/lib/python3.10/site-packages/flwr/simulation/ray_transport/ray_actor.py", line 399, in get_client_result
    return self._fetch_future_result(cid)
  File "/home/mds/Desktop/python_projects/fedliversegsimulation/.venv/lib/python3.10/site-packages/flwr/simulation/ray_transport/ray_actor.py", line 280, in _fetch_future_result
    res_cid, out_mssg, updated_context = ray.get(
  File "/home/mds/Desktop/python_projects/fedliversegsimulation/.venv/lib/python3.10/site-packages/ray/_private/auto_init_hook.py", line 21, in auto_init_wrapper
    return fn(*args, **kwargs)
  File "/home/mds/Desktop/python_projects/fedliversegsimulation/.venv/lib/python3.10/site-packages/ray/_private/client_mode_hook.py", line 103, in wrapper
    return func(*args, **kwargs)
  File "/home/mds/Desktop/python_projects/fedliversegsimulation/.venv/lib/python3.10/site-packages/ray/_private/worker.py", line 2613, in get
    values, debugger_breakpoint = worker.get_objects(object_refs, timeout=timeout)
  File "/home/mds/Desktop/python_projects/fedliversegsimulation/.venv/lib/python3.10/site-packages/ray/_private/worker.py", line 861, in get_objects
    raise value.as_instanceof_cause()
ray.exceptions.RayTaskError(ClientAppException): [36mray::ClientAppActor.run()[39m (pid=170386, ip=10.250.130.147, actor_id=57ccd454eaa64eca591962c301000000, repr=<flwr.simulation.ray_transport.ray_actor.ClientAppActor object at 0x7092a41e0b20>)
  File "/home/mds/Desktop/python_projects/fedliversegsimulation/.venv/lib/python3.10/site-packages/flwr/client/client_app.py", line 98, in __call__
    return self._call(message, context)
  File "/home/mds/Desktop/python_projects/fedliversegsimulation/.venv/lib/python3.10/site-packages/flwr/client/client_app.py", line 81, in ffn
    out_message = handle_legacy_message_from_msgtype(
  File "/home/mds/Desktop/python_projects/fedliversegsimulation/.venv/lib/python3.10/site-packages/flwr/client/message_handler/message_handler.py", line 137, in handle_legacy_message_from_msgtype
    evaluate_res = maybe_call_evaluate(
  File "/home/mds/Desktop/python_projects/fedliversegsimulation/.venv/lib/python3.10/site-packages/flwr/client/client.py", line 254, in maybe_call_evaluate
    return client.evaluate(evaluate_ins)
  File "/home/mds/Desktop/python_projects/fedliversegsimulation/.venv/lib/python3.10/site-packages/flwr/client/numpy_client.py", line 262, in _evaluate
    results = self.numpy_client.evaluate(parameters, ins.config)  # type: ignore
TypeError: LiverClient.evaluate() missing 1 required positional argument: 'config'

The above exception was the direct cause of the following exception:

[36mray::ClientAppActor.run()[39m (pid=170386, ip=10.250.130.147, actor_id=57ccd454eaa64eca591962c301000000, repr=<flwr.simulation.ray_transport.ray_actor.ClientAppActor object at 0x7092a41e0b20>)
  File "/home/mds/Desktop/python_projects/fedliversegsimulation/.venv/lib/python3.10/site-packages/flwr/simulation/ray_transport/ray_actor.py", line 64, in run
    raise ClientAppException(str(ex)) from ex
flwr.client.client_app.ClientAppException: 
Exception ClientAppException occurred. Message: LiverClient.evaluate() missing 1 required positional argument: 'config'

[2024-06-13 13:22:53,999][flwr][ERROR] - Traceback (most recent call last):
  File "/home/mds/Desktop/python_projects/fedliversegsimulation/.venv/lib/python3.10/site-packages/flwr/simulation/ray_transport/ray_client_proxy.py", line 73, in _submit_job
    out_mssg, updated_context = self.actor_pool.get_client_result(
  File "/home/mds/Desktop/python_projects/fedliversegsimulation/.venv/lib/python3.10/site-packages/flwr/simulation/ray_transport/ray_actor.py", line 399, in get_client_result
    return self._fetch_future_result(cid)
  File "/home/mds/Desktop/python_projects/fedliversegsimulation/.venv/lib/python3.10/site-packages/flwr/simulation/ray_transport/ray_actor.py", line 280, in _fetch_future_result
    res_cid, out_mssg, updated_context = ray.get(
  File "/home/mds/Desktop/python_projects/fedliversegsimulation/.venv/lib/python3.10/site-packages/ray/_private/auto_init_hook.py", line 21, in auto_init_wrapper
    return fn(*args, **kwargs)
  File "/home/mds/Desktop/python_projects/fedliversegsimulation/.venv/lib/python3.10/site-packages/ray/_private/client_mode_hook.py", line 103, in wrapper
    return func(*args, **kwargs)
  File "/home/mds/Desktop/python_projects/fedliversegsimulation/.venv/lib/python3.10/site-packages/ray/_private/worker.py", line 2613, in get
    values, debugger_breakpoint = worker.get_objects(object_refs, timeout=timeout)
  File "/home/mds/Desktop/python_projects/fedliversegsimulation/.venv/lib/python3.10/site-packages/ray/_private/worker.py", line 861, in get_objects
    raise value.as_instanceof_cause()
ray.exceptions.RayTaskError(ClientAppException): [36mray::ClientAppActor.run()[39m (pid=170390, ip=10.250.130.147, actor_id=80d790d0c4a20e54f37f27be01000000, repr=<flwr.simulation.ray_transport.ray_actor.ClientAppActor object at 0x7c4be7fa8ac0>)
  File "/home/mds/Desktop/python_projects/fedliversegsimulation/.venv/lib/python3.10/site-packages/flwr/client/client_app.py", line 98, in __call__
    return self._call(message, context)
  File "/home/mds/Desktop/python_projects/fedliversegsimulation/.venv/lib/python3.10/site-packages/flwr/client/client_app.py", line 81, in ffn
    out_message = handle_legacy_message_from_msgtype(
  File "/home/mds/Desktop/python_projects/fedliversegsimulation/.venv/lib/python3.10/site-packages/flwr/client/message_handler/message_handler.py", line 137, in handle_legacy_message_from_msgtype
    evaluate_res = maybe_call_evaluate(
  File "/home/mds/Desktop/python_projects/fedliversegsimulation/.venv/lib/python3.10/site-packages/flwr/client/client.py", line 254, in maybe_call_evaluate
    return client.evaluate(evaluate_ins)
  File "/home/mds/Desktop/python_projects/fedliversegsimulation/.venv/lib/python3.10/site-packages/flwr/client/numpy_client.py", line 262, in _evaluate
    results = self.numpy_client.evaluate(parameters, ins.config)  # type: ignore
TypeError: LiverClient.evaluate() missing 1 required positional argument: 'config'

The above exception was the direct cause of the following exception:

[36mray::ClientAppActor.run()[39m (pid=170390, ip=10.250.130.147, actor_id=80d790d0c4a20e54f37f27be01000000, repr=<flwr.simulation.ray_transport.ray_actor.ClientAppActor object at 0x7c4be7fa8ac0>)
  File "/home/mds/Desktop/python_projects/fedliversegsimulation/.venv/lib/python3.10/site-packages/flwr/simulation/ray_transport/ray_actor.py", line 64, in run
    raise ClientAppException(str(ex)) from ex
flwr.client.client_app.ClientAppException: 
Exception ClientAppException occurred. Message: LiverClient.evaluate() missing 1 required positional argument: 'config'

[2024-06-13 13:22:54,000][flwr][ERROR] - [36mray::ClientAppActor.run()[39m (pid=170386, ip=10.250.130.147, actor_id=57ccd454eaa64eca591962c301000000, repr=<flwr.simulation.ray_transport.ray_actor.ClientAppActor object at 0x7092a41e0b20>)
  File "/home/mds/Desktop/python_projects/fedliversegsimulation/.venv/lib/python3.10/site-packages/flwr/client/client_app.py", line 98, in __call__
    return self._call(message, context)
  File "/home/mds/Desktop/python_projects/fedliversegsimulation/.venv/lib/python3.10/site-packages/flwr/client/client_app.py", line 81, in ffn
    out_message = handle_legacy_message_from_msgtype(
  File "/home/mds/Desktop/python_projects/fedliversegsimulation/.venv/lib/python3.10/site-packages/flwr/client/message_handler/message_handler.py", line 137, in handle_legacy_message_from_msgtype
    evaluate_res = maybe_call_evaluate(
  File "/home/mds/Desktop/python_projects/fedliversegsimulation/.venv/lib/python3.10/site-packages/flwr/client/client.py", line 254, in maybe_call_evaluate
    return client.evaluate(evaluate_ins)
  File "/home/mds/Desktop/python_projects/fedliversegsimulation/.venv/lib/python3.10/site-packages/flwr/client/numpy_client.py", line 262, in _evaluate
    results = self.numpy_client.evaluate(parameters, ins.config)  # type: ignore
TypeError: LiverClient.evaluate() missing 1 required positional argument: 'config'

The above exception was the direct cause of the following exception:

[36mray::ClientAppActor.run()[39m (pid=170386, ip=10.250.130.147, actor_id=57ccd454eaa64eca591962c301000000, repr=<flwr.simulation.ray_transport.ray_actor.ClientAppActor object at 0x7092a41e0b20>)
  File "/home/mds/Desktop/python_projects/fedliversegsimulation/.venv/lib/python3.10/site-packages/flwr/simulation/ray_transport/ray_actor.py", line 64, in run
    raise ClientAppException(str(ex)) from ex
flwr.client.client_app.ClientAppException: 
Exception ClientAppException occurred. Message: LiverClient.evaluate() missing 1 required positional argument: 'config'
[2024-06-13 13:22:54,000][flwr][ERROR] - [36mray::ClientAppActor.run()[39m (pid=170390, ip=10.250.130.147, actor_id=80d790d0c4a20e54f37f27be01000000, repr=<flwr.simulation.ray_transport.ray_actor.ClientAppActor object at 0x7c4be7fa8ac0>)
  File "/home/mds/Desktop/python_projects/fedliversegsimulation/.venv/lib/python3.10/site-packages/flwr/client/client_app.py", line 98, in __call__
    return self._call(message, context)
  File "/home/mds/Desktop/python_projects/fedliversegsimulation/.venv/lib/python3.10/site-packages/flwr/client/client_app.py", line 81, in ffn
    out_message = handle_legacy_message_from_msgtype(
  File "/home/mds/Desktop/python_projects/fedliversegsimulation/.venv/lib/python3.10/site-packages/flwr/client/message_handler/message_handler.py", line 137, in handle_legacy_message_from_msgtype
    evaluate_res = maybe_call_evaluate(
  File "/home/mds/Desktop/python_projects/fedliversegsimulation/.venv/lib/python3.10/site-packages/flwr/client/client.py", line 254, in maybe_call_evaluate
    return client.evaluate(evaluate_ins)
  File "/home/mds/Desktop/python_projects/fedliversegsimulation/.venv/lib/python3.10/site-packages/flwr/client/numpy_client.py", line 262, in _evaluate
    results = self.numpy_client.evaluate(parameters, ins.config)  # type: ignore
TypeError: LiverClient.evaluate() missing 1 required positional argument: 'config'

The above exception was the direct cause of the following exception:

[36mray::ClientAppActor.run()[39m (pid=170390, ip=10.250.130.147, actor_id=80d790d0c4a20e54f37f27be01000000, repr=<flwr.simulation.ray_transport.ray_actor.ClientAppActor object at 0x7c4be7fa8ac0>)
  File "/home/mds/Desktop/python_projects/fedliversegsimulation/.venv/lib/python3.10/site-packages/flwr/simulation/ray_transport/ray_actor.py", line 64, in run
    raise ClientAppException(str(ex)) from ex
flwr.client.client_app.ClientAppException: 
Exception ClientAppException occurred. Message: LiverClient.evaluate() missing 1 required positional argument: 'config'
[2024-06-13 13:22:54,001][flwr][ERROR] - Traceback (most recent call last):
  File "/home/mds/Desktop/python_projects/fedliversegsimulation/.venv/lib/python3.10/site-packages/flwr/simulation/ray_transport/ray_client_proxy.py", line 73, in _submit_job
    out_mssg, updated_context = self.actor_pool.get_client_result(
  File "/home/mds/Desktop/python_projects/fedliversegsimulation/.venv/lib/python3.10/site-packages/flwr/simulation/ray_transport/ray_actor.py", line 399, in get_client_result
    return self._fetch_future_result(cid)
  File "/home/mds/Desktop/python_projects/fedliversegsimulation/.venv/lib/python3.10/site-packages/flwr/simulation/ray_transport/ray_actor.py", line 280, in _fetch_future_result
    res_cid, out_mssg, updated_context = ray.get(
  File "/home/mds/Desktop/python_projects/fedliversegsimulation/.venv/lib/python3.10/site-packages/ray/_private/auto_init_hook.py", line 21, in auto_init_wrapper
    return fn(*args, **kwargs)
  File "/home/mds/Desktop/python_projects/fedliversegsimulation/.venv/lib/python3.10/site-packages/ray/_private/client_mode_hook.py", line 103, in wrapper
    return func(*args, **kwargs)
  File "/home/mds/Desktop/python_projects/fedliversegsimulation/.venv/lib/python3.10/site-packages/ray/_private/worker.py", line 2613, in get
    values, debugger_breakpoint = worker.get_objects(object_refs, timeout=timeout)
  File "/home/mds/Desktop/python_projects/fedliversegsimulation/.venv/lib/python3.10/site-packages/ray/_private/worker.py", line 861, in get_objects
    raise value.as_instanceof_cause()
ray.exceptions.RayTaskError(ClientAppException): [36mray::ClientAppActor.run()[39m (pid=170387, ip=10.250.130.147, actor_id=94546d81a6ef5644e9b6abfd01000000, repr=<flwr.simulation.ray_transport.ray_actor.ClientAppActor object at 0x70e2f83e4ac0>)
  File "/home/mds/Desktop/python_projects/fedliversegsimulation/.venv/lib/python3.10/site-packages/flwr/client/client_app.py", line 98, in __call__
    return self._call(message, context)
  File "/home/mds/Desktop/python_projects/fedliversegsimulation/.venv/lib/python3.10/site-packages/flwr/client/client_app.py", line 81, in ffn
    out_message = handle_legacy_message_from_msgtype(
  File "/home/mds/Desktop/python_projects/fedliversegsimulation/.venv/lib/python3.10/site-packages/flwr/client/message_handler/message_handler.py", line 137, in handle_legacy_message_from_msgtype
    evaluate_res = maybe_call_evaluate(
  File "/home/mds/Desktop/python_projects/fedliversegsimulation/.venv/lib/python3.10/site-packages/flwr/client/client.py", line 254, in maybe_call_evaluate
    return client.evaluate(evaluate_ins)
  File "/home/mds/Desktop/python_projects/fedliversegsimulation/.venv/lib/python3.10/site-packages/flwr/client/numpy_client.py", line 262, in _evaluate
    results = self.numpy_client.evaluate(parameters, ins.config)  # type: ignore
TypeError: LiverClient.evaluate() missing 1 required positional argument: 'config'

The above exception was the direct cause of the following exception:

[36mray::ClientAppActor.run()[39m (pid=170387, ip=10.250.130.147, actor_id=94546d81a6ef5644e9b6abfd01000000, repr=<flwr.simulation.ray_transport.ray_actor.ClientAppActor object at 0x70e2f83e4ac0>)
  File "/home/mds/Desktop/python_projects/fedliversegsimulation/.venv/lib/python3.10/site-packages/flwr/simulation/ray_transport/ray_actor.py", line 64, in run
    raise ClientAppException(str(ex)) from ex
flwr.client.client_app.ClientAppException: 
Exception ClientAppException occurred. Message: LiverClient.evaluate() missing 1 required positional argument: 'config'

[2024-06-13 13:22:54,001][flwr][ERROR] - [36mray::ClientAppActor.run()[39m (pid=170387, ip=10.250.130.147, actor_id=94546d81a6ef5644e9b6abfd01000000, repr=<flwr.simulation.ray_transport.ray_actor.ClientAppActor object at 0x70e2f83e4ac0>)
  File "/home/mds/Desktop/python_projects/fedliversegsimulation/.venv/lib/python3.10/site-packages/flwr/client/client_app.py", line 98, in __call__
    return self._call(message, context)
  File "/home/mds/Desktop/python_projects/fedliversegsimulation/.venv/lib/python3.10/site-packages/flwr/client/client_app.py", line 81, in ffn
    out_message = handle_legacy_message_from_msgtype(
  File "/home/mds/Desktop/python_projects/fedliversegsimulation/.venv/lib/python3.10/site-packages/flwr/client/message_handler/message_handler.py", line 137, in handle_legacy_message_from_msgtype
    evaluate_res = maybe_call_evaluate(
  File "/home/mds/Desktop/python_projects/fedliversegsimulation/.venv/lib/python3.10/site-packages/flwr/client/client.py", line 254, in maybe_call_evaluate
    return client.evaluate(evaluate_ins)
  File "/home/mds/Desktop/python_projects/fedliversegsimulation/.venv/lib/python3.10/site-packages/flwr/client/numpy_client.py", line 262, in _evaluate
    results = self.numpy_client.evaluate(parameters, ins.config)  # type: ignore
TypeError: LiverClient.evaluate() missing 1 required positional argument: 'config'

The above exception was the direct cause of the following exception:

[36mray::ClientAppActor.run()[39m (pid=170387, ip=10.250.130.147, actor_id=94546d81a6ef5644e9b6abfd01000000, repr=<flwr.simulation.ray_transport.ray_actor.ClientAppActor object at 0x70e2f83e4ac0>)
  File "/home/mds/Desktop/python_projects/fedliversegsimulation/.venv/lib/python3.10/site-packages/flwr/simulation/ray_transport/ray_actor.py", line 64, in run
    raise ClientAppException(str(ex)) from ex
flwr.client.client_app.ClientAppException: 
Exception ClientAppException occurred. Message: LiverClient.evaluate() missing 1 required positional argument: 'config'
[2024-06-13 13:22:54,002][flwr][ERROR] - Traceback (most recent call last):
  File "/home/mds/Desktop/python_projects/fedliversegsimulation/.venv/lib/python3.10/site-packages/flwr/simulation/ray_transport/ray_client_proxy.py", line 73, in _submit_job
    out_mssg, updated_context = self.actor_pool.get_client_result(
  File "/home/mds/Desktop/python_projects/fedliversegsimulation/.venv/lib/python3.10/site-packages/flwr/simulation/ray_transport/ray_actor.py", line 399, in get_client_result
    return self._fetch_future_result(cid)
  File "/home/mds/Desktop/python_projects/fedliversegsimulation/.venv/lib/python3.10/site-packages/flwr/simulation/ray_transport/ray_actor.py", line 280, in _fetch_future_result
    res_cid, out_mssg, updated_context = ray.get(
  File "/home/mds/Desktop/python_projects/fedliversegsimulation/.venv/lib/python3.10/site-packages/ray/_private/auto_init_hook.py", line 21, in auto_init_wrapper
    return fn(*args, **kwargs)
  File "/home/mds/Desktop/python_projects/fedliversegsimulation/.venv/lib/python3.10/site-packages/ray/_private/client_mode_hook.py", line 103, in wrapper
    return func(*args, **kwargs)
  File "/home/mds/Desktop/python_projects/fedliversegsimulation/.venv/lib/python3.10/site-packages/ray/_private/worker.py", line 2613, in get
    values, debugger_breakpoint = worker.get_objects(object_refs, timeout=timeout)
  File "/home/mds/Desktop/python_projects/fedliversegsimulation/.venv/lib/python3.10/site-packages/ray/_private/worker.py", line 861, in get_objects
    raise value.as_instanceof_cause()
ray.exceptions.RayTaskError(ClientAppException): [36mray::ClientAppActor.run()[39m (pid=170388, ip=10.250.130.147, actor_id=cf5f5adcdc3ba0d003ccb2cd01000000, repr=<flwr.simulation.ray_transport.ray_actor.ClientAppActor object at 0x75cf7abe4b20>)
  File "/home/mds/Desktop/python_projects/fedliversegsimulation/.venv/lib/python3.10/site-packages/flwr/client/client_app.py", line 98, in __call__
    return self._call(message, context)
  File "/home/mds/Desktop/python_projects/fedliversegsimulation/.venv/lib/python3.10/site-packages/flwr/client/client_app.py", line 81, in ffn
    out_message = handle_legacy_message_from_msgtype(
  File "/home/mds/Desktop/python_projects/fedliversegsimulation/.venv/lib/python3.10/site-packages/flwr/client/message_handler/message_handler.py", line 137, in handle_legacy_message_from_msgtype
    evaluate_res = maybe_call_evaluate(
  File "/home/mds/Desktop/python_projects/fedliversegsimulation/.venv/lib/python3.10/site-packages/flwr/client/client.py", line 254, in maybe_call_evaluate
    return client.evaluate(evaluate_ins)
  File "/home/mds/Desktop/python_projects/fedliversegsimulation/.venv/lib/python3.10/site-packages/flwr/client/numpy_client.py", line 262, in _evaluate
    results = self.numpy_client.evaluate(parameters, ins.config)  # type: ignore
TypeError: LiverClient.evaluate() missing 1 required positional argument: 'config'

The above exception was the direct cause of the following exception:

[36mray::ClientAppActor.run()[39m (pid=170388, ip=10.250.130.147, actor_id=cf5f5adcdc3ba0d003ccb2cd01000000, repr=<flwr.simulation.ray_transport.ray_actor.ClientAppActor object at 0x75cf7abe4b20>)
  File "/home/mds/Desktop/python_projects/fedliversegsimulation/.venv/lib/python3.10/site-packages/flwr/simulation/ray_transport/ray_actor.py", line 64, in run
    raise ClientAppException(str(ex)) from ex
flwr.client.client_app.ClientAppException: 
Exception ClientAppException occurred. Message: LiverClient.evaluate() missing 1 required positional argument: 'config'

[2024-06-13 13:22:54,002][flwr][ERROR] - Traceback (most recent call last):
  File "/home/mds/Desktop/python_projects/fedliversegsimulation/.venv/lib/python3.10/site-packages/flwr/simulation/ray_transport/ray_client_proxy.py", line 73, in _submit_job
    out_mssg, updated_context = self.actor_pool.get_client_result(
  File "/home/mds/Desktop/python_projects/fedliversegsimulation/.venv/lib/python3.10/site-packages/flwr/simulation/ray_transport/ray_actor.py", line 399, in get_client_result
    return self._fetch_future_result(cid)
  File "/home/mds/Desktop/python_projects/fedliversegsimulation/.venv/lib/python3.10/site-packages/flwr/simulation/ray_transport/ray_actor.py", line 280, in _fetch_future_result
    res_cid, out_mssg, updated_context = ray.get(
  File "/home/mds/Desktop/python_projects/fedliversegsimulation/.venv/lib/python3.10/site-packages/ray/_private/auto_init_hook.py", line 21, in auto_init_wrapper
    return fn(*args, **kwargs)
  File "/home/mds/Desktop/python_projects/fedliversegsimulation/.venv/lib/python3.10/site-packages/ray/_private/client_mode_hook.py", line 103, in wrapper
    return func(*args, **kwargs)
  File "/home/mds/Desktop/python_projects/fedliversegsimulation/.venv/lib/python3.10/site-packages/ray/_private/worker.py", line 2613, in get
    values, debugger_breakpoint = worker.get_objects(object_refs, timeout=timeout)
  File "/home/mds/Desktop/python_projects/fedliversegsimulation/.venv/lib/python3.10/site-packages/ray/_private/worker.py", line 861, in get_objects
    raise value.as_instanceof_cause()
ray.exceptions.RayTaskError(ClientAppException): [36mray::ClientAppActor.run()[39m (pid=170389, ip=10.250.130.147, actor_id=0171de3366ae238cafa0d49b01000000, repr=<flwr.simulation.ray_transport.ray_actor.ClientAppActor object at 0x7f06285a8ac0>)
  File "/home/mds/Desktop/python_projects/fedliversegsimulation/.venv/lib/python3.10/site-packages/flwr/client/client_app.py", line 98, in __call__
    return self._call(message, context)
  File "/home/mds/Desktop/python_projects/fedliversegsimulation/.venv/lib/python3.10/site-packages/flwr/client/client_app.py", line 81, in ffn
    out_message = handle_legacy_message_from_msgtype(
  File "/home/mds/Desktop/python_projects/fedliversegsimulation/.venv/lib/python3.10/site-packages/flwr/client/message_handler/message_handler.py", line 137, in handle_legacy_message_from_msgtype
    evaluate_res = maybe_call_evaluate(
  File "/home/mds/Desktop/python_projects/fedliversegsimulation/.venv/lib/python3.10/site-packages/flwr/client/client.py", line 254, in maybe_call_evaluate
    return client.evaluate(evaluate_ins)
  File "/home/mds/Desktop/python_projects/fedliversegsimulation/.venv/lib/python3.10/site-packages/flwr/client/numpy_client.py", line 262, in _evaluate
    results = self.numpy_client.evaluate(parameters, ins.config)  # type: ignore
TypeError: LiverClient.evaluate() missing 1 required positional argument: 'config'

The above exception was the direct cause of the following exception:

[36mray::ClientAppActor.run()[39m (pid=170389, ip=10.250.130.147, actor_id=0171de3366ae238cafa0d49b01000000, repr=<flwr.simulation.ray_transport.ray_actor.ClientAppActor object at 0x7f06285a8ac0>)
  File "/home/mds/Desktop/python_projects/fedliversegsimulation/.venv/lib/python3.10/site-packages/flwr/simulation/ray_transport/ray_actor.py", line 64, in run
    raise ClientAppException(str(ex)) from ex
flwr.client.client_app.ClientAppException: 
Exception ClientAppException occurred. Message: LiverClient.evaluate() missing 1 required positional argument: 'config'

[2024-06-13 13:22:54,003][flwr][ERROR] - Traceback (most recent call last):
  File "/home/mds/Desktop/python_projects/fedliversegsimulation/.venv/lib/python3.10/site-packages/flwr/simulation/ray_transport/ray_client_proxy.py", line 73, in _submit_job
    out_mssg, updated_context = self.actor_pool.get_client_result(
  File "/home/mds/Desktop/python_projects/fedliversegsimulation/.venv/lib/python3.10/site-packages/flwr/simulation/ray_transport/ray_actor.py", line 399, in get_client_result
    return self._fetch_future_result(cid)
  File "/home/mds/Desktop/python_projects/fedliversegsimulation/.venv/lib/python3.10/site-packages/flwr/simulation/ray_transport/ray_actor.py", line 280, in _fetch_future_result
    res_cid, out_mssg, updated_context = ray.get(
  File "/home/mds/Desktop/python_projects/fedliversegsimulation/.venv/lib/python3.10/site-packages/ray/_private/auto_init_hook.py", line 21, in auto_init_wrapper
    return fn(*args, **kwargs)
  File "/home/mds/Desktop/python_projects/fedliversegsimulation/.venv/lib/python3.10/site-packages/ray/_private/client_mode_hook.py", line 103, in wrapper
    return func(*args, **kwargs)
  File "/home/mds/Desktop/python_projects/fedliversegsimulation/.venv/lib/python3.10/site-packages/ray/_private/worker.py", line 2613, in get
    values, debugger_breakpoint = worker.get_objects(object_refs, timeout=timeout)
  File "/home/mds/Desktop/python_projects/fedliversegsimulation/.venv/lib/python3.10/site-packages/ray/_private/worker.py", line 861, in get_objects
    raise value.as_instanceof_cause()
ray.exceptions.RayTaskError(ClientAppException): [36mray::ClientAppActor.run()[39m (pid=170390, ip=10.250.130.147, actor_id=80d790d0c4a20e54f37f27be01000000, repr=<flwr.simulation.ray_transport.ray_actor.ClientAppActor object at 0x7c4be7fa8ac0>)
  File "/home/mds/Desktop/python_projects/fedliversegsimulation/.venv/lib/python3.10/site-packages/flwr/client/client_app.py", line 98, in __call__
    return self._call(message, context)
  File "/home/mds/Desktop/python_projects/fedliversegsimulation/.venv/lib/python3.10/site-packages/flwr/client/client_app.py", line 81, in ffn
    out_message = handle_legacy_message_from_msgtype(
  File "/home/mds/Desktop/python_projects/fedliversegsimulation/.venv/lib/python3.10/site-packages/flwr/client/message_handler/message_handler.py", line 137, in handle_legacy_message_from_msgtype
    evaluate_res = maybe_call_evaluate(
  File "/home/mds/Desktop/python_projects/fedliversegsimulation/.venv/lib/python3.10/site-packages/flwr/client/client.py", line 254, in maybe_call_evaluate
    return client.evaluate(evaluate_ins)
  File "/home/mds/Desktop/python_projects/fedliversegsimulation/.venv/lib/python3.10/site-packages/flwr/client/numpy_client.py", line 262, in _evaluate
    results = self.numpy_client.evaluate(parameters, ins.config)  # type: ignore
TypeError: LiverClient.evaluate() missing 1 required positional argument: 'config'

The above exception was the direct cause of the following exception:

[36mray::ClientAppActor.run()[39m (pid=170390, ip=10.250.130.147, actor_id=80d790d0c4a20e54f37f27be01000000, repr=<flwr.simulation.ray_transport.ray_actor.ClientAppActor object at 0x7c4be7fa8ac0>)
  File "/home/mds/Desktop/python_projects/fedliversegsimulation/.venv/lib/python3.10/site-packages/flwr/simulation/ray_transport/ray_actor.py", line 64, in run
    raise ClientAppException(str(ex)) from ex
flwr.client.client_app.ClientAppException: 
Exception ClientAppException occurred. Message: LiverClient.evaluate() missing 1 required positional argument: 'config'

[2024-06-13 13:22:54,003][flwr][ERROR] - [36mray::ClientAppActor.run()[39m (pid=170388, ip=10.250.130.147, actor_id=cf5f5adcdc3ba0d003ccb2cd01000000, repr=<flwr.simulation.ray_transport.ray_actor.ClientAppActor object at 0x75cf7abe4b20>)
  File "/home/mds/Desktop/python_projects/fedliversegsimulation/.venv/lib/python3.10/site-packages/flwr/client/client_app.py", line 98, in __call__
    return self._call(message, context)
  File "/home/mds/Desktop/python_projects/fedliversegsimulation/.venv/lib/python3.10/site-packages/flwr/client/client_app.py", line 81, in ffn
    out_message = handle_legacy_message_from_msgtype(
  File "/home/mds/Desktop/python_projects/fedliversegsimulation/.venv/lib/python3.10/site-packages/flwr/client/message_handler/message_handler.py", line 137, in handle_legacy_message_from_msgtype
    evaluate_res = maybe_call_evaluate(
  File "/home/mds/Desktop/python_projects/fedliversegsimulation/.venv/lib/python3.10/site-packages/flwr/client/client.py", line 254, in maybe_call_evaluate
    return client.evaluate(evaluate_ins)
  File "/home/mds/Desktop/python_projects/fedliversegsimulation/.venv/lib/python3.10/site-packages/flwr/client/numpy_client.py", line 262, in _evaluate
    results = self.numpy_client.evaluate(parameters, ins.config)  # type: ignore
TypeError: LiverClient.evaluate() missing 1 required positional argument: 'config'

The above exception was the direct cause of the following exception:

[36mray::ClientAppActor.run()[39m (pid=170388, ip=10.250.130.147, actor_id=cf5f5adcdc3ba0d003ccb2cd01000000, repr=<flwr.simulation.ray_transport.ray_actor.ClientAppActor object at 0x75cf7abe4b20>)
  File "/home/mds/Desktop/python_projects/fedliversegsimulation/.venv/lib/python3.10/site-packages/flwr/simulation/ray_transport/ray_actor.py", line 64, in run
    raise ClientAppException(str(ex)) from ex
flwr.client.client_app.ClientAppException: 
Exception ClientAppException occurred. Message: LiverClient.evaluate() missing 1 required positional argument: 'config'
[2024-06-13 13:22:54,003][flwr][ERROR] - [36mray::ClientAppActor.run()[39m (pid=170389, ip=10.250.130.147, actor_id=0171de3366ae238cafa0d49b01000000, repr=<flwr.simulation.ray_transport.ray_actor.ClientAppActor object at 0x7f06285a8ac0>)
  File "/home/mds/Desktop/python_projects/fedliversegsimulation/.venv/lib/python3.10/site-packages/flwr/client/client_app.py", line 98, in __call__
    return self._call(message, context)
  File "/home/mds/Desktop/python_projects/fedliversegsimulation/.venv/lib/python3.10/site-packages/flwr/client/client_app.py", line 81, in ffn
    out_message = handle_legacy_message_from_msgtype(
  File "/home/mds/Desktop/python_projects/fedliversegsimulation/.venv/lib/python3.10/site-packages/flwr/client/message_handler/message_handler.py", line 137, in handle_legacy_message_from_msgtype
    evaluate_res = maybe_call_evaluate(
  File "/home/mds/Desktop/python_projects/fedliversegsimulation/.venv/lib/python3.10/site-packages/flwr/client/client.py", line 254, in maybe_call_evaluate
    return client.evaluate(evaluate_ins)
  File "/home/mds/Desktop/python_projects/fedliversegsimulation/.venv/lib/python3.10/site-packages/flwr/client/numpy_client.py", line 262, in _evaluate
    results = self.numpy_client.evaluate(parameters, ins.config)  # type: ignore
TypeError: LiverClient.evaluate() missing 1 required positional argument: 'config'

The above exception was the direct cause of the following exception:

[36mray::ClientAppActor.run()[39m (pid=170389, ip=10.250.130.147, actor_id=0171de3366ae238cafa0d49b01000000, repr=<flwr.simulation.ray_transport.ray_actor.ClientAppActor object at 0x7f06285a8ac0>)
  File "/home/mds/Desktop/python_projects/fedliversegsimulation/.venv/lib/python3.10/site-packages/flwr/simulation/ray_transport/ray_actor.py", line 64, in run
    raise ClientAppException(str(ex)) from ex
flwr.client.client_app.ClientAppException: 
Exception ClientAppException occurred. Message: LiverClient.evaluate() missing 1 required positional argument: 'config'
[2024-06-13 13:22:54,003][flwr][ERROR] - [36mray::ClientAppActor.run()[39m (pid=170390, ip=10.250.130.147, actor_id=80d790d0c4a20e54f37f27be01000000, repr=<flwr.simulation.ray_transport.ray_actor.ClientAppActor object at 0x7c4be7fa8ac0>)
  File "/home/mds/Desktop/python_projects/fedliversegsimulation/.venv/lib/python3.10/site-packages/flwr/client/client_app.py", line 98, in __call__
    return self._call(message, context)
  File "/home/mds/Desktop/python_projects/fedliversegsimulation/.venv/lib/python3.10/site-packages/flwr/client/client_app.py", line 81, in ffn
    out_message = handle_legacy_message_from_msgtype(
  File "/home/mds/Desktop/python_projects/fedliversegsimulation/.venv/lib/python3.10/site-packages/flwr/client/message_handler/message_handler.py", line 137, in handle_legacy_message_from_msgtype
    evaluate_res = maybe_call_evaluate(
  File "/home/mds/Desktop/python_projects/fedliversegsimulation/.venv/lib/python3.10/site-packages/flwr/client/client.py", line 254, in maybe_call_evaluate
    return client.evaluate(evaluate_ins)
  File "/home/mds/Desktop/python_projects/fedliversegsimulation/.venv/lib/python3.10/site-packages/flwr/client/numpy_client.py", line 262, in _evaluate
    results = self.numpy_client.evaluate(parameters, ins.config)  # type: ignore
TypeError: LiverClient.evaluate() missing 1 required positional argument: 'config'

The above exception was the direct cause of the following exception:

[36mray::ClientAppActor.run()[39m (pid=170390, ip=10.250.130.147, actor_id=80d790d0c4a20e54f37f27be01000000, repr=<flwr.simulation.ray_transport.ray_actor.ClientAppActor object at 0x7c4be7fa8ac0>)
  File "/home/mds/Desktop/python_projects/fedliversegsimulation/.venv/lib/python3.10/site-packages/flwr/simulation/ray_transport/ray_actor.py", line 64, in run
    raise ClientAppException(str(ex)) from ex
flwr.client.client_app.ClientAppException: 
Exception ClientAppException occurred. Message: LiverClient.evaluate() missing 1 required positional argument: 'config'
[2024-06-13 13:22:54,066][flwr][ERROR] - Traceback (most recent call last):
  File "/home/mds/Desktop/python_projects/fedliversegsimulation/.venv/lib/python3.10/site-packages/flwr/simulation/ray_transport/ray_client_proxy.py", line 73, in _submit_job
    out_mssg, updated_context = self.actor_pool.get_client_result(
  File "/home/mds/Desktop/python_projects/fedliversegsimulation/.venv/lib/python3.10/site-packages/flwr/simulation/ray_transport/ray_actor.py", line 399, in get_client_result
    return self._fetch_future_result(cid)
  File "/home/mds/Desktop/python_projects/fedliversegsimulation/.venv/lib/python3.10/site-packages/flwr/simulation/ray_transport/ray_actor.py", line 280, in _fetch_future_result
    res_cid, out_mssg, updated_context = ray.get(
  File "/home/mds/Desktop/python_projects/fedliversegsimulation/.venv/lib/python3.10/site-packages/ray/_private/auto_init_hook.py", line 21, in auto_init_wrapper
    return fn(*args, **kwargs)
  File "/home/mds/Desktop/python_projects/fedliversegsimulation/.venv/lib/python3.10/site-packages/ray/_private/client_mode_hook.py", line 103, in wrapper
    return func(*args, **kwargs)
  File "/home/mds/Desktop/python_projects/fedliversegsimulation/.venv/lib/python3.10/site-packages/ray/_private/worker.py", line 2613, in get
    values, debugger_breakpoint = worker.get_objects(object_refs, timeout=timeout)
  File "/home/mds/Desktop/python_projects/fedliversegsimulation/.venv/lib/python3.10/site-packages/ray/_private/worker.py", line 861, in get_objects
    raise value.as_instanceof_cause()
ray.exceptions.RayTaskError(ClientAppException): [36mray::ClientAppActor.run()[39m (pid=170386, ip=10.250.130.147, actor_id=57ccd454eaa64eca591962c301000000, repr=<flwr.simulation.ray_transport.ray_actor.ClientAppActor object at 0x7092a41e0b20>)
  File "/home/mds/Desktop/python_projects/fedliversegsimulation/.venv/lib/python3.10/site-packages/flwr/client/client_app.py", line 98, in __call__
    return self._call(message, context)
  File "/home/mds/Desktop/python_projects/fedliversegsimulation/.venv/lib/python3.10/site-packages/flwr/client/client_app.py", line 81, in ffn
    out_message = handle_legacy_message_from_msgtype(
  File "/home/mds/Desktop/python_projects/fedliversegsimulation/.venv/lib/python3.10/site-packages/flwr/client/message_handler/message_handler.py", line 137, in handle_legacy_message_from_msgtype
    evaluate_res = maybe_call_evaluate(
  File "/home/mds/Desktop/python_projects/fedliversegsimulation/.venv/lib/python3.10/site-packages/flwr/client/client.py", line 254, in maybe_call_evaluate
    return client.evaluate(evaluate_ins)
  File "/home/mds/Desktop/python_projects/fedliversegsimulation/.venv/lib/python3.10/site-packages/flwr/client/numpy_client.py", line 262, in _evaluate
    results = self.numpy_client.evaluate(parameters, ins.config)  # type: ignore
TypeError: LiverClient.evaluate() missing 1 required positional argument: 'config'

The above exception was the direct cause of the following exception:

[36mray::ClientAppActor.run()[39m (pid=170386, ip=10.250.130.147, actor_id=57ccd454eaa64eca591962c301000000, repr=<flwr.simulation.ray_transport.ray_actor.ClientAppActor object at 0x7092a41e0b20>)
  File "/home/mds/Desktop/python_projects/fedliversegsimulation/.venv/lib/python3.10/site-packages/flwr/simulation/ray_transport/ray_actor.py", line 64, in run
    raise ClientAppException(str(ex)) from ex
flwr.client.client_app.ClientAppException: 
Exception ClientAppException occurred. Message: LiverClient.evaluate() missing 1 required positional argument: 'config'

[2024-06-13 13:22:54,066][flwr][ERROR] - [36mray::ClientAppActor.run()[39m (pid=170386, ip=10.250.130.147, actor_id=57ccd454eaa64eca591962c301000000, repr=<flwr.simulation.ray_transport.ray_actor.ClientAppActor object at 0x7092a41e0b20>)
  File "/home/mds/Desktop/python_projects/fedliversegsimulation/.venv/lib/python3.10/site-packages/flwr/client/client_app.py", line 98, in __call__
    return self._call(message, context)
  File "/home/mds/Desktop/python_projects/fedliversegsimulation/.venv/lib/python3.10/site-packages/flwr/client/client_app.py", line 81, in ffn
    out_message = handle_legacy_message_from_msgtype(
  File "/home/mds/Desktop/python_projects/fedliversegsimulation/.venv/lib/python3.10/site-packages/flwr/client/message_handler/message_handler.py", line 137, in handle_legacy_message_from_msgtype
    evaluate_res = maybe_call_evaluate(
  File "/home/mds/Desktop/python_projects/fedliversegsimulation/.venv/lib/python3.10/site-packages/flwr/client/client.py", line 254, in maybe_call_evaluate
    return client.evaluate(evaluate_ins)
  File "/home/mds/Desktop/python_projects/fedliversegsimulation/.venv/lib/python3.10/site-packages/flwr/client/numpy_client.py", line 262, in _evaluate
    results = self.numpy_client.evaluate(parameters, ins.config)  # type: ignore
TypeError: LiverClient.evaluate() missing 1 required positional argument: 'config'

The above exception was the direct cause of the following exception:

[36mray::ClientAppActor.run()[39m (pid=170386, ip=10.250.130.147, actor_id=57ccd454eaa64eca591962c301000000, repr=<flwr.simulation.ray_transport.ray_actor.ClientAppActor object at 0x7092a41e0b20>)
  File "/home/mds/Desktop/python_projects/fedliversegsimulation/.venv/lib/python3.10/site-packages/flwr/simulation/ray_transport/ray_actor.py", line 64, in run
    raise ClientAppException(str(ex)) from ex
flwr.client.client_app.ClientAppException: 
Exception ClientAppException occurred. Message: LiverClient.evaluate() missing 1 required positional argument: 'config'
[2024-06-13 13:22:54,066][flwr][INFO] - aggregate_evaluate: received 0 results and 10 failures
[2024-06-13 13:22:54,067][flwr][INFO] - 
[2024-06-13 13:22:54,067][flwr][INFO] - [ROUND 2]
[2024-06-13 13:22:54,067][flwr][INFO] - configure_fit: strategy sampled 10 clients (out of 30)
[2024-06-13 14:01:40,772][flwr][INFO] - aggregate_fit: received 10 results and 0 failures
[2024-06-13 14:09:02,129][flwr][INFO] - fit progress: (2, 0.1266122487295105, OrderedDict([('iou', 0.2973437601542164), ('dice_liver', tensor(0.3656, dtype=torch.float64)), ('dice_tumor', tensor(0.0175, dtype=torch.float64))]), 5498.358383508003)
[2024-06-13 14:09:02,138][flwr][INFO] - configure_evaluate: strategy sampled 10 clients (out of 30)
[2024-06-13 14:09:02,430][flwr][ERROR] - Traceback (most recent call last):
  File "/home/mds/Desktop/python_projects/fedliversegsimulation/.venv/lib/python3.10/site-packages/flwr/simulation/ray_transport/ray_client_proxy.py", line 73, in _submit_job
    out_mssg, updated_context = self.actor_pool.get_client_result(
  File "/home/mds/Desktop/python_projects/fedliversegsimulation/.venv/lib/python3.10/site-packages/flwr/simulation/ray_transport/ray_actor.py", line 399, in get_client_result
    return self._fetch_future_result(cid)
  File "/home/mds/Desktop/python_projects/fedliversegsimulation/.venv/lib/python3.10/site-packages/flwr/simulation/ray_transport/ray_actor.py", line 280, in _fetch_future_result
    res_cid, out_mssg, updated_context = ray.get(
  File "/home/mds/Desktop/python_projects/fedliversegsimulation/.venv/lib/python3.10/site-packages/ray/_private/auto_init_hook.py", line 21, in auto_init_wrapper
    return fn(*args, **kwargs)
  File "/home/mds/Desktop/python_projects/fedliversegsimulation/.venv/lib/python3.10/site-packages/ray/_private/client_mode_hook.py", line 103, in wrapper
    return func(*args, **kwargs)
  File "/home/mds/Desktop/python_projects/fedliversegsimulation/.venv/lib/python3.10/site-packages/ray/_private/worker.py", line 2613, in get
    values, debugger_breakpoint = worker.get_objects(object_refs, timeout=timeout)
  File "/home/mds/Desktop/python_projects/fedliversegsimulation/.venv/lib/python3.10/site-packages/ray/_private/worker.py", line 861, in get_objects
    raise value.as_instanceof_cause()
ray.exceptions.RayTaskError(ClientAppException): [36mray::ClientAppActor.run()[39m (pid=170389, ip=10.250.130.147, actor_id=0171de3366ae238cafa0d49b01000000, repr=<flwr.simulation.ray_transport.ray_actor.ClientAppActor object at 0x7f06285a8ac0>)
  File "/home/mds/Desktop/python_projects/fedliversegsimulation/.venv/lib/python3.10/site-packages/flwr/client/client_app.py", line 98, in __call__
    return self._call(message, context)
  File "/home/mds/Desktop/python_projects/fedliversegsimulation/.venv/lib/python3.10/site-packages/flwr/client/client_app.py", line 81, in ffn
    out_message = handle_legacy_message_from_msgtype(
  File "/home/mds/Desktop/python_projects/fedliversegsimulation/.venv/lib/python3.10/site-packages/flwr/client/message_handler/message_handler.py", line 137, in handle_legacy_message_from_msgtype
    evaluate_res = maybe_call_evaluate(
  File "/home/mds/Desktop/python_projects/fedliversegsimulation/.venv/lib/python3.10/site-packages/flwr/client/client.py", line 254, in maybe_call_evaluate
    return client.evaluate(evaluate_ins)
  File "/home/mds/Desktop/python_projects/fedliversegsimulation/.venv/lib/python3.10/site-packages/flwr/client/numpy_client.py", line 262, in _evaluate
    results = self.numpy_client.evaluate(parameters, ins.config)  # type: ignore
TypeError: LiverClient.evaluate() missing 1 required positional argument: 'config'

The above exception was the direct cause of the following exception:

[36mray::ClientAppActor.run()[39m (pid=170389, ip=10.250.130.147, actor_id=0171de3366ae238cafa0d49b01000000, repr=<flwr.simulation.ray_transport.ray_actor.ClientAppActor object at 0x7f06285a8ac0>)
  File "/home/mds/Desktop/python_projects/fedliversegsimulation/.venv/lib/python3.10/site-packages/flwr/simulation/ray_transport/ray_actor.py", line 64, in run
    raise ClientAppException(str(ex)) from ex
flwr.client.client_app.ClientAppException: 
Exception ClientAppException occurred. Message: LiverClient.evaluate() missing 1 required positional argument: 'config'

[2024-06-13 14:09:02,433][flwr][ERROR] - [36mray::ClientAppActor.run()[39m (pid=170389, ip=10.250.130.147, actor_id=0171de3366ae238cafa0d49b01000000, repr=<flwr.simulation.ray_transport.ray_actor.ClientAppActor object at 0x7f06285a8ac0>)
  File "/home/mds/Desktop/python_projects/fedliversegsimulation/.venv/lib/python3.10/site-packages/flwr/client/client_app.py", line 98, in __call__
    return self._call(message, context)
  File "/home/mds/Desktop/python_projects/fedliversegsimulation/.venv/lib/python3.10/site-packages/flwr/client/client_app.py", line 81, in ffn
    out_message = handle_legacy_message_from_msgtype(
  File "/home/mds/Desktop/python_projects/fedliversegsimulation/.venv/lib/python3.10/site-packages/flwr/client/message_handler/message_handler.py", line 137, in handle_legacy_message_from_msgtype
    evaluate_res = maybe_call_evaluate(
  File "/home/mds/Desktop/python_projects/fedliversegsimulation/.venv/lib/python3.10/site-packages/flwr/client/client.py", line 254, in maybe_call_evaluate
    return client.evaluate(evaluate_ins)
  File "/home/mds/Desktop/python_projects/fedliversegsimulation/.venv/lib/python3.10/site-packages/flwr/client/numpy_client.py", line 262, in _evaluate
    results = self.numpy_client.evaluate(parameters, ins.config)  # type: ignore
TypeError: LiverClient.evaluate() missing 1 required positional argument: 'config'

The above exception was the direct cause of the following exception:

[36mray::ClientAppActor.run()[39m (pid=170389, ip=10.250.130.147, actor_id=0171de3366ae238cafa0d49b01000000, repr=<flwr.simulation.ray_transport.ray_actor.ClientAppActor object at 0x7f06285a8ac0>)
  File "/home/mds/Desktop/python_projects/fedliversegsimulation/.venv/lib/python3.10/site-packages/flwr/simulation/ray_transport/ray_actor.py", line 64, in run
    raise ClientAppException(str(ex)) from ex
flwr.client.client_app.ClientAppException: 
Exception ClientAppException occurred. Message: LiverClient.evaluate() missing 1 required positional argument: 'config'
[2024-06-13 14:09:02,562][flwr][ERROR] - Traceback (most recent call last):
  File "/home/mds/Desktop/python_projects/fedliversegsimulation/.venv/lib/python3.10/site-packages/flwr/simulation/ray_transport/ray_client_proxy.py", line 73, in _submit_job
    out_mssg, updated_context = self.actor_pool.get_client_result(
  File "/home/mds/Desktop/python_projects/fedliversegsimulation/.venv/lib/python3.10/site-packages/flwr/simulation/ray_transport/ray_actor.py", line 399, in get_client_result
    return self._fetch_future_result(cid)
  File "/home/mds/Desktop/python_projects/fedliversegsimulation/.venv/lib/python3.10/site-packages/flwr/simulation/ray_transport/ray_actor.py", line 280, in _fetch_future_result
    res_cid, out_mssg, updated_context = ray.get(
  File "/home/mds/Desktop/python_projects/fedliversegsimulation/.venv/lib/python3.10/site-packages/ray/_private/auto_init_hook.py", line 21, in auto_init_wrapper
    return fn(*args, **kwargs)
  File "/home/mds/Desktop/python_projects/fedliversegsimulation/.venv/lib/python3.10/site-packages/ray/_private/client_mode_hook.py", line 103, in wrapper
    return func(*args, **kwargs)
  File "/home/mds/Desktop/python_projects/fedliversegsimulation/.venv/lib/python3.10/site-packages/ray/_private/worker.py", line 2613, in get
    values, debugger_breakpoint = worker.get_objects(object_refs, timeout=timeout)
  File "/home/mds/Desktop/python_projects/fedliversegsimulation/.venv/lib/python3.10/site-packages/ray/_private/worker.py", line 861, in get_objects
    raise value.as_instanceof_cause()
ray.exceptions.RayTaskError(ClientAppException): [36mray::ClientAppActor.run()[39m (pid=170388, ip=10.250.130.147, actor_id=cf5f5adcdc3ba0d003ccb2cd01000000, repr=<flwr.simulation.ray_transport.ray_actor.ClientAppActor object at 0x75cf7abe4b20>)
  File "/home/mds/Desktop/python_projects/fedliversegsimulation/.venv/lib/python3.10/site-packages/flwr/client/client_app.py", line 98, in __call__
    return self._call(message, context)
  File "/home/mds/Desktop/python_projects/fedliversegsimulation/.venv/lib/python3.10/site-packages/flwr/client/client_app.py", line 81, in ffn
    out_message = handle_legacy_message_from_msgtype(
  File "/home/mds/Desktop/python_projects/fedliversegsimulation/.venv/lib/python3.10/site-packages/flwr/client/message_handler/message_handler.py", line 137, in handle_legacy_message_from_msgtype
    evaluate_res = maybe_call_evaluate(
  File "/home/mds/Desktop/python_projects/fedliversegsimulation/.venv/lib/python3.10/site-packages/flwr/client/client.py", line 254, in maybe_call_evaluate
    return client.evaluate(evaluate_ins)
  File "/home/mds/Desktop/python_projects/fedliversegsimulation/.venv/lib/python3.10/site-packages/flwr/client/numpy_client.py", line 262, in _evaluate
    results = self.numpy_client.evaluate(parameters, ins.config)  # type: ignore
TypeError: LiverClient.evaluate() missing 1 required positional argument: 'config'

The above exception was the direct cause of the following exception:

[36mray::ClientAppActor.run()[39m (pid=170388, ip=10.250.130.147, actor_id=cf5f5adcdc3ba0d003ccb2cd01000000, repr=<flwr.simulation.ray_transport.ray_actor.ClientAppActor object at 0x75cf7abe4b20>)
  File "/home/mds/Desktop/python_projects/fedliversegsimulation/.venv/lib/python3.10/site-packages/flwr/simulation/ray_transport/ray_actor.py", line 64, in run
    raise ClientAppException(str(ex)) from ex
flwr.client.client_app.ClientAppException: 
Exception ClientAppException occurred. Message: LiverClient.evaluate() missing 1 required positional argument: 'config'

[2024-06-13 14:09:02,563][flwr][ERROR] - Traceback (most recent call last):
  File "/home/mds/Desktop/python_projects/fedliversegsimulation/.venv/lib/python3.10/site-packages/flwr/simulation/ray_transport/ray_client_proxy.py", line 73, in _submit_job
    out_mssg, updated_context = self.actor_pool.get_client_result(
  File "/home/mds/Desktop/python_projects/fedliversegsimulation/.venv/lib/python3.10/site-packages/flwr/simulation/ray_transport/ray_actor.py", line 399, in get_client_result
    return self._fetch_future_result(cid)
  File "/home/mds/Desktop/python_projects/fedliversegsimulation/.venv/lib/python3.10/site-packages/flwr/simulation/ray_transport/ray_actor.py", line 280, in _fetch_future_result
    res_cid, out_mssg, updated_context = ray.get(
  File "/home/mds/Desktop/python_projects/fedliversegsimulation/.venv/lib/python3.10/site-packages/ray/_private/auto_init_hook.py", line 21, in auto_init_wrapper
    return fn(*args, **kwargs)
  File "/home/mds/Desktop/python_projects/fedliversegsimulation/.venv/lib/python3.10/site-packages/ray/_private/client_mode_hook.py", line 103, in wrapper
    return func(*args, **kwargs)
  File "/home/mds/Desktop/python_projects/fedliversegsimulation/.venv/lib/python3.10/site-packages/ray/_private/worker.py", line 2613, in get
    values, debugger_breakpoint = worker.get_objects(object_refs, timeout=timeout)
  File "/home/mds/Desktop/python_projects/fedliversegsimulation/.venv/lib/python3.10/site-packages/ray/_private/worker.py", line 861, in get_objects
    raise value.as_instanceof_cause()
ray.exceptions.RayTaskError(ClientAppException): [36mray::ClientAppActor.run()[39m (pid=170387, ip=10.250.130.147, actor_id=94546d81a6ef5644e9b6abfd01000000, repr=<flwr.simulation.ray_transport.ray_actor.ClientAppActor object at 0x70e2f83e4ac0>)
  File "/home/mds/Desktop/python_projects/fedliversegsimulation/.venv/lib/python3.10/site-packages/flwr/client/client_app.py", line 98, in __call__
    return self._call(message, context)
  File "/home/mds/Desktop/python_projects/fedliversegsimulation/.venv/lib/python3.10/site-packages/flwr/client/client_app.py", line 81, in ffn
    out_message = handle_legacy_message_from_msgtype(
  File "/home/mds/Desktop/python_projects/fedliversegsimulation/.venv/lib/python3.10/site-packages/flwr/client/message_handler/message_handler.py", line 137, in handle_legacy_message_from_msgtype
    evaluate_res = maybe_call_evaluate(
  File "/home/mds/Desktop/python_projects/fedliversegsimulation/.venv/lib/python3.10/site-packages/flwr/client/client.py", line 254, in maybe_call_evaluate
    return client.evaluate(evaluate_ins)
  File "/home/mds/Desktop/python_projects/fedliversegsimulation/.venv/lib/python3.10/site-packages/flwr/client/numpy_client.py", line 262, in _evaluate
    results = self.numpy_client.evaluate(parameters, ins.config)  # type: ignore
TypeError: LiverClient.evaluate() missing 1 required positional argument: 'config'

The above exception was the direct cause of the following exception:

[36mray::ClientAppActor.run()[39m (pid=170387, ip=10.250.130.147, actor_id=94546d81a6ef5644e9b6abfd01000000, repr=<flwr.simulation.ray_transport.ray_actor.ClientAppActor object at 0x70e2f83e4ac0>)
  File "/home/mds/Desktop/python_projects/fedliversegsimulation/.venv/lib/python3.10/site-packages/flwr/simulation/ray_transport/ray_actor.py", line 64, in run
    raise ClientAppException(str(ex)) from ex
flwr.client.client_app.ClientAppException: 
Exception ClientAppException occurred. Message: LiverClient.evaluate() missing 1 required positional argument: 'config'

[2024-06-13 14:09:02,567][flwr][ERROR] - [36mray::ClientAppActor.run()[39m (pid=170388, ip=10.250.130.147, actor_id=cf5f5adcdc3ba0d003ccb2cd01000000, repr=<flwr.simulation.ray_transport.ray_actor.ClientAppActor object at 0x75cf7abe4b20>)
  File "/home/mds/Desktop/python_projects/fedliversegsimulation/.venv/lib/python3.10/site-packages/flwr/client/client_app.py", line 98, in __call__
    return self._call(message, context)
  File "/home/mds/Desktop/python_projects/fedliversegsimulation/.venv/lib/python3.10/site-packages/flwr/client/client_app.py", line 81, in ffn
    out_message = handle_legacy_message_from_msgtype(
  File "/home/mds/Desktop/python_projects/fedliversegsimulation/.venv/lib/python3.10/site-packages/flwr/client/message_handler/message_handler.py", line 137, in handle_legacy_message_from_msgtype
    evaluate_res = maybe_call_evaluate(
  File "/home/mds/Desktop/python_projects/fedliversegsimulation/.venv/lib/python3.10/site-packages/flwr/client/client.py", line 254, in maybe_call_evaluate
    return client.evaluate(evaluate_ins)
  File "/home/mds/Desktop/python_projects/fedliversegsimulation/.venv/lib/python3.10/site-packages/flwr/client/numpy_client.py", line 262, in _evaluate
    results = self.numpy_client.evaluate(parameters, ins.config)  # type: ignore
TypeError: LiverClient.evaluate() missing 1 required positional argument: 'config'

The above exception was the direct cause of the following exception:

[36mray::ClientAppActor.run()[39m (pid=170388, ip=10.250.130.147, actor_id=cf5f5adcdc3ba0d003ccb2cd01000000, repr=<flwr.simulation.ray_transport.ray_actor.ClientAppActor object at 0x75cf7abe4b20>)
  File "/home/mds/Desktop/python_projects/fedliversegsimulation/.venv/lib/python3.10/site-packages/flwr/simulation/ray_transport/ray_actor.py", line 64, in run
    raise ClientAppException(str(ex)) from ex
flwr.client.client_app.ClientAppException: 
Exception ClientAppException occurred. Message: LiverClient.evaluate() missing 1 required positional argument: 'config'
[2024-06-13 14:09:02,567][flwr][ERROR] - [36mray::ClientAppActor.run()[39m (pid=170387, ip=10.250.130.147, actor_id=94546d81a6ef5644e9b6abfd01000000, repr=<flwr.simulation.ray_transport.ray_actor.ClientAppActor object at 0x70e2f83e4ac0>)
  File "/home/mds/Desktop/python_projects/fedliversegsimulation/.venv/lib/python3.10/site-packages/flwr/client/client_app.py", line 98, in __call__
    return self._call(message, context)
  File "/home/mds/Desktop/python_projects/fedliversegsimulation/.venv/lib/python3.10/site-packages/flwr/client/client_app.py", line 81, in ffn
    out_message = handle_legacy_message_from_msgtype(
  File "/home/mds/Desktop/python_projects/fedliversegsimulation/.venv/lib/python3.10/site-packages/flwr/client/message_handler/message_handler.py", line 137, in handle_legacy_message_from_msgtype
    evaluate_res = maybe_call_evaluate(
  File "/home/mds/Desktop/python_projects/fedliversegsimulation/.venv/lib/python3.10/site-packages/flwr/client/client.py", line 254, in maybe_call_evaluate
    return client.evaluate(evaluate_ins)
  File "/home/mds/Desktop/python_projects/fedliversegsimulation/.venv/lib/python3.10/site-packages/flwr/client/numpy_client.py", line 262, in _evaluate
    results = self.numpy_client.evaluate(parameters, ins.config)  # type: ignore
TypeError: LiverClient.evaluate() missing 1 required positional argument: 'config'

The above exception was the direct cause of the following exception:

[36mray::ClientAppActor.run()[39m (pid=170387, ip=10.250.130.147, actor_id=94546d81a6ef5644e9b6abfd01000000, repr=<flwr.simulation.ray_transport.ray_actor.ClientAppActor object at 0x70e2f83e4ac0>)
  File "/home/mds/Desktop/python_projects/fedliversegsimulation/.venv/lib/python3.10/site-packages/flwr/simulation/ray_transport/ray_actor.py", line 64, in run
    raise ClientAppException(str(ex)) from ex
flwr.client.client_app.ClientAppException: 
Exception ClientAppException occurred. Message: LiverClient.evaluate() missing 1 required positional argument: 'config'
[2024-06-13 14:09:02,609][flwr][ERROR] - Traceback (most recent call last):
  File "/home/mds/Desktop/python_projects/fedliversegsimulation/.venv/lib/python3.10/site-packages/flwr/simulation/ray_transport/ray_client_proxy.py", line 73, in _submit_job
    out_mssg, updated_context = self.actor_pool.get_client_result(
  File "/home/mds/Desktop/python_projects/fedliversegsimulation/.venv/lib/python3.10/site-packages/flwr/simulation/ray_transport/ray_actor.py", line 399, in get_client_result
    return self._fetch_future_result(cid)
  File "/home/mds/Desktop/python_projects/fedliversegsimulation/.venv/lib/python3.10/site-packages/flwr/simulation/ray_transport/ray_actor.py", line 280, in _fetch_future_result
    res_cid, out_mssg, updated_context = ray.get(
  File "/home/mds/Desktop/python_projects/fedliversegsimulation/.venv/lib/python3.10/site-packages/ray/_private/auto_init_hook.py", line 21, in auto_init_wrapper
    return fn(*args, **kwargs)
  File "/home/mds/Desktop/python_projects/fedliversegsimulation/.venv/lib/python3.10/site-packages/ray/_private/client_mode_hook.py", line 103, in wrapper
    return func(*args, **kwargs)
  File "/home/mds/Desktop/python_projects/fedliversegsimulation/.venv/lib/python3.10/site-packages/ray/_private/worker.py", line 2613, in get
    values, debugger_breakpoint = worker.get_objects(object_refs, timeout=timeout)
  File "/home/mds/Desktop/python_projects/fedliversegsimulation/.venv/lib/python3.10/site-packages/ray/_private/worker.py", line 861, in get_objects
    raise value.as_instanceof_cause()
ray.exceptions.RayTaskError(ClientAppException): [36mray::ClientAppActor.run()[39m (pid=170390, ip=10.250.130.147, actor_id=80d790d0c4a20e54f37f27be01000000, repr=<flwr.simulation.ray_transport.ray_actor.ClientAppActor object at 0x7c4be7fa8ac0>)
  File "/home/mds/Desktop/python_projects/fedliversegsimulation/.venv/lib/python3.10/site-packages/flwr/client/client_app.py", line 98, in __call__
    return self._call(message, context)
  File "/home/mds/Desktop/python_projects/fedliversegsimulation/.venv/lib/python3.10/site-packages/flwr/client/client_app.py", line 81, in ffn
    out_message = handle_legacy_message_from_msgtype(
  File "/home/mds/Desktop/python_projects/fedliversegsimulation/.venv/lib/python3.10/site-packages/flwr/client/message_handler/message_handler.py", line 137, in handle_legacy_message_from_msgtype
    evaluate_res = maybe_call_evaluate(
  File "/home/mds/Desktop/python_projects/fedliversegsimulation/.venv/lib/python3.10/site-packages/flwr/client/client.py", line 254, in maybe_call_evaluate
    return client.evaluate(evaluate_ins)
  File "/home/mds/Desktop/python_projects/fedliversegsimulation/.venv/lib/python3.10/site-packages/flwr/client/numpy_client.py", line 262, in _evaluate
    results = self.numpy_client.evaluate(parameters, ins.config)  # type: ignore
TypeError: LiverClient.evaluate() missing 1 required positional argument: 'config'

The above exception was the direct cause of the following exception:

[36mray::ClientAppActor.run()[39m (pid=170390, ip=10.250.130.147, actor_id=80d790d0c4a20e54f37f27be01000000, repr=<flwr.simulation.ray_transport.ray_actor.ClientAppActor object at 0x7c4be7fa8ac0>)
  File "/home/mds/Desktop/python_projects/fedliversegsimulation/.venv/lib/python3.10/site-packages/flwr/simulation/ray_transport/ray_actor.py", line 64, in run
    raise ClientAppException(str(ex)) from ex
flwr.client.client_app.ClientAppException: 
Exception ClientAppException occurred. Message: LiverClient.evaluate() missing 1 required positional argument: 'config'

[2024-06-13 14:09:02,609][flwr][ERROR] - Traceback (most recent call last):
  File "/home/mds/Desktop/python_projects/fedliversegsimulation/.venv/lib/python3.10/site-packages/flwr/simulation/ray_transport/ray_client_proxy.py", line 73, in _submit_job
    out_mssg, updated_context = self.actor_pool.get_client_result(
  File "/home/mds/Desktop/python_projects/fedliversegsimulation/.venv/lib/python3.10/site-packages/flwr/simulation/ray_transport/ray_actor.py", line 399, in get_client_result
    return self._fetch_future_result(cid)
  File "/home/mds/Desktop/python_projects/fedliversegsimulation/.venv/lib/python3.10/site-packages/flwr/simulation/ray_transport/ray_actor.py", line 280, in _fetch_future_result
    res_cid, out_mssg, updated_context = ray.get(
  File "/home/mds/Desktop/python_projects/fedliversegsimulation/.venv/lib/python3.10/site-packages/ray/_private/auto_init_hook.py", line 21, in auto_init_wrapper
    return fn(*args, **kwargs)
  File "/home/mds/Desktop/python_projects/fedliversegsimulation/.venv/lib/python3.10/site-packages/ray/_private/client_mode_hook.py", line 103, in wrapper
    return func(*args, **kwargs)
  File "/home/mds/Desktop/python_projects/fedliversegsimulation/.venv/lib/python3.10/site-packages/ray/_private/worker.py", line 2613, in get
    values, debugger_breakpoint = worker.get_objects(object_refs, timeout=timeout)
  File "/home/mds/Desktop/python_projects/fedliversegsimulation/.venv/lib/python3.10/site-packages/ray/_private/worker.py", line 861, in get_objects
    raise value.as_instanceof_cause()
ray.exceptions.RayTaskError(ClientAppException): [36mray::ClientAppActor.run()[39m (pid=170386, ip=10.250.130.147, actor_id=57ccd454eaa64eca591962c301000000, repr=<flwr.simulation.ray_transport.ray_actor.ClientAppActor object at 0x7092a41e0b20>)
  File "/home/mds/Desktop/python_projects/fedliversegsimulation/.venv/lib/python3.10/site-packages/flwr/client/client_app.py", line 98, in __call__
    return self._call(message, context)
  File "/home/mds/Desktop/python_projects/fedliversegsimulation/.venv/lib/python3.10/site-packages/flwr/client/client_app.py", line 81, in ffn
    out_message = handle_legacy_message_from_msgtype(
  File "/home/mds/Desktop/python_projects/fedliversegsimulation/.venv/lib/python3.10/site-packages/flwr/client/message_handler/message_handler.py", line 137, in handle_legacy_message_from_msgtype
    evaluate_res = maybe_call_evaluate(
  File "/home/mds/Desktop/python_projects/fedliversegsimulation/.venv/lib/python3.10/site-packages/flwr/client/client.py", line 254, in maybe_call_evaluate
    return client.evaluate(evaluate_ins)
  File "/home/mds/Desktop/python_projects/fedliversegsimulation/.venv/lib/python3.10/site-packages/flwr/client/numpy_client.py", line 262, in _evaluate
    results = self.numpy_client.evaluate(parameters, ins.config)  # type: ignore
TypeError: LiverClient.evaluate() missing 1 required positional argument: 'config'

The above exception was the direct cause of the following exception:

[36mray::ClientAppActor.run()[39m (pid=170386, ip=10.250.130.147, actor_id=57ccd454eaa64eca591962c301000000, repr=<flwr.simulation.ray_transport.ray_actor.ClientAppActor object at 0x7092a41e0b20>)
  File "/home/mds/Desktop/python_projects/fedliversegsimulation/.venv/lib/python3.10/site-packages/flwr/simulation/ray_transport/ray_actor.py", line 64, in run
    raise ClientAppException(str(ex)) from ex
flwr.client.client_app.ClientAppException: 
Exception ClientAppException occurred. Message: LiverClient.evaluate() missing 1 required positional argument: 'config'

[2024-06-13 14:09:02,609][flwr][ERROR] - [36mray::ClientAppActor.run()[39m (pid=170390, ip=10.250.130.147, actor_id=80d790d0c4a20e54f37f27be01000000, repr=<flwr.simulation.ray_transport.ray_actor.ClientAppActor object at 0x7c4be7fa8ac0>)
  File "/home/mds/Desktop/python_projects/fedliversegsimulation/.venv/lib/python3.10/site-packages/flwr/client/client_app.py", line 98, in __call__
    return self._call(message, context)
  File "/home/mds/Desktop/python_projects/fedliversegsimulation/.venv/lib/python3.10/site-packages/flwr/client/client_app.py", line 81, in ffn
    out_message = handle_legacy_message_from_msgtype(
  File "/home/mds/Desktop/python_projects/fedliversegsimulation/.venv/lib/python3.10/site-packages/flwr/client/message_handler/message_handler.py", line 137, in handle_legacy_message_from_msgtype
    evaluate_res = maybe_call_evaluate(
  File "/home/mds/Desktop/python_projects/fedliversegsimulation/.venv/lib/python3.10/site-packages/flwr/client/client.py", line 254, in maybe_call_evaluate
    return client.evaluate(evaluate_ins)
  File "/home/mds/Desktop/python_projects/fedliversegsimulation/.venv/lib/python3.10/site-packages/flwr/client/numpy_client.py", line 262, in _evaluate
    results = self.numpy_client.evaluate(parameters, ins.config)  # type: ignore
TypeError: LiverClient.evaluate() missing 1 required positional argument: 'config'

The above exception was the direct cause of the following exception:

[36mray::ClientAppActor.run()[39m (pid=170390, ip=10.250.130.147, actor_id=80d790d0c4a20e54f37f27be01000000, repr=<flwr.simulation.ray_transport.ray_actor.ClientAppActor object at 0x7c4be7fa8ac0>)
  File "/home/mds/Desktop/python_projects/fedliversegsimulation/.venv/lib/python3.10/site-packages/flwr/simulation/ray_transport/ray_actor.py", line 64, in run
    raise ClientAppException(str(ex)) from ex
flwr.client.client_app.ClientAppException: 
Exception ClientAppException occurred. Message: LiverClient.evaluate() missing 1 required positional argument: 'config'
[2024-06-13 14:09:02,610][flwr][ERROR] - [36mray::ClientAppActor.run()[39m (pid=170386, ip=10.250.130.147, actor_id=57ccd454eaa64eca591962c301000000, repr=<flwr.simulation.ray_transport.ray_actor.ClientAppActor object at 0x7092a41e0b20>)
  File "/home/mds/Desktop/python_projects/fedliversegsimulation/.venv/lib/python3.10/site-packages/flwr/client/client_app.py", line 98, in __call__
    return self._call(message, context)
  File "/home/mds/Desktop/python_projects/fedliversegsimulation/.venv/lib/python3.10/site-packages/flwr/client/client_app.py", line 81, in ffn
    out_message = handle_legacy_message_from_msgtype(
  File "/home/mds/Desktop/python_projects/fedliversegsimulation/.venv/lib/python3.10/site-packages/flwr/client/message_handler/message_handler.py", line 137, in handle_legacy_message_from_msgtype
    evaluate_res = maybe_call_evaluate(
  File "/home/mds/Desktop/python_projects/fedliversegsimulation/.venv/lib/python3.10/site-packages/flwr/client/client.py", line 254, in maybe_call_evaluate
    return client.evaluate(evaluate_ins)
  File "/home/mds/Desktop/python_projects/fedliversegsimulation/.venv/lib/python3.10/site-packages/flwr/client/numpy_client.py", line 262, in _evaluate
    results = self.numpy_client.evaluate(parameters, ins.config)  # type: ignore
TypeError: LiverClient.evaluate() missing 1 required positional argument: 'config'

The above exception was the direct cause of the following exception:

[36mray::ClientAppActor.run()[39m (pid=170386, ip=10.250.130.147, actor_id=57ccd454eaa64eca591962c301000000, repr=<flwr.simulation.ray_transport.ray_actor.ClientAppActor object at 0x7092a41e0b20>)
  File "/home/mds/Desktop/python_projects/fedliversegsimulation/.venv/lib/python3.10/site-packages/flwr/simulation/ray_transport/ray_actor.py", line 64, in run
    raise ClientAppException(str(ex)) from ex
flwr.client.client_app.ClientAppException: 
Exception ClientAppException occurred. Message: LiverClient.evaluate() missing 1 required positional argument: 'config'
[2024-06-13 14:09:02,610][flwr][ERROR] - Traceback (most recent call last):
  File "/home/mds/Desktop/python_projects/fedliversegsimulation/.venv/lib/python3.10/site-packages/flwr/simulation/ray_transport/ray_client_proxy.py", line 73, in _submit_job
    out_mssg, updated_context = self.actor_pool.get_client_result(
  File "/home/mds/Desktop/python_projects/fedliversegsimulation/.venv/lib/python3.10/site-packages/flwr/simulation/ray_transport/ray_actor.py", line 399, in get_client_result
    return self._fetch_future_result(cid)
  File "/home/mds/Desktop/python_projects/fedliversegsimulation/.venv/lib/python3.10/site-packages/flwr/simulation/ray_transport/ray_actor.py", line 280, in _fetch_future_result
    res_cid, out_mssg, updated_context = ray.get(
  File "/home/mds/Desktop/python_projects/fedliversegsimulation/.venv/lib/python3.10/site-packages/ray/_private/auto_init_hook.py", line 21, in auto_init_wrapper
    return fn(*args, **kwargs)
  File "/home/mds/Desktop/python_projects/fedliversegsimulation/.venv/lib/python3.10/site-packages/ray/_private/client_mode_hook.py", line 103, in wrapper
    return func(*args, **kwargs)
  File "/home/mds/Desktop/python_projects/fedliversegsimulation/.venv/lib/python3.10/site-packages/ray/_private/worker.py", line 2613, in get
    values, debugger_breakpoint = worker.get_objects(object_refs, timeout=timeout)
  File "/home/mds/Desktop/python_projects/fedliversegsimulation/.venv/lib/python3.10/site-packages/ray/_private/worker.py", line 861, in get_objects
    raise value.as_instanceof_cause()
ray.exceptions.RayTaskError(ClientAppException): [36mray::ClientAppActor.run()[39m (pid=170389, ip=10.250.130.147, actor_id=0171de3366ae238cafa0d49b01000000, repr=<flwr.simulation.ray_transport.ray_actor.ClientAppActor object at 0x7f06285a8ac0>)
  File "/home/mds/Desktop/python_projects/fedliversegsimulation/.venv/lib/python3.10/site-packages/flwr/client/client_app.py", line 98, in __call__
    return self._call(message, context)
  File "/home/mds/Desktop/python_projects/fedliversegsimulation/.venv/lib/python3.10/site-packages/flwr/client/client_app.py", line 81, in ffn
    out_message = handle_legacy_message_from_msgtype(
  File "/home/mds/Desktop/python_projects/fedliversegsimulation/.venv/lib/python3.10/site-packages/flwr/client/message_handler/message_handler.py", line 137, in handle_legacy_message_from_msgtype
    evaluate_res = maybe_call_evaluate(
  File "/home/mds/Desktop/python_projects/fedliversegsimulation/.venv/lib/python3.10/site-packages/flwr/client/client.py", line 254, in maybe_call_evaluate
    return client.evaluate(evaluate_ins)
  File "/home/mds/Desktop/python_projects/fedliversegsimulation/.venv/lib/python3.10/site-packages/flwr/client/numpy_client.py", line 262, in _evaluate
    results = self.numpy_client.evaluate(parameters, ins.config)  # type: ignore
TypeError: LiverClient.evaluate() missing 1 required positional argument: 'config'

The above exception was the direct cause of the following exception:

[36mray::ClientAppActor.run()[39m (pid=170389, ip=10.250.130.147, actor_id=0171de3366ae238cafa0d49b01000000, repr=<flwr.simulation.ray_transport.ray_actor.ClientAppActor object at 0x7f06285a8ac0>)
  File "/home/mds/Desktop/python_projects/fedliversegsimulation/.venv/lib/python3.10/site-packages/flwr/simulation/ray_transport/ray_actor.py", line 64, in run
    raise ClientAppException(str(ex)) from ex
flwr.client.client_app.ClientAppException: 
Exception ClientAppException occurred. Message: LiverClient.evaluate() missing 1 required positional argument: 'config'

[2024-06-13 14:09:02,611][flwr][ERROR] - [36mray::ClientAppActor.run()[39m (pid=170389, ip=10.250.130.147, actor_id=0171de3366ae238cafa0d49b01000000, repr=<flwr.simulation.ray_transport.ray_actor.ClientAppActor object at 0x7f06285a8ac0>)
  File "/home/mds/Desktop/python_projects/fedliversegsimulation/.venv/lib/python3.10/site-packages/flwr/client/client_app.py", line 98, in __call__
    return self._call(message, context)
  File "/home/mds/Desktop/python_projects/fedliversegsimulation/.venv/lib/python3.10/site-packages/flwr/client/client_app.py", line 81, in ffn
    out_message = handle_legacy_message_from_msgtype(
  File "/home/mds/Desktop/python_projects/fedliversegsimulation/.venv/lib/python3.10/site-packages/flwr/client/message_handler/message_handler.py", line 137, in handle_legacy_message_from_msgtype
    evaluate_res = maybe_call_evaluate(
  File "/home/mds/Desktop/python_projects/fedliversegsimulation/.venv/lib/python3.10/site-packages/flwr/client/client.py", line 254, in maybe_call_evaluate
    return client.evaluate(evaluate_ins)
  File "/home/mds/Desktop/python_projects/fedliversegsimulation/.venv/lib/python3.10/site-packages/flwr/client/numpy_client.py", line 262, in _evaluate
    results = self.numpy_client.evaluate(parameters, ins.config)  # type: ignore
TypeError: LiverClient.evaluate() missing 1 required positional argument: 'config'

The above exception was the direct cause of the following exception:

[36mray::ClientAppActor.run()[39m (pid=170389, ip=10.250.130.147, actor_id=0171de3366ae238cafa0d49b01000000, repr=<flwr.simulation.ray_transport.ray_actor.ClientAppActor object at 0x7f06285a8ac0>)
  File "/home/mds/Desktop/python_projects/fedliversegsimulation/.venv/lib/python3.10/site-packages/flwr/simulation/ray_transport/ray_actor.py", line 64, in run
    raise ClientAppException(str(ex)) from ex
flwr.client.client_app.ClientAppException: 
Exception ClientAppException occurred. Message: LiverClient.evaluate() missing 1 required positional argument: 'config'
[2024-06-13 14:09:02,611][flwr][ERROR] - Traceback (most recent call last):
  File "/home/mds/Desktop/python_projects/fedliversegsimulation/.venv/lib/python3.10/site-packages/flwr/simulation/ray_transport/ray_client_proxy.py", line 73, in _submit_job
    out_mssg, updated_context = self.actor_pool.get_client_result(
  File "/home/mds/Desktop/python_projects/fedliversegsimulation/.venv/lib/python3.10/site-packages/flwr/simulation/ray_transport/ray_actor.py", line 399, in get_client_result
    return self._fetch_future_result(cid)
  File "/home/mds/Desktop/python_projects/fedliversegsimulation/.venv/lib/python3.10/site-packages/flwr/simulation/ray_transport/ray_actor.py", line 280, in _fetch_future_result
    res_cid, out_mssg, updated_context = ray.get(
  File "/home/mds/Desktop/python_projects/fedliversegsimulation/.venv/lib/python3.10/site-packages/ray/_private/auto_init_hook.py", line 21, in auto_init_wrapper
    return fn(*args, **kwargs)
  File "/home/mds/Desktop/python_projects/fedliversegsimulation/.venv/lib/python3.10/site-packages/ray/_private/client_mode_hook.py", line 103, in wrapper
    return func(*args, **kwargs)
  File "/home/mds/Desktop/python_projects/fedliversegsimulation/.venv/lib/python3.10/site-packages/ray/_private/worker.py", line 2613, in get
    values, debugger_breakpoint = worker.get_objects(object_refs, timeout=timeout)
  File "/home/mds/Desktop/python_projects/fedliversegsimulation/.venv/lib/python3.10/site-packages/ray/_private/worker.py", line 861, in get_objects
    raise value.as_instanceof_cause()
ray.exceptions.RayTaskError(ClientAppException): [36mray::ClientAppActor.run()[39m (pid=170388, ip=10.250.130.147, actor_id=cf5f5adcdc3ba0d003ccb2cd01000000, repr=<flwr.simulation.ray_transport.ray_actor.ClientAppActor object at 0x75cf7abe4b20>)
  File "/home/mds/Desktop/python_projects/fedliversegsimulation/.venv/lib/python3.10/site-packages/flwr/client/client_app.py", line 98, in __call__
    return self._call(message, context)
  File "/home/mds/Desktop/python_projects/fedliversegsimulation/.venv/lib/python3.10/site-packages/flwr/client/client_app.py", line 81, in ffn
    out_message = handle_legacy_message_from_msgtype(
  File "/home/mds/Desktop/python_projects/fedliversegsimulation/.venv/lib/python3.10/site-packages/flwr/client/message_handler/message_handler.py", line 137, in handle_legacy_message_from_msgtype
    evaluate_res = maybe_call_evaluate(
  File "/home/mds/Desktop/python_projects/fedliversegsimulation/.venv/lib/python3.10/site-packages/flwr/client/client.py", line 254, in maybe_call_evaluate
    return client.evaluate(evaluate_ins)
  File "/home/mds/Desktop/python_projects/fedliversegsimulation/.venv/lib/python3.10/site-packages/flwr/client/numpy_client.py", line 262, in _evaluate
    results = self.numpy_client.evaluate(parameters, ins.config)  # type: ignore
TypeError: LiverClient.evaluate() missing 1 required positional argument: 'config'

The above exception was the direct cause of the following exception:

[36mray::ClientAppActor.run()[39m (pid=170388, ip=10.250.130.147, actor_id=cf5f5adcdc3ba0d003ccb2cd01000000, repr=<flwr.simulation.ray_transport.ray_actor.ClientAppActor object at 0x75cf7abe4b20>)
  File "/home/mds/Desktop/python_projects/fedliversegsimulation/.venv/lib/python3.10/site-packages/flwr/simulation/ray_transport/ray_actor.py", line 64, in run
    raise ClientAppException(str(ex)) from ex
flwr.client.client_app.ClientAppException: 
Exception ClientAppException occurred. Message: LiverClient.evaluate() missing 1 required positional argument: 'config'

[2024-06-13 14:09:02,612][flwr][ERROR] - Traceback (most recent call last):
  File "/home/mds/Desktop/python_projects/fedliversegsimulation/.venv/lib/python3.10/site-packages/flwr/simulation/ray_transport/ray_client_proxy.py", line 73, in _submit_job
    out_mssg, updated_context = self.actor_pool.get_client_result(
  File "/home/mds/Desktop/python_projects/fedliversegsimulation/.venv/lib/python3.10/site-packages/flwr/simulation/ray_transport/ray_actor.py", line 399, in get_client_result
    return self._fetch_future_result(cid)
  File "/home/mds/Desktop/python_projects/fedliversegsimulation/.venv/lib/python3.10/site-packages/flwr/simulation/ray_transport/ray_actor.py", line 280, in _fetch_future_result
    res_cid, out_mssg, updated_context = ray.get(
  File "/home/mds/Desktop/python_projects/fedliversegsimulation/.venv/lib/python3.10/site-packages/ray/_private/auto_init_hook.py", line 21, in auto_init_wrapper
    return fn(*args, **kwargs)
  File "/home/mds/Desktop/python_projects/fedliversegsimulation/.venv/lib/python3.10/site-packages/ray/_private/client_mode_hook.py", line 103, in wrapper
    return func(*args, **kwargs)
  File "/home/mds/Desktop/python_projects/fedliversegsimulation/.venv/lib/python3.10/site-packages/ray/_private/worker.py", line 2613, in get
    values, debugger_breakpoint = worker.get_objects(object_refs, timeout=timeout)
  File "/home/mds/Desktop/python_projects/fedliversegsimulation/.venv/lib/python3.10/site-packages/ray/_private/worker.py", line 861, in get_objects
    raise value.as_instanceof_cause()
ray.exceptions.RayTaskError(ClientAppException): [36mray::ClientAppActor.run()[39m (pid=170387, ip=10.250.130.147, actor_id=94546d81a6ef5644e9b6abfd01000000, repr=<flwr.simulation.ray_transport.ray_actor.ClientAppActor object at 0x70e2f83e4ac0>)
  File "/home/mds/Desktop/python_projects/fedliversegsimulation/.venv/lib/python3.10/site-packages/flwr/client/client_app.py", line 98, in __call__
    return self._call(message, context)
  File "/home/mds/Desktop/python_projects/fedliversegsimulation/.venv/lib/python3.10/site-packages/flwr/client/client_app.py", line 81, in ffn
    out_message = handle_legacy_message_from_msgtype(
  File "/home/mds/Desktop/python_projects/fedliversegsimulation/.venv/lib/python3.10/site-packages/flwr/client/message_handler/message_handler.py", line 137, in handle_legacy_message_from_msgtype
    evaluate_res = maybe_call_evaluate(
  File "/home/mds/Desktop/python_projects/fedliversegsimulation/.venv/lib/python3.10/site-packages/flwr/client/client.py", line 254, in maybe_call_evaluate
    return client.evaluate(evaluate_ins)
  File "/home/mds/Desktop/python_projects/fedliversegsimulation/.venv/lib/python3.10/site-packages/flwr/client/numpy_client.py", line 262, in _evaluate
    results = self.numpy_client.evaluate(parameters, ins.config)  # type: ignore
TypeError: LiverClient.evaluate() missing 1 required positional argument: 'config'

The above exception was the direct cause of the following exception:

[36mray::ClientAppActor.run()[39m (pid=170387, ip=10.250.130.147, actor_id=94546d81a6ef5644e9b6abfd01000000, repr=<flwr.simulation.ray_transport.ray_actor.ClientAppActor object at 0x70e2f83e4ac0>)
  File "/home/mds/Desktop/python_projects/fedliversegsimulation/.venv/lib/python3.10/site-packages/flwr/simulation/ray_transport/ray_actor.py", line 64, in run
    raise ClientAppException(str(ex)) from ex
flwr.client.client_app.ClientAppException: 
Exception ClientAppException occurred. Message: LiverClient.evaluate() missing 1 required positional argument: 'config'

[2024-06-13 14:09:02,612][flwr][ERROR] - [36mray::ClientAppActor.run()[39m (pid=170388, ip=10.250.130.147, actor_id=cf5f5adcdc3ba0d003ccb2cd01000000, repr=<flwr.simulation.ray_transport.ray_actor.ClientAppActor object at 0x75cf7abe4b20>)
  File "/home/mds/Desktop/python_projects/fedliversegsimulation/.venv/lib/python3.10/site-packages/flwr/client/client_app.py", line 98, in __call__
    return self._call(message, context)
  File "/home/mds/Desktop/python_projects/fedliversegsimulation/.venv/lib/python3.10/site-packages/flwr/client/client_app.py", line 81, in ffn
    out_message = handle_legacy_message_from_msgtype(
  File "/home/mds/Desktop/python_projects/fedliversegsimulation/.venv/lib/python3.10/site-packages/flwr/client/message_handler/message_handler.py", line 137, in handle_legacy_message_from_msgtype
    evaluate_res = maybe_call_evaluate(
  File "/home/mds/Desktop/python_projects/fedliversegsimulation/.venv/lib/python3.10/site-packages/flwr/client/client.py", line 254, in maybe_call_evaluate
    return client.evaluate(evaluate_ins)
  File "/home/mds/Desktop/python_projects/fedliversegsimulation/.venv/lib/python3.10/site-packages/flwr/client/numpy_client.py", line 262, in _evaluate
    results = self.numpy_client.evaluate(parameters, ins.config)  # type: ignore
TypeError: LiverClient.evaluate() missing 1 required positional argument: 'config'

The above exception was the direct cause of the following exception:

[36mray::ClientAppActor.run()[39m (pid=170388, ip=10.250.130.147, actor_id=cf5f5adcdc3ba0d003ccb2cd01000000, repr=<flwr.simulation.ray_transport.ray_actor.ClientAppActor object at 0x75cf7abe4b20>)
  File "/home/mds/Desktop/python_projects/fedliversegsimulation/.venv/lib/python3.10/site-packages/flwr/simulation/ray_transport/ray_actor.py", line 64, in run
    raise ClientAppException(str(ex)) from ex
flwr.client.client_app.ClientAppException: 
Exception ClientAppException occurred. Message: LiverClient.evaluate() missing 1 required positional argument: 'config'
[2024-06-13 14:09:02,612][flwr][ERROR] - [36mray::ClientAppActor.run()[39m (pid=170387, ip=10.250.130.147, actor_id=94546d81a6ef5644e9b6abfd01000000, repr=<flwr.simulation.ray_transport.ray_actor.ClientAppActor object at 0x70e2f83e4ac0>)
  File "/home/mds/Desktop/python_projects/fedliversegsimulation/.venv/lib/python3.10/site-packages/flwr/client/client_app.py", line 98, in __call__
    return self._call(message, context)
  File "/home/mds/Desktop/python_projects/fedliversegsimulation/.venv/lib/python3.10/site-packages/flwr/client/client_app.py", line 81, in ffn
    out_message = handle_legacy_message_from_msgtype(
  File "/home/mds/Desktop/python_projects/fedliversegsimulation/.venv/lib/python3.10/site-packages/flwr/client/message_handler/message_handler.py", line 137, in handle_legacy_message_from_msgtype
    evaluate_res = maybe_call_evaluate(
  File "/home/mds/Desktop/python_projects/fedliversegsimulation/.venv/lib/python3.10/site-packages/flwr/client/client.py", line 254, in maybe_call_evaluate
    return client.evaluate(evaluate_ins)
  File "/home/mds/Desktop/python_projects/fedliversegsimulation/.venv/lib/python3.10/site-packages/flwr/client/numpy_client.py", line 262, in _evaluate
    results = self.numpy_client.evaluate(parameters, ins.config)  # type: ignore
TypeError: LiverClient.evaluate() missing 1 required positional argument: 'config'

The above exception was the direct cause of the following exception:

[36mray::ClientAppActor.run()[39m (pid=170387, ip=10.250.130.147, actor_id=94546d81a6ef5644e9b6abfd01000000, repr=<flwr.simulation.ray_transport.ray_actor.ClientAppActor object at 0x70e2f83e4ac0>)
  File "/home/mds/Desktop/python_projects/fedliversegsimulation/.venv/lib/python3.10/site-packages/flwr/simulation/ray_transport/ray_actor.py", line 64, in run
    raise ClientAppException(str(ex)) from ex
flwr.client.client_app.ClientAppException: 
Exception ClientAppException occurred. Message: LiverClient.evaluate() missing 1 required positional argument: 'config'
[2024-06-13 14:09:02,638][flwr][ERROR] - Traceback (most recent call last):
  File "/home/mds/Desktop/python_projects/fedliversegsimulation/.venv/lib/python3.10/site-packages/flwr/simulation/ray_transport/ray_client_proxy.py", line 73, in _submit_job
    out_mssg, updated_context = self.actor_pool.get_client_result(
  File "/home/mds/Desktop/python_projects/fedliversegsimulation/.venv/lib/python3.10/site-packages/flwr/simulation/ray_transport/ray_actor.py", line 399, in get_client_result
    return self._fetch_future_result(cid)
  File "/home/mds/Desktop/python_projects/fedliversegsimulation/.venv/lib/python3.10/site-packages/flwr/simulation/ray_transport/ray_actor.py", line 280, in _fetch_future_result
    res_cid, out_mssg, updated_context = ray.get(
  File "/home/mds/Desktop/python_projects/fedliversegsimulation/.venv/lib/python3.10/site-packages/ray/_private/auto_init_hook.py", line 21, in auto_init_wrapper
    return fn(*args, **kwargs)
  File "/home/mds/Desktop/python_projects/fedliversegsimulation/.venv/lib/python3.10/site-packages/ray/_private/client_mode_hook.py", line 103, in wrapper
    return func(*args, **kwargs)
  File "/home/mds/Desktop/python_projects/fedliversegsimulation/.venv/lib/python3.10/site-packages/ray/_private/worker.py", line 2613, in get
    values, debugger_breakpoint = worker.get_objects(object_refs, timeout=timeout)
  File "/home/mds/Desktop/python_projects/fedliversegsimulation/.venv/lib/python3.10/site-packages/ray/_private/worker.py", line 861, in get_objects
    raise value.as_instanceof_cause()
ray.exceptions.RayTaskError(ClientAppException): [36mray::ClientAppActor.run()[39m (pid=170386, ip=10.250.130.147, actor_id=57ccd454eaa64eca591962c301000000, repr=<flwr.simulation.ray_transport.ray_actor.ClientAppActor object at 0x7092a41e0b20>)
  File "/home/mds/Desktop/python_projects/fedliversegsimulation/.venv/lib/python3.10/site-packages/flwr/client/client_app.py", line 98, in __call__
    return self._call(message, context)
  File "/home/mds/Desktop/python_projects/fedliversegsimulation/.venv/lib/python3.10/site-packages/flwr/client/client_app.py", line 81, in ffn
    out_message = handle_legacy_message_from_msgtype(
  File "/home/mds/Desktop/python_projects/fedliversegsimulation/.venv/lib/python3.10/site-packages/flwr/client/message_handler/message_handler.py", line 137, in handle_legacy_message_from_msgtype
    evaluate_res = maybe_call_evaluate(
  File "/home/mds/Desktop/python_projects/fedliversegsimulation/.venv/lib/python3.10/site-packages/flwr/client/client.py", line 254, in maybe_call_evaluate
    return client.evaluate(evaluate_ins)
  File "/home/mds/Desktop/python_projects/fedliversegsimulation/.venv/lib/python3.10/site-packages/flwr/client/numpy_client.py", line 262, in _evaluate
    results = self.numpy_client.evaluate(parameters, ins.config)  # type: ignore
TypeError: LiverClient.evaluate() missing 1 required positional argument: 'config'

The above exception was the direct cause of the following exception:

[36mray::ClientAppActor.run()[39m (pid=170386, ip=10.250.130.147, actor_id=57ccd454eaa64eca591962c301000000, repr=<flwr.simulation.ray_transport.ray_actor.ClientAppActor object at 0x7092a41e0b20>)
  File "/home/mds/Desktop/python_projects/fedliversegsimulation/.venv/lib/python3.10/site-packages/flwr/simulation/ray_transport/ray_actor.py", line 64, in run
    raise ClientAppException(str(ex)) from ex
flwr.client.client_app.ClientAppException: 
Exception ClientAppException occurred. Message: LiverClient.evaluate() missing 1 required positional argument: 'config'

[2024-06-13 14:09:02,638][flwr][ERROR] - [36mray::ClientAppActor.run()[39m (pid=170386, ip=10.250.130.147, actor_id=57ccd454eaa64eca591962c301000000, repr=<flwr.simulation.ray_transport.ray_actor.ClientAppActor object at 0x7092a41e0b20>)
  File "/home/mds/Desktop/python_projects/fedliversegsimulation/.venv/lib/python3.10/site-packages/flwr/client/client_app.py", line 98, in __call__
    return self._call(message, context)
  File "/home/mds/Desktop/python_projects/fedliversegsimulation/.venv/lib/python3.10/site-packages/flwr/client/client_app.py", line 81, in ffn
    out_message = handle_legacy_message_from_msgtype(
  File "/home/mds/Desktop/python_projects/fedliversegsimulation/.venv/lib/python3.10/site-packages/flwr/client/message_handler/message_handler.py", line 137, in handle_legacy_message_from_msgtype
    evaluate_res = maybe_call_evaluate(
  File "/home/mds/Desktop/python_projects/fedliversegsimulation/.venv/lib/python3.10/site-packages/flwr/client/client.py", line 254, in maybe_call_evaluate
    return client.evaluate(evaluate_ins)
  File "/home/mds/Desktop/python_projects/fedliversegsimulation/.venv/lib/python3.10/site-packages/flwr/client/numpy_client.py", line 262, in _evaluate
    results = self.numpy_client.evaluate(parameters, ins.config)  # type: ignore
TypeError: LiverClient.evaluate() missing 1 required positional argument: 'config'

The above exception was the direct cause of the following exception:

[36mray::ClientAppActor.run()[39m (pid=170386, ip=10.250.130.147, actor_id=57ccd454eaa64eca591962c301000000, repr=<flwr.simulation.ray_transport.ray_actor.ClientAppActor object at 0x7092a41e0b20>)
  File "/home/mds/Desktop/python_projects/fedliversegsimulation/.venv/lib/python3.10/site-packages/flwr/simulation/ray_transport/ray_actor.py", line 64, in run
    raise ClientAppException(str(ex)) from ex
flwr.client.client_app.ClientAppException: 
Exception ClientAppException occurred. Message: LiverClient.evaluate() missing 1 required positional argument: 'config'
[2024-06-13 14:09:02,670][flwr][ERROR] - Traceback (most recent call last):
  File "/home/mds/Desktop/python_projects/fedliversegsimulation/.venv/lib/python3.10/site-packages/flwr/simulation/ray_transport/ray_client_proxy.py", line 73, in _submit_job
    out_mssg, updated_context = self.actor_pool.get_client_result(
  File "/home/mds/Desktop/python_projects/fedliversegsimulation/.venv/lib/python3.10/site-packages/flwr/simulation/ray_transport/ray_actor.py", line 399, in get_client_result
    return self._fetch_future_result(cid)
  File "/home/mds/Desktop/python_projects/fedliversegsimulation/.venv/lib/python3.10/site-packages/flwr/simulation/ray_transport/ray_actor.py", line 280, in _fetch_future_result
    res_cid, out_mssg, updated_context = ray.get(
  File "/home/mds/Desktop/python_projects/fedliversegsimulation/.venv/lib/python3.10/site-packages/ray/_private/auto_init_hook.py", line 21, in auto_init_wrapper
    return fn(*args, **kwargs)
  File "/home/mds/Desktop/python_projects/fedliversegsimulation/.venv/lib/python3.10/site-packages/ray/_private/client_mode_hook.py", line 103, in wrapper
    return func(*args, **kwargs)
  File "/home/mds/Desktop/python_projects/fedliversegsimulation/.venv/lib/python3.10/site-packages/ray/_private/worker.py", line 2613, in get
    values, debugger_breakpoint = worker.get_objects(object_refs, timeout=timeout)
  File "/home/mds/Desktop/python_projects/fedliversegsimulation/.venv/lib/python3.10/site-packages/ray/_private/worker.py", line 861, in get_objects
    raise value.as_instanceof_cause()
ray.exceptions.RayTaskError(ClientAppException): [36mray::ClientAppActor.run()[39m (pid=170390, ip=10.250.130.147, actor_id=80d790d0c4a20e54f37f27be01000000, repr=<flwr.simulation.ray_transport.ray_actor.ClientAppActor object at 0x7c4be7fa8ac0>)
  File "/home/mds/Desktop/python_projects/fedliversegsimulation/.venv/lib/python3.10/site-packages/flwr/client/client_app.py", line 98, in __call__
    return self._call(message, context)
  File "/home/mds/Desktop/python_projects/fedliversegsimulation/.venv/lib/python3.10/site-packages/flwr/client/client_app.py", line 81, in ffn
    out_message = handle_legacy_message_from_msgtype(
  File "/home/mds/Desktop/python_projects/fedliversegsimulation/.venv/lib/python3.10/site-packages/flwr/client/message_handler/message_handler.py", line 137, in handle_legacy_message_from_msgtype
    evaluate_res = maybe_call_evaluate(
  File "/home/mds/Desktop/python_projects/fedliversegsimulation/.venv/lib/python3.10/site-packages/flwr/client/client.py", line 254, in maybe_call_evaluate
    return client.evaluate(evaluate_ins)
  File "/home/mds/Desktop/python_projects/fedliversegsimulation/.venv/lib/python3.10/site-packages/flwr/client/numpy_client.py", line 262, in _evaluate
    results = self.numpy_client.evaluate(parameters, ins.config)  # type: ignore
TypeError: LiverClient.evaluate() missing 1 required positional argument: 'config'

The above exception was the direct cause of the following exception:

[36mray::ClientAppActor.run()[39m (pid=170390, ip=10.250.130.147, actor_id=80d790d0c4a20e54f37f27be01000000, repr=<flwr.simulation.ray_transport.ray_actor.ClientAppActor object at 0x7c4be7fa8ac0>)
  File "/home/mds/Desktop/python_projects/fedliversegsimulation/.venv/lib/python3.10/site-packages/flwr/simulation/ray_transport/ray_actor.py", line 64, in run
    raise ClientAppException(str(ex)) from ex
flwr.client.client_app.ClientAppException: 
Exception ClientAppException occurred. Message: LiverClient.evaluate() missing 1 required positional argument: 'config'

[2024-06-13 14:09:02,670][flwr][ERROR] - [36mray::ClientAppActor.run()[39m (pid=170390, ip=10.250.130.147, actor_id=80d790d0c4a20e54f37f27be01000000, repr=<flwr.simulation.ray_transport.ray_actor.ClientAppActor object at 0x7c4be7fa8ac0>)
  File "/home/mds/Desktop/python_projects/fedliversegsimulation/.venv/lib/python3.10/site-packages/flwr/client/client_app.py", line 98, in __call__
    return self._call(message, context)
  File "/home/mds/Desktop/python_projects/fedliversegsimulation/.venv/lib/python3.10/site-packages/flwr/client/client_app.py", line 81, in ffn
    out_message = handle_legacy_message_from_msgtype(
  File "/home/mds/Desktop/python_projects/fedliversegsimulation/.venv/lib/python3.10/site-packages/flwr/client/message_handler/message_handler.py", line 137, in handle_legacy_message_from_msgtype
    evaluate_res = maybe_call_evaluate(
  File "/home/mds/Desktop/python_projects/fedliversegsimulation/.venv/lib/python3.10/site-packages/flwr/client/client.py", line 254, in maybe_call_evaluate
    return client.evaluate(evaluate_ins)
  File "/home/mds/Desktop/python_projects/fedliversegsimulation/.venv/lib/python3.10/site-packages/flwr/client/numpy_client.py", line 262, in _evaluate
    results = self.numpy_client.evaluate(parameters, ins.config)  # type: ignore
TypeError: LiverClient.evaluate() missing 1 required positional argument: 'config'

The above exception was the direct cause of the following exception:

[36mray::ClientAppActor.run()[39m (pid=170390, ip=10.250.130.147, actor_id=80d790d0c4a20e54f37f27be01000000, repr=<flwr.simulation.ray_transport.ray_actor.ClientAppActor object at 0x7c4be7fa8ac0>)
  File "/home/mds/Desktop/python_projects/fedliversegsimulation/.venv/lib/python3.10/site-packages/flwr/simulation/ray_transport/ray_actor.py", line 64, in run
    raise ClientAppException(str(ex)) from ex
flwr.client.client_app.ClientAppException: 
Exception ClientAppException occurred. Message: LiverClient.evaluate() missing 1 required positional argument: 'config'
[2024-06-13 14:09:02,670][flwr][INFO] - aggregate_evaluate: received 0 results and 10 failures
[2024-06-13 14:09:02,671][flwr][INFO] - 
[2024-06-13 14:09:02,671][flwr][INFO] - [SUMMARY]
[2024-06-13 14:09:02,671][flwr][INFO] - Run finished 2 rounds in 5498.90s
[2024-06-13 14:09:02,674][flwr][INFO] - History (loss, centralized):
[2024-06-13 14:09:02,675][flwr][INFO] - 	('\tround 0: 0.6779344341509644\n'
[2024-06-13 14:09:02,675][flwr][INFO] - 	 '\tround 1: 0.1456834340832292\n'
[2024-06-13 14:09:02,675][flwr][INFO] - 	 '\tround 2: 0.1266122487295105\n')History (metrics, centralized):
[2024-06-13 14:09:02,675][flwr][INFO] - 	{'dice_liver': [(0, tensor(0.1423, dtype=torch.float64)),
[2024-06-13 14:09:02,675][flwr][INFO] - 	                (1, tensor(0.1018, dtype=torch.float64)),
[2024-06-13 14:09:02,675][flwr][INFO] - 	                (2, tensor(0.3656, dtype=torch.float64))],
[2024-06-13 14:09:02,675][flwr][INFO] - 	 'dice_tumor': [(0, tensor(0.0103, dtype=torch.float64)),
[2024-06-13 14:09:02,676][flwr][INFO] - 	                (1, tensor(0.0060, dtype=torch.float64)),
[2024-06-13 14:09:02,676][flwr][INFO] - 	                (2, tensor(0.0175, dtype=torch.float64))],
[2024-06-13 14:09:02,676][flwr][INFO] - 	 'iou': [(0, 0.013901763775918351),
[2024-06-13 14:09:02,676][flwr][INFO] - 	         (1, 0.01390176379763383),
[2024-06-13 14:09:02,676][flwr][INFO] - 	         (2, 0.2973437601542164)]}
[2024-06-13 14:09:02,676][flwr][INFO] - 
