[2024-10-22 15:57:27,673][flwr][INFO] - Starting Flower simulation, config: num_rounds=50, no round_timeout
[2024-10-22 15:57:55,521][flwr][INFO] - Flower VCE: Ray initialized with resources: {'GPU': 3.0, 'memory': 784106060800.0, 'accelerator_type:A30': 1.0, 'CPU': 128.0, 'object_store_memory': 200000000000.0, 'node:__internal_head__': 1.0, 'node:172.18.62.5': 1.0}
[2024-10-22 15:57:55,522][flwr][INFO] - Optimize your simulation with Flower VCE: https://flower.ai/docs/framework/how-to-run-simulations.html
[2024-10-22 15:57:55,522][flwr][INFO] - Flower VCE: Resources for each Virtual Client: {'num_cpus': 3, 'num_gpus': 1.0}
[2024-10-22 15:57:55,550][flwr][INFO] - Flower VCE: Creating VirtualClientEngineActorPool with 3 actors
[2024-10-22 15:57:55,551][flwr][INFO] - [INIT]
[2024-10-22 15:57:55,551][flwr][INFO] - Requesting initial parameters from one random client
[2024-10-22 15:58:00,500][flwr][INFO] - Received initial parameters from one random client
[2024-10-22 15:58:00,505][flwr][INFO] - Evaluating initial global parameters
[2024-10-22 16:02:01,054][flwr][INFO] - initial parameters (loss, other metrics): 0.68767138649518, OrderedDict([('ind_iou_0', 0.07880837918711038), ('ind_dice_liver_0', tensor(0.1600, dtype=torch.float64)), ('ind_dice_tumour_0', tensor(0.0093, dtype=torch.float64)), ('ind_iou_1', 0.07724954167119205), ('ind_dice_liver_1', tensor(0.1613, dtype=torch.float64)), ('ind_dice_tumour_1', tensor(0.0080, dtype=torch.float64)), ('all_iou', 0.07867647073752994), ('all_dice_liver', tensor(0.1602, dtype=torch.float64)), ('all_dice_tumour', tensor(0.0091, dtype=torch.float64))])
[2024-10-22 16:02:01,066][flwr][INFO] - 
[2024-10-22 16:02:01,066][flwr][INFO] - [ROUND 1]
[2024-10-22 16:02:01,067][flwr][INFO] - configure_fit: strategy sampled 1 clients (out of 1)
[2024-10-22 16:07:04,021][flwr][INFO] - aggregate_fit: received 1 results and 0 failures
[2024-10-22 16:07:04,044][flwr][WARNING] - No fit_metrics_aggregation_fn provided
[2024-10-22 16:10:38,602][flwr][INFO] - fit progress: (1, 0.04430596624729776, OrderedDict([('ind_iou_0', 0.733625038213646), ('ind_dice_liver_0', tensor(0.8301, dtype=torch.float64)), ('ind_dice_tumour_0', tensor(0.0185, dtype=torch.float64)), ('ind_iou_1', 0.86181207435755), ('ind_dice_liver_1', tensor(0.9131, dtype=torch.float64)), ('ind_dice_tumour_1', tensor(0.0240, dtype=torch.float64)), ('all_iou', 0.7467282138769593), ('all_dice_liver', tensor(0.8384, dtype=torch.float64)), ('all_dice_tumour', tensor(0.0192, dtype=torch.float64))]), 517.5362625420094)
[2024-10-22 16:10:38,608][flwr][INFO] - configure_evaluate: strategy sampled 1 clients (out of 1)
[2024-10-22 16:10:43,418][flwr][ERROR] - Traceback (most recent call last):
  File "/home/sc.uni-leipzig.de/zc19tube/liverseg_v2/envs/.env2/lib/python3.9/site-packages/flwr/simulation/ray_transport/ray_client_proxy.py", line 73, in _submit_job
    out_mssg, updated_context = self.actor_pool.get_client_result(
  File "/home/sc.uni-leipzig.de/zc19tube/liverseg_v2/envs/.env2/lib/python3.9/site-packages/flwr/simulation/ray_transport/ray_actor.py", line 399, in get_client_result
    return self._fetch_future_result(cid)
  File "/home/sc.uni-leipzig.de/zc19tube/liverseg_v2/envs/.env2/lib/python3.9/site-packages/flwr/simulation/ray_transport/ray_actor.py", line 280, in _fetch_future_result
    res_cid, out_mssg, updated_context = ray.get(
  File "/home/sc.uni-leipzig.de/zc19tube/liverseg_v2/envs/.env2/lib/python3.9/site-packages/ray/_private/auto_init_hook.py", line 21, in auto_init_wrapper
    return fn(*args, **kwargs)
  File "/home/sc.uni-leipzig.de/zc19tube/liverseg_v2/envs/.env2/lib/python3.9/site-packages/ray/_private/client_mode_hook.py", line 103, in wrapper
    return func(*args, **kwargs)
  File "/home/sc.uni-leipzig.de/zc19tube/liverseg_v2/envs/.env2/lib/python3.9/site-packages/ray/_private/worker.py", line 2667, in get
    values, debugger_breakpoint = worker.get_objects(object_refs, timeout=timeout)
  File "/home/sc.uni-leipzig.de/zc19tube/liverseg_v2/envs/.env2/lib/python3.9/site-packages/ray/_private/worker.py", line 864, in get_objects
    raise value.as_instanceof_cause()
ray.exceptions.RayTaskError(ClientAppException): [36mray::ClientAppActor.run()[39m (pid=404828, ip=172.18.62.5, actor_id=cf2377bfd0b038346c97131701000000, repr=<flwr.simulation.ray_transport.ray_actor.ClientAppActor object at 0x153c0407b520>)
  File "/home/sc.uni-leipzig.de/zc19tube/liverseg_v2/envs/.env2/lib/python3.9/site-packages/flwr/client/client_app.py", line 98, in __call__
    return self._call(message, context)
  File "/home/sc.uni-leipzig.de/zc19tube/liverseg_v2/envs/.env2/lib/python3.9/site-packages/flwr/client/client_app.py", line 81, in ffn
    out_message = handle_legacy_message_from_msgtype(
  File "/home/sc.uni-leipzig.de/zc19tube/liverseg_v2/envs/.env2/lib/python3.9/site-packages/flwr/client/message_handler/message_handler.py", line 141, in handle_legacy_message_from_msgtype
    out_recordset = evaluateres_to_recordset(evaluate_res)
  File "/home/sc.uni-leipzig.de/zc19tube/liverseg_v2/envs/.env2/lib/python3.9/site-packages/flwr/common/recordset_compat.py", line 301, in evaluateres_to_recordset
    recordset.configs_records[f"{res_str}.metrics"] = ConfigsRecord(
  File "/home/sc.uni-leipzig.de/zc19tube/liverseg_v2/envs/.env2/lib/python3.9/site-packages/flwr/common/record/configsrecord.py", line 85, in __init__
    self[k] = configs_dict[k]
  File "/home/sc.uni-leipzig.de/zc19tube/liverseg_v2/envs/.env2/lib/python3.9/site-packages/flwr/common/record/typeddict.py", line 38, in __setitem__
    self._check_value_fn(value)
  File "/home/sc.uni-leipzig.de/zc19tube/liverseg_v2/envs/.env2/lib/python3.9/site-packages/flwr/common/record/configsrecord.py", line 57, in _check_value
    is_valid(value)
  File "/home/sc.uni-leipzig.de/zc19tube/liverseg_v2/envs/.env2/lib/python3.9/site-packages/flwr/common/record/configsrecord.py", line 35, in is_valid
    raise TypeError(
TypeError: Not all values are of valid type. Expected `typing.Union[int, float, str, bytes, bool, typing.List[int], typing.List[float], typing.List[str], typing.List[bytes], typing.List[bool]]` but `<class 'torch.Tensor'>` was passed.

The above exception was the direct cause of the following exception:

[36mray::ClientAppActor.run()[39m (pid=404828, ip=172.18.62.5, actor_id=cf2377bfd0b038346c97131701000000, repr=<flwr.simulation.ray_transport.ray_actor.ClientAppActor object at 0x153c0407b520>)
  File "/home/sc.uni-leipzig.de/zc19tube/liverseg_v2/envs/.env2/lib/python3.9/site-packages/flwr/simulation/ray_transport/ray_actor.py", line 64, in run
    raise ClientAppException(str(ex)) from ex
flwr.client.client_app.ClientAppException: 
Exception ClientAppException occurred. Message: Not all values are of valid type. Expected `typing.Union[int, float, str, bytes, bool, typing.List[int], typing.List[float], typing.List[str], typing.List[bytes], typing.List[bool]]` but `<class 'torch.Tensor'>` was passed.

[2024-10-22 16:10:43,419][flwr][ERROR] - [36mray::ClientAppActor.run()[39m (pid=404828, ip=172.18.62.5, actor_id=cf2377bfd0b038346c97131701000000, repr=<flwr.simulation.ray_transport.ray_actor.ClientAppActor object at 0x153c0407b520>)
  File "/home/sc.uni-leipzig.de/zc19tube/liverseg_v2/envs/.env2/lib/python3.9/site-packages/flwr/client/client_app.py", line 98, in __call__
    return self._call(message, context)
  File "/home/sc.uni-leipzig.de/zc19tube/liverseg_v2/envs/.env2/lib/python3.9/site-packages/flwr/client/client_app.py", line 81, in ffn
    out_message = handle_legacy_message_from_msgtype(
  File "/home/sc.uni-leipzig.de/zc19tube/liverseg_v2/envs/.env2/lib/python3.9/site-packages/flwr/client/message_handler/message_handler.py", line 141, in handle_legacy_message_from_msgtype
    out_recordset = evaluateres_to_recordset(evaluate_res)
  File "/home/sc.uni-leipzig.de/zc19tube/liverseg_v2/envs/.env2/lib/python3.9/site-packages/flwr/common/recordset_compat.py", line 301, in evaluateres_to_recordset
    recordset.configs_records[f"{res_str}.metrics"] = ConfigsRecord(
  File "/home/sc.uni-leipzig.de/zc19tube/liverseg_v2/envs/.env2/lib/python3.9/site-packages/flwr/common/record/configsrecord.py", line 85, in __init__
    self[k] = configs_dict[k]
  File "/home/sc.uni-leipzig.de/zc19tube/liverseg_v2/envs/.env2/lib/python3.9/site-packages/flwr/common/record/typeddict.py", line 38, in __setitem__
    self._check_value_fn(value)
  File "/home/sc.uni-leipzig.de/zc19tube/liverseg_v2/envs/.env2/lib/python3.9/site-packages/flwr/common/record/configsrecord.py", line 57, in _check_value
    is_valid(value)
  File "/home/sc.uni-leipzig.de/zc19tube/liverseg_v2/envs/.env2/lib/python3.9/site-packages/flwr/common/record/configsrecord.py", line 35, in is_valid
    raise TypeError(
TypeError: Not all values are of valid type. Expected `typing.Union[int, float, str, bytes, bool, typing.List[int], typing.List[float], typing.List[str], typing.List[bytes], typing.List[bool]]` but `<class 'torch.Tensor'>` was passed.

The above exception was the direct cause of the following exception:

[36mray::ClientAppActor.run()[39m (pid=404828, ip=172.18.62.5, actor_id=cf2377bfd0b038346c97131701000000, repr=<flwr.simulation.ray_transport.ray_actor.ClientAppActor object at 0x153c0407b520>)
  File "/home/sc.uni-leipzig.de/zc19tube/liverseg_v2/envs/.env2/lib/python3.9/site-packages/flwr/simulation/ray_transport/ray_actor.py", line 64, in run
    raise ClientAppException(str(ex)) from ex
flwr.client.client_app.ClientAppException: 
Exception ClientAppException occurred. Message: Not all values are of valid type. Expected `typing.Union[int, float, str, bytes, bool, typing.List[int], typing.List[float], typing.List[str], typing.List[bytes], typing.List[bool]]` but `<class 'torch.Tensor'>` was passed.
[2024-10-22 16:10:43,420][flwr][INFO] - aggregate_evaluate: received 0 results and 1 failures
[2024-10-22 16:10:43,420][flwr][INFO] - 
[2024-10-22 16:10:43,420][flwr][INFO] - [ROUND 2]
[2024-10-22 16:10:43,420][flwr][INFO] - configure_fit: strategy sampled 1 clients (out of 1)
[2024-10-22 16:15:41,507][flwr][INFO] - aggregate_fit: received 1 results and 0 failures
[2024-10-22 16:19:01,937][flwr][INFO] - fit progress: (2, 0.061994018357085144, OrderedDict([('ind_iou_0', 0.7234790476218615), ('ind_dice_liver_0', tensor(0.8396, dtype=torch.float64)), ('ind_dice_tumour_0', tensor(0.0513, dtype=torch.float64)), ('ind_iou_1', 0.9028852930611654), ('ind_dice_liver_1', tensor(0.9463, dtype=torch.float64)), ('ind_dice_tumour_1', tensor(0.2128, dtype=torch.float64)), ('all_iou', 0.7419308934044293), ('all_dice_liver', tensor(0.8508, dtype=torch.float64)), ('all_dice_tumour', tensor(0.0680, dtype=torch.float64))]), 1020.8712298399769)
[2024-10-22 16:19:01,943][flwr][INFO] - configure_evaluate: strategy sampled 1 clients (out of 1)
[2024-10-22 16:19:05,672][flwr][ERROR] - Traceback (most recent call last):
  File "/home/sc.uni-leipzig.de/zc19tube/liverseg_v2/envs/.env2/lib/python3.9/site-packages/flwr/simulation/ray_transport/ray_client_proxy.py", line 73, in _submit_job
    out_mssg, updated_context = self.actor_pool.get_client_result(
  File "/home/sc.uni-leipzig.de/zc19tube/liverseg_v2/envs/.env2/lib/python3.9/site-packages/flwr/simulation/ray_transport/ray_actor.py", line 399, in get_client_result
    return self._fetch_future_result(cid)
  File "/home/sc.uni-leipzig.de/zc19tube/liverseg_v2/envs/.env2/lib/python3.9/site-packages/flwr/simulation/ray_transport/ray_actor.py", line 280, in _fetch_future_result
    res_cid, out_mssg, updated_context = ray.get(
  File "/home/sc.uni-leipzig.de/zc19tube/liverseg_v2/envs/.env2/lib/python3.9/site-packages/ray/_private/auto_init_hook.py", line 21, in auto_init_wrapper
    return fn(*args, **kwargs)
  File "/home/sc.uni-leipzig.de/zc19tube/liverseg_v2/envs/.env2/lib/python3.9/site-packages/ray/_private/client_mode_hook.py", line 103, in wrapper
    return func(*args, **kwargs)
  File "/home/sc.uni-leipzig.de/zc19tube/liverseg_v2/envs/.env2/lib/python3.9/site-packages/ray/_private/worker.py", line 2667, in get
    values, debugger_breakpoint = worker.get_objects(object_refs, timeout=timeout)
  File "/home/sc.uni-leipzig.de/zc19tube/liverseg_v2/envs/.env2/lib/python3.9/site-packages/ray/_private/worker.py", line 864, in get_objects
    raise value.as_instanceof_cause()
ray.exceptions.RayTaskError(ClientAppException): [36mray::ClientAppActor.run()[39m (pid=404828, ip=172.18.62.5, actor_id=cf2377bfd0b038346c97131701000000, repr=<flwr.simulation.ray_transport.ray_actor.ClientAppActor object at 0x153c0407b520>)
  File "/home/sc.uni-leipzig.de/zc19tube/liverseg_v2/envs/.env2/lib/python3.9/site-packages/flwr/client/client_app.py", line 98, in __call__
    return self._call(message, context)
  File "/home/sc.uni-leipzig.de/zc19tube/liverseg_v2/envs/.env2/lib/python3.9/site-packages/flwr/client/client_app.py", line 81, in ffn
    out_message = handle_legacy_message_from_msgtype(
  File "/home/sc.uni-leipzig.de/zc19tube/liverseg_v2/envs/.env2/lib/python3.9/site-packages/flwr/client/message_handler/message_handler.py", line 141, in handle_legacy_message_from_msgtype
    out_recordset = evaluateres_to_recordset(evaluate_res)
  File "/home/sc.uni-leipzig.de/zc19tube/liverseg_v2/envs/.env2/lib/python3.9/site-packages/flwr/common/recordset_compat.py", line 301, in evaluateres_to_recordset
    recordset.configs_records[f"{res_str}.metrics"] = ConfigsRecord(
  File "/home/sc.uni-leipzig.de/zc19tube/liverseg_v2/envs/.env2/lib/python3.9/site-packages/flwr/common/record/configsrecord.py", line 85, in __init__
    self[k] = configs_dict[k]
  File "/home/sc.uni-leipzig.de/zc19tube/liverseg_v2/envs/.env2/lib/python3.9/site-packages/flwr/common/record/typeddict.py", line 38, in __setitem__
    self._check_value_fn(value)
  File "/home/sc.uni-leipzig.de/zc19tube/liverseg_v2/envs/.env2/lib/python3.9/site-packages/flwr/common/record/configsrecord.py", line 57, in _check_value
    is_valid(value)
  File "/home/sc.uni-leipzig.de/zc19tube/liverseg_v2/envs/.env2/lib/python3.9/site-packages/flwr/common/record/configsrecord.py", line 35, in is_valid
    raise TypeError(
TypeError: Not all values are of valid type. Expected `typing.Union[int, float, str, bytes, bool, typing.List[int], typing.List[float], typing.List[str], typing.List[bytes], typing.List[bool]]` but `<class 'torch.Tensor'>` was passed.

The above exception was the direct cause of the following exception:

[36mray::ClientAppActor.run()[39m (pid=404828, ip=172.18.62.5, actor_id=cf2377bfd0b038346c97131701000000, repr=<flwr.simulation.ray_transport.ray_actor.ClientAppActor object at 0x153c0407b520>)
  File "/home/sc.uni-leipzig.de/zc19tube/liverseg_v2/envs/.env2/lib/python3.9/site-packages/flwr/simulation/ray_transport/ray_actor.py", line 64, in run
    raise ClientAppException(str(ex)) from ex
flwr.client.client_app.ClientAppException: 
Exception ClientAppException occurred. Message: Not all values are of valid type. Expected `typing.Union[int, float, str, bytes, bool, typing.List[int], typing.List[float], typing.List[str], typing.List[bytes], typing.List[bool]]` but `<class 'torch.Tensor'>` was passed.

[2024-10-22 16:19:05,673][flwr][ERROR] - [36mray::ClientAppActor.run()[39m (pid=404828, ip=172.18.62.5, actor_id=cf2377bfd0b038346c97131701000000, repr=<flwr.simulation.ray_transport.ray_actor.ClientAppActor object at 0x153c0407b520>)
  File "/home/sc.uni-leipzig.de/zc19tube/liverseg_v2/envs/.env2/lib/python3.9/site-packages/flwr/client/client_app.py", line 98, in __call__
    return self._call(message, context)
  File "/home/sc.uni-leipzig.de/zc19tube/liverseg_v2/envs/.env2/lib/python3.9/site-packages/flwr/client/client_app.py", line 81, in ffn
    out_message = handle_legacy_message_from_msgtype(
  File "/home/sc.uni-leipzig.de/zc19tube/liverseg_v2/envs/.env2/lib/python3.9/site-packages/flwr/client/message_handler/message_handler.py", line 141, in handle_legacy_message_from_msgtype
    out_recordset = evaluateres_to_recordset(evaluate_res)
  File "/home/sc.uni-leipzig.de/zc19tube/liverseg_v2/envs/.env2/lib/python3.9/site-packages/flwr/common/recordset_compat.py", line 301, in evaluateres_to_recordset
    recordset.configs_records[f"{res_str}.metrics"] = ConfigsRecord(
  File "/home/sc.uni-leipzig.de/zc19tube/liverseg_v2/envs/.env2/lib/python3.9/site-packages/flwr/common/record/configsrecord.py", line 85, in __init__
    self[k] = configs_dict[k]
  File "/home/sc.uni-leipzig.de/zc19tube/liverseg_v2/envs/.env2/lib/python3.9/site-packages/flwr/common/record/typeddict.py", line 38, in __setitem__
    self._check_value_fn(value)
  File "/home/sc.uni-leipzig.de/zc19tube/liverseg_v2/envs/.env2/lib/python3.9/site-packages/flwr/common/record/configsrecord.py", line 57, in _check_value
    is_valid(value)
  File "/home/sc.uni-leipzig.de/zc19tube/liverseg_v2/envs/.env2/lib/python3.9/site-packages/flwr/common/record/configsrecord.py", line 35, in is_valid
    raise TypeError(
TypeError: Not all values are of valid type. Expected `typing.Union[int, float, str, bytes, bool, typing.List[int], typing.List[float], typing.List[str], typing.List[bytes], typing.List[bool]]` but `<class 'torch.Tensor'>` was passed.

The above exception was the direct cause of the following exception:

[36mray::ClientAppActor.run()[39m (pid=404828, ip=172.18.62.5, actor_id=cf2377bfd0b038346c97131701000000, repr=<flwr.simulation.ray_transport.ray_actor.ClientAppActor object at 0x153c0407b520>)
  File "/home/sc.uni-leipzig.de/zc19tube/liverseg_v2/envs/.env2/lib/python3.9/site-packages/flwr/simulation/ray_transport/ray_actor.py", line 64, in run
    raise ClientAppException(str(ex)) from ex
flwr.client.client_app.ClientAppException: 
Exception ClientAppException occurred. Message: Not all values are of valid type. Expected `typing.Union[int, float, str, bytes, bool, typing.List[int], typing.List[float], typing.List[str], typing.List[bytes], typing.List[bool]]` but `<class 'torch.Tensor'>` was passed.
[2024-10-22 16:19:05,674][flwr][INFO] - aggregate_evaluate: received 0 results and 1 failures
[2024-10-22 16:19:05,674][flwr][INFO] - 
[2024-10-22 16:19:05,674][flwr][INFO] - [ROUND 3]
[2024-10-22 16:19:05,675][flwr][INFO] - configure_fit: strategy sampled 1 clients (out of 1)
[2024-10-22 16:24:02,384][flwr][INFO] - aggregate_fit: received 1 results and 0 failures
[2024-10-22 16:27:21,411][flwr][INFO] - fit progress: (3, 0.06716249723416413, OrderedDict([('ind_iou_0', 0.7405039974096355), ('ind_dice_liver_0', tensor(0.8575, dtype=torch.float64)), ('ind_dice_tumour_0', tensor(0.0981, dtype=torch.float64)), ('ind_iou_1', 0.9255809108665297), ('ind_dice_liver_1', tensor(0.9586, dtype=torch.float64)), ('ind_dice_tumour_1', tensor(0.3658, dtype=torch.float64)), ('all_iou', 0.7593200604667963), ('all_dice_liver', tensor(0.8680, dtype=torch.float64)), ('all_dice_tumour', tensor(0.1249, dtype=torch.float64))]), 1520.344856258016)
[2024-10-22 16:27:21,418][flwr][INFO] - configure_evaluate: strategy sampled 1 clients (out of 1)
[2024-10-22 16:27:26,998][flwr][ERROR] - Traceback (most recent call last):
  File "/home/sc.uni-leipzig.de/zc19tube/liverseg_v2/envs/.env2/lib/python3.9/site-packages/flwr/simulation/ray_transport/ray_client_proxy.py", line 73, in _submit_job
    out_mssg, updated_context = self.actor_pool.get_client_result(
  File "/home/sc.uni-leipzig.de/zc19tube/liverseg_v2/envs/.env2/lib/python3.9/site-packages/flwr/simulation/ray_transport/ray_actor.py", line 399, in get_client_result
    return self._fetch_future_result(cid)
  File "/home/sc.uni-leipzig.de/zc19tube/liverseg_v2/envs/.env2/lib/python3.9/site-packages/flwr/simulation/ray_transport/ray_actor.py", line 280, in _fetch_future_result
    res_cid, out_mssg, updated_context = ray.get(
  File "/home/sc.uni-leipzig.de/zc19tube/liverseg_v2/envs/.env2/lib/python3.9/site-packages/ray/_private/auto_init_hook.py", line 21, in auto_init_wrapper
    return fn(*args, **kwargs)
  File "/home/sc.uni-leipzig.de/zc19tube/liverseg_v2/envs/.env2/lib/python3.9/site-packages/ray/_private/client_mode_hook.py", line 103, in wrapper
    return func(*args, **kwargs)
  File "/home/sc.uni-leipzig.de/zc19tube/liverseg_v2/envs/.env2/lib/python3.9/site-packages/ray/_private/worker.py", line 2667, in get
    values, debugger_breakpoint = worker.get_objects(object_refs, timeout=timeout)
  File "/home/sc.uni-leipzig.de/zc19tube/liverseg_v2/envs/.env2/lib/python3.9/site-packages/ray/_private/worker.py", line 864, in get_objects
    raise value.as_instanceof_cause()
ray.exceptions.RayTaskError(ClientAppException): [36mray::ClientAppActor.run()[39m (pid=404828, ip=172.18.62.5, actor_id=cf2377bfd0b038346c97131701000000, repr=<flwr.simulation.ray_transport.ray_actor.ClientAppActor object at 0x153c0407b520>)
  File "/home/sc.uni-leipzig.de/zc19tube/liverseg_v2/envs/.env2/lib/python3.9/site-packages/flwr/client/client_app.py", line 98, in __call__
    return self._call(message, context)
  File "/home/sc.uni-leipzig.de/zc19tube/liverseg_v2/envs/.env2/lib/python3.9/site-packages/flwr/client/client_app.py", line 81, in ffn
    out_message = handle_legacy_message_from_msgtype(
  File "/home/sc.uni-leipzig.de/zc19tube/liverseg_v2/envs/.env2/lib/python3.9/site-packages/flwr/client/message_handler/message_handler.py", line 141, in handle_legacy_message_from_msgtype
    out_recordset = evaluateres_to_recordset(evaluate_res)
  File "/home/sc.uni-leipzig.de/zc19tube/liverseg_v2/envs/.env2/lib/python3.9/site-packages/flwr/common/recordset_compat.py", line 301, in evaluateres_to_recordset
    recordset.configs_records[f"{res_str}.metrics"] = ConfigsRecord(
  File "/home/sc.uni-leipzig.de/zc19tube/liverseg_v2/envs/.env2/lib/python3.9/site-packages/flwr/common/record/configsrecord.py", line 85, in __init__
    self[k] = configs_dict[k]
  File "/home/sc.uni-leipzig.de/zc19tube/liverseg_v2/envs/.env2/lib/python3.9/site-packages/flwr/common/record/typeddict.py", line 38, in __setitem__
    self._check_value_fn(value)
  File "/home/sc.uni-leipzig.de/zc19tube/liverseg_v2/envs/.env2/lib/python3.9/site-packages/flwr/common/record/configsrecord.py", line 57, in _check_value
    is_valid(value)
  File "/home/sc.uni-leipzig.de/zc19tube/liverseg_v2/envs/.env2/lib/python3.9/site-packages/flwr/common/record/configsrecord.py", line 35, in is_valid
    raise TypeError(
TypeError: Not all values are of valid type. Expected `typing.Union[int, float, str, bytes, bool, typing.List[int], typing.List[float], typing.List[str], typing.List[bytes], typing.List[bool]]` but `<class 'torch.Tensor'>` was passed.

The above exception was the direct cause of the following exception:

[36mray::ClientAppActor.run()[39m (pid=404828, ip=172.18.62.5, actor_id=cf2377bfd0b038346c97131701000000, repr=<flwr.simulation.ray_transport.ray_actor.ClientAppActor object at 0x153c0407b520>)
  File "/home/sc.uni-leipzig.de/zc19tube/liverseg_v2/envs/.env2/lib/python3.9/site-packages/flwr/simulation/ray_transport/ray_actor.py", line 64, in run
    raise ClientAppException(str(ex)) from ex
flwr.client.client_app.ClientAppException: 
Exception ClientAppException occurred. Message: Not all values are of valid type. Expected `typing.Union[int, float, str, bytes, bool, typing.List[int], typing.List[float], typing.List[str], typing.List[bytes], typing.List[bool]]` but `<class 'torch.Tensor'>` was passed.

[2024-10-22 16:27:26,998][flwr][ERROR] - [36mray::ClientAppActor.run()[39m (pid=404828, ip=172.18.62.5, actor_id=cf2377bfd0b038346c97131701000000, repr=<flwr.simulation.ray_transport.ray_actor.ClientAppActor object at 0x153c0407b520>)
  File "/home/sc.uni-leipzig.de/zc19tube/liverseg_v2/envs/.env2/lib/python3.9/site-packages/flwr/client/client_app.py", line 98, in __call__
    return self._call(message, context)
  File "/home/sc.uni-leipzig.de/zc19tube/liverseg_v2/envs/.env2/lib/python3.9/site-packages/flwr/client/client_app.py", line 81, in ffn
    out_message = handle_legacy_message_from_msgtype(
  File "/home/sc.uni-leipzig.de/zc19tube/liverseg_v2/envs/.env2/lib/python3.9/site-packages/flwr/client/message_handler/message_handler.py", line 141, in handle_legacy_message_from_msgtype
    out_recordset = evaluateres_to_recordset(evaluate_res)
  File "/home/sc.uni-leipzig.de/zc19tube/liverseg_v2/envs/.env2/lib/python3.9/site-packages/flwr/common/recordset_compat.py", line 301, in evaluateres_to_recordset
    recordset.configs_records[f"{res_str}.metrics"] = ConfigsRecord(
  File "/home/sc.uni-leipzig.de/zc19tube/liverseg_v2/envs/.env2/lib/python3.9/site-packages/flwr/common/record/configsrecord.py", line 85, in __init__
    self[k] = configs_dict[k]
  File "/home/sc.uni-leipzig.de/zc19tube/liverseg_v2/envs/.env2/lib/python3.9/site-packages/flwr/common/record/typeddict.py", line 38, in __setitem__
    self._check_value_fn(value)
  File "/home/sc.uni-leipzig.de/zc19tube/liverseg_v2/envs/.env2/lib/python3.9/site-packages/flwr/common/record/configsrecord.py", line 57, in _check_value
    is_valid(value)
  File "/home/sc.uni-leipzig.de/zc19tube/liverseg_v2/envs/.env2/lib/python3.9/site-packages/flwr/common/record/configsrecord.py", line 35, in is_valid
    raise TypeError(
TypeError: Not all values are of valid type. Expected `typing.Union[int, float, str, bytes, bool, typing.List[int], typing.List[float], typing.List[str], typing.List[bytes], typing.List[bool]]` but `<class 'torch.Tensor'>` was passed.

The above exception was the direct cause of the following exception:

[36mray::ClientAppActor.run()[39m (pid=404828, ip=172.18.62.5, actor_id=cf2377bfd0b038346c97131701000000, repr=<flwr.simulation.ray_transport.ray_actor.ClientAppActor object at 0x153c0407b520>)
  File "/home/sc.uni-leipzig.de/zc19tube/liverseg_v2/envs/.env2/lib/python3.9/site-packages/flwr/simulation/ray_transport/ray_actor.py", line 64, in run
    raise ClientAppException(str(ex)) from ex
flwr.client.client_app.ClientAppException: 
Exception ClientAppException occurred. Message: Not all values are of valid type. Expected `typing.Union[int, float, str, bytes, bool, typing.List[int], typing.List[float], typing.List[str], typing.List[bytes], typing.List[bool]]` but `<class 'torch.Tensor'>` was passed.
[2024-10-22 16:27:26,999][flwr][INFO] - aggregate_evaluate: received 0 results and 1 failures
[2024-10-22 16:27:27,000][flwr][INFO] - 
[2024-10-22 16:27:27,000][flwr][INFO] - [ROUND 4]
[2024-10-22 16:27:27,000][flwr][INFO] - configure_fit: strategy sampled 1 clients (out of 1)
[2024-10-22 16:32:25,640][flwr][INFO] - aggregate_fit: received 1 results and 0 failures
[2024-10-22 16:35:54,159][flwr][INFO] - fit progress: (4, 0.07624288066941479, OrderedDict([('ind_iou_0', 0.736509164104928), ('ind_dice_liver_0', tensor(0.8576, dtype=torch.float64)), ('ind_dice_tumour_0', tensor(0.1162, dtype=torch.float64)), ('ind_iou_1', 0.9331586346859986), ('ind_dice_liver_1', tensor(0.9641, dtype=torch.float64)), ('ind_dice_tumour_1', tensor(0.3972, dtype=torch.float64)), ('all_iou', 0.7565758459230058), ('all_dice_liver', tensor(0.8685, dtype=torch.float64)), ('all_dice_tumour', tensor(0.1458, dtype=torch.float64))]), 2033.0929794430267)
[2024-10-22 16:35:54,163][flwr][INFO] - configure_evaluate: strategy sampled 1 clients (out of 1)
[2024-10-22 16:35:59,415][flwr][ERROR] - Traceback (most recent call last):
  File "/home/sc.uni-leipzig.de/zc19tube/liverseg_v2/envs/.env2/lib/python3.9/site-packages/flwr/simulation/ray_transport/ray_client_proxy.py", line 73, in _submit_job
    out_mssg, updated_context = self.actor_pool.get_client_result(
  File "/home/sc.uni-leipzig.de/zc19tube/liverseg_v2/envs/.env2/lib/python3.9/site-packages/flwr/simulation/ray_transport/ray_actor.py", line 399, in get_client_result
    return self._fetch_future_result(cid)
  File "/home/sc.uni-leipzig.de/zc19tube/liverseg_v2/envs/.env2/lib/python3.9/site-packages/flwr/simulation/ray_transport/ray_actor.py", line 280, in _fetch_future_result
    res_cid, out_mssg, updated_context = ray.get(
  File "/home/sc.uni-leipzig.de/zc19tube/liverseg_v2/envs/.env2/lib/python3.9/site-packages/ray/_private/auto_init_hook.py", line 21, in auto_init_wrapper
    return fn(*args, **kwargs)
  File "/home/sc.uni-leipzig.de/zc19tube/liverseg_v2/envs/.env2/lib/python3.9/site-packages/ray/_private/client_mode_hook.py", line 103, in wrapper
    return func(*args, **kwargs)
  File "/home/sc.uni-leipzig.de/zc19tube/liverseg_v2/envs/.env2/lib/python3.9/site-packages/ray/_private/worker.py", line 2667, in get
    values, debugger_breakpoint = worker.get_objects(object_refs, timeout=timeout)
  File "/home/sc.uni-leipzig.de/zc19tube/liverseg_v2/envs/.env2/lib/python3.9/site-packages/ray/_private/worker.py", line 864, in get_objects
    raise value.as_instanceof_cause()
ray.exceptions.RayTaskError(ClientAppException): [36mray::ClientAppActor.run()[39m (pid=404828, ip=172.18.62.5, actor_id=cf2377bfd0b038346c97131701000000, repr=<flwr.simulation.ray_transport.ray_actor.ClientAppActor object at 0x153c0407b520>)
  File "/home/sc.uni-leipzig.de/zc19tube/liverseg_v2/envs/.env2/lib/python3.9/site-packages/flwr/client/client_app.py", line 98, in __call__
    return self._call(message, context)
  File "/home/sc.uni-leipzig.de/zc19tube/liverseg_v2/envs/.env2/lib/python3.9/site-packages/flwr/client/client_app.py", line 81, in ffn
    out_message = handle_legacy_message_from_msgtype(
  File "/home/sc.uni-leipzig.de/zc19tube/liverseg_v2/envs/.env2/lib/python3.9/site-packages/flwr/client/message_handler/message_handler.py", line 141, in handle_legacy_message_from_msgtype
    out_recordset = evaluateres_to_recordset(evaluate_res)
  File "/home/sc.uni-leipzig.de/zc19tube/liverseg_v2/envs/.env2/lib/python3.9/site-packages/flwr/common/recordset_compat.py", line 301, in evaluateres_to_recordset
    recordset.configs_records[f"{res_str}.metrics"] = ConfigsRecord(
  File "/home/sc.uni-leipzig.de/zc19tube/liverseg_v2/envs/.env2/lib/python3.9/site-packages/flwr/common/record/configsrecord.py", line 85, in __init__
    self[k] = configs_dict[k]
  File "/home/sc.uni-leipzig.de/zc19tube/liverseg_v2/envs/.env2/lib/python3.9/site-packages/flwr/common/record/typeddict.py", line 38, in __setitem__
    self._check_value_fn(value)
  File "/home/sc.uni-leipzig.de/zc19tube/liverseg_v2/envs/.env2/lib/python3.9/site-packages/flwr/common/record/configsrecord.py", line 57, in _check_value
    is_valid(value)
  File "/home/sc.uni-leipzig.de/zc19tube/liverseg_v2/envs/.env2/lib/python3.9/site-packages/flwr/common/record/configsrecord.py", line 35, in is_valid
    raise TypeError(
TypeError: Not all values are of valid type. Expected `typing.Union[int, float, str, bytes, bool, typing.List[int], typing.List[float], typing.List[str], typing.List[bytes], typing.List[bool]]` but `<class 'torch.Tensor'>` was passed.

The above exception was the direct cause of the following exception:

[36mray::ClientAppActor.run()[39m (pid=404828, ip=172.18.62.5, actor_id=cf2377bfd0b038346c97131701000000, repr=<flwr.simulation.ray_transport.ray_actor.ClientAppActor object at 0x153c0407b520>)
  File "/home/sc.uni-leipzig.de/zc19tube/liverseg_v2/envs/.env2/lib/python3.9/site-packages/flwr/simulation/ray_transport/ray_actor.py", line 64, in run
    raise ClientAppException(str(ex)) from ex
flwr.client.client_app.ClientAppException: 
Exception ClientAppException occurred. Message: Not all values are of valid type. Expected `typing.Union[int, float, str, bytes, bool, typing.List[int], typing.List[float], typing.List[str], typing.List[bytes], typing.List[bool]]` but `<class 'torch.Tensor'>` was passed.

[2024-10-22 16:35:59,415][flwr][ERROR] - [36mray::ClientAppActor.run()[39m (pid=404828, ip=172.18.62.5, actor_id=cf2377bfd0b038346c97131701000000, repr=<flwr.simulation.ray_transport.ray_actor.ClientAppActor object at 0x153c0407b520>)
  File "/home/sc.uni-leipzig.de/zc19tube/liverseg_v2/envs/.env2/lib/python3.9/site-packages/flwr/client/client_app.py", line 98, in __call__
    return self._call(message, context)
  File "/home/sc.uni-leipzig.de/zc19tube/liverseg_v2/envs/.env2/lib/python3.9/site-packages/flwr/client/client_app.py", line 81, in ffn
    out_message = handle_legacy_message_from_msgtype(
  File "/home/sc.uni-leipzig.de/zc19tube/liverseg_v2/envs/.env2/lib/python3.9/site-packages/flwr/client/message_handler/message_handler.py", line 141, in handle_legacy_message_from_msgtype
    out_recordset = evaluateres_to_recordset(evaluate_res)
  File "/home/sc.uni-leipzig.de/zc19tube/liverseg_v2/envs/.env2/lib/python3.9/site-packages/flwr/common/recordset_compat.py", line 301, in evaluateres_to_recordset
    recordset.configs_records[f"{res_str}.metrics"] = ConfigsRecord(
  File "/home/sc.uni-leipzig.de/zc19tube/liverseg_v2/envs/.env2/lib/python3.9/site-packages/flwr/common/record/configsrecord.py", line 85, in __init__
    self[k] = configs_dict[k]
  File "/home/sc.uni-leipzig.de/zc19tube/liverseg_v2/envs/.env2/lib/python3.9/site-packages/flwr/common/record/typeddict.py", line 38, in __setitem__
    self._check_value_fn(value)
  File "/home/sc.uni-leipzig.de/zc19tube/liverseg_v2/envs/.env2/lib/python3.9/site-packages/flwr/common/record/configsrecord.py", line 57, in _check_value
    is_valid(value)
  File "/home/sc.uni-leipzig.de/zc19tube/liverseg_v2/envs/.env2/lib/python3.9/site-packages/flwr/common/record/configsrecord.py", line 35, in is_valid
    raise TypeError(
TypeError: Not all values are of valid type. Expected `typing.Union[int, float, str, bytes, bool, typing.List[int], typing.List[float], typing.List[str], typing.List[bytes], typing.List[bool]]` but `<class 'torch.Tensor'>` was passed.

The above exception was the direct cause of the following exception:

[36mray::ClientAppActor.run()[39m (pid=404828, ip=172.18.62.5, actor_id=cf2377bfd0b038346c97131701000000, repr=<flwr.simulation.ray_transport.ray_actor.ClientAppActor object at 0x153c0407b520>)
  File "/home/sc.uni-leipzig.de/zc19tube/liverseg_v2/envs/.env2/lib/python3.9/site-packages/flwr/simulation/ray_transport/ray_actor.py", line 64, in run
    raise ClientAppException(str(ex)) from ex
flwr.client.client_app.ClientAppException: 
Exception ClientAppException occurred. Message: Not all values are of valid type. Expected `typing.Union[int, float, str, bytes, bool, typing.List[int], typing.List[float], typing.List[str], typing.List[bytes], typing.List[bool]]` but `<class 'torch.Tensor'>` was passed.
[2024-10-22 16:35:59,416][flwr][INFO] - aggregate_evaluate: received 0 results and 1 failures
[2024-10-22 16:35:59,416][flwr][INFO] - 
[2024-10-22 16:35:59,416][flwr][INFO] - [ROUND 5]
[2024-10-22 16:35:59,416][flwr][INFO] - configure_fit: strategy sampled 1 clients (out of 1)
[2024-10-22 16:40:58,887][flwr][INFO] - aggregate_fit: received 1 results and 0 failures
[2024-10-22 16:45:20,173][flwr][INFO] - fit progress: (5, 0.077787799025819, OrderedDict([('ind_iou_0', 0.755331155452924), ('ind_dice_liver_0', tensor(0.8707, dtype=torch.float64)), ('ind_dice_tumour_0', tensor(0.1422, dtype=torch.float64)), ('ind_iou_1', 0.9397156913004372), ('ind_dice_liver_1', tensor(0.9683, dtype=torch.float64)), ('ind_dice_tumour_1', tensor(0.4397, dtype=torch.float64)), ('all_iou', 0.7742528309952778), ('all_dice_liver', tensor(0.8808, dtype=torch.float64)), ('all_dice_tumour', tensor(0.1731, dtype=torch.float64))]), 2599.106797402026)
[2024-10-22 16:45:20,178][flwr][INFO] - configure_evaluate: strategy sampled 1 clients (out of 1)
[2024-10-22 16:45:25,218][flwr][ERROR] - Traceback (most recent call last):
  File "/home/sc.uni-leipzig.de/zc19tube/liverseg_v2/envs/.env2/lib/python3.9/site-packages/flwr/simulation/ray_transport/ray_client_proxy.py", line 73, in _submit_job
    out_mssg, updated_context = self.actor_pool.get_client_result(
  File "/home/sc.uni-leipzig.de/zc19tube/liverseg_v2/envs/.env2/lib/python3.9/site-packages/flwr/simulation/ray_transport/ray_actor.py", line 399, in get_client_result
    return self._fetch_future_result(cid)
  File "/home/sc.uni-leipzig.de/zc19tube/liverseg_v2/envs/.env2/lib/python3.9/site-packages/flwr/simulation/ray_transport/ray_actor.py", line 280, in _fetch_future_result
    res_cid, out_mssg, updated_context = ray.get(
  File "/home/sc.uni-leipzig.de/zc19tube/liverseg_v2/envs/.env2/lib/python3.9/site-packages/ray/_private/auto_init_hook.py", line 21, in auto_init_wrapper
    return fn(*args, **kwargs)
  File "/home/sc.uni-leipzig.de/zc19tube/liverseg_v2/envs/.env2/lib/python3.9/site-packages/ray/_private/client_mode_hook.py", line 103, in wrapper
    return func(*args, **kwargs)
  File "/home/sc.uni-leipzig.de/zc19tube/liverseg_v2/envs/.env2/lib/python3.9/site-packages/ray/_private/worker.py", line 2667, in get
    values, debugger_breakpoint = worker.get_objects(object_refs, timeout=timeout)
  File "/home/sc.uni-leipzig.de/zc19tube/liverseg_v2/envs/.env2/lib/python3.9/site-packages/ray/_private/worker.py", line 864, in get_objects
    raise value.as_instanceof_cause()
ray.exceptions.RayTaskError(ClientAppException): [36mray::ClientAppActor.run()[39m (pid=404828, ip=172.18.62.5, actor_id=cf2377bfd0b038346c97131701000000, repr=<flwr.simulation.ray_transport.ray_actor.ClientAppActor object at 0x153c0407b520>)
  File "/home/sc.uni-leipzig.de/zc19tube/liverseg_v2/envs/.env2/lib/python3.9/site-packages/flwr/client/client_app.py", line 98, in __call__
    return self._call(message, context)
  File "/home/sc.uni-leipzig.de/zc19tube/liverseg_v2/envs/.env2/lib/python3.9/site-packages/flwr/client/client_app.py", line 81, in ffn
    out_message = handle_legacy_message_from_msgtype(
  File "/home/sc.uni-leipzig.de/zc19tube/liverseg_v2/envs/.env2/lib/python3.9/site-packages/flwr/client/message_handler/message_handler.py", line 141, in handle_legacy_message_from_msgtype
    out_recordset = evaluateres_to_recordset(evaluate_res)
  File "/home/sc.uni-leipzig.de/zc19tube/liverseg_v2/envs/.env2/lib/python3.9/site-packages/flwr/common/recordset_compat.py", line 301, in evaluateres_to_recordset
    recordset.configs_records[f"{res_str}.metrics"] = ConfigsRecord(
  File "/home/sc.uni-leipzig.de/zc19tube/liverseg_v2/envs/.env2/lib/python3.9/site-packages/flwr/common/record/configsrecord.py", line 85, in __init__
    self[k] = configs_dict[k]
  File "/home/sc.uni-leipzig.de/zc19tube/liverseg_v2/envs/.env2/lib/python3.9/site-packages/flwr/common/record/typeddict.py", line 38, in __setitem__
    self._check_value_fn(value)
  File "/home/sc.uni-leipzig.de/zc19tube/liverseg_v2/envs/.env2/lib/python3.9/site-packages/flwr/common/record/configsrecord.py", line 57, in _check_value
    is_valid(value)
  File "/home/sc.uni-leipzig.de/zc19tube/liverseg_v2/envs/.env2/lib/python3.9/site-packages/flwr/common/record/configsrecord.py", line 35, in is_valid
    raise TypeError(
TypeError: Not all values are of valid type. Expected `typing.Union[int, float, str, bytes, bool, typing.List[int], typing.List[float], typing.List[str], typing.List[bytes], typing.List[bool]]` but `<class 'torch.Tensor'>` was passed.

The above exception was the direct cause of the following exception:

[36mray::ClientAppActor.run()[39m (pid=404828, ip=172.18.62.5, actor_id=cf2377bfd0b038346c97131701000000, repr=<flwr.simulation.ray_transport.ray_actor.ClientAppActor object at 0x153c0407b520>)
  File "/home/sc.uni-leipzig.de/zc19tube/liverseg_v2/envs/.env2/lib/python3.9/site-packages/flwr/simulation/ray_transport/ray_actor.py", line 64, in run
    raise ClientAppException(str(ex)) from ex
flwr.client.client_app.ClientAppException: 
Exception ClientAppException occurred. Message: Not all values are of valid type. Expected `typing.Union[int, float, str, bytes, bool, typing.List[int], typing.List[float], typing.List[str], typing.List[bytes], typing.List[bool]]` but `<class 'torch.Tensor'>` was passed.

[2024-10-22 16:45:25,220][flwr][ERROR] - [36mray::ClientAppActor.run()[39m (pid=404828, ip=172.18.62.5, actor_id=cf2377bfd0b038346c97131701000000, repr=<flwr.simulation.ray_transport.ray_actor.ClientAppActor object at 0x153c0407b520>)
  File "/home/sc.uni-leipzig.de/zc19tube/liverseg_v2/envs/.env2/lib/python3.9/site-packages/flwr/client/client_app.py", line 98, in __call__
    return self._call(message, context)
  File "/home/sc.uni-leipzig.de/zc19tube/liverseg_v2/envs/.env2/lib/python3.9/site-packages/flwr/client/client_app.py", line 81, in ffn
    out_message = handle_legacy_message_from_msgtype(
  File "/home/sc.uni-leipzig.de/zc19tube/liverseg_v2/envs/.env2/lib/python3.9/site-packages/flwr/client/message_handler/message_handler.py", line 141, in handle_legacy_message_from_msgtype
    out_recordset = evaluateres_to_recordset(evaluate_res)
  File "/home/sc.uni-leipzig.de/zc19tube/liverseg_v2/envs/.env2/lib/python3.9/site-packages/flwr/common/recordset_compat.py", line 301, in evaluateres_to_recordset
    recordset.configs_records[f"{res_str}.metrics"] = ConfigsRecord(
  File "/home/sc.uni-leipzig.de/zc19tube/liverseg_v2/envs/.env2/lib/python3.9/site-packages/flwr/common/record/configsrecord.py", line 85, in __init__
    self[k] = configs_dict[k]
  File "/home/sc.uni-leipzig.de/zc19tube/liverseg_v2/envs/.env2/lib/python3.9/site-packages/flwr/common/record/typeddict.py", line 38, in __setitem__
    self._check_value_fn(value)
  File "/home/sc.uni-leipzig.de/zc19tube/liverseg_v2/envs/.env2/lib/python3.9/site-packages/flwr/common/record/configsrecord.py", line 57, in _check_value
    is_valid(value)
  File "/home/sc.uni-leipzig.de/zc19tube/liverseg_v2/envs/.env2/lib/python3.9/site-packages/flwr/common/record/configsrecord.py", line 35, in is_valid
    raise TypeError(
TypeError: Not all values are of valid type. Expected `typing.Union[int, float, str, bytes, bool, typing.List[int], typing.List[float], typing.List[str], typing.List[bytes], typing.List[bool]]` but `<class 'torch.Tensor'>` was passed.

The above exception was the direct cause of the following exception:

[36mray::ClientAppActor.run()[39m (pid=404828, ip=172.18.62.5, actor_id=cf2377bfd0b038346c97131701000000, repr=<flwr.simulation.ray_transport.ray_actor.ClientAppActor object at 0x153c0407b520>)
  File "/home/sc.uni-leipzig.de/zc19tube/liverseg_v2/envs/.env2/lib/python3.9/site-packages/flwr/simulation/ray_transport/ray_actor.py", line 64, in run
    raise ClientAppException(str(ex)) from ex
flwr.client.client_app.ClientAppException: 
Exception ClientAppException occurred. Message: Not all values are of valid type. Expected `typing.Union[int, float, str, bytes, bool, typing.List[int], typing.List[float], typing.List[str], typing.List[bytes], typing.List[bool]]` but `<class 'torch.Tensor'>` was passed.
[2024-10-22 16:45:25,221][flwr][INFO] - aggregate_evaluate: received 0 results and 1 failures
[2024-10-22 16:45:25,222][flwr][INFO] - 
[2024-10-22 16:45:25,222][flwr][INFO] - [ROUND 6]
[2024-10-22 16:45:25,222][flwr][INFO] - configure_fit: strategy sampled 1 clients (out of 1)
[2024-10-22 16:50:27,621][flwr][INFO] - aggregate_fit: received 1 results and 0 failures
[2024-10-22 16:54:00,246][flwr][INFO] - fit progress: (6, 0.08736414794506972, OrderedDict([('ind_iou_0', 0.7523305247455683), ('ind_dice_liver_0', tensor(0.8695, dtype=torch.float64)), ('ind_dice_tumour_0', tensor(0.1205, dtype=torch.float64)), ('ind_iou_1', 0.9420307829455979), ('ind_dice_liver_1', tensor(0.9707, dtype=torch.float64)), ('ind_dice_tumour_1', tensor(0.4345, dtype=torch.float64)), ('all_iou', 0.7719235388431783), ('all_dice_liver', tensor(0.8800, dtype=torch.float64)), ('all_dice_tumour', tensor(0.1536, dtype=torch.float64))]), 3119.1795896948315)
[2024-10-22 16:54:00,250][flwr][INFO] - configure_evaluate: strategy sampled 1 clients (out of 1)
[2024-10-22 16:54:04,491][flwr][ERROR] - Traceback (most recent call last):
  File "/home/sc.uni-leipzig.de/zc19tube/liverseg_v2/envs/.env2/lib/python3.9/site-packages/flwr/simulation/ray_transport/ray_client_proxy.py", line 73, in _submit_job
    out_mssg, updated_context = self.actor_pool.get_client_result(
  File "/home/sc.uni-leipzig.de/zc19tube/liverseg_v2/envs/.env2/lib/python3.9/site-packages/flwr/simulation/ray_transport/ray_actor.py", line 399, in get_client_result
    return self._fetch_future_result(cid)
  File "/home/sc.uni-leipzig.de/zc19tube/liverseg_v2/envs/.env2/lib/python3.9/site-packages/flwr/simulation/ray_transport/ray_actor.py", line 280, in _fetch_future_result
    res_cid, out_mssg, updated_context = ray.get(
  File "/home/sc.uni-leipzig.de/zc19tube/liverseg_v2/envs/.env2/lib/python3.9/site-packages/ray/_private/auto_init_hook.py", line 21, in auto_init_wrapper
    return fn(*args, **kwargs)
  File "/home/sc.uni-leipzig.de/zc19tube/liverseg_v2/envs/.env2/lib/python3.9/site-packages/ray/_private/client_mode_hook.py", line 103, in wrapper
    return func(*args, **kwargs)
  File "/home/sc.uni-leipzig.de/zc19tube/liverseg_v2/envs/.env2/lib/python3.9/site-packages/ray/_private/worker.py", line 2667, in get
    values, debugger_breakpoint = worker.get_objects(object_refs, timeout=timeout)
  File "/home/sc.uni-leipzig.de/zc19tube/liverseg_v2/envs/.env2/lib/python3.9/site-packages/ray/_private/worker.py", line 864, in get_objects
    raise value.as_instanceof_cause()
ray.exceptions.RayTaskError(ClientAppException): [36mray::ClientAppActor.run()[39m (pid=404828, ip=172.18.62.5, actor_id=cf2377bfd0b038346c97131701000000, repr=<flwr.simulation.ray_transport.ray_actor.ClientAppActor object at 0x153c0407b520>)
  File "/home/sc.uni-leipzig.de/zc19tube/liverseg_v2/envs/.env2/lib/python3.9/site-packages/flwr/client/client_app.py", line 98, in __call__
    return self._call(message, context)
  File "/home/sc.uni-leipzig.de/zc19tube/liverseg_v2/envs/.env2/lib/python3.9/site-packages/flwr/client/client_app.py", line 81, in ffn
    out_message = handle_legacy_message_from_msgtype(
  File "/home/sc.uni-leipzig.de/zc19tube/liverseg_v2/envs/.env2/lib/python3.9/site-packages/flwr/client/message_handler/message_handler.py", line 141, in handle_legacy_message_from_msgtype
    out_recordset = evaluateres_to_recordset(evaluate_res)
  File "/home/sc.uni-leipzig.de/zc19tube/liverseg_v2/envs/.env2/lib/python3.9/site-packages/flwr/common/recordset_compat.py", line 301, in evaluateres_to_recordset
    recordset.configs_records[f"{res_str}.metrics"] = ConfigsRecord(
  File "/home/sc.uni-leipzig.de/zc19tube/liverseg_v2/envs/.env2/lib/python3.9/site-packages/flwr/common/record/configsrecord.py", line 85, in __init__
    self[k] = configs_dict[k]
  File "/home/sc.uni-leipzig.de/zc19tube/liverseg_v2/envs/.env2/lib/python3.9/site-packages/flwr/common/record/typeddict.py", line 38, in __setitem__
    self._check_value_fn(value)
  File "/home/sc.uni-leipzig.de/zc19tube/liverseg_v2/envs/.env2/lib/python3.9/site-packages/flwr/common/record/configsrecord.py", line 57, in _check_value
    is_valid(value)
  File "/home/sc.uni-leipzig.de/zc19tube/liverseg_v2/envs/.env2/lib/python3.9/site-packages/flwr/common/record/configsrecord.py", line 35, in is_valid
    raise TypeError(
TypeError: Not all values are of valid type. Expected `typing.Union[int, float, str, bytes, bool, typing.List[int], typing.List[float], typing.List[str], typing.List[bytes], typing.List[bool]]` but `<class 'torch.Tensor'>` was passed.

The above exception was the direct cause of the following exception:

[36mray::ClientAppActor.run()[39m (pid=404828, ip=172.18.62.5, actor_id=cf2377bfd0b038346c97131701000000, repr=<flwr.simulation.ray_transport.ray_actor.ClientAppActor object at 0x153c0407b520>)
  File "/home/sc.uni-leipzig.de/zc19tube/liverseg_v2/envs/.env2/lib/python3.9/site-packages/flwr/simulation/ray_transport/ray_actor.py", line 64, in run
    raise ClientAppException(str(ex)) from ex
flwr.client.client_app.ClientAppException: 
Exception ClientAppException occurred. Message: Not all values are of valid type. Expected `typing.Union[int, float, str, bytes, bool, typing.List[int], typing.List[float], typing.List[str], typing.List[bytes], typing.List[bool]]` but `<class 'torch.Tensor'>` was passed.

[2024-10-22 16:54:04,494][flwr][ERROR] - [36mray::ClientAppActor.run()[39m (pid=404828, ip=172.18.62.5, actor_id=cf2377bfd0b038346c97131701000000, repr=<flwr.simulation.ray_transport.ray_actor.ClientAppActor object at 0x153c0407b520>)
  File "/home/sc.uni-leipzig.de/zc19tube/liverseg_v2/envs/.env2/lib/python3.9/site-packages/flwr/client/client_app.py", line 98, in __call__
    return self._call(message, context)
  File "/home/sc.uni-leipzig.de/zc19tube/liverseg_v2/envs/.env2/lib/python3.9/site-packages/flwr/client/client_app.py", line 81, in ffn
    out_message = handle_legacy_message_from_msgtype(
  File "/home/sc.uni-leipzig.de/zc19tube/liverseg_v2/envs/.env2/lib/python3.9/site-packages/flwr/client/message_handler/message_handler.py", line 141, in handle_legacy_message_from_msgtype
    out_recordset = evaluateres_to_recordset(evaluate_res)
  File "/home/sc.uni-leipzig.de/zc19tube/liverseg_v2/envs/.env2/lib/python3.9/site-packages/flwr/common/recordset_compat.py", line 301, in evaluateres_to_recordset
    recordset.configs_records[f"{res_str}.metrics"] = ConfigsRecord(
  File "/home/sc.uni-leipzig.de/zc19tube/liverseg_v2/envs/.env2/lib/python3.9/site-packages/flwr/common/record/configsrecord.py", line 85, in __init__
    self[k] = configs_dict[k]
  File "/home/sc.uni-leipzig.de/zc19tube/liverseg_v2/envs/.env2/lib/python3.9/site-packages/flwr/common/record/typeddict.py", line 38, in __setitem__
    self._check_value_fn(value)
  File "/home/sc.uni-leipzig.de/zc19tube/liverseg_v2/envs/.env2/lib/python3.9/site-packages/flwr/common/record/configsrecord.py", line 57, in _check_value
    is_valid(value)
  File "/home/sc.uni-leipzig.de/zc19tube/liverseg_v2/envs/.env2/lib/python3.9/site-packages/flwr/common/record/configsrecord.py", line 35, in is_valid
    raise TypeError(
TypeError: Not all values are of valid type. Expected `typing.Union[int, float, str, bytes, bool, typing.List[int], typing.List[float], typing.List[str], typing.List[bytes], typing.List[bool]]` but `<class 'torch.Tensor'>` was passed.

The above exception was the direct cause of the following exception:

[36mray::ClientAppActor.run()[39m (pid=404828, ip=172.18.62.5, actor_id=cf2377bfd0b038346c97131701000000, repr=<flwr.simulation.ray_transport.ray_actor.ClientAppActor object at 0x153c0407b520>)
  File "/home/sc.uni-leipzig.de/zc19tube/liverseg_v2/envs/.env2/lib/python3.9/site-packages/flwr/simulation/ray_transport/ray_actor.py", line 64, in run
    raise ClientAppException(str(ex)) from ex
flwr.client.client_app.ClientAppException: 
Exception ClientAppException occurred. Message: Not all values are of valid type. Expected `typing.Union[int, float, str, bytes, bool, typing.List[int], typing.List[float], typing.List[str], typing.List[bytes], typing.List[bool]]` but `<class 'torch.Tensor'>` was passed.
[2024-10-22 16:54:04,495][flwr][INFO] - aggregate_evaluate: received 0 results and 1 failures
[2024-10-22 16:54:04,495][flwr][INFO] - 
[2024-10-22 16:54:04,496][flwr][INFO] - [ROUND 7]
[2024-10-22 16:54:04,496][flwr][INFO] - configure_fit: strategy sampled 1 clients (out of 1)
[2024-10-22 16:59:04,571][flwr][INFO] - aggregate_fit: received 1 results and 0 failures
[2024-10-22 17:02:32,522][flwr][INFO] - fit progress: (7, 0.08797847454651718, OrderedDict([('ind_iou_0', 0.7584011944109946), ('ind_dice_liver_0', tensor(0.8741, dtype=torch.float64)), ('ind_dice_tumour_0', tensor(0.1189, dtype=torch.float64)), ('ind_iou_1', 0.9437334068809567), ('ind_dice_liver_1', tensor(0.9728, dtype=torch.float64)), ('ind_dice_tumour_1', tensor(0.4246, dtype=torch.float64)), ('all_iou', 0.7772909579629923), ('all_dice_liver', tensor(0.8842, dtype=torch.float64)), ('all_dice_tumour', tensor(0.1523, dtype=torch.float64))]), 3631.4553825899493)
[2024-10-22 17:02:32,528][flwr][INFO] - configure_evaluate: strategy sampled 1 clients (out of 1)
[2024-10-22 17:02:36,156][flwr][ERROR] - Traceback (most recent call last):
  File "/home/sc.uni-leipzig.de/zc19tube/liverseg_v2/envs/.env2/lib/python3.9/site-packages/flwr/simulation/ray_transport/ray_client_proxy.py", line 73, in _submit_job
    out_mssg, updated_context = self.actor_pool.get_client_result(
  File "/home/sc.uni-leipzig.de/zc19tube/liverseg_v2/envs/.env2/lib/python3.9/site-packages/flwr/simulation/ray_transport/ray_actor.py", line 399, in get_client_result
    return self._fetch_future_result(cid)
  File "/home/sc.uni-leipzig.de/zc19tube/liverseg_v2/envs/.env2/lib/python3.9/site-packages/flwr/simulation/ray_transport/ray_actor.py", line 280, in _fetch_future_result
    res_cid, out_mssg, updated_context = ray.get(
  File "/home/sc.uni-leipzig.de/zc19tube/liverseg_v2/envs/.env2/lib/python3.9/site-packages/ray/_private/auto_init_hook.py", line 21, in auto_init_wrapper
    return fn(*args, **kwargs)
  File "/home/sc.uni-leipzig.de/zc19tube/liverseg_v2/envs/.env2/lib/python3.9/site-packages/ray/_private/client_mode_hook.py", line 103, in wrapper
    return func(*args, **kwargs)
  File "/home/sc.uni-leipzig.de/zc19tube/liverseg_v2/envs/.env2/lib/python3.9/site-packages/ray/_private/worker.py", line 2667, in get
    values, debugger_breakpoint = worker.get_objects(object_refs, timeout=timeout)
  File "/home/sc.uni-leipzig.de/zc19tube/liverseg_v2/envs/.env2/lib/python3.9/site-packages/ray/_private/worker.py", line 864, in get_objects
    raise value.as_instanceof_cause()
ray.exceptions.RayTaskError(ClientAppException): [36mray::ClientAppActor.run()[39m (pid=404828, ip=172.18.62.5, actor_id=cf2377bfd0b038346c97131701000000, repr=<flwr.simulation.ray_transport.ray_actor.ClientAppActor object at 0x153c0407b520>)
  File "/home/sc.uni-leipzig.de/zc19tube/liverseg_v2/envs/.env2/lib/python3.9/site-packages/flwr/client/client_app.py", line 98, in __call__
    return self._call(message, context)
  File "/home/sc.uni-leipzig.de/zc19tube/liverseg_v2/envs/.env2/lib/python3.9/site-packages/flwr/client/client_app.py", line 81, in ffn
    out_message = handle_legacy_message_from_msgtype(
  File "/home/sc.uni-leipzig.de/zc19tube/liverseg_v2/envs/.env2/lib/python3.9/site-packages/flwr/client/message_handler/message_handler.py", line 141, in handle_legacy_message_from_msgtype
    out_recordset = evaluateres_to_recordset(evaluate_res)
  File "/home/sc.uni-leipzig.de/zc19tube/liverseg_v2/envs/.env2/lib/python3.9/site-packages/flwr/common/recordset_compat.py", line 301, in evaluateres_to_recordset
    recordset.configs_records[f"{res_str}.metrics"] = ConfigsRecord(
  File "/home/sc.uni-leipzig.de/zc19tube/liverseg_v2/envs/.env2/lib/python3.9/site-packages/flwr/common/record/configsrecord.py", line 85, in __init__
    self[k] = configs_dict[k]
  File "/home/sc.uni-leipzig.de/zc19tube/liverseg_v2/envs/.env2/lib/python3.9/site-packages/flwr/common/record/typeddict.py", line 38, in __setitem__
    self._check_value_fn(value)
  File "/home/sc.uni-leipzig.de/zc19tube/liverseg_v2/envs/.env2/lib/python3.9/site-packages/flwr/common/record/configsrecord.py", line 57, in _check_value
    is_valid(value)
  File "/home/sc.uni-leipzig.de/zc19tube/liverseg_v2/envs/.env2/lib/python3.9/site-packages/flwr/common/record/configsrecord.py", line 35, in is_valid
    raise TypeError(
TypeError: Not all values are of valid type. Expected `typing.Union[int, float, str, bytes, bool, typing.List[int], typing.List[float], typing.List[str], typing.List[bytes], typing.List[bool]]` but `<class 'torch.Tensor'>` was passed.

The above exception was the direct cause of the following exception:

[36mray::ClientAppActor.run()[39m (pid=404828, ip=172.18.62.5, actor_id=cf2377bfd0b038346c97131701000000, repr=<flwr.simulation.ray_transport.ray_actor.ClientAppActor object at 0x153c0407b520>)
  File "/home/sc.uni-leipzig.de/zc19tube/liverseg_v2/envs/.env2/lib/python3.9/site-packages/flwr/simulation/ray_transport/ray_actor.py", line 64, in run
    raise ClientAppException(str(ex)) from ex
flwr.client.client_app.ClientAppException: 
Exception ClientAppException occurred. Message: Not all values are of valid type. Expected `typing.Union[int, float, str, bytes, bool, typing.List[int], typing.List[float], typing.List[str], typing.List[bytes], typing.List[bool]]` but `<class 'torch.Tensor'>` was passed.

[2024-10-22 17:02:36,156][flwr][ERROR] - [36mray::ClientAppActor.run()[39m (pid=404828, ip=172.18.62.5, actor_id=cf2377bfd0b038346c97131701000000, repr=<flwr.simulation.ray_transport.ray_actor.ClientAppActor object at 0x153c0407b520>)
  File "/home/sc.uni-leipzig.de/zc19tube/liverseg_v2/envs/.env2/lib/python3.9/site-packages/flwr/client/client_app.py", line 98, in __call__
    return self._call(message, context)
  File "/home/sc.uni-leipzig.de/zc19tube/liverseg_v2/envs/.env2/lib/python3.9/site-packages/flwr/client/client_app.py", line 81, in ffn
    out_message = handle_legacy_message_from_msgtype(
  File "/home/sc.uni-leipzig.de/zc19tube/liverseg_v2/envs/.env2/lib/python3.9/site-packages/flwr/client/message_handler/message_handler.py", line 141, in handle_legacy_message_from_msgtype
    out_recordset = evaluateres_to_recordset(evaluate_res)
  File "/home/sc.uni-leipzig.de/zc19tube/liverseg_v2/envs/.env2/lib/python3.9/site-packages/flwr/common/recordset_compat.py", line 301, in evaluateres_to_recordset
    recordset.configs_records[f"{res_str}.metrics"] = ConfigsRecord(
  File "/home/sc.uni-leipzig.de/zc19tube/liverseg_v2/envs/.env2/lib/python3.9/site-packages/flwr/common/record/configsrecord.py", line 85, in __init__
    self[k] = configs_dict[k]
  File "/home/sc.uni-leipzig.de/zc19tube/liverseg_v2/envs/.env2/lib/python3.9/site-packages/flwr/common/record/typeddict.py", line 38, in __setitem__
    self._check_value_fn(value)
  File "/home/sc.uni-leipzig.de/zc19tube/liverseg_v2/envs/.env2/lib/python3.9/site-packages/flwr/common/record/configsrecord.py", line 57, in _check_value
    is_valid(value)
  File "/home/sc.uni-leipzig.de/zc19tube/liverseg_v2/envs/.env2/lib/python3.9/site-packages/flwr/common/record/configsrecord.py", line 35, in is_valid
    raise TypeError(
TypeError: Not all values are of valid type. Expected `typing.Union[int, float, str, bytes, bool, typing.List[int], typing.List[float], typing.List[str], typing.List[bytes], typing.List[bool]]` but `<class 'torch.Tensor'>` was passed.

The above exception was the direct cause of the following exception:

[36mray::ClientAppActor.run()[39m (pid=404828, ip=172.18.62.5, actor_id=cf2377bfd0b038346c97131701000000, repr=<flwr.simulation.ray_transport.ray_actor.ClientAppActor object at 0x153c0407b520>)
  File "/home/sc.uni-leipzig.de/zc19tube/liverseg_v2/envs/.env2/lib/python3.9/site-packages/flwr/simulation/ray_transport/ray_actor.py", line 64, in run
    raise ClientAppException(str(ex)) from ex
flwr.client.client_app.ClientAppException: 
Exception ClientAppException occurred. Message: Not all values are of valid type. Expected `typing.Union[int, float, str, bytes, bool, typing.List[int], typing.List[float], typing.List[str], typing.List[bytes], typing.List[bool]]` but `<class 'torch.Tensor'>` was passed.
[2024-10-22 17:02:36,157][flwr][INFO] - aggregate_evaluate: received 0 results and 1 failures
[2024-10-22 17:02:36,157][flwr][INFO] - 
[2024-10-22 17:02:36,158][flwr][INFO] - [ROUND 8]
[2024-10-22 17:02:36,158][flwr][INFO] - configure_fit: strategy sampled 1 clients (out of 1)
[2024-10-22 17:07:39,810][flwr][INFO] - aggregate_fit: received 1 results and 0 failures
[2024-10-22 17:11:04,289][flwr][INFO] - fit progress: (8, 0.09426112679029201, OrderedDict([('ind_iou_0', 0.7495500410018526), ('ind_dice_liver_0', tensor(0.8681, dtype=torch.float64)), ('ind_dice_tumour_0', tensor(0.1201, dtype=torch.float64)), ('ind_iou_1', 0.9444772629072979), ('ind_dice_liver_1', tensor(0.9730, dtype=torch.float64)), ('ind_dice_tumour_1', tensor(0.4566, dtype=torch.float64)), ('all_iou', 0.7694593072979783), ('all_dice_liver', tensor(0.8791, dtype=torch.float64)), ('all_dice_tumour', tensor(0.1555, dtype=torch.float64))]), 4143.223159054993)
[2024-10-22 17:11:04,293][flwr][INFO] - configure_evaluate: strategy sampled 1 clients (out of 1)
[2024-10-22 17:11:08,216][flwr][ERROR] - Traceback (most recent call last):
  File "/home/sc.uni-leipzig.de/zc19tube/liverseg_v2/envs/.env2/lib/python3.9/site-packages/flwr/simulation/ray_transport/ray_client_proxy.py", line 73, in _submit_job
    out_mssg, updated_context = self.actor_pool.get_client_result(
  File "/home/sc.uni-leipzig.de/zc19tube/liverseg_v2/envs/.env2/lib/python3.9/site-packages/flwr/simulation/ray_transport/ray_actor.py", line 399, in get_client_result
    return self._fetch_future_result(cid)
  File "/home/sc.uni-leipzig.de/zc19tube/liverseg_v2/envs/.env2/lib/python3.9/site-packages/flwr/simulation/ray_transport/ray_actor.py", line 280, in _fetch_future_result
    res_cid, out_mssg, updated_context = ray.get(
  File "/home/sc.uni-leipzig.de/zc19tube/liverseg_v2/envs/.env2/lib/python3.9/site-packages/ray/_private/auto_init_hook.py", line 21, in auto_init_wrapper
    return fn(*args, **kwargs)
  File "/home/sc.uni-leipzig.de/zc19tube/liverseg_v2/envs/.env2/lib/python3.9/site-packages/ray/_private/client_mode_hook.py", line 103, in wrapper
    return func(*args, **kwargs)
  File "/home/sc.uni-leipzig.de/zc19tube/liverseg_v2/envs/.env2/lib/python3.9/site-packages/ray/_private/worker.py", line 2667, in get
    values, debugger_breakpoint = worker.get_objects(object_refs, timeout=timeout)
  File "/home/sc.uni-leipzig.de/zc19tube/liverseg_v2/envs/.env2/lib/python3.9/site-packages/ray/_private/worker.py", line 864, in get_objects
    raise value.as_instanceof_cause()
ray.exceptions.RayTaskError(ClientAppException): [36mray::ClientAppActor.run()[39m (pid=404828, ip=172.18.62.5, actor_id=cf2377bfd0b038346c97131701000000, repr=<flwr.simulation.ray_transport.ray_actor.ClientAppActor object at 0x153c0407b520>)
  File "/home/sc.uni-leipzig.de/zc19tube/liverseg_v2/envs/.env2/lib/python3.9/site-packages/flwr/client/client_app.py", line 98, in __call__
    return self._call(message, context)
  File "/home/sc.uni-leipzig.de/zc19tube/liverseg_v2/envs/.env2/lib/python3.9/site-packages/flwr/client/client_app.py", line 81, in ffn
    out_message = handle_legacy_message_from_msgtype(
  File "/home/sc.uni-leipzig.de/zc19tube/liverseg_v2/envs/.env2/lib/python3.9/site-packages/flwr/client/message_handler/message_handler.py", line 141, in handle_legacy_message_from_msgtype
    out_recordset = evaluateres_to_recordset(evaluate_res)
  File "/home/sc.uni-leipzig.de/zc19tube/liverseg_v2/envs/.env2/lib/python3.9/site-packages/flwr/common/recordset_compat.py", line 301, in evaluateres_to_recordset
    recordset.configs_records[f"{res_str}.metrics"] = ConfigsRecord(
  File "/home/sc.uni-leipzig.de/zc19tube/liverseg_v2/envs/.env2/lib/python3.9/site-packages/flwr/common/record/configsrecord.py", line 85, in __init__
    self[k] = configs_dict[k]
  File "/home/sc.uni-leipzig.de/zc19tube/liverseg_v2/envs/.env2/lib/python3.9/site-packages/flwr/common/record/typeddict.py", line 38, in __setitem__
    self._check_value_fn(value)
  File "/home/sc.uni-leipzig.de/zc19tube/liverseg_v2/envs/.env2/lib/python3.9/site-packages/flwr/common/record/configsrecord.py", line 57, in _check_value
    is_valid(value)
  File "/home/sc.uni-leipzig.de/zc19tube/liverseg_v2/envs/.env2/lib/python3.9/site-packages/flwr/common/record/configsrecord.py", line 35, in is_valid
    raise TypeError(
TypeError: Not all values are of valid type. Expected `typing.Union[int, float, str, bytes, bool, typing.List[int], typing.List[float], typing.List[str], typing.List[bytes], typing.List[bool]]` but `<class 'torch.Tensor'>` was passed.

The above exception was the direct cause of the following exception:

[36mray::ClientAppActor.run()[39m (pid=404828, ip=172.18.62.5, actor_id=cf2377bfd0b038346c97131701000000, repr=<flwr.simulation.ray_transport.ray_actor.ClientAppActor object at 0x153c0407b520>)
  File "/home/sc.uni-leipzig.de/zc19tube/liverseg_v2/envs/.env2/lib/python3.9/site-packages/flwr/simulation/ray_transport/ray_actor.py", line 64, in run
    raise ClientAppException(str(ex)) from ex
flwr.client.client_app.ClientAppException: 
Exception ClientAppException occurred. Message: Not all values are of valid type. Expected `typing.Union[int, float, str, bytes, bool, typing.List[int], typing.List[float], typing.List[str], typing.List[bytes], typing.List[bool]]` but `<class 'torch.Tensor'>` was passed.

[2024-10-22 17:11:08,216][flwr][ERROR] - [36mray::ClientAppActor.run()[39m (pid=404828, ip=172.18.62.5, actor_id=cf2377bfd0b038346c97131701000000, repr=<flwr.simulation.ray_transport.ray_actor.ClientAppActor object at 0x153c0407b520>)
  File "/home/sc.uni-leipzig.de/zc19tube/liverseg_v2/envs/.env2/lib/python3.9/site-packages/flwr/client/client_app.py", line 98, in __call__
    return self._call(message, context)
  File "/home/sc.uni-leipzig.de/zc19tube/liverseg_v2/envs/.env2/lib/python3.9/site-packages/flwr/client/client_app.py", line 81, in ffn
    out_message = handle_legacy_message_from_msgtype(
  File "/home/sc.uni-leipzig.de/zc19tube/liverseg_v2/envs/.env2/lib/python3.9/site-packages/flwr/client/message_handler/message_handler.py", line 141, in handle_legacy_message_from_msgtype
    out_recordset = evaluateres_to_recordset(evaluate_res)
  File "/home/sc.uni-leipzig.de/zc19tube/liverseg_v2/envs/.env2/lib/python3.9/site-packages/flwr/common/recordset_compat.py", line 301, in evaluateres_to_recordset
    recordset.configs_records[f"{res_str}.metrics"] = ConfigsRecord(
  File "/home/sc.uni-leipzig.de/zc19tube/liverseg_v2/envs/.env2/lib/python3.9/site-packages/flwr/common/record/configsrecord.py", line 85, in __init__
    self[k] = configs_dict[k]
  File "/home/sc.uni-leipzig.de/zc19tube/liverseg_v2/envs/.env2/lib/python3.9/site-packages/flwr/common/record/typeddict.py", line 38, in __setitem__
    self._check_value_fn(value)
  File "/home/sc.uni-leipzig.de/zc19tube/liverseg_v2/envs/.env2/lib/python3.9/site-packages/flwr/common/record/configsrecord.py", line 57, in _check_value
    is_valid(value)
  File "/home/sc.uni-leipzig.de/zc19tube/liverseg_v2/envs/.env2/lib/python3.9/site-packages/flwr/common/record/configsrecord.py", line 35, in is_valid
    raise TypeError(
TypeError: Not all values are of valid type. Expected `typing.Union[int, float, str, bytes, bool, typing.List[int], typing.List[float], typing.List[str], typing.List[bytes], typing.List[bool]]` but `<class 'torch.Tensor'>` was passed.

The above exception was the direct cause of the following exception:

[36mray::ClientAppActor.run()[39m (pid=404828, ip=172.18.62.5, actor_id=cf2377bfd0b038346c97131701000000, repr=<flwr.simulation.ray_transport.ray_actor.ClientAppActor object at 0x153c0407b520>)
  File "/home/sc.uni-leipzig.de/zc19tube/liverseg_v2/envs/.env2/lib/python3.9/site-packages/flwr/simulation/ray_transport/ray_actor.py", line 64, in run
    raise ClientAppException(str(ex)) from ex
flwr.client.client_app.ClientAppException: 
Exception ClientAppException occurred. Message: Not all values are of valid type. Expected `typing.Union[int, float, str, bytes, bool, typing.List[int], typing.List[float], typing.List[str], typing.List[bytes], typing.List[bool]]` but `<class 'torch.Tensor'>` was passed.
[2024-10-22 17:11:08,216][flwr][INFO] - aggregate_evaluate: received 0 results and 1 failures
[2024-10-22 17:11:08,217][flwr][INFO] - 
[2024-10-22 17:11:08,217][flwr][INFO] - [ROUND 9]
[2024-10-22 17:11:08,217][flwr][INFO] - configure_fit: strategy sampled 1 clients (out of 1)
[2024-10-22 17:16:05,610][flwr][INFO] - aggregate_fit: received 1 results and 0 failures
[2024-10-22 17:19:28,955][flwr][INFO] - fit progress: (9, 0.08632479317980948, OrderedDict([('ind_iou_0', 0.7620920514302104), ('ind_dice_liver_0', tensor(0.8764, dtype=torch.float64)), ('ind_dice_tumour_0', tensor(0.1692, dtype=torch.float64)), ('ind_iou_1', 0.9474128576386968), ('ind_dice_liver_1', tensor(0.9739, dtype=torch.float64)), ('ind_dice_tumour_1', tensor(0.4756, dtype=torch.float64)), ('all_iou', 0.7811741137795007), ('all_dice_liver', tensor(0.8867, dtype=torch.float64)), ('all_dice_tumour', tensor(0.2018, dtype=torch.float64))]), 4647.888521624962)
[2024-10-22 17:19:28,958][flwr][INFO] - configure_evaluate: strategy sampled 1 clients (out of 1)
[2024-10-22 17:19:33,651][flwr][ERROR] - Traceback (most recent call last):
  File "/home/sc.uni-leipzig.de/zc19tube/liverseg_v2/envs/.env2/lib/python3.9/site-packages/flwr/simulation/ray_transport/ray_client_proxy.py", line 73, in _submit_job
    out_mssg, updated_context = self.actor_pool.get_client_result(
  File "/home/sc.uni-leipzig.de/zc19tube/liverseg_v2/envs/.env2/lib/python3.9/site-packages/flwr/simulation/ray_transport/ray_actor.py", line 399, in get_client_result
    return self._fetch_future_result(cid)
  File "/home/sc.uni-leipzig.de/zc19tube/liverseg_v2/envs/.env2/lib/python3.9/site-packages/flwr/simulation/ray_transport/ray_actor.py", line 280, in _fetch_future_result
    res_cid, out_mssg, updated_context = ray.get(
  File "/home/sc.uni-leipzig.de/zc19tube/liverseg_v2/envs/.env2/lib/python3.9/site-packages/ray/_private/auto_init_hook.py", line 21, in auto_init_wrapper
    return fn(*args, **kwargs)
  File "/home/sc.uni-leipzig.de/zc19tube/liverseg_v2/envs/.env2/lib/python3.9/site-packages/ray/_private/client_mode_hook.py", line 103, in wrapper
    return func(*args, **kwargs)
  File "/home/sc.uni-leipzig.de/zc19tube/liverseg_v2/envs/.env2/lib/python3.9/site-packages/ray/_private/worker.py", line 2667, in get
    values, debugger_breakpoint = worker.get_objects(object_refs, timeout=timeout)
  File "/home/sc.uni-leipzig.de/zc19tube/liverseg_v2/envs/.env2/lib/python3.9/site-packages/ray/_private/worker.py", line 864, in get_objects
    raise value.as_instanceof_cause()
ray.exceptions.RayTaskError(ClientAppException): [36mray::ClientAppActor.run()[39m (pid=404828, ip=172.18.62.5, actor_id=cf2377bfd0b038346c97131701000000, repr=<flwr.simulation.ray_transport.ray_actor.ClientAppActor object at 0x153c0407b520>)
  File "/home/sc.uni-leipzig.de/zc19tube/liverseg_v2/envs/.env2/lib/python3.9/site-packages/flwr/client/client_app.py", line 98, in __call__
    return self._call(message, context)
  File "/home/sc.uni-leipzig.de/zc19tube/liverseg_v2/envs/.env2/lib/python3.9/site-packages/flwr/client/client_app.py", line 81, in ffn
    out_message = handle_legacy_message_from_msgtype(
  File "/home/sc.uni-leipzig.de/zc19tube/liverseg_v2/envs/.env2/lib/python3.9/site-packages/flwr/client/message_handler/message_handler.py", line 141, in handle_legacy_message_from_msgtype
    out_recordset = evaluateres_to_recordset(evaluate_res)
  File "/home/sc.uni-leipzig.de/zc19tube/liverseg_v2/envs/.env2/lib/python3.9/site-packages/flwr/common/recordset_compat.py", line 301, in evaluateres_to_recordset
    recordset.configs_records[f"{res_str}.metrics"] = ConfigsRecord(
  File "/home/sc.uni-leipzig.de/zc19tube/liverseg_v2/envs/.env2/lib/python3.9/site-packages/flwr/common/record/configsrecord.py", line 85, in __init__
    self[k] = configs_dict[k]
  File "/home/sc.uni-leipzig.de/zc19tube/liverseg_v2/envs/.env2/lib/python3.9/site-packages/flwr/common/record/typeddict.py", line 38, in __setitem__
    self._check_value_fn(value)
  File "/home/sc.uni-leipzig.de/zc19tube/liverseg_v2/envs/.env2/lib/python3.9/site-packages/flwr/common/record/configsrecord.py", line 57, in _check_value
    is_valid(value)
  File "/home/sc.uni-leipzig.de/zc19tube/liverseg_v2/envs/.env2/lib/python3.9/site-packages/flwr/common/record/configsrecord.py", line 35, in is_valid
    raise TypeError(
TypeError: Not all values are of valid type. Expected `typing.Union[int, float, str, bytes, bool, typing.List[int], typing.List[float], typing.List[str], typing.List[bytes], typing.List[bool]]` but `<class 'torch.Tensor'>` was passed.

The above exception was the direct cause of the following exception:

[36mray::ClientAppActor.run()[39m (pid=404828, ip=172.18.62.5, actor_id=cf2377bfd0b038346c97131701000000, repr=<flwr.simulation.ray_transport.ray_actor.ClientAppActor object at 0x153c0407b520>)
  File "/home/sc.uni-leipzig.de/zc19tube/liverseg_v2/envs/.env2/lib/python3.9/site-packages/flwr/simulation/ray_transport/ray_actor.py", line 64, in run
    raise ClientAppException(str(ex)) from ex
flwr.client.client_app.ClientAppException: 
Exception ClientAppException occurred. Message: Not all values are of valid type. Expected `typing.Union[int, float, str, bytes, bool, typing.List[int], typing.List[float], typing.List[str], typing.List[bytes], typing.List[bool]]` but `<class 'torch.Tensor'>` was passed.

[2024-10-22 17:19:33,652][flwr][ERROR] - [36mray::ClientAppActor.run()[39m (pid=404828, ip=172.18.62.5, actor_id=cf2377bfd0b038346c97131701000000, repr=<flwr.simulation.ray_transport.ray_actor.ClientAppActor object at 0x153c0407b520>)
  File "/home/sc.uni-leipzig.de/zc19tube/liverseg_v2/envs/.env2/lib/python3.9/site-packages/flwr/client/client_app.py", line 98, in __call__
    return self._call(message, context)
  File "/home/sc.uni-leipzig.de/zc19tube/liverseg_v2/envs/.env2/lib/python3.9/site-packages/flwr/client/client_app.py", line 81, in ffn
    out_message = handle_legacy_message_from_msgtype(
  File "/home/sc.uni-leipzig.de/zc19tube/liverseg_v2/envs/.env2/lib/python3.9/site-packages/flwr/client/message_handler/message_handler.py", line 141, in handle_legacy_message_from_msgtype
    out_recordset = evaluateres_to_recordset(evaluate_res)
  File "/home/sc.uni-leipzig.de/zc19tube/liverseg_v2/envs/.env2/lib/python3.9/site-packages/flwr/common/recordset_compat.py", line 301, in evaluateres_to_recordset
    recordset.configs_records[f"{res_str}.metrics"] = ConfigsRecord(
  File "/home/sc.uni-leipzig.de/zc19tube/liverseg_v2/envs/.env2/lib/python3.9/site-packages/flwr/common/record/configsrecord.py", line 85, in __init__
    self[k] = configs_dict[k]
  File "/home/sc.uni-leipzig.de/zc19tube/liverseg_v2/envs/.env2/lib/python3.9/site-packages/flwr/common/record/typeddict.py", line 38, in __setitem__
    self._check_value_fn(value)
  File "/home/sc.uni-leipzig.de/zc19tube/liverseg_v2/envs/.env2/lib/python3.9/site-packages/flwr/common/record/configsrecord.py", line 57, in _check_value
    is_valid(value)
  File "/home/sc.uni-leipzig.de/zc19tube/liverseg_v2/envs/.env2/lib/python3.9/site-packages/flwr/common/record/configsrecord.py", line 35, in is_valid
    raise TypeError(
TypeError: Not all values are of valid type. Expected `typing.Union[int, float, str, bytes, bool, typing.List[int], typing.List[float], typing.List[str], typing.List[bytes], typing.List[bool]]` but `<class 'torch.Tensor'>` was passed.

The above exception was the direct cause of the following exception:

[36mray::ClientAppActor.run()[39m (pid=404828, ip=172.18.62.5, actor_id=cf2377bfd0b038346c97131701000000, repr=<flwr.simulation.ray_transport.ray_actor.ClientAppActor object at 0x153c0407b520>)
  File "/home/sc.uni-leipzig.de/zc19tube/liverseg_v2/envs/.env2/lib/python3.9/site-packages/flwr/simulation/ray_transport/ray_actor.py", line 64, in run
    raise ClientAppException(str(ex)) from ex
flwr.client.client_app.ClientAppException: 
Exception ClientAppException occurred. Message: Not all values are of valid type. Expected `typing.Union[int, float, str, bytes, bool, typing.List[int], typing.List[float], typing.List[str], typing.List[bytes], typing.List[bool]]` but `<class 'torch.Tensor'>` was passed.
[2024-10-22 17:19:33,653][flwr][INFO] - aggregate_evaluate: received 0 results and 1 failures
[2024-10-22 17:19:33,653][flwr][INFO] - 
[2024-10-22 17:19:33,653][flwr][INFO] - [ROUND 10]
[2024-10-22 17:19:33,654][flwr][INFO] - configure_fit: strategy sampled 1 clients (out of 1)
[2024-10-22 17:24:29,107][flwr][INFO] - aggregate_fit: received 1 results and 0 failures
[2024-10-22 17:28:02,623][flwr][INFO] - fit progress: (10, 0.09580049668892902, OrderedDict([('ind_iou_0', 0.7507246860226416), ('ind_dice_liver_0', tensor(0.8684, dtype=torch.float64)), ('ind_dice_tumour_0', tensor(0.1604, dtype=torch.float64)), ('ind_iou_1', 0.9496849757309339), ('ind_dice_liver_1', tensor(0.9754, dtype=torch.float64)), ('ind_dice_tumour_1', tensor(0.4813, dtype=torch.float64)), ('all_iou', 0.7713211495158387), ('all_dice_liver', tensor(0.8797, dtype=torch.float64)), ('all_dice_tumour', tensor(0.1951, dtype=torch.float64))]), 5161.557116356911)
[2024-10-22 17:28:02,629][flwr][INFO] - configure_evaluate: strategy sampled 1 clients (out of 1)
[2024-10-22 17:28:07,395][flwr][ERROR] - Traceback (most recent call last):
  File "/home/sc.uni-leipzig.de/zc19tube/liverseg_v2/envs/.env2/lib/python3.9/site-packages/flwr/simulation/ray_transport/ray_client_proxy.py", line 73, in _submit_job
    out_mssg, updated_context = self.actor_pool.get_client_result(
  File "/home/sc.uni-leipzig.de/zc19tube/liverseg_v2/envs/.env2/lib/python3.9/site-packages/flwr/simulation/ray_transport/ray_actor.py", line 399, in get_client_result
    return self._fetch_future_result(cid)
  File "/home/sc.uni-leipzig.de/zc19tube/liverseg_v2/envs/.env2/lib/python3.9/site-packages/flwr/simulation/ray_transport/ray_actor.py", line 280, in _fetch_future_result
    res_cid, out_mssg, updated_context = ray.get(
  File "/home/sc.uni-leipzig.de/zc19tube/liverseg_v2/envs/.env2/lib/python3.9/site-packages/ray/_private/auto_init_hook.py", line 21, in auto_init_wrapper
    return fn(*args, **kwargs)
  File "/home/sc.uni-leipzig.de/zc19tube/liverseg_v2/envs/.env2/lib/python3.9/site-packages/ray/_private/client_mode_hook.py", line 103, in wrapper
    return func(*args, **kwargs)
  File "/home/sc.uni-leipzig.de/zc19tube/liverseg_v2/envs/.env2/lib/python3.9/site-packages/ray/_private/worker.py", line 2667, in get
    values, debugger_breakpoint = worker.get_objects(object_refs, timeout=timeout)
  File "/home/sc.uni-leipzig.de/zc19tube/liverseg_v2/envs/.env2/lib/python3.9/site-packages/ray/_private/worker.py", line 864, in get_objects
    raise value.as_instanceof_cause()
ray.exceptions.RayTaskError(ClientAppException): [36mray::ClientAppActor.run()[39m (pid=404828, ip=172.18.62.5, actor_id=cf2377bfd0b038346c97131701000000, repr=<flwr.simulation.ray_transport.ray_actor.ClientAppActor object at 0x153c0407b520>)
  File "/home/sc.uni-leipzig.de/zc19tube/liverseg_v2/envs/.env2/lib/python3.9/site-packages/flwr/client/client_app.py", line 98, in __call__
    return self._call(message, context)
  File "/home/sc.uni-leipzig.de/zc19tube/liverseg_v2/envs/.env2/lib/python3.9/site-packages/flwr/client/client_app.py", line 81, in ffn
    out_message = handle_legacy_message_from_msgtype(
  File "/home/sc.uni-leipzig.de/zc19tube/liverseg_v2/envs/.env2/lib/python3.9/site-packages/flwr/client/message_handler/message_handler.py", line 141, in handle_legacy_message_from_msgtype
    out_recordset = evaluateres_to_recordset(evaluate_res)
  File "/home/sc.uni-leipzig.de/zc19tube/liverseg_v2/envs/.env2/lib/python3.9/site-packages/flwr/common/recordset_compat.py", line 301, in evaluateres_to_recordset
    recordset.configs_records[f"{res_str}.metrics"] = ConfigsRecord(
  File "/home/sc.uni-leipzig.de/zc19tube/liverseg_v2/envs/.env2/lib/python3.9/site-packages/flwr/common/record/configsrecord.py", line 85, in __init__
    self[k] = configs_dict[k]
  File "/home/sc.uni-leipzig.de/zc19tube/liverseg_v2/envs/.env2/lib/python3.9/site-packages/flwr/common/record/typeddict.py", line 38, in __setitem__
    self._check_value_fn(value)
  File "/home/sc.uni-leipzig.de/zc19tube/liverseg_v2/envs/.env2/lib/python3.9/site-packages/flwr/common/record/configsrecord.py", line 57, in _check_value
    is_valid(value)
  File "/home/sc.uni-leipzig.de/zc19tube/liverseg_v2/envs/.env2/lib/python3.9/site-packages/flwr/common/record/configsrecord.py", line 35, in is_valid
    raise TypeError(
TypeError: Not all values are of valid type. Expected `typing.Union[int, float, str, bytes, bool, typing.List[int], typing.List[float], typing.List[str], typing.List[bytes], typing.List[bool]]` but `<class 'torch.Tensor'>` was passed.

The above exception was the direct cause of the following exception:

[36mray::ClientAppActor.run()[39m (pid=404828, ip=172.18.62.5, actor_id=cf2377bfd0b038346c97131701000000, repr=<flwr.simulation.ray_transport.ray_actor.ClientAppActor object at 0x153c0407b520>)
  File "/home/sc.uni-leipzig.de/zc19tube/liverseg_v2/envs/.env2/lib/python3.9/site-packages/flwr/simulation/ray_transport/ray_actor.py", line 64, in run
    raise ClientAppException(str(ex)) from ex
flwr.client.client_app.ClientAppException: 
Exception ClientAppException occurred. Message: Not all values are of valid type. Expected `typing.Union[int, float, str, bytes, bool, typing.List[int], typing.List[float], typing.List[str], typing.List[bytes], typing.List[bool]]` but `<class 'torch.Tensor'>` was passed.

[2024-10-22 17:28:07,396][flwr][ERROR] - [36mray::ClientAppActor.run()[39m (pid=404828, ip=172.18.62.5, actor_id=cf2377bfd0b038346c97131701000000, repr=<flwr.simulation.ray_transport.ray_actor.ClientAppActor object at 0x153c0407b520>)
  File "/home/sc.uni-leipzig.de/zc19tube/liverseg_v2/envs/.env2/lib/python3.9/site-packages/flwr/client/client_app.py", line 98, in __call__
    return self._call(message, context)
  File "/home/sc.uni-leipzig.de/zc19tube/liverseg_v2/envs/.env2/lib/python3.9/site-packages/flwr/client/client_app.py", line 81, in ffn
    out_message = handle_legacy_message_from_msgtype(
  File "/home/sc.uni-leipzig.de/zc19tube/liverseg_v2/envs/.env2/lib/python3.9/site-packages/flwr/client/message_handler/message_handler.py", line 141, in handle_legacy_message_from_msgtype
    out_recordset = evaluateres_to_recordset(evaluate_res)
  File "/home/sc.uni-leipzig.de/zc19tube/liverseg_v2/envs/.env2/lib/python3.9/site-packages/flwr/common/recordset_compat.py", line 301, in evaluateres_to_recordset
    recordset.configs_records[f"{res_str}.metrics"] = ConfigsRecord(
  File "/home/sc.uni-leipzig.de/zc19tube/liverseg_v2/envs/.env2/lib/python3.9/site-packages/flwr/common/record/configsrecord.py", line 85, in __init__
    self[k] = configs_dict[k]
  File "/home/sc.uni-leipzig.de/zc19tube/liverseg_v2/envs/.env2/lib/python3.9/site-packages/flwr/common/record/typeddict.py", line 38, in __setitem__
    self._check_value_fn(value)
  File "/home/sc.uni-leipzig.de/zc19tube/liverseg_v2/envs/.env2/lib/python3.9/site-packages/flwr/common/record/configsrecord.py", line 57, in _check_value
    is_valid(value)
  File "/home/sc.uni-leipzig.de/zc19tube/liverseg_v2/envs/.env2/lib/python3.9/site-packages/flwr/common/record/configsrecord.py", line 35, in is_valid
    raise TypeError(
TypeError: Not all values are of valid type. Expected `typing.Union[int, float, str, bytes, bool, typing.List[int], typing.List[float], typing.List[str], typing.List[bytes], typing.List[bool]]` but `<class 'torch.Tensor'>` was passed.

The above exception was the direct cause of the following exception:

[36mray::ClientAppActor.run()[39m (pid=404828, ip=172.18.62.5, actor_id=cf2377bfd0b038346c97131701000000, repr=<flwr.simulation.ray_transport.ray_actor.ClientAppActor object at 0x153c0407b520>)
  File "/home/sc.uni-leipzig.de/zc19tube/liverseg_v2/envs/.env2/lib/python3.9/site-packages/flwr/simulation/ray_transport/ray_actor.py", line 64, in run
    raise ClientAppException(str(ex)) from ex
flwr.client.client_app.ClientAppException: 
Exception ClientAppException occurred. Message: Not all values are of valid type. Expected `typing.Union[int, float, str, bytes, bool, typing.List[int], typing.List[float], typing.List[str], typing.List[bytes], typing.List[bool]]` but `<class 'torch.Tensor'>` was passed.
[2024-10-22 17:28:07,396][flwr][INFO] - aggregate_evaluate: received 0 results and 1 failures
[2024-10-22 17:28:07,397][flwr][INFO] - 
[2024-10-22 17:28:07,397][flwr][INFO] - [ROUND 11]
[2024-10-22 17:28:07,398][flwr][INFO] - configure_fit: strategy sampled 1 clients (out of 1)
[2024-10-22 17:33:07,140][flwr][INFO] - aggregate_fit: received 1 results and 0 failures
[2024-10-22 17:36:35,794][flwr][INFO] - fit progress: (11, 0.10109032178735393, OrderedDict([('ind_iou_0', 0.7591926450326388), ('ind_dice_liver_0', tensor(0.8746, dtype=torch.float64)), ('ind_dice_tumour_0', tensor(0.1708, dtype=torch.float64)), ('ind_iou_1', 0.9494251168897769), ('ind_dice_liver_1', tensor(0.9754, dtype=torch.float64)), ('ind_dice_tumour_1', tensor(0.4942, dtype=torch.float64)), ('all_iou', 0.7786946593035277), ('all_dice_liver', tensor(0.8852, dtype=torch.float64)), ('all_dice_tumour', tensor(0.2061, dtype=torch.float64))]), 5674.727914495859)
[2024-10-22 17:36:35,798][flwr][INFO] - configure_evaluate: strategy sampled 1 clients (out of 1)
[2024-10-22 17:36:40,786][flwr][ERROR] - Traceback (most recent call last):
  File "/home/sc.uni-leipzig.de/zc19tube/liverseg_v2/envs/.env2/lib/python3.9/site-packages/flwr/simulation/ray_transport/ray_client_proxy.py", line 73, in _submit_job
    out_mssg, updated_context = self.actor_pool.get_client_result(
  File "/home/sc.uni-leipzig.de/zc19tube/liverseg_v2/envs/.env2/lib/python3.9/site-packages/flwr/simulation/ray_transport/ray_actor.py", line 399, in get_client_result
    return self._fetch_future_result(cid)
  File "/home/sc.uni-leipzig.de/zc19tube/liverseg_v2/envs/.env2/lib/python3.9/site-packages/flwr/simulation/ray_transport/ray_actor.py", line 280, in _fetch_future_result
    res_cid, out_mssg, updated_context = ray.get(
  File "/home/sc.uni-leipzig.de/zc19tube/liverseg_v2/envs/.env2/lib/python3.9/site-packages/ray/_private/auto_init_hook.py", line 21, in auto_init_wrapper
    return fn(*args, **kwargs)
  File "/home/sc.uni-leipzig.de/zc19tube/liverseg_v2/envs/.env2/lib/python3.9/site-packages/ray/_private/client_mode_hook.py", line 103, in wrapper
    return func(*args, **kwargs)
  File "/home/sc.uni-leipzig.de/zc19tube/liverseg_v2/envs/.env2/lib/python3.9/site-packages/ray/_private/worker.py", line 2667, in get
    values, debugger_breakpoint = worker.get_objects(object_refs, timeout=timeout)
  File "/home/sc.uni-leipzig.de/zc19tube/liverseg_v2/envs/.env2/lib/python3.9/site-packages/ray/_private/worker.py", line 864, in get_objects
    raise value.as_instanceof_cause()
ray.exceptions.RayTaskError(ClientAppException): [36mray::ClientAppActor.run()[39m (pid=404828, ip=172.18.62.5, actor_id=cf2377bfd0b038346c97131701000000, repr=<flwr.simulation.ray_transport.ray_actor.ClientAppActor object at 0x153c0407b520>)
  File "/home/sc.uni-leipzig.de/zc19tube/liverseg_v2/envs/.env2/lib/python3.9/site-packages/flwr/client/client_app.py", line 98, in __call__
    return self._call(message, context)
  File "/home/sc.uni-leipzig.de/zc19tube/liverseg_v2/envs/.env2/lib/python3.9/site-packages/flwr/client/client_app.py", line 81, in ffn
    out_message = handle_legacy_message_from_msgtype(
  File "/home/sc.uni-leipzig.de/zc19tube/liverseg_v2/envs/.env2/lib/python3.9/site-packages/flwr/client/message_handler/message_handler.py", line 141, in handle_legacy_message_from_msgtype
    out_recordset = evaluateres_to_recordset(evaluate_res)
  File "/home/sc.uni-leipzig.de/zc19tube/liverseg_v2/envs/.env2/lib/python3.9/site-packages/flwr/common/recordset_compat.py", line 301, in evaluateres_to_recordset
    recordset.configs_records[f"{res_str}.metrics"] = ConfigsRecord(
  File "/home/sc.uni-leipzig.de/zc19tube/liverseg_v2/envs/.env2/lib/python3.9/site-packages/flwr/common/record/configsrecord.py", line 85, in __init__
    self[k] = configs_dict[k]
  File "/home/sc.uni-leipzig.de/zc19tube/liverseg_v2/envs/.env2/lib/python3.9/site-packages/flwr/common/record/typeddict.py", line 38, in __setitem__
    self._check_value_fn(value)
  File "/home/sc.uni-leipzig.de/zc19tube/liverseg_v2/envs/.env2/lib/python3.9/site-packages/flwr/common/record/configsrecord.py", line 57, in _check_value
    is_valid(value)
  File "/home/sc.uni-leipzig.de/zc19tube/liverseg_v2/envs/.env2/lib/python3.9/site-packages/flwr/common/record/configsrecord.py", line 35, in is_valid
    raise TypeError(
TypeError: Not all values are of valid type. Expected `typing.Union[int, float, str, bytes, bool, typing.List[int], typing.List[float], typing.List[str], typing.List[bytes], typing.List[bool]]` but `<class 'torch.Tensor'>` was passed.

The above exception was the direct cause of the following exception:

[36mray::ClientAppActor.run()[39m (pid=404828, ip=172.18.62.5, actor_id=cf2377bfd0b038346c97131701000000, repr=<flwr.simulation.ray_transport.ray_actor.ClientAppActor object at 0x153c0407b520>)
  File "/home/sc.uni-leipzig.de/zc19tube/liverseg_v2/envs/.env2/lib/python3.9/site-packages/flwr/simulation/ray_transport/ray_actor.py", line 64, in run
    raise ClientAppException(str(ex)) from ex
flwr.client.client_app.ClientAppException: 
Exception ClientAppException occurred. Message: Not all values are of valid type. Expected `typing.Union[int, float, str, bytes, bool, typing.List[int], typing.List[float], typing.List[str], typing.List[bytes], typing.List[bool]]` but `<class 'torch.Tensor'>` was passed.

[2024-10-22 17:36:40,787][flwr][ERROR] - [36mray::ClientAppActor.run()[39m (pid=404828, ip=172.18.62.5, actor_id=cf2377bfd0b038346c97131701000000, repr=<flwr.simulation.ray_transport.ray_actor.ClientAppActor object at 0x153c0407b520>)
  File "/home/sc.uni-leipzig.de/zc19tube/liverseg_v2/envs/.env2/lib/python3.9/site-packages/flwr/client/client_app.py", line 98, in __call__
    return self._call(message, context)
  File "/home/sc.uni-leipzig.de/zc19tube/liverseg_v2/envs/.env2/lib/python3.9/site-packages/flwr/client/client_app.py", line 81, in ffn
    out_message = handle_legacy_message_from_msgtype(
  File "/home/sc.uni-leipzig.de/zc19tube/liverseg_v2/envs/.env2/lib/python3.9/site-packages/flwr/client/message_handler/message_handler.py", line 141, in handle_legacy_message_from_msgtype
    out_recordset = evaluateres_to_recordset(evaluate_res)
  File "/home/sc.uni-leipzig.de/zc19tube/liverseg_v2/envs/.env2/lib/python3.9/site-packages/flwr/common/recordset_compat.py", line 301, in evaluateres_to_recordset
    recordset.configs_records[f"{res_str}.metrics"] = ConfigsRecord(
  File "/home/sc.uni-leipzig.de/zc19tube/liverseg_v2/envs/.env2/lib/python3.9/site-packages/flwr/common/record/configsrecord.py", line 85, in __init__
    self[k] = configs_dict[k]
  File "/home/sc.uni-leipzig.de/zc19tube/liverseg_v2/envs/.env2/lib/python3.9/site-packages/flwr/common/record/typeddict.py", line 38, in __setitem__
    self._check_value_fn(value)
  File "/home/sc.uni-leipzig.de/zc19tube/liverseg_v2/envs/.env2/lib/python3.9/site-packages/flwr/common/record/configsrecord.py", line 57, in _check_value
    is_valid(value)
  File "/home/sc.uni-leipzig.de/zc19tube/liverseg_v2/envs/.env2/lib/python3.9/site-packages/flwr/common/record/configsrecord.py", line 35, in is_valid
    raise TypeError(
TypeError: Not all values are of valid type. Expected `typing.Union[int, float, str, bytes, bool, typing.List[int], typing.List[float], typing.List[str], typing.List[bytes], typing.List[bool]]` but `<class 'torch.Tensor'>` was passed.

The above exception was the direct cause of the following exception:

[36mray::ClientAppActor.run()[39m (pid=404828, ip=172.18.62.5, actor_id=cf2377bfd0b038346c97131701000000, repr=<flwr.simulation.ray_transport.ray_actor.ClientAppActor object at 0x153c0407b520>)
  File "/home/sc.uni-leipzig.de/zc19tube/liverseg_v2/envs/.env2/lib/python3.9/site-packages/flwr/simulation/ray_transport/ray_actor.py", line 64, in run
    raise ClientAppException(str(ex)) from ex
flwr.client.client_app.ClientAppException: 
Exception ClientAppException occurred. Message: Not all values are of valid type. Expected `typing.Union[int, float, str, bytes, bool, typing.List[int], typing.List[float], typing.List[str], typing.List[bytes], typing.List[bool]]` but `<class 'torch.Tensor'>` was passed.
[2024-10-22 17:36:40,788][flwr][INFO] - aggregate_evaluate: received 0 results and 1 failures
[2024-10-22 17:36:40,788][flwr][INFO] - 
[2024-10-22 17:36:40,788][flwr][INFO] - [ROUND 12]
[2024-10-22 17:36:40,788][flwr][INFO] - configure_fit: strategy sampled 1 clients (out of 1)
[2024-10-22 17:41:38,196][flwr][INFO] - aggregate_fit: received 1 results and 0 failures
[2024-10-22 17:45:10,350][flwr][INFO] - fit progress: (12, 0.0718456968954041, OrderedDict([('ind_iou_0', 0.7714676986910318), ('ind_dice_liver_0', tensor(0.8812, dtype=torch.float64)), ('ind_dice_tumour_0', tensor(0.1486, dtype=torch.float64)), ('ind_iou_1', 0.9450231344314052), ('ind_dice_liver_1', tensor(0.9719, dtype=torch.float64)), ('ind_dice_tumour_1', tensor(0.4507, dtype=torch.float64)), ('all_iou', 0.7893597449931335), ('all_dice_liver', tensor(0.8908, dtype=torch.float64)), ('all_dice_tumour', tensor(0.1810, dtype=torch.float64))]), 6189.283554612892)
[2024-10-22 17:45:10,354][flwr][INFO] - configure_evaluate: strategy sampled 1 clients (out of 1)
[2024-10-22 17:45:14,213][flwr][ERROR] - Traceback (most recent call last):
  File "/home/sc.uni-leipzig.de/zc19tube/liverseg_v2/envs/.env2/lib/python3.9/site-packages/flwr/simulation/ray_transport/ray_client_proxy.py", line 73, in _submit_job
    out_mssg, updated_context = self.actor_pool.get_client_result(
  File "/home/sc.uni-leipzig.de/zc19tube/liverseg_v2/envs/.env2/lib/python3.9/site-packages/flwr/simulation/ray_transport/ray_actor.py", line 399, in get_client_result
    return self._fetch_future_result(cid)
  File "/home/sc.uni-leipzig.de/zc19tube/liverseg_v2/envs/.env2/lib/python3.9/site-packages/flwr/simulation/ray_transport/ray_actor.py", line 280, in _fetch_future_result
    res_cid, out_mssg, updated_context = ray.get(
  File "/home/sc.uni-leipzig.de/zc19tube/liverseg_v2/envs/.env2/lib/python3.9/site-packages/ray/_private/auto_init_hook.py", line 21, in auto_init_wrapper
    return fn(*args, **kwargs)
  File "/home/sc.uni-leipzig.de/zc19tube/liverseg_v2/envs/.env2/lib/python3.9/site-packages/ray/_private/client_mode_hook.py", line 103, in wrapper
    return func(*args, **kwargs)
  File "/home/sc.uni-leipzig.de/zc19tube/liverseg_v2/envs/.env2/lib/python3.9/site-packages/ray/_private/worker.py", line 2667, in get
    values, debugger_breakpoint = worker.get_objects(object_refs, timeout=timeout)
  File "/home/sc.uni-leipzig.de/zc19tube/liverseg_v2/envs/.env2/lib/python3.9/site-packages/ray/_private/worker.py", line 864, in get_objects
    raise value.as_instanceof_cause()
ray.exceptions.RayTaskError(ClientAppException): [36mray::ClientAppActor.run()[39m (pid=404828, ip=172.18.62.5, actor_id=cf2377bfd0b038346c97131701000000, repr=<flwr.simulation.ray_transport.ray_actor.ClientAppActor object at 0x153c0407b520>)
  File "/home/sc.uni-leipzig.de/zc19tube/liverseg_v2/envs/.env2/lib/python3.9/site-packages/flwr/client/client_app.py", line 98, in __call__
    return self._call(message, context)
  File "/home/sc.uni-leipzig.de/zc19tube/liverseg_v2/envs/.env2/lib/python3.9/site-packages/flwr/client/client_app.py", line 81, in ffn
    out_message = handle_legacy_message_from_msgtype(
  File "/home/sc.uni-leipzig.de/zc19tube/liverseg_v2/envs/.env2/lib/python3.9/site-packages/flwr/client/message_handler/message_handler.py", line 141, in handle_legacy_message_from_msgtype
    out_recordset = evaluateres_to_recordset(evaluate_res)
  File "/home/sc.uni-leipzig.de/zc19tube/liverseg_v2/envs/.env2/lib/python3.9/site-packages/flwr/common/recordset_compat.py", line 301, in evaluateres_to_recordset
    recordset.configs_records[f"{res_str}.metrics"] = ConfigsRecord(
  File "/home/sc.uni-leipzig.de/zc19tube/liverseg_v2/envs/.env2/lib/python3.9/site-packages/flwr/common/record/configsrecord.py", line 85, in __init__
    self[k] = configs_dict[k]
  File "/home/sc.uni-leipzig.de/zc19tube/liverseg_v2/envs/.env2/lib/python3.9/site-packages/flwr/common/record/typeddict.py", line 38, in __setitem__
    self._check_value_fn(value)
  File "/home/sc.uni-leipzig.de/zc19tube/liverseg_v2/envs/.env2/lib/python3.9/site-packages/flwr/common/record/configsrecord.py", line 57, in _check_value
    is_valid(value)
  File "/home/sc.uni-leipzig.de/zc19tube/liverseg_v2/envs/.env2/lib/python3.9/site-packages/flwr/common/record/configsrecord.py", line 35, in is_valid
    raise TypeError(
TypeError: Not all values are of valid type. Expected `typing.Union[int, float, str, bytes, bool, typing.List[int], typing.List[float], typing.List[str], typing.List[bytes], typing.List[bool]]` but `<class 'torch.Tensor'>` was passed.

The above exception was the direct cause of the following exception:

[36mray::ClientAppActor.run()[39m (pid=404828, ip=172.18.62.5, actor_id=cf2377bfd0b038346c97131701000000, repr=<flwr.simulation.ray_transport.ray_actor.ClientAppActor object at 0x153c0407b520>)
  File "/home/sc.uni-leipzig.de/zc19tube/liverseg_v2/envs/.env2/lib/python3.9/site-packages/flwr/simulation/ray_transport/ray_actor.py", line 64, in run
    raise ClientAppException(str(ex)) from ex
flwr.client.client_app.ClientAppException: 
Exception ClientAppException occurred. Message: Not all values are of valid type. Expected `typing.Union[int, float, str, bytes, bool, typing.List[int], typing.List[float], typing.List[str], typing.List[bytes], typing.List[bool]]` but `<class 'torch.Tensor'>` was passed.

[2024-10-22 17:45:14,213][flwr][ERROR] - [36mray::ClientAppActor.run()[39m (pid=404828, ip=172.18.62.5, actor_id=cf2377bfd0b038346c97131701000000, repr=<flwr.simulation.ray_transport.ray_actor.ClientAppActor object at 0x153c0407b520>)
  File "/home/sc.uni-leipzig.de/zc19tube/liverseg_v2/envs/.env2/lib/python3.9/site-packages/flwr/client/client_app.py", line 98, in __call__
    return self._call(message, context)
  File "/home/sc.uni-leipzig.de/zc19tube/liverseg_v2/envs/.env2/lib/python3.9/site-packages/flwr/client/client_app.py", line 81, in ffn
    out_message = handle_legacy_message_from_msgtype(
  File "/home/sc.uni-leipzig.de/zc19tube/liverseg_v2/envs/.env2/lib/python3.9/site-packages/flwr/client/message_handler/message_handler.py", line 141, in handle_legacy_message_from_msgtype
    out_recordset = evaluateres_to_recordset(evaluate_res)
  File "/home/sc.uni-leipzig.de/zc19tube/liverseg_v2/envs/.env2/lib/python3.9/site-packages/flwr/common/recordset_compat.py", line 301, in evaluateres_to_recordset
    recordset.configs_records[f"{res_str}.metrics"] = ConfigsRecord(
  File "/home/sc.uni-leipzig.de/zc19tube/liverseg_v2/envs/.env2/lib/python3.9/site-packages/flwr/common/record/configsrecord.py", line 85, in __init__
    self[k] = configs_dict[k]
  File "/home/sc.uni-leipzig.de/zc19tube/liverseg_v2/envs/.env2/lib/python3.9/site-packages/flwr/common/record/typeddict.py", line 38, in __setitem__
    self._check_value_fn(value)
  File "/home/sc.uni-leipzig.de/zc19tube/liverseg_v2/envs/.env2/lib/python3.9/site-packages/flwr/common/record/configsrecord.py", line 57, in _check_value
    is_valid(value)
  File "/home/sc.uni-leipzig.de/zc19tube/liverseg_v2/envs/.env2/lib/python3.9/site-packages/flwr/common/record/configsrecord.py", line 35, in is_valid
    raise TypeError(
TypeError: Not all values are of valid type. Expected `typing.Union[int, float, str, bytes, bool, typing.List[int], typing.List[float], typing.List[str], typing.List[bytes], typing.List[bool]]` but `<class 'torch.Tensor'>` was passed.

The above exception was the direct cause of the following exception:

[36mray::ClientAppActor.run()[39m (pid=404828, ip=172.18.62.5, actor_id=cf2377bfd0b038346c97131701000000, repr=<flwr.simulation.ray_transport.ray_actor.ClientAppActor object at 0x153c0407b520>)
  File "/home/sc.uni-leipzig.de/zc19tube/liverseg_v2/envs/.env2/lib/python3.9/site-packages/flwr/simulation/ray_transport/ray_actor.py", line 64, in run
    raise ClientAppException(str(ex)) from ex
flwr.client.client_app.ClientAppException: 
Exception ClientAppException occurred. Message: Not all values are of valid type. Expected `typing.Union[int, float, str, bytes, bool, typing.List[int], typing.List[float], typing.List[str], typing.List[bytes], typing.List[bool]]` but `<class 'torch.Tensor'>` was passed.
[2024-10-22 17:45:14,214][flwr][INFO] - aggregate_evaluate: received 0 results and 1 failures
[2024-10-22 17:45:14,214][flwr][INFO] - 
[2024-10-22 17:45:14,215][flwr][INFO] - [ROUND 13]
[2024-10-22 17:45:14,215][flwr][INFO] - configure_fit: strategy sampled 1 clients (out of 1)
[2024-10-22 17:50:11,696][flwr][INFO] - aggregate_fit: received 1 results and 0 failures
[2024-10-22 17:53:20,299][flwr][INFO] - fit progress: (13, 0.10930102373813701, OrderedDict([('ind_iou_0', 0.7551764260553468), ('ind_dice_liver_0', tensor(0.8727, dtype=torch.float64)), ('ind_dice_tumour_0', tensor(0.1389, dtype=torch.float64)), ('ind_iou_1', 0.9507130992192045), ('ind_dice_liver_1', tensor(0.9769, dtype=torch.float64)), ('ind_dice_tumour_1', tensor(0.4727, dtype=torch.float64)), ('all_iou', 0.7753855870592741), ('all_dice_liver', tensor(0.8839, dtype=torch.float64)), ('all_dice_tumour', tensor(0.1742, dtype=torch.float64))]), 6679.233080955921)
[2024-10-22 17:53:20,304][flwr][INFO] - configure_evaluate: strategy sampled 1 clients (out of 1)
[2024-10-22 17:53:25,039][flwr][ERROR] - Traceback (most recent call last):
  File "/home/sc.uni-leipzig.de/zc19tube/liverseg_v2/envs/.env2/lib/python3.9/site-packages/flwr/simulation/ray_transport/ray_client_proxy.py", line 73, in _submit_job
    out_mssg, updated_context = self.actor_pool.get_client_result(
  File "/home/sc.uni-leipzig.de/zc19tube/liverseg_v2/envs/.env2/lib/python3.9/site-packages/flwr/simulation/ray_transport/ray_actor.py", line 399, in get_client_result
    return self._fetch_future_result(cid)
  File "/home/sc.uni-leipzig.de/zc19tube/liverseg_v2/envs/.env2/lib/python3.9/site-packages/flwr/simulation/ray_transport/ray_actor.py", line 280, in _fetch_future_result
    res_cid, out_mssg, updated_context = ray.get(
  File "/home/sc.uni-leipzig.de/zc19tube/liverseg_v2/envs/.env2/lib/python3.9/site-packages/ray/_private/auto_init_hook.py", line 21, in auto_init_wrapper
    return fn(*args, **kwargs)
  File "/home/sc.uni-leipzig.de/zc19tube/liverseg_v2/envs/.env2/lib/python3.9/site-packages/ray/_private/client_mode_hook.py", line 103, in wrapper
    return func(*args, **kwargs)
  File "/home/sc.uni-leipzig.de/zc19tube/liverseg_v2/envs/.env2/lib/python3.9/site-packages/ray/_private/worker.py", line 2667, in get
    values, debugger_breakpoint = worker.get_objects(object_refs, timeout=timeout)
  File "/home/sc.uni-leipzig.de/zc19tube/liverseg_v2/envs/.env2/lib/python3.9/site-packages/ray/_private/worker.py", line 864, in get_objects
    raise value.as_instanceof_cause()
ray.exceptions.RayTaskError(ClientAppException): [36mray::ClientAppActor.run()[39m (pid=404828, ip=172.18.62.5, actor_id=cf2377bfd0b038346c97131701000000, repr=<flwr.simulation.ray_transport.ray_actor.ClientAppActor object at 0x153c0407b520>)
  File "/home/sc.uni-leipzig.de/zc19tube/liverseg_v2/envs/.env2/lib/python3.9/site-packages/flwr/client/client_app.py", line 98, in __call__
    return self._call(message, context)
  File "/home/sc.uni-leipzig.de/zc19tube/liverseg_v2/envs/.env2/lib/python3.9/site-packages/flwr/client/client_app.py", line 81, in ffn
    out_message = handle_legacy_message_from_msgtype(
  File "/home/sc.uni-leipzig.de/zc19tube/liverseg_v2/envs/.env2/lib/python3.9/site-packages/flwr/client/message_handler/message_handler.py", line 141, in handle_legacy_message_from_msgtype
    out_recordset = evaluateres_to_recordset(evaluate_res)
  File "/home/sc.uni-leipzig.de/zc19tube/liverseg_v2/envs/.env2/lib/python3.9/site-packages/flwr/common/recordset_compat.py", line 301, in evaluateres_to_recordset
    recordset.configs_records[f"{res_str}.metrics"] = ConfigsRecord(
  File "/home/sc.uni-leipzig.de/zc19tube/liverseg_v2/envs/.env2/lib/python3.9/site-packages/flwr/common/record/configsrecord.py", line 85, in __init__
    self[k] = configs_dict[k]
  File "/home/sc.uni-leipzig.de/zc19tube/liverseg_v2/envs/.env2/lib/python3.9/site-packages/flwr/common/record/typeddict.py", line 38, in __setitem__
    self._check_value_fn(value)
  File "/home/sc.uni-leipzig.de/zc19tube/liverseg_v2/envs/.env2/lib/python3.9/site-packages/flwr/common/record/configsrecord.py", line 57, in _check_value
    is_valid(value)
  File "/home/sc.uni-leipzig.de/zc19tube/liverseg_v2/envs/.env2/lib/python3.9/site-packages/flwr/common/record/configsrecord.py", line 35, in is_valid
    raise TypeError(
TypeError: Not all values are of valid type. Expected `typing.Union[int, float, str, bytes, bool, typing.List[int], typing.List[float], typing.List[str], typing.List[bytes], typing.List[bool]]` but `<class 'torch.Tensor'>` was passed.

The above exception was the direct cause of the following exception:

[36mray::ClientAppActor.run()[39m (pid=404828, ip=172.18.62.5, actor_id=cf2377bfd0b038346c97131701000000, repr=<flwr.simulation.ray_transport.ray_actor.ClientAppActor object at 0x153c0407b520>)
  File "/home/sc.uni-leipzig.de/zc19tube/liverseg_v2/envs/.env2/lib/python3.9/site-packages/flwr/simulation/ray_transport/ray_actor.py", line 64, in run
    raise ClientAppException(str(ex)) from ex
flwr.client.client_app.ClientAppException: 
Exception ClientAppException occurred. Message: Not all values are of valid type. Expected `typing.Union[int, float, str, bytes, bool, typing.List[int], typing.List[float], typing.List[str], typing.List[bytes], typing.List[bool]]` but `<class 'torch.Tensor'>` was passed.

[2024-10-22 17:53:25,040][flwr][ERROR] - [36mray::ClientAppActor.run()[39m (pid=404828, ip=172.18.62.5, actor_id=cf2377bfd0b038346c97131701000000, repr=<flwr.simulation.ray_transport.ray_actor.ClientAppActor object at 0x153c0407b520>)
  File "/home/sc.uni-leipzig.de/zc19tube/liverseg_v2/envs/.env2/lib/python3.9/site-packages/flwr/client/client_app.py", line 98, in __call__
    return self._call(message, context)
  File "/home/sc.uni-leipzig.de/zc19tube/liverseg_v2/envs/.env2/lib/python3.9/site-packages/flwr/client/client_app.py", line 81, in ffn
    out_message = handle_legacy_message_from_msgtype(
  File "/home/sc.uni-leipzig.de/zc19tube/liverseg_v2/envs/.env2/lib/python3.9/site-packages/flwr/client/message_handler/message_handler.py", line 141, in handle_legacy_message_from_msgtype
    out_recordset = evaluateres_to_recordset(evaluate_res)
  File "/home/sc.uni-leipzig.de/zc19tube/liverseg_v2/envs/.env2/lib/python3.9/site-packages/flwr/common/recordset_compat.py", line 301, in evaluateres_to_recordset
    recordset.configs_records[f"{res_str}.metrics"] = ConfigsRecord(
  File "/home/sc.uni-leipzig.de/zc19tube/liverseg_v2/envs/.env2/lib/python3.9/site-packages/flwr/common/record/configsrecord.py", line 85, in __init__
    self[k] = configs_dict[k]
  File "/home/sc.uni-leipzig.de/zc19tube/liverseg_v2/envs/.env2/lib/python3.9/site-packages/flwr/common/record/typeddict.py", line 38, in __setitem__
    self._check_value_fn(value)
  File "/home/sc.uni-leipzig.de/zc19tube/liverseg_v2/envs/.env2/lib/python3.9/site-packages/flwr/common/record/configsrecord.py", line 57, in _check_value
    is_valid(value)
  File "/home/sc.uni-leipzig.de/zc19tube/liverseg_v2/envs/.env2/lib/python3.9/site-packages/flwr/common/record/configsrecord.py", line 35, in is_valid
    raise TypeError(
TypeError: Not all values are of valid type. Expected `typing.Union[int, float, str, bytes, bool, typing.List[int], typing.List[float], typing.List[str], typing.List[bytes], typing.List[bool]]` but `<class 'torch.Tensor'>` was passed.

The above exception was the direct cause of the following exception:

[36mray::ClientAppActor.run()[39m (pid=404828, ip=172.18.62.5, actor_id=cf2377bfd0b038346c97131701000000, repr=<flwr.simulation.ray_transport.ray_actor.ClientAppActor object at 0x153c0407b520>)
  File "/home/sc.uni-leipzig.de/zc19tube/liverseg_v2/envs/.env2/lib/python3.9/site-packages/flwr/simulation/ray_transport/ray_actor.py", line 64, in run
    raise ClientAppException(str(ex)) from ex
flwr.client.client_app.ClientAppException: 
Exception ClientAppException occurred. Message: Not all values are of valid type. Expected `typing.Union[int, float, str, bytes, bool, typing.List[int], typing.List[float], typing.List[str], typing.List[bytes], typing.List[bool]]` but `<class 'torch.Tensor'>` was passed.
[2024-10-22 17:53:25,042][flwr][INFO] - aggregate_evaluate: received 0 results and 1 failures
[2024-10-22 17:53:25,042][flwr][INFO] - 
[2024-10-22 17:53:25,042][flwr][INFO] - [ROUND 14]
[2024-10-22 17:53:25,042][flwr][INFO] - configure_fit: strategy sampled 1 clients (out of 1)
[2024-10-22 17:58:24,495][flwr][INFO] - aggregate_fit: received 1 results and 0 failures
[2024-10-22 18:01:37,485][flwr][INFO] - fit progress: (14, 0.10228950765868157, OrderedDict([('ind_iou_0', 0.7633998711637392), ('ind_dice_liver_0', tensor(0.8783, dtype=torch.float64)), ('ind_dice_tumour_0', tensor(0.1463, dtype=torch.float64)), ('ind_iou_1', 0.9506845863121307), ('ind_dice_liver_1', tensor(0.9771, dtype=torch.float64)), ('ind_dice_tumour_1', tensor(0.4817, dtype=torch.float64)), ('all_iou', 0.7826417469139273), ('all_dice_liver', tensor(0.8886, dtype=torch.float64)), ('all_dice_tumour', tensor(0.1833, dtype=torch.float64))]), 7176.418412499828)
[2024-10-22 18:01:37,488][flwr][INFO] - configure_evaluate: strategy sampled 1 clients (out of 1)
[2024-10-22 18:01:42,274][flwr][ERROR] - Traceback (most recent call last):
  File "/home/sc.uni-leipzig.de/zc19tube/liverseg_v2/envs/.env2/lib/python3.9/site-packages/flwr/simulation/ray_transport/ray_client_proxy.py", line 73, in _submit_job
    out_mssg, updated_context = self.actor_pool.get_client_result(
  File "/home/sc.uni-leipzig.de/zc19tube/liverseg_v2/envs/.env2/lib/python3.9/site-packages/flwr/simulation/ray_transport/ray_actor.py", line 399, in get_client_result
    return self._fetch_future_result(cid)
  File "/home/sc.uni-leipzig.de/zc19tube/liverseg_v2/envs/.env2/lib/python3.9/site-packages/flwr/simulation/ray_transport/ray_actor.py", line 280, in _fetch_future_result
    res_cid, out_mssg, updated_context = ray.get(
  File "/home/sc.uni-leipzig.de/zc19tube/liverseg_v2/envs/.env2/lib/python3.9/site-packages/ray/_private/auto_init_hook.py", line 21, in auto_init_wrapper
    return fn(*args, **kwargs)
  File "/home/sc.uni-leipzig.de/zc19tube/liverseg_v2/envs/.env2/lib/python3.9/site-packages/ray/_private/client_mode_hook.py", line 103, in wrapper
    return func(*args, **kwargs)
  File "/home/sc.uni-leipzig.de/zc19tube/liverseg_v2/envs/.env2/lib/python3.9/site-packages/ray/_private/worker.py", line 2667, in get
    values, debugger_breakpoint = worker.get_objects(object_refs, timeout=timeout)
  File "/home/sc.uni-leipzig.de/zc19tube/liverseg_v2/envs/.env2/lib/python3.9/site-packages/ray/_private/worker.py", line 864, in get_objects
    raise value.as_instanceof_cause()
ray.exceptions.RayTaskError(ClientAppException): [36mray::ClientAppActor.run()[39m (pid=404828, ip=172.18.62.5, actor_id=cf2377bfd0b038346c97131701000000, repr=<flwr.simulation.ray_transport.ray_actor.ClientAppActor object at 0x153c0407b520>)
  File "/home/sc.uni-leipzig.de/zc19tube/liverseg_v2/envs/.env2/lib/python3.9/site-packages/flwr/client/client_app.py", line 98, in __call__
    return self._call(message, context)
  File "/home/sc.uni-leipzig.de/zc19tube/liverseg_v2/envs/.env2/lib/python3.9/site-packages/flwr/client/client_app.py", line 81, in ffn
    out_message = handle_legacy_message_from_msgtype(
  File "/home/sc.uni-leipzig.de/zc19tube/liverseg_v2/envs/.env2/lib/python3.9/site-packages/flwr/client/message_handler/message_handler.py", line 141, in handle_legacy_message_from_msgtype
    out_recordset = evaluateres_to_recordset(evaluate_res)
  File "/home/sc.uni-leipzig.de/zc19tube/liverseg_v2/envs/.env2/lib/python3.9/site-packages/flwr/common/recordset_compat.py", line 301, in evaluateres_to_recordset
    recordset.configs_records[f"{res_str}.metrics"] = ConfigsRecord(
  File "/home/sc.uni-leipzig.de/zc19tube/liverseg_v2/envs/.env2/lib/python3.9/site-packages/flwr/common/record/configsrecord.py", line 85, in __init__
    self[k] = configs_dict[k]
  File "/home/sc.uni-leipzig.de/zc19tube/liverseg_v2/envs/.env2/lib/python3.9/site-packages/flwr/common/record/typeddict.py", line 38, in __setitem__
    self._check_value_fn(value)
  File "/home/sc.uni-leipzig.de/zc19tube/liverseg_v2/envs/.env2/lib/python3.9/site-packages/flwr/common/record/configsrecord.py", line 57, in _check_value
    is_valid(value)
  File "/home/sc.uni-leipzig.de/zc19tube/liverseg_v2/envs/.env2/lib/python3.9/site-packages/flwr/common/record/configsrecord.py", line 35, in is_valid
    raise TypeError(
TypeError: Not all values are of valid type. Expected `typing.Union[int, float, str, bytes, bool, typing.List[int], typing.List[float], typing.List[str], typing.List[bytes], typing.List[bool]]` but `<class 'torch.Tensor'>` was passed.

The above exception was the direct cause of the following exception:

[36mray::ClientAppActor.run()[39m (pid=404828, ip=172.18.62.5, actor_id=cf2377bfd0b038346c97131701000000, repr=<flwr.simulation.ray_transport.ray_actor.ClientAppActor object at 0x153c0407b520>)
  File "/home/sc.uni-leipzig.de/zc19tube/liverseg_v2/envs/.env2/lib/python3.9/site-packages/flwr/simulation/ray_transport/ray_actor.py", line 64, in run
    raise ClientAppException(str(ex)) from ex
flwr.client.client_app.ClientAppException: 
Exception ClientAppException occurred. Message: Not all values are of valid type. Expected `typing.Union[int, float, str, bytes, bool, typing.List[int], typing.List[float], typing.List[str], typing.List[bytes], typing.List[bool]]` but `<class 'torch.Tensor'>` was passed.

[2024-10-22 18:01:42,275][flwr][ERROR] - [36mray::ClientAppActor.run()[39m (pid=404828, ip=172.18.62.5, actor_id=cf2377bfd0b038346c97131701000000, repr=<flwr.simulation.ray_transport.ray_actor.ClientAppActor object at 0x153c0407b520>)
  File "/home/sc.uni-leipzig.de/zc19tube/liverseg_v2/envs/.env2/lib/python3.9/site-packages/flwr/client/client_app.py", line 98, in __call__
    return self._call(message, context)
  File "/home/sc.uni-leipzig.de/zc19tube/liverseg_v2/envs/.env2/lib/python3.9/site-packages/flwr/client/client_app.py", line 81, in ffn
    out_message = handle_legacy_message_from_msgtype(
  File "/home/sc.uni-leipzig.de/zc19tube/liverseg_v2/envs/.env2/lib/python3.9/site-packages/flwr/client/message_handler/message_handler.py", line 141, in handle_legacy_message_from_msgtype
    out_recordset = evaluateres_to_recordset(evaluate_res)
  File "/home/sc.uni-leipzig.de/zc19tube/liverseg_v2/envs/.env2/lib/python3.9/site-packages/flwr/common/recordset_compat.py", line 301, in evaluateres_to_recordset
    recordset.configs_records[f"{res_str}.metrics"] = ConfigsRecord(
  File "/home/sc.uni-leipzig.de/zc19tube/liverseg_v2/envs/.env2/lib/python3.9/site-packages/flwr/common/record/configsrecord.py", line 85, in __init__
    self[k] = configs_dict[k]
  File "/home/sc.uni-leipzig.de/zc19tube/liverseg_v2/envs/.env2/lib/python3.9/site-packages/flwr/common/record/typeddict.py", line 38, in __setitem__
    self._check_value_fn(value)
  File "/home/sc.uni-leipzig.de/zc19tube/liverseg_v2/envs/.env2/lib/python3.9/site-packages/flwr/common/record/configsrecord.py", line 57, in _check_value
    is_valid(value)
  File "/home/sc.uni-leipzig.de/zc19tube/liverseg_v2/envs/.env2/lib/python3.9/site-packages/flwr/common/record/configsrecord.py", line 35, in is_valid
    raise TypeError(
TypeError: Not all values are of valid type. Expected `typing.Union[int, float, str, bytes, bool, typing.List[int], typing.List[float], typing.List[str], typing.List[bytes], typing.List[bool]]` but `<class 'torch.Tensor'>` was passed.

The above exception was the direct cause of the following exception:

[36mray::ClientAppActor.run()[39m (pid=404828, ip=172.18.62.5, actor_id=cf2377bfd0b038346c97131701000000, repr=<flwr.simulation.ray_transport.ray_actor.ClientAppActor object at 0x153c0407b520>)
  File "/home/sc.uni-leipzig.de/zc19tube/liverseg_v2/envs/.env2/lib/python3.9/site-packages/flwr/simulation/ray_transport/ray_actor.py", line 64, in run
    raise ClientAppException(str(ex)) from ex
flwr.client.client_app.ClientAppException: 
Exception ClientAppException occurred. Message: Not all values are of valid type. Expected `typing.Union[int, float, str, bytes, bool, typing.List[int], typing.List[float], typing.List[str], typing.List[bytes], typing.List[bool]]` but `<class 'torch.Tensor'>` was passed.
[2024-10-22 18:01:42,276][flwr][INFO] - aggregate_evaluate: received 0 results and 1 failures
[2024-10-22 18:01:42,276][flwr][INFO] - 
[2024-10-22 18:01:42,277][flwr][INFO] - [ROUND 15]
[2024-10-22 18:01:42,277][flwr][INFO] - configure_fit: strategy sampled 1 clients (out of 1)
[2024-10-22 18:06:39,333][flwr][INFO] - aggregate_fit: received 1 results and 0 failures
[2024-10-22 18:10:16,505][flwr][INFO] - fit progress: (15, 0.10660681013509272, OrderedDict([('ind_iou_0', 0.7667330666079396), ('ind_dice_liver_0', tensor(0.8799, dtype=torch.float64)), ('ind_dice_tumour_0', tensor(0.1793, dtype=torch.float64)), ('ind_iou_1', 0.9514756279475839), ('ind_dice_liver_1', tensor(0.9772, dtype=torch.float64)), ('ind_dice_tumour_1', tensor(0.4975, dtype=torch.float64)), ('all_iou', 0.7858338326979345), ('all_dice_liver', tensor(0.8903, dtype=torch.float64)), ('all_dice_tumour', tensor(0.2131, dtype=torch.float64))]), 7695.43847282487)
[2024-10-22 18:10:16,510][flwr][INFO] - configure_evaluate: strategy sampled 1 clients (out of 1)
[2024-10-22 18:10:21,979][flwr][ERROR] - Traceback (most recent call last):
  File "/home/sc.uni-leipzig.de/zc19tube/liverseg_v2/envs/.env2/lib/python3.9/site-packages/flwr/simulation/ray_transport/ray_client_proxy.py", line 73, in _submit_job
    out_mssg, updated_context = self.actor_pool.get_client_result(
  File "/home/sc.uni-leipzig.de/zc19tube/liverseg_v2/envs/.env2/lib/python3.9/site-packages/flwr/simulation/ray_transport/ray_actor.py", line 399, in get_client_result
    return self._fetch_future_result(cid)
  File "/home/sc.uni-leipzig.de/zc19tube/liverseg_v2/envs/.env2/lib/python3.9/site-packages/flwr/simulation/ray_transport/ray_actor.py", line 280, in _fetch_future_result
    res_cid, out_mssg, updated_context = ray.get(
  File "/home/sc.uni-leipzig.de/zc19tube/liverseg_v2/envs/.env2/lib/python3.9/site-packages/ray/_private/auto_init_hook.py", line 21, in auto_init_wrapper
    return fn(*args, **kwargs)
  File "/home/sc.uni-leipzig.de/zc19tube/liverseg_v2/envs/.env2/lib/python3.9/site-packages/ray/_private/client_mode_hook.py", line 103, in wrapper
    return func(*args, **kwargs)
  File "/home/sc.uni-leipzig.de/zc19tube/liverseg_v2/envs/.env2/lib/python3.9/site-packages/ray/_private/worker.py", line 2667, in get
    values, debugger_breakpoint = worker.get_objects(object_refs, timeout=timeout)
  File "/home/sc.uni-leipzig.de/zc19tube/liverseg_v2/envs/.env2/lib/python3.9/site-packages/ray/_private/worker.py", line 864, in get_objects
    raise value.as_instanceof_cause()
ray.exceptions.RayTaskError(ClientAppException): [36mray::ClientAppActor.run()[39m (pid=404828, ip=172.18.62.5, actor_id=cf2377bfd0b038346c97131701000000, repr=<flwr.simulation.ray_transport.ray_actor.ClientAppActor object at 0x153c0407b520>)
  File "/home/sc.uni-leipzig.de/zc19tube/liverseg_v2/envs/.env2/lib/python3.9/site-packages/flwr/client/client_app.py", line 98, in __call__
    return self._call(message, context)
  File "/home/sc.uni-leipzig.de/zc19tube/liverseg_v2/envs/.env2/lib/python3.9/site-packages/flwr/client/client_app.py", line 81, in ffn
    out_message = handle_legacy_message_from_msgtype(
  File "/home/sc.uni-leipzig.de/zc19tube/liverseg_v2/envs/.env2/lib/python3.9/site-packages/flwr/client/message_handler/message_handler.py", line 141, in handle_legacy_message_from_msgtype
    out_recordset = evaluateres_to_recordset(evaluate_res)
  File "/home/sc.uni-leipzig.de/zc19tube/liverseg_v2/envs/.env2/lib/python3.9/site-packages/flwr/common/recordset_compat.py", line 301, in evaluateres_to_recordset
    recordset.configs_records[f"{res_str}.metrics"] = ConfigsRecord(
  File "/home/sc.uni-leipzig.de/zc19tube/liverseg_v2/envs/.env2/lib/python3.9/site-packages/flwr/common/record/configsrecord.py", line 85, in __init__
    self[k] = configs_dict[k]
  File "/home/sc.uni-leipzig.de/zc19tube/liverseg_v2/envs/.env2/lib/python3.9/site-packages/flwr/common/record/typeddict.py", line 38, in __setitem__
    self._check_value_fn(value)
  File "/home/sc.uni-leipzig.de/zc19tube/liverseg_v2/envs/.env2/lib/python3.9/site-packages/flwr/common/record/configsrecord.py", line 57, in _check_value
    is_valid(value)
  File "/home/sc.uni-leipzig.de/zc19tube/liverseg_v2/envs/.env2/lib/python3.9/site-packages/flwr/common/record/configsrecord.py", line 35, in is_valid
    raise TypeError(
TypeError: Not all values are of valid type. Expected `typing.Union[int, float, str, bytes, bool, typing.List[int], typing.List[float], typing.List[str], typing.List[bytes], typing.List[bool]]` but `<class 'torch.Tensor'>` was passed.

The above exception was the direct cause of the following exception:

[36mray::ClientAppActor.run()[39m (pid=404828, ip=172.18.62.5, actor_id=cf2377bfd0b038346c97131701000000, repr=<flwr.simulation.ray_transport.ray_actor.ClientAppActor object at 0x153c0407b520>)
  File "/home/sc.uni-leipzig.de/zc19tube/liverseg_v2/envs/.env2/lib/python3.9/site-packages/flwr/simulation/ray_transport/ray_actor.py", line 64, in run
    raise ClientAppException(str(ex)) from ex
flwr.client.client_app.ClientAppException: 
Exception ClientAppException occurred. Message: Not all values are of valid type. Expected `typing.Union[int, float, str, bytes, bool, typing.List[int], typing.List[float], typing.List[str], typing.List[bytes], typing.List[bool]]` but `<class 'torch.Tensor'>` was passed.

[2024-10-22 18:10:21,981][flwr][ERROR] - [36mray::ClientAppActor.run()[39m (pid=404828, ip=172.18.62.5, actor_id=cf2377bfd0b038346c97131701000000, repr=<flwr.simulation.ray_transport.ray_actor.ClientAppActor object at 0x153c0407b520>)
  File "/home/sc.uni-leipzig.de/zc19tube/liverseg_v2/envs/.env2/lib/python3.9/site-packages/flwr/client/client_app.py", line 98, in __call__
    return self._call(message, context)
  File "/home/sc.uni-leipzig.de/zc19tube/liverseg_v2/envs/.env2/lib/python3.9/site-packages/flwr/client/client_app.py", line 81, in ffn
    out_message = handle_legacy_message_from_msgtype(
  File "/home/sc.uni-leipzig.de/zc19tube/liverseg_v2/envs/.env2/lib/python3.9/site-packages/flwr/client/message_handler/message_handler.py", line 141, in handle_legacy_message_from_msgtype
    out_recordset = evaluateres_to_recordset(evaluate_res)
  File "/home/sc.uni-leipzig.de/zc19tube/liverseg_v2/envs/.env2/lib/python3.9/site-packages/flwr/common/recordset_compat.py", line 301, in evaluateres_to_recordset
    recordset.configs_records[f"{res_str}.metrics"] = ConfigsRecord(
  File "/home/sc.uni-leipzig.de/zc19tube/liverseg_v2/envs/.env2/lib/python3.9/site-packages/flwr/common/record/configsrecord.py", line 85, in __init__
    self[k] = configs_dict[k]
  File "/home/sc.uni-leipzig.de/zc19tube/liverseg_v2/envs/.env2/lib/python3.9/site-packages/flwr/common/record/typeddict.py", line 38, in __setitem__
    self._check_value_fn(value)
  File "/home/sc.uni-leipzig.de/zc19tube/liverseg_v2/envs/.env2/lib/python3.9/site-packages/flwr/common/record/configsrecord.py", line 57, in _check_value
    is_valid(value)
  File "/home/sc.uni-leipzig.de/zc19tube/liverseg_v2/envs/.env2/lib/python3.9/site-packages/flwr/common/record/configsrecord.py", line 35, in is_valid
    raise TypeError(
TypeError: Not all values are of valid type. Expected `typing.Union[int, float, str, bytes, bool, typing.List[int], typing.List[float], typing.List[str], typing.List[bytes], typing.List[bool]]` but `<class 'torch.Tensor'>` was passed.

The above exception was the direct cause of the following exception:

[36mray::ClientAppActor.run()[39m (pid=404828, ip=172.18.62.5, actor_id=cf2377bfd0b038346c97131701000000, repr=<flwr.simulation.ray_transport.ray_actor.ClientAppActor object at 0x153c0407b520>)
  File "/home/sc.uni-leipzig.de/zc19tube/liverseg_v2/envs/.env2/lib/python3.9/site-packages/flwr/simulation/ray_transport/ray_actor.py", line 64, in run
    raise ClientAppException(str(ex)) from ex
flwr.client.client_app.ClientAppException: 
Exception ClientAppException occurred. Message: Not all values are of valid type. Expected `typing.Union[int, float, str, bytes, bool, typing.List[int], typing.List[float], typing.List[str], typing.List[bytes], typing.List[bool]]` but `<class 'torch.Tensor'>` was passed.
[2024-10-22 18:10:21,981][flwr][INFO] - aggregate_evaluate: received 0 results and 1 failures
[2024-10-22 18:10:21,982][flwr][INFO] - 
[2024-10-22 18:10:21,982][flwr][INFO] - [ROUND 16]
[2024-10-22 18:10:21,982][flwr][INFO] - configure_fit: strategy sampled 1 clients (out of 1)
[2024-10-22 18:15:24,190][flwr][INFO] - aggregate_fit: received 1 results and 0 failures
[2024-10-22 18:15:24,930][flwr][ERROR] - [Errno 2] No such file or directory: '/home/sc.uni-leipzig.de/mp096jdyo/lits_dataset/npy_files/54/img_82.npy'
[2024-10-22 18:15:24,938][flwr][ERROR] - Traceback (most recent call last):
  File "/home/sc.uni-leipzig.de/zc19tube/liverseg_v2/envs/.env2/lib/python3.9/site-packages/flwr/simulation/app.py", line 323, in start_simulation
    hist = run_fl(
  File "/home/sc.uni-leipzig.de/zc19tube/liverseg_v2/envs/.env2/lib/python3.9/site-packages/flwr/server/server.py", line 490, in run_fl
    hist, elapsed_time = server.fit(
  File "/home/sc.uni-leipzig.de/zc19tube/liverseg_v2/envs/.env2/lib/python3.9/site-packages/flwr/server/server.py", line 126, in fit
    res_cen = self.strategy.evaluate(current_round, parameters=self.parameters)
  File "/home/sc.uni-leipzig.de/zc19tube/liverseg_v2/envs/.env2/lib/python3.9/site-packages/flwr/server/strategy/fedavg.py", line 167, in evaluate
    eval_res = self.evaluate_fn(server_round, parameters_ndarrays, {})
  File "/home/sc.uni-leipzig.de/zc19tube/liverseg_v2/server.py", line 31, in evaluate_fn
    loss, log = test(model, testloader, criterion, device=device)
  File "/home/sc.uni-leipzig.de/zc19tube/liverseg_v2/model/sepnet.py", line 213, in test
    for j, (input, target) in tqdm(enumerate(testloader), total=len(testloader),disable=True):
  File "/home/sc.uni-leipzig.de/zc19tube/liverseg_v2/envs/.env2/lib/python3.9/site-packages/tqdm/std.py", line 1169, in __iter__
    for obj in iterable:
  File "/home/sc.uni-leipzig.de/zc19tube/liverseg_v2/envs/.env2/lib/python3.9/site-packages/torch/utils/data/dataloader.py", line 633, in __next__
    data = self._next_data()
  File "/home/sc.uni-leipzig.de/zc19tube/liverseg_v2/envs/.env2/lib/python3.9/site-packages/torch/utils/data/dataloader.py", line 677, in _next_data
    data = self._dataset_fetcher.fetch(index)  # may raise StopIteration
  File "/home/sc.uni-leipzig.de/zc19tube/liverseg_v2/envs/.env2/lib/python3.9/site-packages/torch/utils/data/_utils/fetch.py", line 51, in fetch
    data = [self.dataset[idx] for idx in possibly_batched_index]
  File "/home/sc.uni-leipzig.de/zc19tube/liverseg_v2/envs/.env2/lib/python3.9/site-packages/torch/utils/data/_utils/fetch.py", line 51, in <listcomp>
    data = [self.dataset[idx] for idx in possibly_batched_index]
  File "/home/sc.uni-leipzig.de/zc19tube/liverseg_v2/envs/.env2/lib/python3.9/site-packages/torch/utils/data/dataset.py", line 298, in __getitem__
    return self.dataset[self.indices[idx]]
  File "/home/sc.uni-leipzig.de/zc19tube/liverseg_v2/datasets/livseg.py", line 32, in __getitem__
    npimage = np.load(img_path)
  File "/home/sc.uni-leipzig.de/zc19tube/liverseg_v2/envs/.env2/lib/python3.9/site-packages/numpy/lib/npyio.py", line 427, in load
    fid = stack.enter_context(open(os_fspath(file), "rb"))
FileNotFoundError: [Errno 2] No such file or directory: '/home/sc.uni-leipzig.de/mp096jdyo/lits_dataset/npy_files/54/img_82.npy'

[2024-10-22 18:15:24,938][flwr][ERROR] - Your simulation crashed :(. This could be because of several reasons. The most common are: 
	 > Sometimes, issues in the simulation code itself can cause crashes. It's always a good idea to double-check your code for any potential bugs or inconsistencies that might be contributing to the problem. For example: 
		 - You might be using a class attribute in your clients that hasn't been defined.
		 - There could be an incorrect method call to a 3rd party library (e.g., PyTorch).
		 - The return types of methods in your clients/strategies might be incorrect.
	 > Your system couldn't fit a single VirtualClient: try lowering `client_resources`.
	 > All the actors in your pool crashed. This could be because: 
		 - You clients hit an out-of-memory (OOM) error and actors couldn't recover from it. Try launching your simulation with more generous `client_resources` setting (i.e. it seems {'num_cpus': 3, 'num_gpus': 1.0} is not enough for your run). Use fewer concurrent actors. 
		 - You were running a multi-node simulation and all worker nodes disconnected. The head node might still be alive but cannot accommodate any actor with resources: {'num_cpus': 3, 'num_gpus': 1.0}.
Take a look at the Flower simulation examples for guidance <https://flower.ai/docs/framework/how-to-run-simulations.html>.
